Starting training...
{'loss': 0.609, 'learning_rate': 4.8965664320750695e-05, 'epoch': 0.06}
{'loss': 0.4526, 'learning_rate': 4.7899338878225635e-05, 'epoch': 0.13}
{'loss': 0.422, 'learning_rate': 4.683301343570058e-05, 'epoch': 0.19}
{'loss': 0.4358, 'learning_rate': 4.5766687993175514e-05, 'epoch': 0.26}
{'loss': 0.4417, 'learning_rate': 4.4711025805075713e-05, 'epoch': 0.32}
{'loss': 0.3942, 'learning_rate': 4.36553636169759e-05, 'epoch': 0.38}
{'loss': 0.4125, 'learning_rate': 4.2589038174450846e-05, 'epoch': 0.45}
{'loss': 0.3641, 'learning_rate': 4.1522712731925785e-05, 'epoch': 0.51}
{'loss': 0.3822, 'learning_rate': 4.0456387289400725e-05, 'epoch': 0.58}
{'loss': 0.357, 'learning_rate': 3.939006184687567e-05, 'epoch': 0.64}
{'loss': 0.3188, 'learning_rate': 3.832373640435061e-05, 'epoch': 0.7}
{'loss': 0.3149, 'learning_rate': 3.725741096182555e-05, 'epoch': 0.77}
{'loss': 0.3409, 'learning_rate': 3.620174877372574e-05, 'epoch': 0.83}
{'loss': 0.3549, 'learning_rate': 3.513542333120068e-05, 'epoch': 0.9}
{'loss': 0.3679, 'learning_rate': 3.406909788867563e-05, 'epoch': 0.96}
{'eval_loss': 0.2714571952819824, 'eval_accuracy': 0.89888, 'eval_f1': 0.8988251674496307, 'eval_runtime': 175.7262, 'eval_samples_per_second': 142.267, 'eval_steps_per_second': 8.895, 'epoch': 1.0}
{'loss': 0.319, 'learning_rate': 3.300277244615057e-05, 'epoch': 1.02}
{'loss': 0.3067, 'learning_rate': 3.193644700362551e-05, 'epoch': 1.09}
{'loss': 0.2683, 'learning_rate': 3.0870121561100454e-05, 'epoch': 1.15}
{'loss': 0.3081, 'learning_rate': 2.980379611857539e-05, 'epoch': 1.22}
{'loss': 0.2717, 'learning_rate': 2.8737470676050333e-05, 'epoch': 1.28}
{'loss': 0.2919, 'learning_rate': 2.7671145233525276e-05, 'epoch': 1.34}
{'loss': 0.2836, 'learning_rate': 2.6604819791000212e-05, 'epoch': 1.41}
{'loss': 0.2769, 'learning_rate': 2.5538494348475155e-05, 'epoch': 1.47}
{'loss': 0.2365, 'learning_rate': 2.4472168905950098e-05, 'epoch': 1.54}
{'loss': 0.3088, 'learning_rate': 2.340584346342504e-05, 'epoch': 1.6}
{'loss': 0.2487, 'learning_rate': 2.233951802089998e-05, 'epoch': 1.66}
{'loss': 0.3091, 'learning_rate': 2.127319257837492e-05, 'epoch': 1.73}
{'loss': 0.2729, 'learning_rate': 2.0206867135849862e-05, 'epoch': 1.79}
{'loss': 0.2712, 'learning_rate': 1.9140541693324805e-05, 'epoch': 1.86}
{'loss': 0.2493, 'learning_rate': 1.8074216250799745e-05, 'epoch': 1.92}
{'loss': 0.2331, 'learning_rate': 1.7007890808274688e-05, 'epoch': 1.98}
{'eval_loss': 0.3532555401325226, 'eval_accuracy': 0.87156, 'eval_f1': 0.87026786272344, 'eval_runtime': 175.6588, 'eval_samples_per_second': 142.321, 'eval_steps_per_second': 8.898, 'epoch': 2.0}
{'loss': 0.2605, 'learning_rate': 1.5941565365749627e-05, 'epoch': 2.05}
{'loss': 0.2204, 'learning_rate': 1.4875239923224568e-05, 'epoch': 2.11}
{'loss': 0.1827, 'learning_rate': 1.3808914480699511e-05, 'epoch': 2.18}
{'loss': 0.1995, 'learning_rate': 1.2742589038174452e-05, 'epoch': 2.24}
{'loss': 0.2288, 'learning_rate': 1.1676263595649392e-05, 'epoch': 2.3}
{'loss': 0.2145, 'learning_rate': 1.0609938153124333e-05, 'epoch': 2.37}
{'loss': 0.2019, 'learning_rate': 9.543612710599276e-06, 'epoch': 2.43}
{'loss': 0.1916, 'learning_rate': 8.477287268074215e-06, 'epoch': 2.5}
{'loss': 0.2179, 'learning_rate': 7.4109618255491575e-06, 'epoch': 2.56}
{'loss': 0.1854, 'learning_rate': 6.3446363830240995e-06, 'epoch': 2.62}
{'loss': 0.2417, 'learning_rate': 5.278310940499041e-06, 'epoch': 2.69}
{'loss': 0.1864, 'learning_rate': 4.211985497973982e-06, 'epoch': 2.75}
{'loss': 0.1654, 'learning_rate': 3.1456600554489235e-06, 'epoch': 2.82}
{'loss': 0.1894, 'learning_rate': 2.0793346129238647e-06, 'epoch': 2.88}
{'loss': 0.1885, 'learning_rate': 1.0130091703988059e-06, 'epoch': 2.94}
{'eval_loss': 0.2735813856124878, 'eval_accuracy': 0.92168, 'eval_f1': 0.9216787964850582, 'eval_runtime': 175.6122, 'eval_samples_per_second': 142.359, 'eval_steps_per_second': 8.9, 'epoch': 3.0}
{'train_runtime': 1003.5454, 'train_samples_per_second': 74.735, 'train_steps_per_second': 4.672, 'train_loss': 0.29204550214504277, 'epoch': 3.0}
Training finished. Training time: 1004.12 seconds.
Evaluating the model...
Accuracy: 0.8989
F1-score: 0.8988
Inference time: 0.79 ms/example
GPU memory consumption: 7.38 GB

Results for the IMDb table:
| Model                   | Accuracy | F1-score | Inference Time (ms) | Memory (GB) | Training Time (s) |
|-------------------------|----------|----------|---------------------|-------------|-------------------|
| RoBERTa-6-heads         | 0.8989   | 0.8988   | 0.79               | 7.38         | 1004.12         |

Starting fine-tuning on Yelp Polarity...
{'loss': 0.2748, 'learning_rate': 1.9944e-05, 'epoch': 0.0}
{'loss': 0.2427, 'learning_rate': 1.9887428571428574e-05, 'epoch': 0.01}
{'loss': 0.2321, 'learning_rate': 1.9830285714285715e-05, 'epoch': 0.01}
{'loss': 0.2337, 'learning_rate': 1.977314285714286e-05, 'epoch': 0.01}
{'loss': 0.2403, 'learning_rate': 1.9716000000000002e-05, 'epoch': 0.01}
{'loss': 0.2157, 'learning_rate': 1.9658857142857143e-05, 'epoch': 0.02}
{'loss': 0.247, 'learning_rate': 1.9601714285714287e-05, 'epoch': 0.02}
{'loss': 0.1954, 'learning_rate': 1.954457142857143e-05, 'epoch': 0.02}
{'loss': 0.2593, 'learning_rate': 1.948742857142857e-05, 'epoch': 0.03}
{'loss': 0.2195, 'learning_rate': 1.9430285714285715e-05, 'epoch': 0.03}
{'loss': 0.1766, 'learning_rate': 1.937314285714286e-05, 'epoch': 0.03}
{'loss': 0.2292, 'learning_rate': 1.9316000000000003e-05, 'epoch': 0.03}
{'loss': 0.2166, 'learning_rate': 1.9258857142857143e-05, 'epoch': 0.04}
{'loss': 0.1685, 'learning_rate': 1.9201714285714287e-05, 'epoch': 0.04}
{'loss': 0.1942, 'learning_rate': 1.914457142857143e-05, 'epoch': 0.04}
{'loss': 0.1942, 'learning_rate': 1.908742857142857e-05, 'epoch': 0.05}
{'loss': 0.1861, 'learning_rate': 1.9030285714285715e-05, 'epoch': 0.05}
{'loss': 0.1957, 'learning_rate': 1.897314285714286e-05, 'epoch': 0.05}
{'loss': 0.1959, 'learning_rate': 1.8916e-05, 'epoch': 0.05}
{'loss': 0.196, 'learning_rate': 1.8859428571428573e-05, 'epoch': 0.06}
{'loss': 0.2511, 'learning_rate': 1.8802285714285714e-05, 'epoch': 0.06}
{'loss': 0.1617, 'learning_rate': 1.874514285714286e-05, 'epoch': 0.06}
{'loss': 0.1604, 'learning_rate': 1.8688e-05, 'epoch': 0.07}
{'loss': 0.1955, 'learning_rate': 1.8630857142857145e-05, 'epoch': 0.07}
{'loss': 0.1812, 'learning_rate': 1.857371428571429e-05, 'epoch': 0.07}
{'loss': 0.2134, 'learning_rate': 1.851657142857143e-05, 'epoch': 0.07}
{'loss': 0.1795, 'learning_rate': 1.8459428571428573e-05, 'epoch': 0.08}
{'loss': 0.1758, 'learning_rate': 1.8402285714285714e-05, 'epoch': 0.08}
{'loss': 0.1755, 'learning_rate': 1.8345142857142858e-05, 'epoch': 0.08}
{'loss': 0.171, 'learning_rate': 1.8288000000000002e-05, 'epoch': 0.09}
{'loss': 0.1867, 'learning_rate': 1.8230857142857142e-05, 'epoch': 0.09}
{'loss': 0.1793, 'learning_rate': 1.817371428571429e-05, 'epoch': 0.09}
{'loss': 0.1565, 'learning_rate': 1.811657142857143e-05, 'epoch': 0.09}
{'loss': 0.1799, 'learning_rate': 1.805942857142857e-05, 'epoch': 0.1}
{'loss': 0.1831, 'learning_rate': 1.8002285714285718e-05, 'epoch': 0.1}
{'loss': 0.1915, 'learning_rate': 1.794514285714286e-05, 'epoch': 0.1}
{'loss': 0.1886, 'learning_rate': 1.7888000000000002e-05, 'epoch': 0.11}
{'loss': 0.1782, 'learning_rate': 1.7830857142857146e-05, 'epoch': 0.11}
{'loss': 0.1597, 'learning_rate': 1.7773714285714287e-05, 'epoch': 0.11}
{'loss': 0.1358, 'learning_rate': 1.771657142857143e-05, 'epoch': 0.11}
{'loss': 0.174, 'learning_rate': 1.765942857142857e-05, 'epoch': 0.12}
{'loss': 0.1629, 'learning_rate': 1.7603428571428574e-05, 'epoch': 0.12}
{'loss': 0.2057, 'learning_rate': 1.7546285714285714e-05, 'epoch': 0.12}
{'loss': 0.1813, 'learning_rate': 1.7489142857142858e-05, 'epoch': 0.13}
{'loss': 0.176, 'learning_rate': 1.7432000000000002e-05, 'epoch': 0.13}
{'loss': 0.1798, 'learning_rate': 1.7374857142857146e-05, 'epoch': 0.13}
{'loss': 0.1784, 'learning_rate': 1.7317714285714286e-05, 'epoch': 0.13}
{'loss': 0.1748, 'learning_rate': 1.726057142857143e-05, 'epoch': 0.14}
{'loss': 0.1323, 'learning_rate': 1.7203428571428574e-05, 'epoch': 0.14}
{'loss': 0.1586, 'learning_rate': 1.7146285714285714e-05, 'epoch': 0.14}
{'loss': 0.1783, 'learning_rate': 1.708914285714286e-05, 'epoch': 0.15}
{'loss': 0.1849, 'learning_rate': 1.7032000000000002e-05, 'epoch': 0.15}
{'loss': 0.1599, 'learning_rate': 1.6974857142857143e-05, 'epoch': 0.15}
{'loss': 0.1963, 'learning_rate': 1.6917714285714287e-05, 'epoch': 0.15}
{'loss': 0.1608, 'learning_rate': 1.686057142857143e-05, 'epoch': 0.16}
{'loss': 0.1811, 'learning_rate': 1.6803428571428574e-05, 'epoch': 0.16}
{'loss': 0.1667, 'learning_rate': 1.6746285714285715e-05, 'epoch': 0.16}
{'loss': 0.143, 'learning_rate': 1.668914285714286e-05, 'epoch': 0.17}
{'loss': 0.1758, 'learning_rate': 1.6632000000000003e-05, 'epoch': 0.17}
{'loss': 0.1455, 'learning_rate': 1.6574857142857143e-05, 'epoch': 0.17}
{'loss': 0.1507, 'learning_rate': 1.6517714285714287e-05, 'epoch': 0.17}
{'loss': 0.1703, 'learning_rate': 1.646057142857143e-05, 'epoch': 0.18}
{'loss': 0.177, 'learning_rate': 1.640342857142857e-05, 'epoch': 0.18}
{'loss': 0.1817, 'learning_rate': 1.6346285714285715e-05, 'epoch': 0.18}
{'loss': 0.1617, 'learning_rate': 1.628914285714286e-05, 'epoch': 0.19}
{'loss': 0.1357, 'learning_rate': 1.6232e-05, 'epoch': 0.19}
{'loss': 0.1857, 'learning_rate': 1.6174857142857144e-05, 'epoch': 0.19}
{'loss': 0.1425, 'learning_rate': 1.6117714285714288e-05, 'epoch': 0.19}
{'loss': 0.1517, 'learning_rate': 1.606057142857143e-05, 'epoch': 0.2}
{'loss': 0.1276, 'learning_rate': 1.6004e-05, 'epoch': 0.2}
{'loss': 0.1551, 'learning_rate': 1.5946857142857145e-05, 'epoch': 0.2}
{'loss': 0.1886, 'learning_rate': 1.5889714285714286e-05, 'epoch': 0.21}
{'loss': 0.144, 'learning_rate': 1.583257142857143e-05, 'epoch': 0.21}
{'loss': 0.1504, 'learning_rate': 1.5775428571428573e-05, 'epoch': 0.21}
{'loss': 0.1595, 'learning_rate': 1.5718285714285714e-05, 'epoch': 0.21}
{'loss': 0.1771, 'learning_rate': 1.5661142857142858e-05, 'epoch': 0.22}
{'loss': 0.1625, 'learning_rate': 1.5604000000000002e-05, 'epoch': 0.22}
{'loss': 0.1371, 'learning_rate': 1.5546857142857142e-05, 'epoch': 0.22}
{'loss': 0.164, 'learning_rate': 1.548971428571429e-05, 'epoch': 0.23}
{'loss': 0.1489, 'learning_rate': 1.543257142857143e-05, 'epoch': 0.23}
{'loss': 0.159, 'learning_rate': 1.5375428571428574e-05, 'epoch': 0.23}
{'loss': 0.1995, 'learning_rate': 1.5318285714285718e-05, 'epoch': 0.23}
{'loss': 0.1653, 'learning_rate': 1.5261142857142858e-05, 'epoch': 0.24}
{'loss': 0.1435, 'learning_rate': 1.5204e-05, 'epoch': 0.24}
{'loss': 0.1599, 'learning_rate': 1.5146857142857143e-05, 'epoch': 0.24}
{'loss': 0.1512, 'learning_rate': 1.5089714285714288e-05, 'epoch': 0.25}
{'loss': 0.1608, 'learning_rate': 1.503257142857143e-05, 'epoch': 0.25}
{'loss': 0.1506, 'learning_rate': 1.4976000000000002e-05, 'epoch': 0.25}
{'loss': 0.1421, 'learning_rate': 1.4918857142857144e-05, 'epoch': 0.25}
{'loss': 0.1405, 'learning_rate': 1.4861714285714286e-05, 'epoch': 0.26}
{'loss': 0.1499, 'learning_rate': 1.480457142857143e-05, 'epoch': 0.26}
{'loss': 0.1661, 'learning_rate': 1.4747428571428572e-05, 'epoch': 0.26}
{'loss': 0.1419, 'learning_rate': 1.4690285714285715e-05, 'epoch': 0.27}
{'loss': 0.1619, 'learning_rate': 1.4633142857142859e-05, 'epoch': 0.27}
{'loss': 0.1606, 'learning_rate': 1.4576e-05, 'epoch': 0.27}
{'loss': 0.149, 'learning_rate': 1.4518857142857143e-05, 'epoch': 0.27}
{'loss': 0.1319, 'learning_rate': 1.4461714285714288e-05, 'epoch': 0.28}
{'loss': 0.1454, 'learning_rate': 1.440457142857143e-05, 'epoch': 0.28}
{'loss': 0.1487, 'learning_rate': 1.4347428571428573e-05, 'epoch': 0.28}
{'loss': 0.1353, 'learning_rate': 1.4290285714285717e-05, 'epoch': 0.29}
{'loss': 0.1564, 'learning_rate': 1.4233142857142859e-05, 'epoch': 0.29}
{'loss': 0.1958, 'learning_rate': 1.4176000000000001e-05, 'epoch': 0.29}
{'loss': 0.143, 'learning_rate': 1.4118857142857143e-05, 'epoch': 0.29}
{'loss': 0.1575, 'learning_rate': 1.4061714285714287e-05, 'epoch': 0.3}
{'loss': 0.1516, 'learning_rate': 1.400457142857143e-05, 'epoch': 0.3}
{'loss': 0.1372, 'learning_rate': 1.3947428571428572e-05, 'epoch': 0.3}
{'loss': 0.159, 'learning_rate': 1.3890285714285716e-05, 'epoch': 0.31}
{'loss': 0.1545, 'learning_rate': 1.3833142857142858e-05, 'epoch': 0.31}
{'loss': 0.1227, 'learning_rate': 1.3776e-05, 'epoch': 0.31}
{'loss': 0.1466, 'learning_rate': 1.3718857142857145e-05, 'epoch': 0.31}
{'loss': 0.1449, 'learning_rate': 1.3661714285714288e-05, 'epoch': 0.32}
{'loss': 0.1477, 'learning_rate': 1.360457142857143e-05, 'epoch': 0.32}
{'loss': 0.17, 'learning_rate': 1.3547428571428574e-05, 'epoch': 0.32}
{'loss': 0.1556, 'learning_rate': 1.3490285714285716e-05, 'epoch': 0.33}
{'loss': 0.1668, 'learning_rate': 1.3433142857142858e-05, 'epoch': 0.33}
{'loss': 0.1199, 'learning_rate': 1.3376e-05, 'epoch': 0.33}
{'loss': 0.1395, 'learning_rate': 1.3318857142857144e-05, 'epoch': 0.33}
{'loss': 0.1255, 'learning_rate': 1.3261714285714286e-05, 'epoch': 0.34}
{'loss': 0.1817, 'learning_rate': 1.3204571428571429e-05, 'epoch': 0.34}
{'loss': 0.1506, 'learning_rate': 1.3147428571428573e-05, 'epoch': 0.34}
{'loss': 0.1433, 'learning_rate': 1.3090285714285715e-05, 'epoch': 0.35}
{'loss': 0.1887, 'learning_rate': 1.3033142857142857e-05, 'epoch': 0.35}
{'loss': 0.155, 'learning_rate': 1.2976000000000002e-05, 'epoch': 0.35}
{'loss': 0.1581, 'learning_rate': 1.2919428571428572e-05, 'epoch': 0.35}
{'loss': 0.1427, 'learning_rate': 1.2862285714285716e-05, 'epoch': 0.36}
{'loss': 0.1354, 'learning_rate': 1.2805142857142858e-05, 'epoch': 0.36}
{'loss': 0.1816, 'learning_rate': 1.2748e-05, 'epoch': 0.36}
{'loss': 0.1386, 'learning_rate': 1.2690857142857144e-05, 'epoch': 0.37}
{'loss': 0.1542, 'learning_rate': 1.2633714285714287e-05, 'epoch': 0.37}
{'loss': 0.1448, 'learning_rate': 1.2576571428571429e-05, 'epoch': 0.37}
{'loss': 0.1276, 'learning_rate': 1.2519428571428573e-05, 'epoch': 0.37}
{'loss': 0.1484, 'learning_rate': 1.2462857142857143e-05, 'epoch': 0.38}
{'loss': 0.1201, 'learning_rate': 1.2405714285714288e-05, 'epoch': 0.38}
{'loss': 0.1456, 'learning_rate': 1.234857142857143e-05, 'epoch': 0.38}
{'loss': 0.1592, 'learning_rate': 1.2291428571428573e-05, 'epoch': 0.39}
{'loss': 0.1408, 'learning_rate': 1.2234285714285716e-05, 'epoch': 0.39}
{'loss': 0.1484, 'learning_rate': 1.2177142857142859e-05, 'epoch': 0.39}
{'loss': 0.1336, 'learning_rate': 1.2120000000000001e-05, 'epoch': 0.39}
{'loss': 0.1179, 'learning_rate': 1.2062857142857143e-05, 'epoch': 0.4}
{'loss': 0.1451, 'learning_rate': 1.2005714285714287e-05, 'epoch': 0.4}
{'loss': 0.1315, 'learning_rate': 1.1948571428571429e-05, 'epoch': 0.4}
{'loss': 0.1406, 'learning_rate': 1.1891428571428571e-05, 'epoch': 0.41}
{'loss': 0.1506, 'learning_rate': 1.1834285714285715e-05, 'epoch': 0.41}
{'loss': 0.1505, 'learning_rate': 1.1777142857142857e-05, 'epoch': 0.41}
{'loss': 0.1403, 'learning_rate': 1.172e-05, 'epoch': 0.41}
{'loss': 0.1655, 'learning_rate': 1.1662857142857145e-05, 'epoch': 0.42}
{'loss': 0.1291, 'learning_rate': 1.1605714285714287e-05, 'epoch': 0.42}
{'loss': 0.1302, 'learning_rate': 1.154857142857143e-05, 'epoch': 0.42}
{'loss': 0.1382, 'learning_rate': 1.1491428571428573e-05, 'epoch': 0.43}
{'loss': 0.155, 'learning_rate': 1.1434285714285716e-05, 'epoch': 0.43}
{'loss': 0.1406, 'learning_rate': 1.1377142857142858e-05, 'epoch': 0.43}
{'loss': 0.1551, 'learning_rate': 1.132e-05, 'epoch': 0.43}
{'loss': 0.1449, 'learning_rate': 1.1262857142857144e-05, 'epoch': 0.44}
{'loss': 0.1251, 'learning_rate': 1.1205714285714286e-05, 'epoch': 0.44}
{'loss': 0.1461, 'learning_rate': 1.1148571428571428e-05, 'epoch': 0.44}
{'loss': 0.1356, 'learning_rate': 1.1091428571428572e-05, 'epoch': 0.45}
{'loss': 0.1043, 'learning_rate': 1.1034285714285714e-05, 'epoch': 0.45}
{'loss': 0.1531, 'learning_rate': 1.0977142857142857e-05, 'epoch': 0.45}
{'loss': 0.1549, 'learning_rate': 1.0920000000000002e-05, 'epoch': 0.45}
{'loss': 0.1281, 'learning_rate': 1.0862857142857144e-05, 'epoch': 0.46}
{'loss': 0.1338, 'learning_rate': 1.0805714285714287e-05, 'epoch': 0.46}
{'loss': 0.1275, 'learning_rate': 1.074857142857143e-05, 'epoch': 0.46}
{'loss': 0.1026, 'learning_rate': 1.0691428571428573e-05, 'epoch': 0.47}
{'loss': 0.1301, 'learning_rate': 1.0634285714285715e-05, 'epoch': 0.47}
{'loss': 0.1476, 'learning_rate': 1.0577142857142857e-05, 'epoch': 0.47}
{'loss': 0.1268, 'learning_rate': 1.0520000000000001e-05, 'epoch': 0.47}
{'loss': 0.1202, 'learning_rate': 1.0462857142857143e-05, 'epoch': 0.48}
{'loss': 0.1348, 'learning_rate': 1.0405714285714285e-05, 'epoch': 0.48}
{'loss': 0.1233, 'learning_rate': 1.034857142857143e-05, 'epoch': 0.48}
{'loss': 0.1457, 'learning_rate': 1.0291428571428571e-05, 'epoch': 0.49}
{'loss': 0.1202, 'learning_rate': 1.0234285714285714e-05, 'epoch': 0.49}
{'loss': 0.1308, 'learning_rate': 1.017714285714286e-05, 'epoch': 0.49}
{'loss': 0.1276, 'learning_rate': 1.0120000000000001e-05, 'epoch': 0.49}
{'loss': 0.1176, 'learning_rate': 1.0062857142857144e-05, 'epoch': 0.5}
{'loss': 0.1596, 'learning_rate': 1.0005714285714287e-05, 'epoch': 0.5}
{'loss': 0.1463, 'learning_rate': 9.94857142857143e-06, 'epoch': 0.5}
{'loss': 0.1104, 'learning_rate': 9.891428571428572e-06, 'epoch': 0.51}
{'loss': 0.1369, 'learning_rate': 9.834285714285716e-06, 'epoch': 0.51}
{'loss': 0.1501, 'learning_rate': 9.777142857142858e-06, 'epoch': 0.51}
{'loss': 0.1091, 'learning_rate': 9.72e-06, 'epoch': 0.51}
{'loss': 0.128, 'learning_rate': 9.662857142857144e-06, 'epoch': 0.52}
{'loss': 0.1197, 'learning_rate': 9.605714285714286e-06, 'epoch': 0.52}
{'loss': 0.1106, 'learning_rate': 9.54857142857143e-06, 'epoch': 0.52}
{'loss': 0.1339, 'learning_rate': 9.492000000000002e-06, 'epoch': 0.53}
{'loss': 0.1377, 'learning_rate': 9.434857142857144e-06, 'epoch': 0.53}
{'loss': 0.1144, 'learning_rate': 9.377714285714286e-06, 'epoch': 0.53}
{'loss': 0.142, 'learning_rate': 9.320571428571428e-06, 'epoch': 0.53}
{'loss': 0.1196, 'learning_rate': 9.263428571428572e-06, 'epoch': 0.54}
{'loss': 0.131, 'learning_rate': 9.206285714285716e-06, 'epoch': 0.54}
{'loss': 0.1143, 'learning_rate': 9.149142857142858e-06, 'epoch': 0.54}
{'loss': 0.1009, 'learning_rate': 9.092e-06, 'epoch': 0.55}
{'loss': 0.1094, 'learning_rate': 9.034857142857144e-06, 'epoch': 0.55}
{'loss': 0.1376, 'learning_rate': 8.977714285714286e-06, 'epoch': 0.55}
{'loss': 0.1154, 'learning_rate': 8.92057142857143e-06, 'epoch': 0.55}
{'loss': 0.1288, 'learning_rate': 8.863428571428573e-06, 'epoch': 0.56}
{'loss': 0.1209, 'learning_rate': 8.806285714285715e-06, 'epoch': 0.56}
{'loss': 0.1179, 'learning_rate': 8.749142857142859e-06, 'epoch': 0.56}
{'loss': 0.106, 'learning_rate': 8.692e-06, 'epoch': 0.57}
{'loss': 0.1333, 'learning_rate': 8.634857142857143e-06, 'epoch': 0.57}
{'loss': 0.1263, 'learning_rate': 8.577714285714285e-06, 'epoch': 0.57}
{'loss': 0.1179, 'learning_rate': 8.520571428571429e-06, 'epoch': 0.57}
{'loss': 0.1262, 'learning_rate': 8.463428571428573e-06, 'epoch': 0.58}
{'loss': 0.1289, 'learning_rate': 8.406285714285715e-06, 'epoch': 0.58}
{'loss': 0.1324, 'learning_rate': 8.349142857142857e-06, 'epoch': 0.58}
{'loss': 0.1427, 'learning_rate': 8.292000000000001e-06, 'epoch': 0.59}
{'loss': 0.1672, 'learning_rate': 8.234857142857143e-06, 'epoch': 0.59}
{'loss': 0.1355, 'learning_rate': 8.177714285714287e-06, 'epoch': 0.59}
{'loss': 0.104, 'learning_rate': 8.12057142857143e-06, 'epoch': 0.59}
{'loss': 0.1271, 'learning_rate': 8.063428571428572e-06, 'epoch': 0.6}
{'loss': 0.1338, 'learning_rate': 8.006285714285716e-06, 'epoch': 0.6}
{'loss': 0.1175, 'learning_rate': 7.949142857142858e-06, 'epoch': 0.6}
{'loss': 0.1495, 'learning_rate': 7.892e-06, 'epoch': 0.61}
{'loss': 0.1196, 'learning_rate': 7.834857142857144e-06, 'epoch': 0.61}
{'loss': 0.1276, 'learning_rate': 7.777714285714286e-06, 'epoch': 0.61}
{'loss': 0.1176, 'learning_rate': 7.72057142857143e-06, 'epoch': 0.61}
{'loss': 0.1262, 'learning_rate': 7.663428571428572e-06, 'epoch': 0.62}
{'loss': 0.1224, 'learning_rate': 7.606285714285715e-06, 'epoch': 0.62}
{'loss': 0.1138, 'learning_rate': 7.549142857142858e-06, 'epoch': 0.62}
{'loss': 0.117, 'learning_rate': 7.4920000000000004e-06, 'epoch': 0.63}
{'loss': 0.1312, 'learning_rate': 7.435428571428572e-06, 'epoch': 0.63}
{'loss': 0.1512, 'learning_rate': 7.378285714285714e-06, 'epoch': 0.63}
{'loss': 0.1289, 'learning_rate': 7.321142857142858e-06, 'epoch': 0.63}
{'loss': 0.0744, 'learning_rate': 7.264000000000001e-06, 'epoch': 0.64}
{'loss': 0.1377, 'learning_rate': 7.206857142857143e-06, 'epoch': 0.64}
{'loss': 0.1117, 'learning_rate': 7.149714285714286e-06, 'epoch': 0.64}
{'loss': 0.1065, 'learning_rate': 7.0925714285714285e-06, 'epoch': 0.65}
{'loss': 0.1384, 'learning_rate': 7.0354285714285716e-06, 'epoch': 0.65}
{'loss': 0.1275, 'learning_rate': 6.9782857142857155e-06, 'epoch': 0.65}
{'loss': 0.1175, 'learning_rate': 6.921142857142858e-06, 'epoch': 0.65}
{'loss': 0.121, 'learning_rate': 6.864000000000001e-06, 'epoch': 0.66}
{'loss': 0.1431, 'learning_rate': 6.806857142857144e-06, 'epoch': 0.66}
{'loss': 0.1128, 'learning_rate': 6.749714285714286e-06, 'epoch': 0.66}
{'loss': 0.13, 'learning_rate': 6.692571428571429e-06, 'epoch': 0.67}
{'loss': 0.1348, 'learning_rate': 6.635428571428571e-06, 'epoch': 0.67}
{'loss': 0.1008, 'learning_rate': 6.578285714285715e-06, 'epoch': 0.67}
{'loss': 0.1125, 'learning_rate': 6.521142857142858e-06, 'epoch': 0.67}
{'loss': 0.1266, 'learning_rate': 6.464e-06, 'epoch': 0.68}
{'loss': 0.1048, 'learning_rate': 6.406857142857143e-06, 'epoch': 0.68}
{'loss': 0.1383, 'learning_rate': 6.3497142857142855e-06, 'epoch': 0.68}
{'loss': 0.1489, 'learning_rate': 6.292571428571429e-06, 'epoch': 0.69}
{'loss': 0.1045, 'learning_rate': 6.2354285714285724e-06, 'epoch': 0.69}
{'loss': 0.1241, 'learning_rate': 6.178285714285715e-06, 'epoch': 0.69}
{'loss': 0.1258, 'learning_rate': 6.121142857142858e-06, 'epoch': 0.69}
{'loss': 0.1077, 'learning_rate': 6.064000000000001e-06, 'epoch': 0.7}
{'loss': 0.1395, 'learning_rate': 6.006857142857143e-06, 'epoch': 0.7}
{'loss': 0.1235, 'learning_rate': 5.949714285714287e-06, 'epoch': 0.7}
{'loss': 0.1328, 'learning_rate': 5.892571428571429e-06, 'epoch': 0.71}
{'loss': 0.0942, 'learning_rate': 5.835428571428572e-06, 'epoch': 0.71}
{'loss': 0.1689, 'learning_rate': 5.778285714285715e-06, 'epoch': 0.71}
{'loss': 0.1492, 'learning_rate': 5.721142857142857e-06, 'epoch': 0.71}
{'loss': 0.1073, 'learning_rate': 5.664e-06, 'epoch': 0.72}
{'loss': 0.1076, 'learning_rate': 5.6068571428571425e-06, 'epoch': 0.72}
{'loss': 0.1248, 'learning_rate': 5.549714285714286e-06, 'epoch': 0.72}
{'loss': 0.1206, 'learning_rate': 5.493142857142858e-06, 'epoch': 0.73}
{'loss': 0.1407, 'learning_rate': 5.436e-06, 'epoch': 0.73}
{'loss': 0.1061, 'learning_rate': 5.378857142857143e-06, 'epoch': 0.73}
{'loss': 0.1196, 'learning_rate': 5.321714285714285e-06, 'epoch': 0.73}
{'loss': 0.1008, 'learning_rate': 5.264571428571429e-06, 'epoch': 0.74}
{'loss': 0.1214, 'learning_rate': 5.207428571428572e-06, 'epoch': 0.74}
{'loss': 0.0979, 'learning_rate': 5.1502857142857145e-06, 'epoch': 0.74}
{'loss': 0.1077, 'learning_rate': 5.0931428571428575e-06, 'epoch': 0.75}
{'loss': 0.1231, 'learning_rate': 5.0360000000000006e-06, 'epoch': 0.75}
{'loss': 0.1089, 'learning_rate': 4.978857142857143e-06, 'epoch': 0.75}
{'loss': 0.1304, 'learning_rate': 4.921714285714287e-06, 'epoch': 0.75}
{'loss': 0.1005, 'learning_rate': 4.864571428571429e-06, 'epoch': 0.76}
{'loss': 0.1216, 'learning_rate': 4.807428571428572e-06, 'epoch': 0.76}
{'loss': 0.11, 'learning_rate': 4.750285714285714e-06, 'epoch': 0.76}
{'loss': 0.1161, 'learning_rate': 4.693142857142858e-06, 'epoch': 0.77}
{'loss': 0.1044, 'learning_rate': 4.636e-06, 'epoch': 0.77}
{'loss': 0.1128, 'learning_rate': 4.578857142857143e-06, 'epoch': 0.77}
{'loss': 0.0901, 'learning_rate': 4.521714285714286e-06, 'epoch': 0.77}
{'loss': 0.1212, 'learning_rate': 4.4645714285714284e-06, 'epoch': 0.78}
{'loss': 0.1225, 'learning_rate': 4.407428571428572e-06, 'epoch': 0.78}
{'loss': 0.1335, 'learning_rate': 4.3502857142857145e-06, 'epoch': 0.78}
{'loss': 0.0866, 'learning_rate': 4.2931428571428576e-06, 'epoch': 0.79}
{'loss': 0.1233, 'learning_rate': 4.236e-06, 'epoch': 0.79}
{'loss': 0.1192, 'learning_rate': 4.178857142857144e-06, 'epoch': 0.79}
{'loss': 0.1208, 'learning_rate': 4.121714285714286e-06, 'epoch': 0.79}
{'loss': 0.1294, 'learning_rate': 4.064571428571429e-06, 'epoch': 0.8}
{'loss': 0.1166, 'learning_rate': 4.007428571428572e-06, 'epoch': 0.8}
{'loss': 0.1284, 'learning_rate': 3.950285714285715e-06, 'epoch': 0.8}
{'loss': 0.1055, 'learning_rate': 3.893142857142857e-06, 'epoch': 0.81}
{'loss': 0.1141, 'learning_rate': 3.836e-06, 'epoch': 0.81}
{'loss': 0.0974, 'learning_rate': 3.778857142857143e-06, 'epoch': 0.81}
{'loss': 0.1051, 'learning_rate': 3.7217142857142863e-06, 'epoch': 0.81}
{'loss': 0.1221, 'learning_rate': 3.664571428571429e-06, 'epoch': 0.82}
{'loss': 0.1212, 'learning_rate': 3.6074285714285715e-06, 'epoch': 0.82}
{'loss': 0.1156, 'learning_rate': 3.5502857142857146e-06, 'epoch': 0.82}
{'loss': 0.1107, 'learning_rate': 3.493142857142857e-06, 'epoch': 0.83}
{'loss': 0.1164, 'learning_rate': 3.4360000000000006e-06, 'epoch': 0.83}
{'loss': 0.132, 'learning_rate': 3.3788571428571433e-06, 'epoch': 0.83}
{'loss': 0.1307, 'learning_rate': 3.321714285714286e-06, 'epoch': 0.83}
{'loss': 0.1039, 'learning_rate': 3.2645714285714285e-06, 'epoch': 0.84}
{'loss': 0.0774, 'learning_rate': 3.207428571428572e-06, 'epoch': 0.84}
{'loss': 0.1394, 'learning_rate': 3.150857142857143e-06, 'epoch': 0.84}
{'loss': 0.1212, 'learning_rate': 3.093714285714286e-06, 'epoch': 0.85}
{'loss': 0.0918, 'learning_rate': 3.0365714285714287e-06, 'epoch': 0.85}
{'loss': 0.0935, 'learning_rate': 2.9794285714285714e-06, 'epoch': 0.85}
{'loss': 0.098, 'learning_rate': 2.922285714285715e-06, 'epoch': 0.85}
{'loss': 0.1131, 'learning_rate': 2.8651428571428574e-06, 'epoch': 0.86}
{'loss': 0.1119, 'learning_rate': 2.808e-06, 'epoch': 0.86}
{'loss': 0.125, 'learning_rate': 2.750857142857143e-06, 'epoch': 0.86}
{'loss': 0.1202, 'learning_rate': 2.693714285714286e-06, 'epoch': 0.87}
{'loss': 0.0986, 'learning_rate': 2.6365714285714288e-06, 'epoch': 0.87}
{'loss': 0.097, 'learning_rate': 2.579428571428572e-06, 'epoch': 0.87}
{'loss': 0.1309, 'learning_rate': 2.5222857142857144e-06, 'epoch': 0.87}
{'loss': 0.1063, 'learning_rate': 2.4651428571428575e-06, 'epoch': 0.88}
{'loss': 0.0994, 'learning_rate': 2.408e-06, 'epoch': 0.88}
{'loss': 0.1089, 'learning_rate': 2.350857142857143e-06, 'epoch': 0.88}
{'loss': 0.1284, 'learning_rate': 2.2937142857142857e-06, 'epoch': 0.89}
{'loss': 0.1088, 'learning_rate': 2.2365714285714288e-06, 'epoch': 0.89}
{'loss': 0.1001, 'learning_rate': 2.1794285714285714e-06, 'epoch': 0.89}
{'loss': 0.145, 'learning_rate': 2.1222857142857144e-06, 'epoch': 0.89}
{'loss': 0.0948, 'learning_rate': 2.065142857142857e-06, 'epoch': 0.9}
{'loss': 0.1064, 'learning_rate': 2.008e-06, 'epoch': 0.9}
{'loss': 0.1144, 'learning_rate': 1.9514285714285716e-06, 'epoch': 0.9}
{'loss': 0.1028, 'learning_rate': 1.8942857142857142e-06, 'epoch': 0.91}
{'loss': 0.1175, 'learning_rate': 1.8371428571428573e-06, 'epoch': 0.91}
{'loss': 0.0972, 'learning_rate': 1.7800000000000001e-06, 'epoch': 0.91}
{'loss': 0.117, 'learning_rate': 1.7228571428571432e-06, 'epoch': 0.91}
{'loss': 0.1285, 'learning_rate': 1.6657142857142858e-06, 'epoch': 0.92}
{'loss': 0.1103, 'learning_rate': 1.6085714285714288e-06, 'epoch': 0.92}
{'loss': 0.0884, 'learning_rate': 1.5514285714285714e-06, 'epoch': 0.92}
{'loss': 0.1261, 'learning_rate': 1.4942857142857145e-06, 'epoch': 0.93}
{'loss': 0.1174, 'learning_rate': 1.4371428571428573e-06, 'epoch': 0.93}
{'loss': 0.1191, 'learning_rate': 1.3800000000000001e-06, 'epoch': 0.93}
{'loss': 0.1092, 'learning_rate': 1.322857142857143e-06, 'epoch': 0.93}
{'loss': 0.0933, 'learning_rate': 1.265714285714286e-06, 'epoch': 0.94}
{'loss': 0.1052, 'learning_rate': 1.2085714285714286e-06, 'epoch': 0.94}
{'loss': 0.0861, 'learning_rate': 1.1514285714285714e-06, 'epoch': 0.94}
{'loss': 0.0892, 'learning_rate': 1.0942857142857145e-06, 'epoch': 0.95}
{'loss': 0.1374, 'learning_rate': 1.0371428571428573e-06, 'epoch': 0.95}
{'loss': 0.1125, 'learning_rate': 9.800000000000001e-07, 'epoch': 0.95}
{'loss': 0.0951, 'learning_rate': 9.22857142857143e-07, 'epoch': 0.95}
{'loss': 0.0918, 'learning_rate': 8.657142857142858e-07, 'epoch': 0.96}
{'loss': 0.1085, 'learning_rate': 8.091428571428572e-07, 'epoch': 0.96}
{'loss': 0.1197, 'learning_rate': 7.520000000000001e-07, 'epoch': 0.96}
{'loss': 0.1012, 'learning_rate': 6.94857142857143e-07, 'epoch': 0.97}
{'loss': 0.1057, 'learning_rate': 6.377142857142858e-07, 'epoch': 0.97}
{'loss': 0.1043, 'learning_rate': 5.805714285714287e-07, 'epoch': 0.97}
{'loss': 0.1173, 'learning_rate': 5.234285714285715e-07, 'epoch': 0.97}
{'loss': 0.1068, 'learning_rate': 4.662857142857143e-07, 'epoch': 0.98}
{'loss': 0.1014, 'learning_rate': 4.091428571428572e-07, 'epoch': 0.98}
{'loss': 0.0964, 'learning_rate': 3.5200000000000003e-07, 'epoch': 0.98}
{'loss': 0.1418, 'learning_rate': 2.9485714285714286e-07, 'epoch': 0.99}
{'loss': 0.1106, 'learning_rate': 2.3771428571428574e-07, 'epoch': 0.99}
{'loss': 0.0894, 'learning_rate': 1.805714285714286e-07, 'epoch': 0.99}
{'loss': 0.1086, 'learning_rate': 1.2342857142857145e-07, 'epoch': 0.99}
{'loss': 0.1074, 'learning_rate': 6.62857142857143e-08, 'epoch': 1.0}
{'loss': 0.1375, 'learning_rate': 9.142857142857143e-09, 'epoch': 1.0}
{'eval_loss': 0.10864484310150146, 'eval_accuracy': 0.9712631578947368, 'eval_f1': 0.9712629966968651, 'eval_runtime': 266.8839, 'eval_samples_per_second': 142.384, 'eval_steps_per_second': 8.899, 'epoch': 1.0}
{'train_runtime': 3775.0149, 'train_samples_per_second': 148.344, 'train_steps_per_second': 9.271, 'train_loss': 0.13962336611066545, 'epoch': 1.0}
Fine-tuning finished. Fine-tuning time: 3775.07 seconds.
Evaluating the fine-tuned model on Yelp test set...
Accuracy on Yelp after fine-tuning: 0.9713
F1-score on Yelp after fine-tuning: 0.9713
Inference time (Yelp batch): 1.08 ms/example
GPU memory consumption: 7.38 GB

Results table for Yelp fine-tuning evaluation:
| Model                         | Accuracy (Yelp) | F1-score (Yelp) | Inference Time (ms) | Memory (GB) | Fine-tuning Time (s) |
|-------------------------------|-----------------|-----------------|---------------------|-------------|----------------------|
| RoBERTa-6-heads (fine-tuned)   | 0.9713          | 0.9713          | 1.08          | 7.38       | 3775.07         |
