Starting training on IMDb...
{'loss': 0.7093, 'learning_rate': 4.893367455747495e-05, 'epoch': 0.06}
{'loss': 0.6986, 'learning_rate': 4.786734911494988e-05, 'epoch': 0.13}
{'loss': 0.7023, 'learning_rate': 4.680102367242483e-05, 'epoch': 0.19}
{'loss': 0.6633, 'learning_rate': 4.573469822989977e-05, 'epoch': 0.26}
{'loss': 0.5049, 'learning_rate': 4.466837278737471e-05, 'epoch': 0.32}
{'loss': 0.5121, 'learning_rate': 4.360204734484965e-05, 'epoch': 0.38}
{'loss': 0.4149, 'learning_rate': 4.253572190232459e-05, 'epoch': 0.45}
{'loss': 0.3967, 'learning_rate': 4.146939645979953e-05, 'epoch': 0.51}
{'loss': 0.3611, 'learning_rate': 4.040307101727447e-05, 'epoch': 0.58}
{'loss': 0.3948, 'learning_rate': 3.933674557474942e-05, 'epoch': 0.64}
{'loss': 0.3777, 'learning_rate': 3.827042013222436e-05, 'epoch': 0.7}
{'loss': 0.3382, 'learning_rate': 3.72040946896993e-05, 'epoch': 0.77}
{'loss': 0.3543, 'learning_rate': 3.613776924717424e-05, 'epoch': 0.83}
{'loss': 0.3366, 'learning_rate': 3.5071443804649176e-05, 'epoch': 0.9}
{'loss': 0.3433, 'learning_rate': 3.400511836212412e-05, 'epoch': 0.96}
{'eval_loss': 0.332313597202301, 'eval_accuracy': 0.85808, 'eval_f1': 0.8577412192491687, 'eval_runtime': 96.4193, 'eval_samples_per_second': 259.284, 'eval_steps_per_second': 16.21, 'epoch': 1.0}
{'loss': 0.3187, 'learning_rate': 3.293879291959907e-05, 'epoch': 1.02}
{'loss': 0.2567, 'learning_rate': 3.1872467477074e-05, 'epoch': 1.09}
{'loss': 0.2732, 'learning_rate': 3.080614203454895e-05, 'epoch': 1.15}
{'loss': 0.293, 'learning_rate': 2.973981659202389e-05, 'epoch': 1.22}
{'loss': 0.269, 'learning_rate': 2.8673491149498826e-05, 'epoch': 1.28}
{'loss': 0.2568, 'learning_rate': 2.7617828961399022e-05, 'epoch': 1.34}
{'loss': 0.3019, 'learning_rate': 2.6551503518873962e-05, 'epoch': 1.41}
{'loss': 0.2812, 'learning_rate': 2.5485178076348905e-05, 'epoch': 1.47}
{'loss': 0.2312, 'learning_rate': 2.4418852633823844e-05, 'epoch': 1.54}
{'loss': 0.2898, 'learning_rate': 2.3352527191298784e-05, 'epoch': 1.6}
{'loss': 0.263, 'learning_rate': 2.2286201748773727e-05, 'epoch': 1.66}
{'loss': 0.2621, 'learning_rate': 2.1219876306248666e-05, 'epoch': 1.73}
{'loss': 0.2733, 'learning_rate': 2.015355086372361e-05, 'epoch': 1.79}
{'loss': 0.2679, 'learning_rate': 1.9087225421198552e-05, 'epoch': 1.86}
{'loss': 0.2632, 'learning_rate': 1.802089997867349e-05, 'epoch': 1.92}
{'loss': 0.2297, 'learning_rate': 1.695457453614843e-05, 'epoch': 1.98}
{'eval_loss': 0.33838871121406555, 'eval_accuracy': 0.875, 'eval_f1': 0.8749955596422715, 'eval_runtime': 95.9198, 'eval_samples_per_second': 260.634, 'eval_steps_per_second': 16.295, 'epoch': 2.0}
{'loss': 0.23, 'learning_rate': 1.5888249093623374e-05, 'epoch': 2.05}
{'loss': 0.1944, 'learning_rate': 1.4821923651098315e-05, 'epoch': 2.11}
{'loss': 0.181, 'learning_rate': 1.3755598208573256e-05, 'epoch': 2.18}
{'loss': 0.2096, 'learning_rate': 1.2689272766048199e-05, 'epoch': 2.24}
{'loss': 0.2023, 'learning_rate': 1.162294732352314e-05, 'epoch': 2.3}
{'loss': 0.2202, 'learning_rate': 1.0556621880998081e-05, 'epoch': 2.37}
{'loss': 0.2071, 'learning_rate': 9.490296438473023e-06, 'epoch': 2.43}
{'loss': 0.2152, 'learning_rate': 8.423970995947964e-06, 'epoch': 2.5}
{'loss': 0.2418, 'learning_rate': 7.357645553422905e-06, 'epoch': 2.56}
{'loss': 0.1975, 'learning_rate': 6.301983365323097e-06, 'epoch': 2.62}
{'loss': 0.2449, 'learning_rate': 5.235657922798038e-06, 'epoch': 2.69}
{'loss': 0.1988, 'learning_rate': 4.16933248027298e-06, 'epoch': 2.75}
{'loss': 0.1796, 'learning_rate': 3.103007037747921e-06, 'epoch': 2.82}
{'loss': 0.2049, 'learning_rate': 2.036681595222862e-06, 'epoch': 2.88}
{'loss': 0.2139, 'learning_rate': 9.703561526978034e-07, 'epoch': 2.94}
{'eval_loss': 0.37837180495262146, 'eval_accuracy': 0.8758, 'eval_f1': 0.8757897593128122, 'eval_runtime': 96.064, 'eval_samples_per_second': 260.243, 'eval_steps_per_second': 16.27, 'epoch': 3.0}
{'train_runtime': 751.247, 'train_samples_per_second': 99.834, 'train_steps_per_second': 6.242, 'train_loss': 0.3152243918664777, 'epoch': 3.0}
Training finished. Training time: 751.79 seconds.
Evaluating the model on IMDb test set...
Accuracy: 0.8581
F1-score: 0.8577
Inference time: 0.75 ms/example
GPU memory consumption: 7.40 GB

Results for the IMDb table:
| Model                 | Accuracy | F1-score | Inference Time (ms) | Memory (GB) | Training Time (s) |
|-----------------------|----------|----------|---------------------|-------------|-------------------|
| BERT-384-embedding    | 0.8581   | 0.8577   | 0.75               | 7.40         | 751.79         |

Starting fine-tuning on Yelp Polarity...
{'loss': 0.41, 'learning_rate': 1.9942857142857142e-05, 'epoch': 0.0}
{'loss': 0.389, 'learning_rate': 1.988571428571429e-05, 'epoch': 0.01}
{'loss': 0.3481, 'learning_rate': 1.982857142857143e-05, 'epoch': 0.01}
{'loss': 0.3632, 'learning_rate': 1.9771428571428574e-05, 'epoch': 0.01}
{'loss': 0.3571, 'learning_rate': 1.9714285714285718e-05, 'epoch': 0.01}
{'loss': 0.3275, 'learning_rate': 1.9657142857142858e-05, 'epoch': 0.02}
{'loss': 0.3318, 'learning_rate': 1.9600000000000002e-05, 'epoch': 0.02}
{'loss': 0.3216, 'learning_rate': 1.9542857142857143e-05, 'epoch': 0.02}
{'loss': 0.3406, 'learning_rate': 1.9485714285714286e-05, 'epoch': 0.03}
{'loss': 0.3364, 'learning_rate': 1.942857142857143e-05, 'epoch': 0.03}
{'loss': 0.2815, 'learning_rate': 1.937142857142857e-05, 'epoch': 0.03}
{'loss': 0.2858, 'learning_rate': 1.9314285714285718e-05, 'epoch': 0.03}
{'loss': 0.3235, 'learning_rate': 1.925714285714286e-05, 'epoch': 0.04}
{'loss': 0.2777, 'learning_rate': 1.9200000000000003e-05, 'epoch': 0.04}
{'loss': 0.3004, 'learning_rate': 1.9142857142857146e-05, 'epoch': 0.04}
{'loss': 0.3087, 'learning_rate': 1.9085714285714287e-05, 'epoch': 0.05}
{'loss': 0.2831, 'learning_rate': 1.902857142857143e-05, 'epoch': 0.05}
{'loss': 0.2908, 'learning_rate': 1.8971428571428575e-05, 'epoch': 0.05}
{'loss': 0.2867, 'learning_rate': 1.8914285714285715e-05, 'epoch': 0.05}
{'loss': 0.2712, 'learning_rate': 1.885714285714286e-05, 'epoch': 0.06}
{'loss': 0.2945, 'learning_rate': 1.880057142857143e-05, 'epoch': 0.06}
{'loss': 0.253, 'learning_rate': 1.8743428571428573e-05, 'epoch': 0.06}
{'loss': 0.2574, 'learning_rate': 1.8686285714285717e-05, 'epoch': 0.07}
{'loss': 0.2809, 'learning_rate': 1.862914285714286e-05, 'epoch': 0.07}
{'loss': 0.2563, 'learning_rate': 1.8572e-05, 'epoch': 0.07}
{'loss': 0.2693, 'learning_rate': 1.8514857142857145e-05, 'epoch': 0.07}
{'loss': 0.2483, 'learning_rate': 1.845771428571429e-05, 'epoch': 0.08}
{'loss': 0.275, 'learning_rate': 1.840057142857143e-05, 'epoch': 0.08}
{'loss': 0.238, 'learning_rate': 1.8343428571428573e-05, 'epoch': 0.08}
{'loss': 0.2619, 'learning_rate': 1.8286285714285717e-05, 'epoch': 0.09}
{'loss': 0.23, 'learning_rate': 1.8229142857142858e-05, 'epoch': 0.09}
{'loss': 0.2376, 'learning_rate': 1.8172e-05, 'epoch': 0.09}
{'loss': 0.239, 'learning_rate': 1.8114857142857145e-05, 'epoch': 0.09}
{'loss': 0.2357, 'learning_rate': 1.8057714285714286e-05, 'epoch': 0.1}
{'loss': 0.2462, 'learning_rate': 1.800057142857143e-05, 'epoch': 0.1}
{'loss': 0.2649, 'learning_rate': 1.7943428571428574e-05, 'epoch': 0.1}
{'loss': 0.2458, 'learning_rate': 1.7886285714285718e-05, 'epoch': 0.11}
{'loss': 0.2508, 'learning_rate': 1.7829142857142858e-05, 'epoch': 0.11}
{'loss': 0.2574, 'learning_rate': 1.7772000000000002e-05, 'epoch': 0.11}
{'loss': 0.2202, 'learning_rate': 1.7714857142857146e-05, 'epoch': 0.11}
{'loss': 0.2447, 'learning_rate': 1.7657714285714286e-05, 'epoch': 0.12}
{'loss': 0.2158, 'learning_rate': 1.760057142857143e-05, 'epoch': 0.12}
{'loss': 0.2431, 'learning_rate': 1.7543428571428574e-05, 'epoch': 0.12}
{'loss': 0.2303, 'learning_rate': 1.7486285714285715e-05, 'epoch': 0.13}
{'loss': 0.234, 'learning_rate': 1.742914285714286e-05, 'epoch': 0.13}
{'loss': 0.2254, 'learning_rate': 1.7372000000000002e-05, 'epoch': 0.13}
{'loss': 0.2656, 'learning_rate': 1.7314857142857143e-05, 'epoch': 0.13}
{'loss': 0.2303, 'learning_rate': 1.7257714285714287e-05, 'epoch': 0.14}
{'loss': 0.1986, 'learning_rate': 1.720057142857143e-05, 'epoch': 0.14}
{'loss': 0.2299, 'learning_rate': 1.7143428571428575e-05, 'epoch': 0.14}
{'loss': 0.2236, 'learning_rate': 1.7086285714285715e-05, 'epoch': 0.15}
{'loss': 0.247, 'learning_rate': 1.702914285714286e-05, 'epoch': 0.15}
{'loss': 0.2531, 'learning_rate': 1.6972000000000003e-05, 'epoch': 0.15}
{'loss': 0.2367, 'learning_rate': 1.6914857142857143e-05, 'epoch': 0.15}
{'loss': 0.2016, 'learning_rate': 1.6857714285714287e-05, 'epoch': 0.16}
{'loss': 0.2376, 'learning_rate': 1.680057142857143e-05, 'epoch': 0.16}
{'loss': 0.2415, 'learning_rate': 1.674342857142857e-05, 'epoch': 0.16}
{'loss': 0.251, 'learning_rate': 1.6686285714285716e-05, 'epoch': 0.17}
{'loss': 0.2251, 'learning_rate': 1.662914285714286e-05, 'epoch': 0.17}
{'loss': 0.2243, 'learning_rate': 1.6572e-05, 'epoch': 0.17}
{'loss': 0.225, 'learning_rate': 1.6514857142857144e-05, 'epoch': 0.17}
{'loss': 0.2406, 'learning_rate': 1.6458285714285717e-05, 'epoch': 0.18}
{'loss': 0.2168, 'learning_rate': 1.6401142857142858e-05, 'epoch': 0.18}
{'loss': 0.2698, 'learning_rate': 1.6344e-05, 'epoch': 0.18}
{'loss': 0.2355, 'learning_rate': 1.6286857142857145e-05, 'epoch': 0.19}
{'loss': 0.2154, 'learning_rate': 1.6229714285714286e-05, 'epoch': 0.19}
{'loss': 0.2607, 'learning_rate': 1.617257142857143e-05, 'epoch': 0.19}
{'loss': 0.2294, 'learning_rate': 1.6115428571428574e-05, 'epoch': 0.19}
{'loss': 0.1986, 'learning_rate': 1.6058285714285714e-05, 'epoch': 0.2}
{'loss': 0.2332, 'learning_rate': 1.6001714285714287e-05, 'epoch': 0.2}
{'loss': 0.23, 'learning_rate': 1.5944571428571428e-05, 'epoch': 0.2}
{'loss': 0.2252, 'learning_rate': 1.5887428571428575e-05, 'epoch': 0.21}
{'loss': 0.2338, 'learning_rate': 1.5830285714285716e-05, 'epoch': 0.21}
{'loss': 0.2462, 'learning_rate': 1.577314285714286e-05, 'epoch': 0.21}
{'loss': 0.2454, 'learning_rate': 1.5716000000000003e-05, 'epoch': 0.21}
{'loss': 0.2087, 'learning_rate': 1.5658857142857144e-05, 'epoch': 0.22}
{'loss': 0.2316, 'learning_rate': 1.5601714285714288e-05, 'epoch': 0.22}
{'loss': 0.2369, 'learning_rate': 1.5544571428571428e-05, 'epoch': 0.22}
{'loss': 0.2021, 'learning_rate': 1.5487428571428572e-05, 'epoch': 0.23}
{'loss': 0.2082, 'learning_rate': 1.5430285714285716e-05, 'epoch': 0.23}
{'loss': 0.2318, 'learning_rate': 1.5373142857142857e-05, 'epoch': 0.23}
{'loss': 0.2551, 'learning_rate': 1.5316e-05, 'epoch': 0.23}
{'loss': 0.2493, 'learning_rate': 1.5258857142857144e-05, 'epoch': 0.24}
{'loss': 0.1947, 'learning_rate': 1.5201714285714286e-05, 'epoch': 0.24}
{'loss': 0.2273, 'learning_rate': 1.514457142857143e-05, 'epoch': 0.24}
{'loss': 0.2234, 'learning_rate': 1.5087428571428573e-05, 'epoch': 0.25}
{'loss': 0.219, 'learning_rate': 1.5030285714285715e-05, 'epoch': 0.25}
{'loss': 0.2454, 'learning_rate': 1.4973142857142859e-05, 'epoch': 0.25}
{'loss': 0.2037, 'learning_rate': 1.4916e-05, 'epoch': 0.25}
{'loss': 0.2058, 'learning_rate': 1.4858857142857143e-05, 'epoch': 0.26}
{'loss': 0.2397, 'learning_rate': 1.4801714285714285e-05, 'epoch': 0.26}
{'loss': 0.2521, 'learning_rate': 1.474457142857143e-05, 'epoch': 0.26}
{'loss': 0.1967, 'learning_rate': 1.4687428571428573e-05, 'epoch': 0.27}
{'loss': 0.2151, 'learning_rate': 1.4630285714285715e-05, 'epoch': 0.27}
{'loss': 0.2305, 'learning_rate': 1.4573142857142859e-05, 'epoch': 0.27}
{'loss': 0.2047, 'learning_rate': 1.4516000000000001e-05, 'epoch': 0.27}
{'loss': 0.2126, 'learning_rate': 1.4458857142857143e-05, 'epoch': 0.28}
{'loss': 0.2105, 'learning_rate': 1.4401714285714287e-05, 'epoch': 0.28}
{'loss': 0.2023, 'learning_rate': 1.4345142857142857e-05, 'epoch': 0.28}
{'loss': 0.2456, 'learning_rate': 1.4288000000000001e-05, 'epoch': 0.29}
{'loss': 0.2371, 'learning_rate': 1.4230857142857143e-05, 'epoch': 0.29}
{'loss': 0.2343, 'learning_rate': 1.4173714285714285e-05, 'epoch': 0.29}
{'loss': 0.1944, 'learning_rate': 1.4116571428571431e-05, 'epoch': 0.29}
{'loss': 0.2222, 'learning_rate': 1.4059428571428573e-05, 'epoch': 0.3}
{'loss': 0.2129, 'learning_rate': 1.4002285714285715e-05, 'epoch': 0.3}
{'loss': 0.2191, 'learning_rate': 1.394514285714286e-05, 'epoch': 0.3}
{'loss': 0.2209, 'learning_rate': 1.3888000000000002e-05, 'epoch': 0.31}
{'loss': 0.2196, 'learning_rate': 1.3830857142857144e-05, 'epoch': 0.31}
{'loss': 0.2167, 'learning_rate': 1.3773714285714286e-05, 'epoch': 0.31}
{'loss': 0.2185, 'learning_rate': 1.371657142857143e-05, 'epoch': 0.31}
{'loss': 0.2147, 'learning_rate': 1.3659428571428572e-05, 'epoch': 0.32}
{'loss': 0.1859, 'learning_rate': 1.3602285714285714e-05, 'epoch': 0.32}
{'loss': 0.2025, 'learning_rate': 1.3545142857142858e-05, 'epoch': 0.32}
{'loss': 0.2244, 'learning_rate': 1.3488e-05, 'epoch': 0.33}
{'loss': 0.2415, 'learning_rate': 1.3430857142857142e-05, 'epoch': 0.33}
{'loss': 0.2064, 'learning_rate': 1.3373714285714288e-05, 'epoch': 0.33}
{'loss': 0.2151, 'learning_rate': 1.331657142857143e-05, 'epoch': 0.33}
{'loss': 0.1962, 'learning_rate': 1.3259428571428572e-05, 'epoch': 0.34}
{'loss': 0.2218, 'learning_rate': 1.3202285714285716e-05, 'epoch': 0.34}
{'loss': 0.2033, 'learning_rate': 1.3145142857142859e-05, 'epoch': 0.34}
{'loss': 0.2165, 'learning_rate': 1.3088e-05, 'epoch': 0.35}
{'loss': 0.2095, 'learning_rate': 1.3030857142857143e-05, 'epoch': 0.35}
{'loss': 0.2016, 'learning_rate': 1.2973714285714287e-05, 'epoch': 0.35}
{'loss': 0.1968, 'learning_rate': 1.2916571428571429e-05, 'epoch': 0.35}
{'loss': 0.1878, 'learning_rate': 1.2859428571428571e-05, 'epoch': 0.36}
{'loss': 0.1914, 'learning_rate': 1.2802285714285717e-05, 'epoch': 0.36}
{'loss': 0.2074, 'learning_rate': 1.2745142857142859e-05, 'epoch': 0.36}
{'loss': 0.2114, 'learning_rate': 1.2688e-05, 'epoch': 0.37}
{'loss': 0.2064, 'learning_rate': 1.2630857142857145e-05, 'epoch': 0.37}
{'loss': 0.2275, 'learning_rate': 1.2573714285714287e-05, 'epoch': 0.37}
{'loss': 0.1992, 'learning_rate': 1.251657142857143e-05, 'epoch': 0.37}
{'loss': 0.1956, 'learning_rate': 1.2459428571428573e-05, 'epoch': 0.38}
{'loss': 0.1916, 'learning_rate': 1.2402285714285716e-05, 'epoch': 0.38}
{'loss': 0.2303, 'learning_rate': 1.2345714285714287e-05, 'epoch': 0.38}
{'loss': 0.2137, 'learning_rate': 1.228857142857143e-05, 'epoch': 0.39}
{'loss': 0.1939, 'learning_rate': 1.2231428571428571e-05, 'epoch': 0.39}
{'loss': 0.2104, 'learning_rate': 1.2174285714285717e-05, 'epoch': 0.39}
{'loss': 0.2033, 'learning_rate': 1.211714285714286e-05, 'epoch': 0.39}
{'loss': 0.1803, 'learning_rate': 1.2060000000000001e-05, 'epoch': 0.4}
{'loss': 0.1927, 'learning_rate': 1.2002857142857142e-05, 'epoch': 0.4}
{'loss': 0.1865, 'learning_rate': 1.1945714285714288e-05, 'epoch': 0.4}
{'loss': 0.2058, 'learning_rate': 1.188857142857143e-05, 'epoch': 0.41}
{'loss': 0.1866, 'learning_rate': 1.1831428571428572e-05, 'epoch': 0.41}
{'loss': 0.2111, 'learning_rate': 1.1774285714285716e-05, 'epoch': 0.41}
{'loss': 0.1965, 'learning_rate': 1.1717142857142858e-05, 'epoch': 0.41}
{'loss': 0.2316, 'learning_rate': 1.166e-05, 'epoch': 0.42}
{'loss': 0.1924, 'learning_rate': 1.1602857142857144e-05, 'epoch': 0.42}
{'loss': 0.2139, 'learning_rate': 1.1545714285714286e-05, 'epoch': 0.42}
{'loss': 0.1872, 'learning_rate': 1.1488571428571428e-05, 'epoch': 0.43}
{'loss': 0.2317, 'learning_rate': 1.1431428571428574e-05, 'epoch': 0.43}
{'loss': 0.2116, 'learning_rate': 1.1374285714285716e-05, 'epoch': 0.43}
{'loss': 0.2109, 'learning_rate': 1.1317142857142858e-05, 'epoch': 0.43}
{'loss': 0.2037, 'learning_rate': 1.126e-05, 'epoch': 0.44}
{'loss': 0.1879, 'learning_rate': 1.1202857142857145e-05, 'epoch': 0.44}
{'loss': 0.2233, 'learning_rate': 1.1145714285714287e-05, 'epoch': 0.44}
{'loss': 0.198, 'learning_rate': 1.1088571428571429e-05, 'epoch': 0.45}
{'loss': 0.1805, 'learning_rate': 1.1031428571428573e-05, 'epoch': 0.45}
{'loss': 0.207, 'learning_rate': 1.0974285714285715e-05, 'epoch': 0.45}
{'loss': 0.2331, 'learning_rate': 1.0917142857142857e-05, 'epoch': 0.45}
{'loss': 0.1942, 'learning_rate': 1.0860000000000001e-05, 'epoch': 0.46}
{'loss': 0.1962, 'learning_rate': 1.0802857142857143e-05, 'epoch': 0.46}
{'loss': 0.205, 'learning_rate': 1.0745714285714285e-05, 'epoch': 0.46}
{'loss': 0.1914, 'learning_rate': 1.0688571428571431e-05, 'epoch': 0.47}
{'loss': 0.1946, 'learning_rate': 1.0631428571428573e-05, 'epoch': 0.47}
{'loss': 0.1912, 'learning_rate': 1.0574285714285715e-05, 'epoch': 0.47}
{'loss': 0.2037, 'learning_rate': 1.051714285714286e-05, 'epoch': 0.47}
{'loss': 0.197, 'learning_rate': 1.0460000000000001e-05, 'epoch': 0.48}
{'loss': 0.209, 'learning_rate': 1.0402857142857144e-05, 'epoch': 0.48}
{'loss': 0.1897, 'learning_rate': 1.0345714285714286e-05, 'epoch': 0.48}
{'loss': 0.2194, 'learning_rate': 1.0289142857142857e-05, 'epoch': 0.49}
{'loss': 0.179, 'learning_rate': 1.0232000000000001e-05, 'epoch': 0.49}
{'loss': 0.1854, 'learning_rate': 1.0174857142857144e-05, 'epoch': 0.49}
{'loss': 0.1945, 'learning_rate': 1.0117714285714286e-05, 'epoch': 0.49}
{'loss': 0.1678, 'learning_rate': 1.0060571428571428e-05, 'epoch': 0.5}
{'loss': 0.2192, 'learning_rate': 1.0003428571428573e-05, 'epoch': 0.5}
{'loss': 0.2028, 'learning_rate': 9.946285714285716e-06, 'epoch': 0.5}
{'loss': 0.2022, 'learning_rate': 9.889142857142858e-06, 'epoch': 0.51}
{'loss': 0.1994, 'learning_rate': 9.832e-06, 'epoch': 0.51}
{'loss': 0.2072, 'learning_rate': 9.774857142857144e-06, 'epoch': 0.51}
{'loss': 0.1821, 'learning_rate': 9.717714285714288e-06, 'epoch': 0.51}
{'loss': 0.202, 'learning_rate': 9.660571428571428e-06, 'epoch': 0.52}
{'loss': 0.1953, 'learning_rate': 9.603428571428572e-06, 'epoch': 0.52}
{'loss': 0.1769, 'learning_rate': 9.546285714285714e-06, 'epoch': 0.52}
{'loss': 0.1739, 'learning_rate': 9.489142857142858e-06, 'epoch': 0.53}
{'loss': 0.2078, 'learning_rate': 9.432e-06, 'epoch': 0.53}
{'loss': 0.1929, 'learning_rate': 9.374857142857143e-06, 'epoch': 0.53}
{'loss': 0.1971, 'learning_rate': 9.317714285714287e-06, 'epoch': 0.53}
{'loss': 0.1665, 'learning_rate': 9.26057142857143e-06, 'epoch': 0.54}
{'loss': 0.1947, 'learning_rate': 9.203428571428573e-06, 'epoch': 0.54}
{'loss': 0.1954, 'learning_rate': 9.146285714285715e-06, 'epoch': 0.54}
{'loss': 0.1808, 'learning_rate': 9.089142857142857e-06, 'epoch': 0.55}
{'loss': 0.1849, 'learning_rate': 9.032000000000001e-06, 'epoch': 0.55}
{'loss': 0.1806, 'learning_rate': 8.974857142857145e-06, 'epoch': 0.55}
{'loss': 0.1872, 'learning_rate': 8.917714285714287e-06, 'epoch': 0.55}
{'loss': 0.194, 'learning_rate': 8.86057142857143e-06, 'epoch': 0.56}
{'loss': 0.1884, 'learning_rate': 8.803428571428571e-06, 'epoch': 0.56}
{'loss': 0.2159, 'learning_rate': 8.746285714285715e-06, 'epoch': 0.56}
{'loss': 0.1572, 'learning_rate': 8.689142857142857e-06, 'epoch': 0.57}
{'loss': 0.2091, 'learning_rate': 8.632e-06, 'epoch': 0.57}
{'loss': 0.1908, 'learning_rate': 8.574857142857144e-06, 'epoch': 0.57}
{'loss': 0.1881, 'learning_rate': 8.517714285714287e-06, 'epoch': 0.57}
{'loss': 0.1901, 'learning_rate': 8.46057142857143e-06, 'epoch': 0.58}
{'loss': 0.1923, 'learning_rate': 8.403428571428572e-06, 'epoch': 0.58}
{'loss': 0.1918, 'learning_rate': 8.346285714285714e-06, 'epoch': 0.58}
{'loss': 0.2159, 'learning_rate': 8.289142857142858e-06, 'epoch': 0.59}
{'loss': 0.2036, 'learning_rate': 8.232000000000002e-06, 'epoch': 0.59}
{'loss': 0.2005, 'learning_rate': 8.174857142857144e-06, 'epoch': 0.59}
{'loss': 0.2071, 'learning_rate': 8.117714285714286e-06, 'epoch': 0.59}
{'loss': 0.1788, 'learning_rate': 8.061142857142858e-06, 'epoch': 0.6}
{'loss': 0.1757, 'learning_rate': 8.004e-06, 'epoch': 0.6}
{'loss': 0.2226, 'learning_rate': 7.946857142857144e-06, 'epoch': 0.6}
{'loss': 0.204, 'learning_rate': 7.889714285714286e-06, 'epoch': 0.61}
{'loss': 0.1935, 'learning_rate': 7.83257142857143e-06, 'epoch': 0.61}
{'loss': 0.2091, 'learning_rate': 7.775428571428572e-06, 'epoch': 0.61}
{'loss': 0.1967, 'learning_rate': 7.718285714285714e-06, 'epoch': 0.61}
{'loss': 0.1897, 'learning_rate': 7.661142857142858e-06, 'epoch': 0.62}
{'loss': 0.1764, 'learning_rate': 7.604e-06, 'epoch': 0.62}
{'loss': 0.1864, 'learning_rate': 7.546857142857143e-06, 'epoch': 0.62}
{'loss': 0.1908, 'learning_rate': 7.4897142857142865e-06, 'epoch': 0.63}
{'loss': 0.2135, 'learning_rate': 7.432571428571429e-06, 'epoch': 0.63}
{'loss': 0.2135, 'learning_rate': 7.3754285714285725e-06, 'epoch': 0.63}
{'loss': 0.2011, 'learning_rate': 7.318285714285715e-06, 'epoch': 0.63}
{'loss': 0.1717, 'learning_rate': 7.261142857142858e-06, 'epoch': 0.64}
{'loss': 0.2043, 'learning_rate': 7.204000000000001e-06, 'epoch': 0.64}
{'loss': 0.1917, 'learning_rate': 7.146857142857143e-06, 'epoch': 0.64}
{'loss': 0.1869, 'learning_rate': 7.089714285714286e-06, 'epoch': 0.65}
{'loss': 0.1854, 'learning_rate': 7.032571428571428e-06, 'epoch': 0.65}
{'loss': 0.1882, 'learning_rate': 6.975428571428572e-06, 'epoch': 0.65}
{'loss': 0.1819, 'learning_rate': 6.918285714285715e-06, 'epoch': 0.65}
{'loss': 0.2021, 'learning_rate': 6.861142857142857e-06, 'epoch': 0.66}
{'loss': 0.2002, 'learning_rate': 6.804e-06, 'epoch': 0.66}
{'loss': 0.184, 'learning_rate': 6.746857142857144e-06, 'epoch': 0.66}
{'loss': 0.1808, 'learning_rate': 6.689714285714286e-06, 'epoch': 0.67}
{'loss': 0.1859, 'learning_rate': 6.6325714285714295e-06, 'epoch': 0.67}
{'loss': 0.205, 'learning_rate': 6.575428571428572e-06, 'epoch': 0.67}
{'loss': 0.1858, 'learning_rate': 6.518285714285715e-06, 'epoch': 0.67}
{'loss': 0.1854, 'learning_rate': 6.461142857142858e-06, 'epoch': 0.68}
{'loss': 0.1845, 'learning_rate': 6.404e-06, 'epoch': 0.68}
{'loss': 0.1985, 'learning_rate': 6.346857142857144e-06, 'epoch': 0.68}
{'loss': 0.2152, 'learning_rate': 6.289714285714287e-06, 'epoch': 0.69}
{'loss': 0.1772, 'learning_rate': 6.232571428571429e-06, 'epoch': 0.69}
{'loss': 0.1935, 'learning_rate': 6.175428571428572e-06, 'epoch': 0.69}
{'loss': 0.1946, 'learning_rate': 6.118285714285714e-06, 'epoch': 0.69}
{'loss': 0.1824, 'learning_rate': 6.061142857142857e-06, 'epoch': 0.7}
{'loss': 0.1915, 'learning_rate': 6.004000000000001e-06, 'epoch': 0.7}
{'loss': 0.1923, 'learning_rate': 5.9468571428571435e-06, 'epoch': 0.7}
{'loss': 0.2169, 'learning_rate': 5.8897142857142865e-06, 'epoch': 0.71}
{'loss': 0.1667, 'learning_rate': 5.832571428571429e-06, 'epoch': 0.71}
{'loss': 0.2207, 'learning_rate': 5.775428571428572e-06, 'epoch': 0.71}
{'loss': 0.2001, 'learning_rate': 5.718285714285715e-06, 'epoch': 0.71}
{'loss': 0.1743, 'learning_rate': 5.661142857142857e-06, 'epoch': 0.72}
{'loss': 0.1844, 'learning_rate': 5.604571428571429e-06, 'epoch': 0.72}
{'loss': 0.1778, 'learning_rate': 5.547428571428572e-06, 'epoch': 0.72}
{'loss': 0.2017, 'learning_rate': 5.490285714285715e-06, 'epoch': 0.73}
{'loss': 0.2012, 'learning_rate': 5.433142857142858e-06, 'epoch': 0.73}
{'loss': 0.1758, 'learning_rate': 5.376e-06, 'epoch': 0.73}
{'loss': 0.1781, 'learning_rate': 5.318857142857144e-06, 'epoch': 0.73}
{'loss': 0.1922, 'learning_rate': 5.261714285714287e-06, 'epoch': 0.74}
{'loss': 0.1996, 'learning_rate': 5.204571428571429e-06, 'epoch': 0.74}
{'loss': 0.1747, 'learning_rate': 5.147428571428572e-06, 'epoch': 0.74}
{'loss': 0.1758, 'learning_rate': 5.090285714285714e-06, 'epoch': 0.75}
{'loss': 0.1837, 'learning_rate': 5.033142857142857e-06, 'epoch': 0.75}
{'loss': 0.1839, 'learning_rate': 4.976e-06, 'epoch': 0.75}
{'loss': 0.1955, 'learning_rate': 4.918857142857143e-06, 'epoch': 0.75}
{'loss': 0.2047, 'learning_rate': 4.861714285714286e-06, 'epoch': 0.76}
{'loss': 0.1852, 'learning_rate': 4.804571428571429e-06, 'epoch': 0.76}
{'loss': 0.1833, 'learning_rate': 4.747428571428572e-06, 'epoch': 0.76}
{'loss': 0.1911, 'learning_rate': 4.690285714285715e-06, 'epoch': 0.77}
{'loss': 0.1844, 'learning_rate': 4.633142857142858e-06, 'epoch': 0.77}
{'loss': 0.1912, 'learning_rate': 4.576000000000001e-06, 'epoch': 0.77}
{'loss': 0.1467, 'learning_rate': 4.518857142857143e-06, 'epoch': 0.77}
{'loss': 0.184, 'learning_rate': 4.461714285714286e-06, 'epoch': 0.78}
{'loss': 0.1999, 'learning_rate': 4.4051428571428575e-06, 'epoch': 0.78}
{'loss': 0.2038, 'learning_rate': 4.3480000000000006e-06, 'epoch': 0.78}
{'loss': 0.1766, 'learning_rate': 4.290857142857144e-06, 'epoch': 0.79}
{'loss': 0.2113, 'learning_rate': 4.233714285714286e-06, 'epoch': 0.79}
{'loss': 0.1848, 'learning_rate': 4.176571428571429e-06, 'epoch': 0.79}
{'loss': 0.2017, 'learning_rate': 4.119428571428572e-06, 'epoch': 0.79}
{'loss': 0.1871, 'learning_rate': 4.062285714285715e-06, 'epoch': 0.8}
{'loss': 0.1853, 'learning_rate': 4.005142857142857e-06, 'epoch': 0.8}
{'loss': 0.1864, 'learning_rate': 3.948e-06, 'epoch': 0.8}
{'loss': 0.1871, 'learning_rate': 3.890857142857143e-06, 'epoch': 0.81}
{'loss': 0.1854, 'learning_rate': 3.833714285714286e-06, 'epoch': 0.81}
{'loss': 0.195, 'learning_rate': 3.776571428571429e-06, 'epoch': 0.81}
{'loss': 0.1573, 'learning_rate': 3.7194285714285715e-06, 'epoch': 0.81}
{'loss': 0.1987, 'learning_rate': 3.6622857142857145e-06, 'epoch': 0.82}
{'loss': 0.1877, 'learning_rate': 3.6051428571428575e-06, 'epoch': 0.82}
{'loss': 0.1797, 'learning_rate': 3.548e-06, 'epoch': 0.82}
{'loss': 0.1653, 'learning_rate': 3.490857142857143e-06, 'epoch': 0.83}
{'loss': 0.1892, 'learning_rate': 3.433714285714286e-06, 'epoch': 0.83}
{'loss': 0.2074, 'learning_rate': 3.376571428571429e-06, 'epoch': 0.83}
{'loss': 0.1948, 'learning_rate': 3.319428571428572e-06, 'epoch': 0.83}
{'loss': 0.1756, 'learning_rate': 3.2622857142857145e-06, 'epoch': 0.84}
{'loss': 0.1573, 'learning_rate': 3.205142857142857e-06, 'epoch': 0.84}
{'loss': 0.2033, 'learning_rate': 3.1485714285714287e-06, 'epoch': 0.84}
{'loss': 0.1837, 'learning_rate': 3.0914285714285717e-06, 'epoch': 0.85}
{'loss': 0.1843, 'learning_rate': 3.0342857142857148e-06, 'epoch': 0.85}
{'loss': 0.1606, 'learning_rate': 2.9771428571428574e-06, 'epoch': 0.85}
{'loss': 0.18, 'learning_rate': 2.92e-06, 'epoch': 0.85}
{'loss': 0.1967, 'learning_rate': 2.8628571428571435e-06, 'epoch': 0.86}
{'loss': 0.1774, 'learning_rate': 2.805714285714286e-06, 'epoch': 0.86}
{'loss': 0.2001, 'learning_rate': 2.7485714285714287e-06, 'epoch': 0.86}
{'loss': 0.1913, 'learning_rate': 2.6914285714285713e-06, 'epoch': 0.87}
{'loss': 0.187, 'learning_rate': 2.6342857142857144e-06, 'epoch': 0.87}
{'loss': 0.1867, 'learning_rate': 2.5771428571428574e-06, 'epoch': 0.87}
{'loss': 0.1982, 'learning_rate': 2.52e-06, 'epoch': 0.87}
{'loss': 0.1815, 'learning_rate': 2.462857142857143e-06, 'epoch': 0.88}
{'loss': 0.1893, 'learning_rate': 2.405714285714286e-06, 'epoch': 0.88}
{'loss': 0.1988, 'learning_rate': 2.3485714285714287e-06, 'epoch': 0.88}
{'loss': 0.1777, 'learning_rate': 2.2914285714285718e-06, 'epoch': 0.89}
{'loss': 0.1796, 'learning_rate': 2.2342857142857144e-06, 'epoch': 0.89}
{'loss': 0.1992, 'learning_rate': 2.1771428571428574e-06, 'epoch': 0.89}
{'loss': 0.1816, 'learning_rate': 2.12e-06, 'epoch': 0.89}
{'loss': 0.1579, 'learning_rate': 2.062857142857143e-06, 'epoch': 0.9}
{'loss': 0.2013, 'learning_rate': 2.0057142857142857e-06, 'epoch': 0.9}
{'loss': 0.171, 'learning_rate': 1.9491428571428572e-06, 'epoch': 0.9}
{'loss': 0.1886, 'learning_rate': 1.8920000000000003e-06, 'epoch': 0.91}
{'loss': 0.1744, 'learning_rate': 1.8348571428571429e-06, 'epoch': 0.91}
{'loss': 0.1793, 'learning_rate': 1.777714285714286e-06, 'epoch': 0.91}
{'loss': 0.2113, 'learning_rate': 1.7205714285714288e-06, 'epoch': 0.91}
{'loss': 0.1963, 'learning_rate': 1.6634285714285716e-06, 'epoch': 0.92}
{'loss': 0.1628, 'learning_rate': 1.6062857142857144e-06, 'epoch': 0.92}
{'loss': 0.1469, 'learning_rate': 1.5491428571428575e-06, 'epoch': 0.92}
{'loss': 0.1989, 'learning_rate': 1.492e-06, 'epoch': 0.93}
{'loss': 0.1968, 'learning_rate': 1.434857142857143e-06, 'epoch': 0.93}
{'loss': 0.2043, 'learning_rate': 1.377714285714286e-06, 'epoch': 0.93}
{'loss': 0.2027, 'learning_rate': 1.3205714285714286e-06, 'epoch': 0.93}
{'loss': 0.179, 'learning_rate': 1.2634285714285716e-06, 'epoch': 0.94}
{'loss': 0.176, 'learning_rate': 1.2062857142857144e-06, 'epoch': 0.94}
{'loss': 0.1769, 'learning_rate': 1.1491428571428573e-06, 'epoch': 0.94}
{'loss': 0.1914, 'learning_rate': 1.092e-06, 'epoch': 0.95}
{'loss': 0.191, 'learning_rate': 1.034857142857143e-06, 'epoch': 0.95}
{'loss': 0.1788, 'learning_rate': 9.777142857142857e-07, 'epoch': 0.95}
{'loss': 0.1735, 'learning_rate': 9.205714285714286e-07, 'epoch': 0.95}
{'loss': 0.1856, 'learning_rate': 8.634285714285714e-07, 'epoch': 0.96}
{'loss': 0.1696, 'learning_rate': 8.062857142857143e-07, 'epoch': 0.96}
{'loss': 0.1808, 'learning_rate': 7.497142857142859e-07, 'epoch': 0.96}
{'loss': 0.1768, 'learning_rate': 6.925714285714286e-07, 'epoch': 0.97}
{'loss': 0.1841, 'learning_rate': 6.354285714285714e-07, 'epoch': 0.97}
{'loss': 0.1834, 'learning_rate': 5.782857142857144e-07, 'epoch': 0.97}
{'loss': 0.1933, 'learning_rate': 5.211428571428572e-07, 'epoch': 0.97}
{'loss': 0.1694, 'learning_rate': 4.64e-07, 'epoch': 0.98}
{'loss': 0.1537, 'learning_rate': 4.0685714285714286e-07, 'epoch': 0.98}
{'loss': 0.1594, 'learning_rate': 3.5028571428571434e-07, 'epoch': 0.98}
{'loss': 0.1892, 'learning_rate': 2.9314285714285717e-07, 'epoch': 0.99}
{'loss': 0.1666, 'learning_rate': 2.3600000000000002e-07, 'epoch': 0.99}
{'loss': 0.1813, 'learning_rate': 1.7885714285714288e-07, 'epoch': 0.99}
{'loss': 0.1859, 'learning_rate': 1.217142857142857e-07, 'epoch': 0.99}
{'loss': 0.1741, 'learning_rate': 6.457142857142858e-08, 'epoch': 1.0}
{'loss': 0.2073, 'learning_rate': 7.428571428571429e-09, 'epoch': 1.0}
{'eval_loss': 0.17699232697486877, 'eval_accuracy': 0.935921052631579, 'eval_f1': 0.9359202676548578, 'eval_runtime': 146.1058, 'eval_samples_per_second': 260.085, 'eval_steps_per_second': 16.255, 'epoch': 1.0}
{'train_runtime': 3586.3893, 'train_samples_per_second': 156.146, 'train_steps_per_second': 9.759, 'train_loss': 0.2102540948867798, 'epoch': 1.0}
Fine-tuning finished. Fine-tuning time: 3586.41 seconds.
Evaluating the fine-tuned model on Yelp test set...
Accuracy on Yelp after fine-tuning: 0.9359
F1-score on Yelp after fine-tuning: 0.9359
Inference time (Yelp batch): 0.77 ms/example
GPU memory consumption: 7.40 GB

Results table for Yelp fine-tuning evaluation:
| Model                         | Accuracy (Yelp) | F1-score (Yelp) | Inference Time (ms) | Memory (GB) | Fine-tuning Time (s) |
|-------------------------------|-----------------|-----------------|---------------------|-------------|----------------------|
| BERT-384-embedding (fine-tuned) | 0.9359          | 0.9359          | 0.77          | 7.40       | 3586.41         |
