Starting training...
{'loss': 0.6938, 'learning_rate': 4.893367455747495e-05, 'epoch': 0.06}
{'loss': 0.6933, 'learning_rate': 4.786734911494988e-05, 'epoch': 0.13}
{'loss': 0.6934, 'learning_rate': 4.680102367242483e-05, 'epoch': 0.19}
{'loss': 0.6938, 'learning_rate': 4.573469822989977e-05, 'epoch': 0.26}
{'loss': 0.6917, 'learning_rate': 4.466837278737471e-05, 'epoch': 0.32}
{'loss': 0.6865, 'learning_rate': 4.360204734484965e-05, 'epoch': 0.38}
{'loss': 0.7948, 'learning_rate': 4.255704841117509e-05, 'epoch': 0.45}
{'loss': 0.6928, 'learning_rate': 4.149072296865004e-05, 'epoch': 0.51}
{'loss': 0.6921, 'learning_rate': 4.0435060780550225e-05, 'epoch': 0.58}
{'loss': 0.6932, 'learning_rate': 3.9368735338025164e-05, 'epoch': 0.64}
{'loss': 0.6953, 'learning_rate': 3.830240989550011e-05, 'epoch': 0.7}
{'loss': 0.6935, 'learning_rate': 3.723608445297505e-05, 'epoch': 0.77}
{'loss': 0.6938, 'learning_rate': 3.616975901044999e-05, 'epoch': 0.83}
{'loss': 0.6937, 'learning_rate': 3.510343356792493e-05, 'epoch': 0.9}
{'loss': 0.6935, 'learning_rate': 3.4037108125399875e-05, 'epoch': 0.96}
{'eval_loss': 0.6929855346679688, 'eval_accuracy': 0.50168, 'eval_f1': 0.42909840676130495, 'eval_runtime': 53.7449, 'eval_samples_per_second': 465.161, 'eval_steps_per_second': 29.082, 'epoch': 1.0}
{'loss': 0.6935, 'learning_rate': 3.2970782682874815e-05, 'epoch': 1.02}
{'loss': 0.6926, 'learning_rate': 3.1904457240349754e-05, 'epoch': 1.09}
{'loss': 0.693, 'learning_rate': 3.08381317978247e-05, 'epoch': 1.15}
{'loss': 0.6944, 'learning_rate': 2.9771806355299637e-05, 'epoch': 1.22}
{'loss': 0.6929, 'learning_rate': 2.870548091277458e-05, 'epoch': 1.28}
{'loss': 0.6968, 'learning_rate': 2.7639155470249522e-05, 'epoch': 1.34}
{'loss': 0.6961, 'learning_rate': 2.657283002772446e-05, 'epoch': 1.41}
{'loss': 0.6926, 'learning_rate': 2.5506504585199405e-05, 'epoch': 1.47}
{'loss': 0.6927, 'learning_rate': 2.4440179142674348e-05, 'epoch': 1.54}
{'loss': 0.6938, 'learning_rate': 2.3373853700149287e-05, 'epoch': 1.6}
{'loss': 0.6924, 'learning_rate': 2.2307528257624227e-05, 'epoch': 1.66}
{'loss': 0.692, 'learning_rate': 2.124120281509917e-05, 'epoch': 1.73}
{'loss': 0.6914, 'learning_rate': 2.0174877372574112e-05, 'epoch': 1.79}
{'loss': 0.6913, 'learning_rate': 1.9108551930049052e-05, 'epoch': 1.86}
{'loss': 0.6919, 'learning_rate': 1.8042226487523995e-05, 'epoch': 1.92}
{'loss': 0.6928, 'learning_rate': 1.6975901044998934e-05, 'epoch': 1.98}
{'eval_loss': 0.6915397644042969, 'eval_accuracy': 0.52536, 'eval_f1': 0.4854565869705612, 'eval_runtime': 53.7798, 'eval_samples_per_second': 464.858, 'eval_steps_per_second': 29.063, 'epoch': 2.0}
{'loss': 0.69, 'learning_rate': 1.5909575602473874e-05, 'epoch': 2.05}
{'loss': 0.6891, 'learning_rate': 1.4843250159948818e-05, 'epoch': 2.11}
{'loss': 0.6846, 'learning_rate': 1.377692471742376e-05, 'epoch': 2.18}
{'loss': 0.6791, 'learning_rate': 1.2710599274898699e-05, 'epoch': 2.24}
{'loss': 0.6679, 'learning_rate': 1.164427383237364e-05, 'epoch': 2.3}
{'loss': 0.6749, 'learning_rate': 1.0577948389848583e-05, 'epoch': 2.37}
{'loss': 0.659, 'learning_rate': 9.511622947323523e-06, 'epoch': 2.43}
{'loss': 0.6544, 'learning_rate': 8.445297504798465e-06, 'epoch': 2.5}
{'loss': 0.6436, 'learning_rate': 7.378972062273407e-06, 'epoch': 2.56}
{'loss': 0.643, 'learning_rate': 6.323309874173599e-06, 'epoch': 2.62}
{'loss': 0.6492, 'learning_rate': 5.256984431648539e-06, 'epoch': 2.69}
{'loss': 0.632, 'learning_rate': 4.19065898912348e-06, 'epoch': 2.75}
{'loss': 0.6256, 'learning_rate': 3.124333546598422e-06, 'epoch': 2.82}
{'loss': 0.6339, 'learning_rate': 2.0580081040733634e-06, 'epoch': 2.88}
{'loss': 0.6321, 'learning_rate': 9.916826615483046e-07, 'epoch': 2.94}
{'eval_loss': 0.6394818425178528, 'eval_accuracy': 0.6468, 'eval_f1': 0.6465909718480275, 'eval_runtime': 53.7864, 'eval_samples_per_second': 464.801, 'eval_steps_per_second': 29.059, 'epoch': 3.0}
{'train_runtime': 469.6805, 'train_samples_per_second': 159.683, 'train_steps_per_second': 9.983, 'train_loss': 0.6826701620845913, 'epoch': 3.0}
Training finished. Training time: 470.22 seconds.
Evaluating the model...
Accuracy: 0.6468
F1-score: 0.6466
Inference time: 1.62 ms/example
GPU memory consumption: 14.23 GB
| Model         | Accuracy | F1-score | Inference Time (ms) | Memory (GB) | Training Time (s) |
|---------------|----------|----------|---------------------|-------------|-------------------|
| RNN (BiLSTM)  | 0.6468   | 0.6466   | 1.62               | 14.23         | 470.22         |

Starting fine-tuning on Yelp Polarity...
{'loss': 0.6608, 'learning_rate': 1.9943428571428575e-05, 'epoch': 0.0}
{'loss': 0.6279, 'learning_rate': 1.9886285714285715e-05, 'epoch': 0.01}
{'loss': 0.6242, 'learning_rate': 1.982914285714286e-05, 'epoch': 0.01}
{'loss': 0.6005, 'learning_rate': 1.977314285714286e-05, 'epoch': 0.01}
{'loss': 0.5839, 'learning_rate': 1.9716571428571428e-05, 'epoch': 0.01}
{'loss': 0.57, 'learning_rate': 1.9659428571428572e-05, 'epoch': 0.02}
{'loss': 0.5941, 'learning_rate': 1.9602285714285716e-05, 'epoch': 0.02}
{'loss': 0.5829, 'learning_rate': 1.9545142857142857e-05, 'epoch': 0.02}
{'loss': 0.5558, 'learning_rate': 1.9488000000000004e-05, 'epoch': 0.03}
{'loss': 0.5201, 'learning_rate': 1.9430857142857144e-05, 'epoch': 0.03}
{'loss': 0.5246, 'learning_rate': 1.9374285714285718e-05, 'epoch': 0.03}
{'loss': 0.4973, 'learning_rate': 1.9317142857142858e-05, 'epoch': 0.03}
{'loss': 0.5538, 'learning_rate': 1.9261142857142857e-05, 'epoch': 0.04}
{'loss': 0.4746, 'learning_rate': 1.9204e-05, 'epoch': 0.04}
{'loss': 0.5135, 'learning_rate': 1.9146857142857145e-05, 'epoch': 0.04}
{'loss': 0.4898, 'learning_rate': 1.9089714285714286e-05, 'epoch': 0.05}
{'loss': 0.4505, 'learning_rate': 1.903257142857143e-05, 'epoch': 0.05}
{'loss': 0.4576, 'learning_rate': 1.8975428571428573e-05, 'epoch': 0.05}
{'loss': 0.4483, 'learning_rate': 1.8918857142857147e-05, 'epoch': 0.05}
{'loss': 0.4861, 'learning_rate': 1.8861714285714287e-05, 'epoch': 0.06}
{'loss': 0.5014, 'learning_rate': 1.880514285714286e-05, 'epoch': 0.06}
{'loss': 0.4454, 'learning_rate': 1.8748e-05, 'epoch': 0.06}
{'loss': 0.4944, 'learning_rate': 1.8690857142857145e-05, 'epoch': 0.07}
{'loss': 0.4763, 'learning_rate': 1.863371428571429e-05, 'epoch': 0.07}
{'loss': 0.4721, 'learning_rate': 1.857657142857143e-05, 'epoch': 0.07}
{'loss': 0.4626, 'learning_rate': 1.8519428571428573e-05, 'epoch': 0.07}
{'loss': 0.52, 'learning_rate': 1.8462285714285713e-05, 'epoch': 0.08}
{'loss': 0.4671, 'learning_rate': 1.840514285714286e-05, 'epoch': 0.08}
{'loss': 0.4645, 'learning_rate': 1.8348e-05, 'epoch': 0.08}
{'loss': 0.4594, 'learning_rate': 1.8291428571428574e-05, 'epoch': 0.09}
{'loss': 0.4437, 'learning_rate': 1.8234285714285715e-05, 'epoch': 0.09}
{'loss': 0.5165, 'learning_rate': 1.817714285714286e-05, 'epoch': 0.09}
{'loss': 0.4093, 'learning_rate': 1.8120000000000003e-05, 'epoch': 0.09}
{'loss': 0.3895, 'learning_rate': 1.8062857142857143e-05, 'epoch': 0.1}
{'loss': 0.434, 'learning_rate': 1.8005714285714287e-05, 'epoch': 0.1}
{'loss': 0.4327, 'learning_rate': 1.794857142857143e-05, 'epoch': 0.1}
{'loss': 0.4396, 'learning_rate': 1.789142857142857e-05, 'epoch': 0.11}
{'loss': 0.4269, 'learning_rate': 1.7834285714285715e-05, 'epoch': 0.11}
{'loss': 0.4524, 'learning_rate': 1.777714285714286e-05, 'epoch': 0.11}
{'loss': 0.4381, 'learning_rate': 1.7720000000000003e-05, 'epoch': 0.11}
{'loss': 0.4495, 'learning_rate': 1.7662857142857144e-05, 'epoch': 0.12}
{'loss': 0.4058, 'learning_rate': 1.7605714285714288e-05, 'epoch': 0.12}
{'loss': 0.4256, 'learning_rate': 1.754857142857143e-05, 'epoch': 0.12}
{'loss': 0.4062, 'learning_rate': 1.7491428571428572e-05, 'epoch': 0.13}
{'loss': 0.4096, 'learning_rate': 1.7434285714285716e-05, 'epoch': 0.13}
{'loss': 0.4123, 'learning_rate': 1.737714285714286e-05, 'epoch': 0.13}
{'loss': 0.407, 'learning_rate': 1.732e-05, 'epoch': 0.13}
{'loss': 0.4214, 'learning_rate': 1.7262857142857144e-05, 'epoch': 0.14}
{'loss': 0.3769, 'learning_rate': 1.7205714285714288e-05, 'epoch': 0.14}
{'loss': 0.3948, 'learning_rate': 1.714857142857143e-05, 'epoch': 0.14}
{'loss': 0.3889, 'learning_rate': 1.7091428571428572e-05, 'epoch': 0.15}
{'loss': 0.4079, 'learning_rate': 1.7034285714285716e-05, 'epoch': 0.15}
{'loss': 0.4113, 'learning_rate': 1.697714285714286e-05, 'epoch': 0.15}
{'loss': 0.3982, 'learning_rate': 1.692e-05, 'epoch': 0.15}
{'loss': 0.3997, 'learning_rate': 1.6862857142857145e-05, 'epoch': 0.16}
{'loss': 0.428, 'learning_rate': 1.680571428571429e-05, 'epoch': 0.16}
{'loss': 0.4079, 'learning_rate': 1.674857142857143e-05, 'epoch': 0.16}
{'loss': 0.4206, 'learning_rate': 1.6691428571428573e-05, 'epoch': 0.17}
{'loss': 0.3848, 'learning_rate': 1.6634285714285717e-05, 'epoch': 0.17}
{'loss': 0.3863, 'learning_rate': 1.6577714285714287e-05, 'epoch': 0.17}
{'loss': 0.3835, 'learning_rate': 1.652057142857143e-05, 'epoch': 0.17}
{'loss': 0.3892, 'learning_rate': 1.646342857142857e-05, 'epoch': 0.18}
{'loss': 0.3877, 'learning_rate': 1.6406285714285715e-05, 'epoch': 0.18}
{'loss': 0.3819, 'learning_rate': 1.634914285714286e-05, 'epoch': 0.18}
{'loss': 0.411, 'learning_rate': 1.6292000000000003e-05, 'epoch': 0.19}
{'loss': 0.3726, 'learning_rate': 1.6234857142857143e-05, 'epoch': 0.19}
{'loss': 0.3907, 'learning_rate': 1.6177714285714287e-05, 'epoch': 0.19}
{'loss': 0.4204, 'learning_rate': 1.612057142857143e-05, 'epoch': 0.19}
{'loss': 0.3933, 'learning_rate': 1.606342857142857e-05, 'epoch': 0.2}
{'loss': 0.3533, 'learning_rate': 1.6006285714285715e-05, 'epoch': 0.2}
{'loss': 0.403, 'learning_rate': 1.594914285714286e-05, 'epoch': 0.2}
{'loss': 0.3936, 'learning_rate': 1.5892e-05, 'epoch': 0.21}
{'loss': 0.4168, 'learning_rate': 1.5834857142857144e-05, 'epoch': 0.21}
{'loss': 0.3841, 'learning_rate': 1.5777714285714287e-05, 'epoch': 0.21}
{'loss': 0.3645, 'learning_rate': 1.5720571428571428e-05, 'epoch': 0.21}
{'loss': 0.3428, 'learning_rate': 1.5663428571428572e-05, 'epoch': 0.22}
{'loss': 0.4189, 'learning_rate': 1.5606285714285716e-05, 'epoch': 0.22}
{'loss': 0.3969, 'learning_rate': 1.554914285714286e-05, 'epoch': 0.22}
{'loss': 0.3656, 'learning_rate': 1.5492e-05, 'epoch': 0.23}
{'loss': 0.349, 'learning_rate': 1.5434857142857144e-05, 'epoch': 0.23}
{'loss': 0.3896, 'learning_rate': 1.5377714285714288e-05, 'epoch': 0.23}
{'loss': 0.4201, 'learning_rate': 1.532057142857143e-05, 'epoch': 0.23}
{'loss': 0.4099, 'learning_rate': 1.5263428571428572e-05, 'epoch': 0.24}
{'loss': 0.365, 'learning_rate': 1.5206285714285716e-05, 'epoch': 0.24}
{'loss': 0.3838, 'learning_rate': 1.5149142857142858e-05, 'epoch': 0.24}
{'loss': 0.3897, 'learning_rate': 1.5092000000000002e-05, 'epoch': 0.25}
{'loss': 0.4047, 'learning_rate': 1.5034857142857144e-05, 'epoch': 0.25}
{'loss': 0.3818, 'learning_rate': 1.4977714285714287e-05, 'epoch': 0.25}
{'loss': 0.3645, 'learning_rate': 1.4920571428571429e-05, 'epoch': 0.25}
{'loss': 0.3827, 'learning_rate': 1.4863428571428573e-05, 'epoch': 0.26}
{'loss': 0.4023, 'learning_rate': 1.4806857142857144e-05, 'epoch': 0.26}
{'loss': 0.4104, 'learning_rate': 1.4749714285714286e-05, 'epoch': 0.26}
{'loss': 0.3577, 'learning_rate': 1.4692571428571429e-05, 'epoch': 0.27}
{'loss': 0.3706, 'learning_rate': 1.463542857142857e-05, 'epoch': 0.27}
{'loss': 0.3863, 'learning_rate': 1.4578285714285716e-05, 'epoch': 0.27}
{'loss': 0.3238, 'learning_rate': 1.4521142857142859e-05, 'epoch': 0.27}
{'loss': 0.3635, 'learning_rate': 1.4464e-05, 'epoch': 0.28}
{'loss': 0.369, 'learning_rate': 1.4406857142857145e-05, 'epoch': 0.28}
{'loss': 0.3476, 'learning_rate': 1.4349714285714287e-05, 'epoch': 0.28}
{'loss': 0.3627, 'learning_rate': 1.4292571428571429e-05, 'epoch': 0.29}
{'loss': 0.3798, 'learning_rate': 1.4235428571428573e-05, 'epoch': 0.29}
{'loss': 0.3538, 'learning_rate': 1.4178285714285715e-05, 'epoch': 0.29}
{'loss': 0.3256, 'learning_rate': 1.4121142857142857e-05, 'epoch': 0.29}
{'loss': 0.378, 'learning_rate': 1.4064000000000003e-05, 'epoch': 0.3}
{'loss': 0.3511, 'learning_rate': 1.4006857142857145e-05, 'epoch': 0.3}
{'loss': 0.3758, 'learning_rate': 1.3949714285714286e-05, 'epoch': 0.3}
{'loss': 0.3673, 'learning_rate': 1.3892571428571431e-05, 'epoch': 0.31}
{'loss': 0.3521, 'learning_rate': 1.3835428571428573e-05, 'epoch': 0.31}
{'loss': 0.3306, 'learning_rate': 1.3778285714285716e-05, 'epoch': 0.31}
{'loss': 0.3456, 'learning_rate': 1.3721142857142858e-05, 'epoch': 0.31}
{'loss': 0.362, 'learning_rate': 1.3664000000000002e-05, 'epoch': 0.32}
{'loss': 0.3545, 'learning_rate': 1.3606857142857144e-05, 'epoch': 0.32}
{'loss': 0.3742, 'learning_rate': 1.3549714285714286e-05, 'epoch': 0.32}
{'loss': 0.371, 'learning_rate': 1.349257142857143e-05, 'epoch': 0.33}
{'loss': 0.39, 'learning_rate': 1.3435428571428572e-05, 'epoch': 0.33}
{'loss': 0.3373, 'learning_rate': 1.3378285714285714e-05, 'epoch': 0.33}
{'loss': 0.3413, 'learning_rate': 1.332114285714286e-05, 'epoch': 0.33}
{'loss': 0.3329, 'learning_rate': 1.3264000000000002e-05, 'epoch': 0.34}
{'loss': 0.4069, 'learning_rate': 1.3206857142857144e-05, 'epoch': 0.34}
{'loss': 0.34, 'learning_rate': 1.3149714285714288e-05, 'epoch': 0.34}
{'loss': 0.3348, 'learning_rate': 1.309257142857143e-05, 'epoch': 0.35}
{'loss': 0.3758, 'learning_rate': 1.3035428571428573e-05, 'epoch': 0.35}
{'loss': 0.3467, 'learning_rate': 1.2978285714285715e-05, 'epoch': 0.35}
{'loss': 0.3156, 'learning_rate': 1.2921142857142859e-05, 'epoch': 0.35}
{'loss': 0.312, 'learning_rate': 1.2864e-05, 'epoch': 0.36}
{'loss': 0.3669, 'learning_rate': 1.2806857142857143e-05, 'epoch': 0.36}
{'loss': 0.3739, 'learning_rate': 1.2749714285714287e-05, 'epoch': 0.36}
{'loss': 0.336, 'learning_rate': 1.2692571428571429e-05, 'epoch': 0.37}
{'loss': 0.3429, 'learning_rate': 1.2635428571428571e-05, 'epoch': 0.37}
{'loss': 0.379, 'learning_rate': 1.2578285714285717e-05, 'epoch': 0.37}
{'loss': 0.3608, 'learning_rate': 1.2521142857142859e-05, 'epoch': 0.37}
{'loss': 0.3414, 'learning_rate': 1.2464000000000001e-05, 'epoch': 0.38}
{'loss': 0.3501, 'learning_rate': 1.2406857142857145e-05, 'epoch': 0.38}
{'loss': 0.346, 'learning_rate': 1.2349714285714287e-05, 'epoch': 0.38}
{'loss': 0.3318, 'learning_rate': 1.2293142857142859e-05, 'epoch': 0.39}
{'loss': 0.3302, 'learning_rate': 1.2236000000000001e-05, 'epoch': 0.39}
{'loss': 0.3529, 'learning_rate': 1.2178857142857143e-05, 'epoch': 0.39}
{'loss': 0.334, 'learning_rate': 1.2121714285714287e-05, 'epoch': 0.39}
{'loss': 0.2977, 'learning_rate': 1.206457142857143e-05, 'epoch': 0.4}
{'loss': 0.3491, 'learning_rate': 1.2007428571428572e-05, 'epoch': 0.4}
{'loss': 0.3066, 'learning_rate': 1.1950285714285714e-05, 'epoch': 0.4}
{'loss': 0.3386, 'learning_rate': 1.189314285714286e-05, 'epoch': 0.41}
{'loss': 0.3294, 'learning_rate': 1.1836000000000002e-05, 'epoch': 0.41}
{'loss': 0.3593, 'learning_rate': 1.1778857142857144e-05, 'epoch': 0.41}
{'loss': 0.3546, 'learning_rate': 1.1721714285714288e-05, 'epoch': 0.41}
{'loss': 0.3644, 'learning_rate': 1.1665142857142857e-05, 'epoch': 0.42}
{'loss': 0.3379, 'learning_rate': 1.1608000000000001e-05, 'epoch': 0.42}
{'loss': 0.3256, 'learning_rate': 1.1550857142857144e-05, 'epoch': 0.42}
{'loss': 0.3077, 'learning_rate': 1.1493714285714286e-05, 'epoch': 0.43}
{'loss': 0.3342, 'learning_rate': 1.143657142857143e-05, 'epoch': 0.43}
{'loss': 0.3254, 'learning_rate': 1.1379428571428572e-05, 'epoch': 0.43}
{'loss': 0.3275, 'learning_rate': 1.1322285714285714e-05, 'epoch': 0.43}
{'loss': 0.3432, 'learning_rate': 1.126514285714286e-05, 'epoch': 0.44}
{'loss': 0.3281, 'learning_rate': 1.1208000000000002e-05, 'epoch': 0.44}
{'loss': 0.3357, 'learning_rate': 1.1150857142857144e-05, 'epoch': 0.44}
{'loss': 0.3175, 'learning_rate': 1.1093714285714288e-05, 'epoch': 0.45}
{'loss': 0.3188, 'learning_rate': 1.103657142857143e-05, 'epoch': 0.45}
{'loss': 0.3278, 'learning_rate': 1.0979428571428572e-05, 'epoch': 0.45}
{'loss': 0.3597, 'learning_rate': 1.0922285714285714e-05, 'epoch': 0.45}
{'loss': 0.3267, 'learning_rate': 1.0865142857142858e-05, 'epoch': 0.46}
{'loss': 0.3363, 'learning_rate': 1.0808e-05, 'epoch': 0.46}
{'loss': 0.3927, 'learning_rate': 1.0750857142857143e-05, 'epoch': 0.46}
{'loss': 0.2992, 'learning_rate': 1.0693714285714287e-05, 'epoch': 0.47}
{'loss': 0.3046, 'learning_rate': 1.0636571428571429e-05, 'epoch': 0.47}
{'loss': 0.3434, 'learning_rate': 1.0579428571428571e-05, 'epoch': 0.47}
{'loss': 0.3449, 'learning_rate': 1.0522285714285717e-05, 'epoch': 0.47}
{'loss': 0.3236, 'learning_rate': 1.0465142857142859e-05, 'epoch': 0.48}
{'loss': 0.3191, 'learning_rate': 1.0408000000000001e-05, 'epoch': 0.48}
{'loss': 0.3527, 'learning_rate': 1.0350857142857145e-05, 'epoch': 0.48}
{'loss': 0.3499, 'learning_rate': 1.0293714285714287e-05, 'epoch': 0.49}
{'loss': 0.3244, 'learning_rate': 1.023657142857143e-05, 'epoch': 0.49}
{'loss': 0.365, 'learning_rate': 1.0179428571428571e-05, 'epoch': 0.49}
{'loss': 0.3239, 'learning_rate': 1.0122285714285715e-05, 'epoch': 0.49}
{'loss': 0.3263, 'learning_rate': 1.0065142857142858e-05, 'epoch': 0.5}
{'loss': 0.3289, 'learning_rate': 1.0008e-05, 'epoch': 0.5}
{'loss': 0.3177, 'learning_rate': 9.950857142857144e-06, 'epoch': 0.5}
{'loss': 0.3284, 'learning_rate': 9.893714285714286e-06, 'epoch': 0.51}
{'loss': 0.3018, 'learning_rate': 9.83657142857143e-06, 'epoch': 0.51}
{'loss': 0.3133, 'learning_rate': 9.779428571428572e-06, 'epoch': 0.51}
{'loss': 0.3305, 'learning_rate': 9.722285714285716e-06, 'epoch': 0.51}
{'loss': 0.3201, 'learning_rate': 9.665142857142858e-06, 'epoch': 0.52}
{'loss': 0.2948, 'learning_rate': 9.608e-06, 'epoch': 0.52}
{'loss': 0.2984, 'learning_rate': 9.550857142857144e-06, 'epoch': 0.52}
{'loss': 0.3413, 'learning_rate': 9.493714285714286e-06, 'epoch': 0.53}
{'loss': 0.3306, 'learning_rate': 9.43657142857143e-06, 'epoch': 0.53}
{'loss': 0.3637, 'learning_rate': 9.379428571428572e-06, 'epoch': 0.53}
{'loss': 0.3392, 'learning_rate': 9.322285714285715e-06, 'epoch': 0.53}
{'loss': 0.3329, 'learning_rate': 9.265142857142858e-06, 'epoch': 0.54}
{'loss': 0.3047, 'learning_rate': 9.208e-06, 'epoch': 0.54}
{'loss': 0.3375, 'learning_rate': 9.150857142857143e-06, 'epoch': 0.54}
{'loss': 0.3005, 'learning_rate': 9.093714285714287e-06, 'epoch': 0.55}
{'loss': 0.2935, 'learning_rate': 9.036571428571429e-06, 'epoch': 0.55}
{'loss': 0.3079, 'learning_rate': 8.979428571428573e-06, 'epoch': 0.55}
{'loss': 0.3018, 'learning_rate': 8.922285714285715e-06, 'epoch': 0.55}
{'loss': 0.3137, 'learning_rate': 8.865142857142857e-06, 'epoch': 0.56}
{'loss': 0.3059, 'learning_rate': 8.808000000000001e-06, 'epoch': 0.56}
{'loss': 0.3167, 'learning_rate': 8.750857142857143e-06, 'epoch': 0.56}
{'loss': 0.3022, 'learning_rate': 8.693714285714287e-06, 'epoch': 0.57}
{'loss': 0.3345, 'learning_rate': 8.63657142857143e-06, 'epoch': 0.57}
{'loss': 0.3, 'learning_rate': 8.579428571428572e-06, 'epoch': 0.57}
{'loss': 0.3248, 'learning_rate': 8.522285714285715e-06, 'epoch': 0.57}
{'loss': 0.3174, 'learning_rate': 8.465142857142858e-06, 'epoch': 0.58}
{'loss': 0.3193, 'learning_rate': 8.408e-06, 'epoch': 0.58}
{'loss': 0.3085, 'learning_rate': 8.350857142857144e-06, 'epoch': 0.58}
{'loss': 0.3174, 'learning_rate': 8.293714285714286e-06, 'epoch': 0.59}
{'loss': 0.3333, 'learning_rate': 8.23657142857143e-06, 'epoch': 0.59}
{'loss': 0.3297, 'learning_rate': 8.179428571428572e-06, 'epoch': 0.59}
{'loss': 0.3237, 'learning_rate': 8.122285714285714e-06, 'epoch': 0.59}
{'loss': 0.2879, 'learning_rate': 8.065142857142858e-06, 'epoch': 0.6}
{'loss': 0.3365, 'learning_rate': 8.008e-06, 'epoch': 0.6}
{'loss': 0.3214, 'learning_rate': 7.950857142857144e-06, 'epoch': 0.6}
{'loss': 0.3196, 'learning_rate': 7.893714285714286e-06, 'epoch': 0.61}
{'loss': 0.3034, 'learning_rate': 7.836571428571429e-06, 'epoch': 0.61}
{'loss': 0.3446, 'learning_rate': 7.779428571428572e-06, 'epoch': 0.61}
{'loss': 0.3219, 'learning_rate': 7.722285714285715e-06, 'epoch': 0.61}
{'loss': 0.3291, 'learning_rate': 7.665142857142858e-06, 'epoch': 0.62}
{'loss': 0.3024, 'learning_rate': 7.608000000000001e-06, 'epoch': 0.62}
{'loss': 0.3176, 'learning_rate': 7.550857142857143e-06, 'epoch': 0.62}
{'loss': 0.3144, 'learning_rate': 7.493714285714287e-06, 'epoch': 0.63}
{'loss': 0.3246, 'learning_rate': 7.4371428571428575e-06, 'epoch': 0.63}
{'loss': 0.3199, 'learning_rate': 7.3800000000000005e-06, 'epoch': 0.63}
{'loss': 0.3066, 'learning_rate': 7.3228571428571435e-06, 'epoch': 0.63}
{'loss': 0.2822, 'learning_rate': 7.265714285714286e-06, 'epoch': 0.64}
{'loss': 0.3117, 'learning_rate': 7.20857142857143e-06, 'epoch': 0.64}
{'loss': 0.3088, 'learning_rate': 7.151428571428573e-06, 'epoch': 0.64}
{'loss': 0.2757, 'learning_rate': 7.094285714285715e-06, 'epoch': 0.65}
{'loss': 0.2997, 'learning_rate': 7.037142857142858e-06, 'epoch': 0.65}
{'loss': 0.3053, 'learning_rate': 6.98e-06, 'epoch': 0.65}
{'loss': 0.2956, 'learning_rate': 6.922857142857143e-06, 'epoch': 0.65}
{'loss': 0.2956, 'learning_rate': 6.865714285714287e-06, 'epoch': 0.66}
{'loss': 0.2824, 'learning_rate': 6.808571428571429e-06, 'epoch': 0.66}
{'loss': 0.3328, 'learning_rate': 6.752000000000001e-06, 'epoch': 0.66}
{'loss': 0.3146, 'learning_rate': 6.6954285714285714e-06, 'epoch': 0.67}
{'loss': 0.32, 'learning_rate': 6.6382857142857145e-06, 'epoch': 0.67}
{'loss': 0.3085, 'learning_rate': 6.581142857142858e-06, 'epoch': 0.67}
{'loss': 0.3447, 'learning_rate': 6.5240000000000006e-06, 'epoch': 0.67}
{'loss': 0.3153, 'learning_rate': 6.466857142857144e-06, 'epoch': 0.68}
{'loss': 0.3422, 'learning_rate': 6.409714285714286e-06, 'epoch': 0.68}
{'loss': 0.3131, 'learning_rate': 6.352571428571429e-06, 'epoch': 0.68}
{'loss': 0.3052, 'learning_rate': 6.295428571428573e-06, 'epoch': 0.69}
{'loss': 0.3042, 'learning_rate': 6.238285714285715e-06, 'epoch': 0.69}
{'loss': 0.3126, 'learning_rate': 6.181142857142858e-06, 'epoch': 0.69}
{'loss': 0.3143, 'learning_rate': 6.124000000000001e-06, 'epoch': 0.69}
{'loss': 0.3285, 'learning_rate': 6.066857142857143e-06, 'epoch': 0.7}
{'loss': 0.2987, 'learning_rate': 6.009714285714286e-06, 'epoch': 0.7}
{'loss': 0.3244, 'learning_rate': 5.9525714285714284e-06, 'epoch': 0.7}
{'loss': 0.3328, 'learning_rate': 5.895428571428572e-06, 'epoch': 0.71}
{'loss': 0.2884, 'learning_rate': 5.838285714285715e-06, 'epoch': 0.71}
{'loss': 0.3485, 'learning_rate': 5.7811428571428576e-06, 'epoch': 0.71}
{'loss': 0.2891, 'learning_rate': 5.724000000000001e-06, 'epoch': 0.71}
{'loss': 0.2608, 'learning_rate': 5.666857142857143e-06, 'epoch': 0.72}
{'loss': 0.3121, 'learning_rate': 5.609714285714286e-06, 'epoch': 0.72}
{'loss': 0.3064, 'learning_rate': 5.55257142857143e-06, 'epoch': 0.72}
{'loss': 0.2893, 'learning_rate': 5.495428571428572e-06, 'epoch': 0.73}
{'loss': 0.3276, 'learning_rate': 5.438285714285715e-06, 'epoch': 0.73}
{'loss': 0.2732, 'learning_rate': 5.381142857142858e-06, 'epoch': 0.73}
{'loss': 0.2901, 'learning_rate': 5.324e-06, 'epoch': 0.73}
{'loss': 0.3038, 'learning_rate': 5.266857142857143e-06, 'epoch': 0.74}
{'loss': 0.2866, 'learning_rate': 5.209714285714285e-06, 'epoch': 0.74}
{'loss': 0.2859, 'learning_rate': 5.152571428571429e-06, 'epoch': 0.74}
{'loss': 0.2612, 'learning_rate': 5.095428571428572e-06, 'epoch': 0.75}
{'loss': 0.3011, 'learning_rate': 5.0382857142857145e-06, 'epoch': 0.75}
{'loss': 0.2939, 'learning_rate': 4.981142857142858e-06, 'epoch': 0.75}
{'loss': 0.3299, 'learning_rate': 4.924000000000001e-06, 'epoch': 0.75}
{'loss': 0.3151, 'learning_rate': 4.866857142857143e-06, 'epoch': 0.76}
{'loss': 0.2947, 'learning_rate': 4.809714285714286e-06, 'epoch': 0.76}
{'loss': 0.2874, 'learning_rate': 4.752571428571429e-06, 'epoch': 0.76}
{'loss': 0.2953, 'learning_rate': 4.695428571428572e-06, 'epoch': 0.77}
{'loss': 0.2996, 'learning_rate': 4.638285714285715e-06, 'epoch': 0.77}
{'loss': 0.3105, 'learning_rate': 4.581142857142857e-06, 'epoch': 0.77}
{'loss': 0.2946, 'learning_rate': 4.524e-06, 'epoch': 0.77}
{'loss': 0.3137, 'learning_rate': 4.466857142857143e-06, 'epoch': 0.78}
{'loss': 0.2749, 'learning_rate': 4.409714285714286e-06, 'epoch': 0.78}
{'loss': 0.3134, 'learning_rate': 4.3525714285714285e-06, 'epoch': 0.78}
{'loss': 0.2778, 'learning_rate': 4.2954285714285715e-06, 'epoch': 0.79}
{'loss': 0.3201, 'learning_rate': 4.238857142857143e-06, 'epoch': 0.79}
{'loss': 0.2807, 'learning_rate': 4.181714285714286e-06, 'epoch': 0.79}
{'loss': 0.3189, 'learning_rate': 4.124571428571429e-06, 'epoch': 0.79}
{'loss': 0.3263, 'learning_rate': 4.067428571428571e-06, 'epoch': 0.8}
{'loss': 0.2888, 'learning_rate': 4.010285714285714e-06, 'epoch': 0.8}
{'loss': 0.3129, 'learning_rate': 3.9531428571428574e-06, 'epoch': 0.8}
{'loss': 0.2911, 'learning_rate': 3.8960000000000005e-06, 'epoch': 0.81}
{'loss': 0.3024, 'learning_rate': 3.838857142857143e-06, 'epoch': 0.81}
{'loss': 0.3418, 'learning_rate': 3.7817142857142857e-06, 'epoch': 0.81}
{'loss': 0.2764, 'learning_rate': 3.724571428571429e-06, 'epoch': 0.81}
{'loss': 0.3099, 'learning_rate': 3.667428571428572e-06, 'epoch': 0.82}
{'loss': 0.3078, 'learning_rate': 3.6102857142857144e-06, 'epoch': 0.82}
{'loss': 0.3045, 'learning_rate': 3.553142857142857e-06, 'epoch': 0.82}
{'loss': 0.2849, 'learning_rate': 3.4960000000000005e-06, 'epoch': 0.83}
{'loss': 0.2925, 'learning_rate': 3.438857142857143e-06, 'epoch': 0.83}
{'loss': 0.3028, 'learning_rate': 3.381714285714286e-06, 'epoch': 0.83}
{'loss': 0.281, 'learning_rate': 3.3245714285714288e-06, 'epoch': 0.83}
{'loss': 0.3156, 'learning_rate': 3.267428571428572e-06, 'epoch': 0.84}
{'loss': 0.2772, 'learning_rate': 3.210285714285715e-06, 'epoch': 0.84}
{'loss': 0.3074, 'learning_rate': 3.1531428571428575e-06, 'epoch': 0.84}
{'loss': 0.2796, 'learning_rate': 3.096e-06, 'epoch': 0.85}
{'loss': 0.305, 'learning_rate': 3.0388571428571427e-06, 'epoch': 0.85}
{'loss': 0.2762, 'learning_rate': 2.981714285714286e-06, 'epoch': 0.85}
{'loss': 0.2869, 'learning_rate': 2.924571428571429e-06, 'epoch': 0.85}
{'loss': 0.3307, 'learning_rate': 2.8674285714285714e-06, 'epoch': 0.86}
{'loss': 0.2959, 'learning_rate': 2.8102857142857144e-06, 'epoch': 0.86}
{'loss': 0.3088, 'learning_rate': 2.7531428571428575e-06, 'epoch': 0.86}
{'loss': 0.2941, 'learning_rate': 2.696e-06, 'epoch': 0.87}
{'loss': 0.2748, 'learning_rate': 2.638857142857143e-06, 'epoch': 0.87}
{'loss': 0.2989, 'learning_rate': 2.5817142857142858e-06, 'epoch': 0.87}
{'loss': 0.2893, 'learning_rate': 2.524571428571429e-06, 'epoch': 0.87}
{'loss': 0.2659, 'learning_rate': 2.467428571428572e-06, 'epoch': 0.88}
{'loss': 0.3065, 'learning_rate': 2.410857142857143e-06, 'epoch': 0.88}
{'loss': 0.2866, 'learning_rate': 2.353714285714286e-06, 'epoch': 0.88}
{'loss': 0.2731, 'learning_rate': 2.296571428571429e-06, 'epoch': 0.89}
{'loss': 0.3009, 'learning_rate': 2.2394285714285717e-06, 'epoch': 0.89}
{'loss': 0.309, 'learning_rate': 2.1822857142857147e-06, 'epoch': 0.89}
{'loss': 0.2834, 'learning_rate': 2.1251428571428573e-06, 'epoch': 0.89}
{'loss': 0.2477, 'learning_rate': 2.0680000000000004e-06, 'epoch': 0.9}
{'loss': 0.3389, 'learning_rate': 2.010857142857143e-06, 'epoch': 0.9}
{'loss': 0.2711, 'learning_rate': 1.953714285714286e-06, 'epoch': 0.9}
{'loss': 0.2728, 'learning_rate': 1.8965714285714286e-06, 'epoch': 0.91}
{'loss': 0.2744, 'learning_rate': 1.8394285714285715e-06, 'epoch': 0.91}
{'loss': 0.2763, 'learning_rate': 1.7822857142857145e-06, 'epoch': 0.91}
{'loss': 0.3181, 'learning_rate': 1.7251428571428571e-06, 'epoch': 0.91}
{'loss': 0.3094, 'learning_rate': 1.6680000000000002e-06, 'epoch': 0.92}
{'loss': 0.2634, 'learning_rate': 1.610857142857143e-06, 'epoch': 0.92}
{'loss': 0.2627, 'learning_rate': 1.5537142857142858e-06, 'epoch': 0.92}
{'loss': 0.2766, 'learning_rate': 1.4965714285714287e-06, 'epoch': 0.93}
{'loss': 0.2742, 'learning_rate': 1.4394285714285717e-06, 'epoch': 0.93}
{'loss': 0.3027, 'learning_rate': 1.3822857142857143e-06, 'epoch': 0.93}
{'loss': 0.297, 'learning_rate': 1.3251428571428574e-06, 'epoch': 0.93}
{'loss': 0.2862, 'learning_rate': 1.268e-06, 'epoch': 0.94}
{'loss': 0.2689, 'learning_rate': 1.210857142857143e-06, 'epoch': 0.94}
{'loss': 0.2729, 'learning_rate': 1.1537142857142858e-06, 'epoch': 0.94}
{'loss': 0.2849, 'learning_rate': 1.0965714285714287e-06, 'epoch': 0.95}
{'loss': 0.3131, 'learning_rate': 1.0394285714285715e-06, 'epoch': 0.95}
{'loss': 0.2921, 'learning_rate': 9.822857142857143e-07, 'epoch': 0.95}
{'loss': 0.2747, 'learning_rate': 9.251428571428573e-07, 'epoch': 0.95}
{'loss': 0.2981, 'learning_rate': 8.680000000000001e-07, 'epoch': 0.96}
{'loss': 0.2597, 'learning_rate': 8.108571428571429e-07, 'epoch': 0.96}
{'loss': 0.278, 'learning_rate': 7.537142857142859e-07, 'epoch': 0.96}
{'loss': 0.2909, 'learning_rate': 6.965714285714287e-07, 'epoch': 0.97}
{'loss': 0.2837, 'learning_rate': 6.394285714285715e-07, 'epoch': 0.97}
{'loss': 0.2821, 'learning_rate': 5.822857142857143e-07, 'epoch': 0.97}
{'loss': 0.2879, 'learning_rate': 5.251428571428572e-07, 'epoch': 0.97}
{'loss': 0.2862, 'learning_rate': 4.6800000000000006e-07, 'epoch': 0.98}
{'loss': 0.2427, 'learning_rate': 4.108571428571429e-07, 'epoch': 0.98}
{'loss': 0.2766, 'learning_rate': 3.5371428571428577e-07, 'epoch': 0.98}
{'loss': 0.2781, 'learning_rate': 2.965714285714286e-07, 'epoch': 0.99}
{'loss': 0.2771, 'learning_rate': 2.394285714285715e-07, 'epoch': 0.99}
{'loss': 0.2705, 'learning_rate': 1.822857142857143e-07, 'epoch': 0.99}
{'loss': 0.2917, 'learning_rate': 1.2514285714285714e-07, 'epoch': 0.99}
{'loss': 0.2837, 'learning_rate': 6.8e-08, 'epoch': 1.0}
{'loss': 0.2865, 'learning_rate': 1.085714285714286e-08, 'epoch': 1.0}
{'eval_loss': 0.2753874957561493, 'eval_accuracy': 0.8956578947368421, 'eval_f1': 0.8956558794645584, 'eval_runtime': 82.236, 'eval_samples_per_second': 462.085, 'eval_steps_per_second': 28.88, 'epoch': 1.0}
{'train_runtime': 2400.1908, 'train_samples_per_second': 233.315, 'train_steps_per_second': 14.582, 'train_loss': 0.34848597237723217, 'epoch': 1.0}
Fine-tuning finished. Fine-tuning time: 2400.21 seconds.
Evaluating the fine-tuned model on Yelp test set...
Accuracy on Yelp after fine-tuning: 0.8957
F1-score on Yelp after fine-tuning: 0.8957
Inference time (Yelp batch): 1.67 ms/example
GPU memory consumption: 14.23 GB

Results table for Yelp fine-tuning evaluation:
| Model                 | Accuracy (Yelp) | F1-score (Yelp) | Inference Time (ms) | Memory (GB) | Fine-tuning Time (s) |
|-----------------------|-----------------|-----------------|---------------------|-------------|----------------------|
| RNN (BiLSTM, fine-tuned) | 0.8957          | 0.8957          | 1.67          | 14.23       | 2400.21         |
