Starting training on IMDb...
{'loss': 0.6971, 'learning_rate': 4.893367455747495e-05, 'epoch': 0.06}
{'loss': 0.6458, 'learning_rate': 4.786734911494988e-05, 'epoch': 0.13}
{'loss': 0.4702, 'learning_rate': 4.680102367242483e-05, 'epoch': 0.19}
{'loss': 0.4055, 'learning_rate': 4.573469822989977e-05, 'epoch': 0.26}
{'loss': 0.4061, 'learning_rate': 4.466837278737471e-05, 'epoch': 0.32}
{'loss': 0.4049, 'learning_rate': 4.360204734484965e-05, 'epoch': 0.38}
{'loss': 0.351, 'learning_rate': 4.253572190232459e-05, 'epoch': 0.45}
{'loss': 0.365, 'learning_rate': 4.146939645979953e-05, 'epoch': 0.51}
{'loss': 0.3388, 'learning_rate': 4.040307101727447e-05, 'epoch': 0.58}
{'loss': 0.3848, 'learning_rate': 3.933674557474942e-05, 'epoch': 0.64}
{'loss': 0.3229, 'learning_rate': 3.827042013222436e-05, 'epoch': 0.7}
{'loss': 0.3077, 'learning_rate': 3.72040946896993e-05, 'epoch': 0.77}
{'loss': 0.3268, 'learning_rate': 3.613776924717424e-05, 'epoch': 0.83}
{'loss': 0.319, 'learning_rate': 3.5071443804649176e-05, 'epoch': 0.9}
{'loss': 0.3049, 'learning_rate': 3.400511836212412e-05, 'epoch': 0.96}
{'eval_loss': 0.33766403794288635, 'eval_accuracy': 0.86468, 'eval_f1': 0.8641904334572312, 'eval_runtime': 62.0502, 'eval_samples_per_second': 402.9, 'eval_steps_per_second': 25.189, 'epoch': 1.0}
{'loss': 0.2886, 'learning_rate': 3.293879291959907e-05, 'epoch': 1.02}
{'loss': 0.2109, 'learning_rate': 3.1872467477074e-05, 'epoch': 1.09}
{'loss': 0.232, 'learning_rate': 3.080614203454895e-05, 'epoch': 1.15}
{'loss': 0.2447, 'learning_rate': 2.973981659202389e-05, 'epoch': 1.22}
{'loss': 0.233, 'learning_rate': 2.8673491149498826e-05, 'epoch': 1.28}
{'loss': 0.229, 'learning_rate': 2.7617828961399022e-05, 'epoch': 1.34}
{'loss': 0.2462, 'learning_rate': 2.6551503518873962e-05, 'epoch': 1.41}
{'loss': 0.2291, 'learning_rate': 2.5485178076348905e-05, 'epoch': 1.47}
{'loss': 0.208, 'learning_rate': 2.4418852633823844e-05, 'epoch': 1.54}
{'loss': 0.2412, 'learning_rate': 2.3352527191298784e-05, 'epoch': 1.6}
{'loss': 0.2186, 'learning_rate': 2.2286201748773727e-05, 'epoch': 1.66}
{'loss': 0.2219, 'learning_rate': 2.1219876306248666e-05, 'epoch': 1.73}
{'loss': 0.2362, 'learning_rate': 2.015355086372361e-05, 'epoch': 1.79}
{'loss': 0.2279, 'learning_rate': 1.9087225421198552e-05, 'epoch': 1.86}
{'loss': 0.2185, 'learning_rate': 1.802089997867349e-05, 'epoch': 1.92}
{'loss': 0.2134, 'learning_rate': 1.695457453614843e-05, 'epoch': 1.98}
{'eval_loss': 0.3690364360809326, 'eval_accuracy': 0.87596, 'eval_f1': 0.8759052742259336, 'eval_runtime': 61.8612, 'eval_samples_per_second': 404.131, 'eval_steps_per_second': 25.266, 'epoch': 2.0}
{'loss': 0.1964, 'learning_rate': 1.5888249093623374e-05, 'epoch': 2.05}
{'loss': 0.1741, 'learning_rate': 1.4821923651098315e-05, 'epoch': 2.11}
{'loss': 0.147, 'learning_rate': 1.3755598208573256e-05, 'epoch': 2.18}
{'loss': 0.1572, 'learning_rate': 1.2689272766048199e-05, 'epoch': 2.24}
{'loss': 0.1836, 'learning_rate': 1.162294732352314e-05, 'epoch': 2.3}
{'loss': 0.1656, 'learning_rate': 1.0556621880998081e-05, 'epoch': 2.37}
{'loss': 0.1688, 'learning_rate': 9.490296438473023e-06, 'epoch': 2.43}
{'loss': 0.1653, 'learning_rate': 8.423970995947964e-06, 'epoch': 2.5}
{'loss': 0.1893, 'learning_rate': 7.357645553422905e-06, 'epoch': 2.56}
{'loss': 0.1394, 'learning_rate': 6.291320110897847e-06, 'epoch': 2.62}
{'loss': 0.1973, 'learning_rate': 5.235657922798038e-06, 'epoch': 2.69}
{'loss': 0.1715, 'learning_rate': 4.16933248027298e-06, 'epoch': 2.75}
{'loss': 0.1558, 'learning_rate': 3.103007037747921e-06, 'epoch': 2.82}
{'loss': 0.1837, 'learning_rate': 2.036681595222862e-06, 'epoch': 2.88}
{'loss': 0.1629, 'learning_rate': 9.703561526978034e-07, 'epoch': 2.94}
{'eval_loss': 0.40853819251060486, 'eval_accuracy': 0.875, 'eval_f1': 0.874967831523643, 'eval_runtime': 61.9658, 'eval_samples_per_second': 403.448, 'eval_steps_per_second': 25.224, 'epoch': 3.0}
{'train_runtime': 441.1637, 'train_samples_per_second': 170.005, 'train_steps_per_second': 10.629, 'train_loss': 0.26557588139991817, 'epoch': 3.0}
Training finished. Training time: 442.08 seconds.
Evaluating the model on IMDb test set...
Accuracy: 0.8647
F1-score: 0.8642
Inference time: 0.44 ms/example
GPU memory consumption: 4.31 GB

Results for the IMDb table:
| Model                     | Accuracy | F1-score | Inference Time (ms) | Memory (GB) | Training Time (s) |
|---------------------------|----------|----------|---------------------|-------------|-------------------|
| DistilBERT-384-embedding  | 0.8647   | 0.8642   | 0.44               | 4.31         | 442.08         |

Starting fine-tuning on Yelp Polarity...
{'loss': 0.3947, 'learning_rate': 1.9942857142857142e-05, 'epoch': 0.0}
{'loss': 0.3612, 'learning_rate': 1.988571428571429e-05, 'epoch': 0.01}
{'loss': 0.3233, 'learning_rate': 1.982857142857143e-05, 'epoch': 0.01}
{'loss': 0.3381, 'learning_rate': 1.9771428571428574e-05, 'epoch': 0.01}
{'loss': 0.3458, 'learning_rate': 1.9714285714285718e-05, 'epoch': 0.01}
{'loss': 0.3133, 'learning_rate': 1.9657142857142858e-05, 'epoch': 0.02}
{'loss': 0.3263, 'learning_rate': 1.9600000000000002e-05, 'epoch': 0.02}
{'loss': 0.2985, 'learning_rate': 1.9542857142857143e-05, 'epoch': 0.02}
{'loss': 0.3261, 'learning_rate': 1.9485714285714286e-05, 'epoch': 0.03}
{'loss': 0.3162, 'learning_rate': 1.942857142857143e-05, 'epoch': 0.03}
{'loss': 0.2596, 'learning_rate': 1.937142857142857e-05, 'epoch': 0.03}
{'loss': 0.2552, 'learning_rate': 1.9314285714285718e-05, 'epoch': 0.03}
{'loss': 0.3004, 'learning_rate': 1.925714285714286e-05, 'epoch': 0.04}
{'loss': 0.262, 'learning_rate': 1.9200000000000003e-05, 'epoch': 0.04}
{'loss': 0.2843, 'learning_rate': 1.9142857142857146e-05, 'epoch': 0.04}
{'loss': 0.2703, 'learning_rate': 1.9085714285714287e-05, 'epoch': 0.05}
{'loss': 0.2702, 'learning_rate': 1.902857142857143e-05, 'epoch': 0.05}
{'loss': 0.2536, 'learning_rate': 1.8971428571428575e-05, 'epoch': 0.05}
{'loss': 0.2496, 'learning_rate': 1.8914285714285715e-05, 'epoch': 0.05}
{'loss': 0.2552, 'learning_rate': 1.885714285714286e-05, 'epoch': 0.06}
{'loss': 0.2739, 'learning_rate': 1.88e-05, 'epoch': 0.06}
{'loss': 0.2425, 'learning_rate': 1.8742857142857143e-05, 'epoch': 0.06}
{'loss': 0.2448, 'learning_rate': 1.8685714285714287e-05, 'epoch': 0.07}
{'loss': 0.2602, 'learning_rate': 1.8628571428571428e-05, 'epoch': 0.07}
{'loss': 0.249, 'learning_rate': 1.8571428571428575e-05, 'epoch': 0.07}
{'loss': 0.2406, 'learning_rate': 1.8514285714285716e-05, 'epoch': 0.07}
{'loss': 0.245, 'learning_rate': 1.845714285714286e-05, 'epoch': 0.08}
{'loss': 0.253, 'learning_rate': 1.8400000000000003e-05, 'epoch': 0.08}
{'loss': 0.2325, 'learning_rate': 1.8342857142857144e-05, 'epoch': 0.08}
{'loss': 0.2384, 'learning_rate': 1.8286285714285717e-05, 'epoch': 0.09}
{'loss': 0.2248, 'learning_rate': 1.8229142857142858e-05, 'epoch': 0.09}
{'loss': 0.237, 'learning_rate': 1.8172e-05, 'epoch': 0.09}
{'loss': 0.2295, 'learning_rate': 1.8114857142857145e-05, 'epoch': 0.09}
{'loss': 0.2219, 'learning_rate': 1.8057714285714286e-05, 'epoch': 0.1}
{'loss': 0.2432, 'learning_rate': 1.800057142857143e-05, 'epoch': 0.1}
{'loss': 0.2325, 'learning_rate': 1.7943428571428574e-05, 'epoch': 0.1}
{'loss': 0.244, 'learning_rate': 1.7886285714285718e-05, 'epoch': 0.11}
{'loss': 0.2334, 'learning_rate': 1.7829142857142858e-05, 'epoch': 0.11}
{'loss': 0.2432, 'learning_rate': 1.7772000000000002e-05, 'epoch': 0.11}
{'loss': 0.2059, 'learning_rate': 1.7714857142857146e-05, 'epoch': 0.11}
{'loss': 0.2312, 'learning_rate': 1.7657714285714286e-05, 'epoch': 0.12}
{'loss': 0.2157, 'learning_rate': 1.760057142857143e-05, 'epoch': 0.12}
{'loss': 0.2359, 'learning_rate': 1.7543428571428574e-05, 'epoch': 0.12}
{'loss': 0.2197, 'learning_rate': 1.7486285714285715e-05, 'epoch': 0.13}
{'loss': 0.2093, 'learning_rate': 1.742914285714286e-05, 'epoch': 0.13}
{'loss': 0.2128, 'learning_rate': 1.7372000000000002e-05, 'epoch': 0.13}
{'loss': 0.2467, 'learning_rate': 1.7314857142857143e-05, 'epoch': 0.13}
{'loss': 0.217, 'learning_rate': 1.7257714285714287e-05, 'epoch': 0.14}
{'loss': 0.1714, 'learning_rate': 1.720057142857143e-05, 'epoch': 0.14}
{'loss': 0.2323, 'learning_rate': 1.7143428571428575e-05, 'epoch': 0.14}
{'loss': 0.2283, 'learning_rate': 1.7086285714285715e-05, 'epoch': 0.15}
{'loss': 0.2303, 'learning_rate': 1.702914285714286e-05, 'epoch': 0.15}
{'loss': 0.2429, 'learning_rate': 1.6972000000000003e-05, 'epoch': 0.15}
{'loss': 0.2264, 'learning_rate': 1.6914857142857143e-05, 'epoch': 0.15}
{'loss': 0.1972, 'learning_rate': 1.6857714285714287e-05, 'epoch': 0.16}
{'loss': 0.2161, 'learning_rate': 1.680057142857143e-05, 'epoch': 0.16}
{'loss': 0.2356, 'learning_rate': 1.6744e-05, 'epoch': 0.16}
{'loss': 0.2274, 'learning_rate': 1.6686857142857145e-05, 'epoch': 0.17}
{'loss': 0.2124, 'learning_rate': 1.6629714285714285e-05, 'epoch': 0.17}
{'loss': 0.2151, 'learning_rate': 1.657257142857143e-05, 'epoch': 0.17}
{'loss': 0.2146, 'learning_rate': 1.6515428571428573e-05, 'epoch': 0.17}
{'loss': 0.2275, 'learning_rate': 1.6458285714285717e-05, 'epoch': 0.18}
{'loss': 0.2109, 'learning_rate': 1.6401142857142858e-05, 'epoch': 0.18}
{'loss': 0.2349, 'learning_rate': 1.6344e-05, 'epoch': 0.18}
{'loss': 0.2166, 'learning_rate': 1.6286857142857145e-05, 'epoch': 0.19}
{'loss': 0.2012, 'learning_rate': 1.6229714285714286e-05, 'epoch': 0.19}
{'loss': 0.2249, 'learning_rate': 1.617257142857143e-05, 'epoch': 0.19}
{'loss': 0.2216, 'learning_rate': 1.6115428571428574e-05, 'epoch': 0.19}
{'loss': 0.1946, 'learning_rate': 1.6058285714285714e-05, 'epoch': 0.2}
{'loss': 0.1953, 'learning_rate': 1.6001142857142858e-05, 'epoch': 0.2}
{'loss': 0.2143, 'learning_rate': 1.5944000000000002e-05, 'epoch': 0.2}
{'loss': 0.21, 'learning_rate': 1.5886857142857142e-05, 'epoch': 0.21}
{'loss': 0.212, 'learning_rate': 1.5829714285714286e-05, 'epoch': 0.21}
{'loss': 0.2134, 'learning_rate': 1.577257142857143e-05, 'epoch': 0.21}
{'loss': 0.219, 'learning_rate': 1.5715428571428574e-05, 'epoch': 0.21}
{'loss': 0.1971, 'learning_rate': 1.5658285714285715e-05, 'epoch': 0.22}
{'loss': 0.2071, 'learning_rate': 1.560114285714286e-05, 'epoch': 0.22}
{'loss': 0.2138, 'learning_rate': 1.5544571428571428e-05, 'epoch': 0.22}
{'loss': 0.1974, 'learning_rate': 1.5487428571428572e-05, 'epoch': 0.23}
{'loss': 0.2003, 'learning_rate': 1.5430285714285716e-05, 'epoch': 0.23}
{'loss': 0.2122, 'learning_rate': 1.5373142857142857e-05, 'epoch': 0.23}
{'loss': 0.241, 'learning_rate': 1.5316e-05, 'epoch': 0.23}
{'loss': 0.2139, 'learning_rate': 1.5258857142857144e-05, 'epoch': 0.24}
{'loss': 0.1904, 'learning_rate': 1.5201714285714286e-05, 'epoch': 0.24}
{'loss': 0.209, 'learning_rate': 1.514457142857143e-05, 'epoch': 0.24}
{'loss': 0.2106, 'learning_rate': 1.5087428571428573e-05, 'epoch': 0.25}
{'loss': 0.1937, 'learning_rate': 1.5030285714285715e-05, 'epoch': 0.25}
{'loss': 0.2159, 'learning_rate': 1.4973142857142859e-05, 'epoch': 0.25}
{'loss': 0.1931, 'learning_rate': 1.4916e-05, 'epoch': 0.25}
{'loss': 0.187, 'learning_rate': 1.4858857142857143e-05, 'epoch': 0.26}
{'loss': 0.2541, 'learning_rate': 1.4801714285714285e-05, 'epoch': 0.26}
{'loss': 0.218, 'learning_rate': 1.474457142857143e-05, 'epoch': 0.26}
{'loss': 0.1893, 'learning_rate': 1.4687428571428573e-05, 'epoch': 0.27}
{'loss': 0.2018, 'learning_rate': 1.4630285714285715e-05, 'epoch': 0.27}
{'loss': 0.2182, 'learning_rate': 1.4573142857142859e-05, 'epoch': 0.27}
{'loss': 0.1893, 'learning_rate': 1.4516000000000001e-05, 'epoch': 0.27}
{'loss': 0.2035, 'learning_rate': 1.4458857142857143e-05, 'epoch': 0.28}
{'loss': 0.1971, 'learning_rate': 1.4401714285714287e-05, 'epoch': 0.28}
{'loss': 0.1906, 'learning_rate': 1.434457142857143e-05, 'epoch': 0.28}
{'loss': 0.2178, 'learning_rate': 1.4287428571428572e-05, 'epoch': 0.29}
{'loss': 0.2139, 'learning_rate': 1.4230285714285716e-05, 'epoch': 0.29}
{'loss': 0.2201, 'learning_rate': 1.4173142857142858e-05, 'epoch': 0.29}
{'loss': 0.1977, 'learning_rate': 1.4116571428571431e-05, 'epoch': 0.29}
{'loss': 0.2209, 'learning_rate': 1.4059428571428573e-05, 'epoch': 0.3}
{'loss': 0.199, 'learning_rate': 1.4002285714285715e-05, 'epoch': 0.3}
{'loss': 0.204, 'learning_rate': 1.394514285714286e-05, 'epoch': 0.3}
{'loss': 0.2043, 'learning_rate': 1.3888000000000002e-05, 'epoch': 0.31}
{'loss': 0.2202, 'learning_rate': 1.3830857142857144e-05, 'epoch': 0.31}
{'loss': 0.1962, 'learning_rate': 1.3773714285714286e-05, 'epoch': 0.31}
{'loss': 0.2068, 'learning_rate': 1.371657142857143e-05, 'epoch': 0.31}
{'loss': 0.1911, 'learning_rate': 1.3659428571428572e-05, 'epoch': 0.32}
{'loss': 0.186, 'learning_rate': 1.3602285714285714e-05, 'epoch': 0.32}
{'loss': 0.1963, 'learning_rate': 1.3545142857142858e-05, 'epoch': 0.32}
{'loss': 0.227, 'learning_rate': 1.3488e-05, 'epoch': 0.33}
{'loss': 0.2178, 'learning_rate': 1.3430857142857142e-05, 'epoch': 0.33}
{'loss': 0.1838, 'learning_rate': 1.3373714285714288e-05, 'epoch': 0.33}
{'loss': 0.1915, 'learning_rate': 1.331657142857143e-05, 'epoch': 0.33}
{'loss': 0.1871, 'learning_rate': 1.3259428571428572e-05, 'epoch': 0.34}
{'loss': 0.2101, 'learning_rate': 1.3202285714285716e-05, 'epoch': 0.34}
{'loss': 0.1939, 'learning_rate': 1.3145142857142859e-05, 'epoch': 0.34}
{'loss': 0.1994, 'learning_rate': 1.3088e-05, 'epoch': 0.35}
{'loss': 0.1991, 'learning_rate': 1.3030857142857143e-05, 'epoch': 0.35}
{'loss': 0.2022, 'learning_rate': 1.2973714285714287e-05, 'epoch': 0.35}
{'loss': 0.1867, 'learning_rate': 1.2916571428571429e-05, 'epoch': 0.35}
{'loss': 0.1783, 'learning_rate': 1.286e-05, 'epoch': 0.36}
{'loss': 0.1773, 'learning_rate': 1.2802857142857143e-05, 'epoch': 0.36}
{'loss': 0.2014, 'learning_rate': 1.2745714285714285e-05, 'epoch': 0.36}
{'loss': 0.2101, 'learning_rate': 1.268857142857143e-05, 'epoch': 0.37}
{'loss': 0.192, 'learning_rate': 1.2631428571428573e-05, 'epoch': 0.37}
{'loss': 0.2124, 'learning_rate': 1.2574285714285715e-05, 'epoch': 0.37}
{'loss': 0.1758, 'learning_rate': 1.2517142857142859e-05, 'epoch': 0.37}
{'loss': 0.1848, 'learning_rate': 1.2460000000000001e-05, 'epoch': 0.38}
{'loss': 0.1781, 'learning_rate': 1.2402857142857143e-05, 'epoch': 0.38}
{'loss': 0.2138, 'learning_rate': 1.2345714285714287e-05, 'epoch': 0.38}
{'loss': 0.2042, 'learning_rate': 1.228857142857143e-05, 'epoch': 0.39}
{'loss': 0.1923, 'learning_rate': 1.2231428571428571e-05, 'epoch': 0.39}
{'loss': 0.1921, 'learning_rate': 1.2174285714285717e-05, 'epoch': 0.39}
{'loss': 0.1851, 'learning_rate': 1.211714285714286e-05, 'epoch': 0.39}
{'loss': 0.1706, 'learning_rate': 1.2060000000000001e-05, 'epoch': 0.4}
{'loss': 0.1801, 'learning_rate': 1.2002857142857142e-05, 'epoch': 0.4}
{'loss': 0.1824, 'learning_rate': 1.1945714285714288e-05, 'epoch': 0.4}
{'loss': 0.2042, 'learning_rate': 1.188857142857143e-05, 'epoch': 0.41}
{'loss': 0.1774, 'learning_rate': 1.1831428571428572e-05, 'epoch': 0.41}
{'loss': 0.1979, 'learning_rate': 1.1774285714285716e-05, 'epoch': 0.41}
{'loss': 0.1896, 'learning_rate': 1.1717142857142858e-05, 'epoch': 0.41}
{'loss': 0.2232, 'learning_rate': 1.166e-05, 'epoch': 0.42}
{'loss': 0.1778, 'learning_rate': 1.1602857142857144e-05, 'epoch': 0.42}
{'loss': 0.1965, 'learning_rate': 1.1545714285714286e-05, 'epoch': 0.42}
{'loss': 0.1718, 'learning_rate': 1.1488571428571428e-05, 'epoch': 0.43}
{'loss': 0.2162, 'learning_rate': 1.1431428571428574e-05, 'epoch': 0.43}
{'loss': 0.1943, 'learning_rate': 1.1374285714285716e-05, 'epoch': 0.43}
{'loss': 0.1982, 'learning_rate': 1.1317142857142858e-05, 'epoch': 0.43}
{'loss': 0.1852, 'learning_rate': 1.126e-05, 'epoch': 0.44}
{'loss': 0.1833, 'learning_rate': 1.1202857142857145e-05, 'epoch': 0.44}
{'loss': 0.2058, 'learning_rate': 1.1145714285714287e-05, 'epoch': 0.44}
{'loss': 0.1982, 'learning_rate': 1.1088571428571429e-05, 'epoch': 0.45}
{'loss': 0.1703, 'learning_rate': 1.1031428571428573e-05, 'epoch': 0.45}
{'loss': 0.1999, 'learning_rate': 1.0974285714285715e-05, 'epoch': 0.45}
{'loss': 0.2139, 'learning_rate': 1.0917142857142857e-05, 'epoch': 0.45}
{'loss': 0.1861, 'learning_rate': 1.0860000000000001e-05, 'epoch': 0.46}
{'loss': 0.1816, 'learning_rate': 1.0802857142857143e-05, 'epoch': 0.46}
{'loss': 0.1888, 'learning_rate': 1.0745714285714285e-05, 'epoch': 0.46}
{'loss': 0.1916, 'learning_rate': 1.0688571428571431e-05, 'epoch': 0.47}
{'loss': 0.1874, 'learning_rate': 1.0632000000000001e-05, 'epoch': 0.47}
{'loss': 0.1836, 'learning_rate': 1.0574857142857145e-05, 'epoch': 0.47}
{'loss': 0.1932, 'learning_rate': 1.0517714285714287e-05, 'epoch': 0.47}
{'loss': 0.1903, 'learning_rate': 1.0460571428571429e-05, 'epoch': 0.48}
{'loss': 0.1942, 'learning_rate': 1.0403428571428573e-05, 'epoch': 0.48}
{'loss': 0.1762, 'learning_rate': 1.0346285714285715e-05, 'epoch': 0.48}
{'loss': 0.1906, 'learning_rate': 1.0289142857142857e-05, 'epoch': 0.49}
{'loss': 0.1791, 'learning_rate': 1.0232000000000001e-05, 'epoch': 0.49}
{'loss': 0.1778, 'learning_rate': 1.0174857142857144e-05, 'epoch': 0.49}
{'loss': 0.1845, 'learning_rate': 1.0117714285714286e-05, 'epoch': 0.49}
{'loss': 0.1679, 'learning_rate': 1.0060571428571428e-05, 'epoch': 0.5}
{'loss': 0.2126, 'learning_rate': 1.0003428571428573e-05, 'epoch': 0.5}
{'loss': 0.205, 'learning_rate': 9.946285714285716e-06, 'epoch': 0.5}
{'loss': 0.1898, 'learning_rate': 9.889142857142858e-06, 'epoch': 0.51}
{'loss': 0.1747, 'learning_rate': 9.832e-06, 'epoch': 0.51}
{'loss': 0.1948, 'learning_rate': 9.774857142857144e-06, 'epoch': 0.51}
{'loss': 0.1798, 'learning_rate': 9.717714285714288e-06, 'epoch': 0.51}
{'loss': 0.1785, 'learning_rate': 9.660571428571428e-06, 'epoch': 0.52}
{'loss': 0.1757, 'learning_rate': 9.603428571428572e-06, 'epoch': 0.52}
{'loss': 0.1617, 'learning_rate': 9.546285714285714e-06, 'epoch': 0.52}
{'loss': 0.1832, 'learning_rate': 9.489142857142858e-06, 'epoch': 0.53}
{'loss': 0.2095, 'learning_rate': 9.432e-06, 'epoch': 0.53}
{'loss': 0.1839, 'learning_rate': 9.374857142857143e-06, 'epoch': 0.53}
{'loss': 0.1982, 'learning_rate': 9.317714285714287e-06, 'epoch': 0.53}
{'loss': 0.1634, 'learning_rate': 9.26057142857143e-06, 'epoch': 0.54}
{'loss': 0.1938, 'learning_rate': 9.203428571428573e-06, 'epoch': 0.54}
{'loss': 0.1834, 'learning_rate': 9.146857142857144e-06, 'epoch': 0.54}
{'loss': 0.1793, 'learning_rate': 9.089714285714286e-06, 'epoch': 0.55}
{'loss': 0.1769, 'learning_rate': 9.03257142857143e-06, 'epoch': 0.55}
{'loss': 0.184, 'learning_rate': 8.975428571428572e-06, 'epoch': 0.55}
{'loss': 0.1911, 'learning_rate': 8.918285714285715e-06, 'epoch': 0.55}
{'loss': 0.1922, 'learning_rate': 8.861142857142859e-06, 'epoch': 0.56}
{'loss': 0.1726, 'learning_rate': 8.804e-06, 'epoch': 0.56}
{'loss': 0.1988, 'learning_rate': 8.746857142857143e-06, 'epoch': 0.56}
{'loss': 0.1593, 'learning_rate': 8.689714285714287e-06, 'epoch': 0.57}
{'loss': 0.1993, 'learning_rate': 8.632571428571429e-06, 'epoch': 0.57}
{'loss': 0.1917, 'learning_rate': 8.575428571428573e-06, 'epoch': 0.57}
{'loss': 0.1774, 'learning_rate': 8.518285714285715e-06, 'epoch': 0.57}
{'loss': 0.1772, 'learning_rate': 8.461142857142857e-06, 'epoch': 0.58}
{'loss': 0.182, 'learning_rate': 8.404000000000001e-06, 'epoch': 0.58}
{'loss': 0.1838, 'learning_rate': 8.346857142857143e-06, 'epoch': 0.58}
{'loss': 0.2235, 'learning_rate': 8.289714285714287e-06, 'epoch': 0.59}
{'loss': 0.1963, 'learning_rate': 8.23257142857143e-06, 'epoch': 0.59}
{'loss': 0.1976, 'learning_rate': 8.175428571428572e-06, 'epoch': 0.59}
{'loss': 0.1986, 'learning_rate': 8.118285714285716e-06, 'epoch': 0.59}
{'loss': 0.1608, 'learning_rate': 8.061142857142858e-06, 'epoch': 0.6}
{'loss': 0.1701, 'learning_rate': 8.004e-06, 'epoch': 0.6}
{'loss': 0.2158, 'learning_rate': 7.946857142857144e-06, 'epoch': 0.6}
{'loss': 0.1961, 'learning_rate': 7.889714285714286e-06, 'epoch': 0.61}
{'loss': 0.1788, 'learning_rate': 7.83257142857143e-06, 'epoch': 0.61}
{'loss': 0.1995, 'learning_rate': 7.775428571428572e-06, 'epoch': 0.61}
{'loss': 0.1762, 'learning_rate': 7.718285714285714e-06, 'epoch': 0.61}
{'loss': 0.1918, 'learning_rate': 7.661142857142858e-06, 'epoch': 0.62}
{'loss': 0.1729, 'learning_rate': 7.604e-06, 'epoch': 0.62}
{'loss': 0.1821, 'learning_rate': 7.546857142857143e-06, 'epoch': 0.62}
{'loss': 0.1724, 'learning_rate': 7.4897142857142865e-06, 'epoch': 0.63}
{'loss': 0.1951, 'learning_rate': 7.432571428571429e-06, 'epoch': 0.63}
{'loss': 0.1977, 'learning_rate': 7.3754285714285725e-06, 'epoch': 0.63}
{'loss': 0.1711, 'learning_rate': 7.318285714285715e-06, 'epoch': 0.63}
{'loss': 0.1599, 'learning_rate': 7.261142857142858e-06, 'epoch': 0.64}
{'loss': 0.2042, 'learning_rate': 7.204000000000001e-06, 'epoch': 0.64}
{'loss': 0.1844, 'learning_rate': 7.146857142857143e-06, 'epoch': 0.64}
{'loss': 0.1774, 'learning_rate': 7.089714285714286e-06, 'epoch': 0.65}
{'loss': 0.1821, 'learning_rate': 7.032571428571428e-06, 'epoch': 0.65}
{'loss': 0.1863, 'learning_rate': 6.975428571428572e-06, 'epoch': 0.65}
{'loss': 0.1796, 'learning_rate': 6.918285714285715e-06, 'epoch': 0.65}
{'loss': 0.1971, 'learning_rate': 6.861142857142857e-06, 'epoch': 0.66}
{'loss': 0.1976, 'learning_rate': 6.804571428571429e-06, 'epoch': 0.66}
{'loss': 0.1593, 'learning_rate': 6.747428571428571e-06, 'epoch': 0.66}
{'loss': 0.1803, 'learning_rate': 6.690285714285715e-06, 'epoch': 0.67}
{'loss': 0.1796, 'learning_rate': 6.633142857142858e-06, 'epoch': 0.67}
{'loss': 0.1966, 'learning_rate': 6.576e-06, 'epoch': 0.67}
{'loss': 0.1904, 'learning_rate': 6.518857142857143e-06, 'epoch': 0.67}
{'loss': 0.1744, 'learning_rate': 6.461714285714286e-06, 'epoch': 0.68}
{'loss': 0.184, 'learning_rate': 6.4045714285714285e-06, 'epoch': 0.68}
{'loss': 0.1865, 'learning_rate': 6.347428571428572e-06, 'epoch': 0.68}
{'loss': 0.2054, 'learning_rate': 6.290285714285715e-06, 'epoch': 0.69}
{'loss': 0.1736, 'learning_rate': 6.233142857142858e-06, 'epoch': 0.69}
{'loss': 0.1824, 'learning_rate': 6.176000000000001e-06, 'epoch': 0.69}
{'loss': 0.1872, 'learning_rate': 6.118857142857143e-06, 'epoch': 0.69}
{'loss': 0.1756, 'learning_rate': 6.061714285714287e-06, 'epoch': 0.7}
{'loss': 0.184, 'learning_rate': 6.00457142857143e-06, 'epoch': 0.7}
{'loss': 0.1904, 'learning_rate': 5.9480000000000005e-06, 'epoch': 0.7}
{'loss': 0.2033, 'learning_rate': 5.8908571428571435e-06, 'epoch': 0.71}
{'loss': 0.1596, 'learning_rate': 5.833714285714286e-06, 'epoch': 0.71}
{'loss': 0.2162, 'learning_rate': 5.776571428571429e-06, 'epoch': 0.71}
{'loss': 0.201, 'learning_rate': 5.719428571428573e-06, 'epoch': 0.71}
{'loss': 0.1644, 'learning_rate': 5.662285714285715e-06, 'epoch': 0.72}
{'loss': 0.168, 'learning_rate': 5.605142857142858e-06, 'epoch': 0.72}
{'loss': 0.1676, 'learning_rate': 5.548e-06, 'epoch': 0.72}
{'loss': 0.1919, 'learning_rate': 5.490857142857143e-06, 'epoch': 0.73}
{'loss': 0.1852, 'learning_rate': 5.433714285714287e-06, 'epoch': 0.73}
{'loss': 0.17, 'learning_rate': 5.376571428571428e-06, 'epoch': 0.73}
{'loss': 0.1649, 'learning_rate': 5.319428571428572e-06, 'epoch': 0.73}
{'loss': 0.1825, 'learning_rate': 5.2622857142857144e-06, 'epoch': 0.74}
{'loss': 0.178, 'learning_rate': 5.2051428571428575e-06, 'epoch': 0.74}
{'loss': 0.1693, 'learning_rate': 5.1480000000000005e-06, 'epoch': 0.74}
{'loss': 0.1709, 'learning_rate': 5.090857142857143e-06, 'epoch': 0.75}
{'loss': 0.173, 'learning_rate': 5.033714285714287e-06, 'epoch': 0.75}
{'loss': 0.1744, 'learning_rate': 4.976571428571429e-06, 'epoch': 0.75}
{'loss': 0.1911, 'learning_rate': 4.919428571428572e-06, 'epoch': 0.75}
{'loss': 0.1845, 'learning_rate': 4.862285714285715e-06, 'epoch': 0.76}
{'loss': 0.1837, 'learning_rate': 4.805142857142858e-06, 'epoch': 0.76}
{'loss': 0.1869, 'learning_rate': 4.748e-06, 'epoch': 0.76}
{'loss': 0.1867, 'learning_rate': 4.690857142857143e-06, 'epoch': 0.77}
{'loss': 0.162, 'learning_rate': 4.633714285714286e-06, 'epoch': 0.77}
{'loss': 0.185, 'learning_rate': 4.576571428571429e-06, 'epoch': 0.77}
{'loss': 0.1462, 'learning_rate': 4.5194285714285714e-06, 'epoch': 0.77}
{'loss': 0.1772, 'learning_rate': 4.4622857142857145e-06, 'epoch': 0.78}
{'loss': 0.1881, 'learning_rate': 4.4051428571428575e-06, 'epoch': 0.78}
{'loss': 0.1966, 'learning_rate': 4.3480000000000006e-06, 'epoch': 0.78}
{'loss': 0.1611, 'learning_rate': 4.290857142857144e-06, 'epoch': 0.79}
{'loss': 0.2165, 'learning_rate': 4.233714285714286e-06, 'epoch': 0.79}
{'loss': 0.1838, 'learning_rate': 4.176571428571429e-06, 'epoch': 0.79}
{'loss': 0.1878, 'learning_rate': 4.119428571428572e-06, 'epoch': 0.79}
{'loss': 0.1795, 'learning_rate': 4.062285714285715e-06, 'epoch': 0.8}
{'loss': 0.1714, 'learning_rate': 4.005142857142857e-06, 'epoch': 0.8}
{'loss': 0.1788, 'learning_rate': 3.948e-06, 'epoch': 0.8}
{'loss': 0.183, 'learning_rate': 3.890857142857143e-06, 'epoch': 0.81}
{'loss': 0.1795, 'learning_rate': 3.833714285714286e-06, 'epoch': 0.81}
{'loss': 0.1797, 'learning_rate': 3.776571428571429e-06, 'epoch': 0.81}
{'loss': 0.1469, 'learning_rate': 3.7194285714285715e-06, 'epoch': 0.81}
{'loss': 0.2068, 'learning_rate': 3.662857142857143e-06, 'epoch': 0.82}
{'loss': 0.1938, 'learning_rate': 3.6057142857142865e-06, 'epoch': 0.82}
{'loss': 0.18, 'learning_rate': 3.548571428571429e-06, 'epoch': 0.82}
{'loss': 0.1578, 'learning_rate': 3.4914285714285717e-06, 'epoch': 0.83}
{'loss': 0.1766, 'learning_rate': 3.4342857142857143e-06, 'epoch': 0.83}
{'loss': 0.1898, 'learning_rate': 3.3771428571428574e-06, 'epoch': 0.83}
{'loss': 0.1946, 'learning_rate': 3.3200000000000004e-06, 'epoch': 0.83}
{'loss': 0.1625, 'learning_rate': 3.262857142857143e-06, 'epoch': 0.84}
{'loss': 0.1522, 'learning_rate': 3.205714285714286e-06, 'epoch': 0.84}
{'loss': 0.1968, 'learning_rate': 3.1485714285714287e-06, 'epoch': 0.84}
{'loss': 0.1782, 'learning_rate': 3.0914285714285717e-06, 'epoch': 0.85}
{'loss': 0.1847, 'learning_rate': 3.0342857142857148e-06, 'epoch': 0.85}
{'loss': 0.1571, 'learning_rate': 2.9771428571428574e-06, 'epoch': 0.85}
{'loss': 0.1753, 'learning_rate': 2.92e-06, 'epoch': 0.85}
{'loss': 0.192, 'learning_rate': 2.8628571428571435e-06, 'epoch': 0.86}
{'loss': 0.1649, 'learning_rate': 2.805714285714286e-06, 'epoch': 0.86}
{'loss': 0.1883, 'learning_rate': 2.7485714285714287e-06, 'epoch': 0.86}
{'loss': 0.1994, 'learning_rate': 2.6914285714285713e-06, 'epoch': 0.87}
{'loss': 0.1717, 'learning_rate': 2.6342857142857144e-06, 'epoch': 0.87}
{'loss': 0.1765, 'learning_rate': 2.5771428571428574e-06, 'epoch': 0.87}
{'loss': 0.1889, 'learning_rate': 2.520571428571429e-06, 'epoch': 0.87}
{'loss': 0.1735, 'learning_rate': 2.4634285714285715e-06, 'epoch': 0.88}
{'loss': 0.1922, 'learning_rate': 2.406857142857143e-06, 'epoch': 0.88}
{'loss': 0.1902, 'learning_rate': 2.349714285714286e-06, 'epoch': 0.88}
{'loss': 0.1754, 'learning_rate': 2.2925714285714287e-06, 'epoch': 0.89}
{'loss': 0.1741, 'learning_rate': 2.2354285714285718e-06, 'epoch': 0.89}
{'loss': 0.188, 'learning_rate': 2.1782857142857144e-06, 'epoch': 0.89}
{'loss': 0.1833, 'learning_rate': 2.1211428571428574e-06, 'epoch': 0.89}
{'loss': 0.1483, 'learning_rate': 2.064e-06, 'epoch': 0.9}
{'loss': 0.1909, 'learning_rate': 2.006857142857143e-06, 'epoch': 0.9}
{'loss': 0.1614, 'learning_rate': 1.9497142857142857e-06, 'epoch': 0.9}
{'loss': 0.1872, 'learning_rate': 1.8925714285714285e-06, 'epoch': 0.91}
{'loss': 0.1772, 'learning_rate': 1.8354285714285716e-06, 'epoch': 0.91}
{'loss': 0.1686, 'learning_rate': 1.7782857142857144e-06, 'epoch': 0.91}
{'loss': 0.1936, 'learning_rate': 1.7211428571428572e-06, 'epoch': 0.91}
{'loss': 0.184, 'learning_rate': 1.664e-06, 'epoch': 0.92}
{'loss': 0.1539, 'learning_rate': 1.6068571428571431e-06, 'epoch': 0.92}
{'loss': 0.1454, 'learning_rate': 1.5497142857142857e-06, 'epoch': 0.92}
{'loss': 0.1872, 'learning_rate': 1.4925714285714288e-06, 'epoch': 0.93}
{'loss': 0.1811, 'learning_rate': 1.4354285714285716e-06, 'epoch': 0.93}
{'loss': 0.1945, 'learning_rate': 1.3782857142857144e-06, 'epoch': 0.93}
{'loss': 0.1932, 'learning_rate': 1.3211428571428573e-06, 'epoch': 0.93}
{'loss': 0.1777, 'learning_rate': 1.2640000000000003e-06, 'epoch': 0.94}
{'loss': 0.1653, 'learning_rate': 1.206857142857143e-06, 'epoch': 0.94}
{'loss': 0.1682, 'learning_rate': 1.1497142857142858e-06, 'epoch': 0.94}
{'loss': 0.1748, 'learning_rate': 1.0925714285714286e-06, 'epoch': 0.95}
{'loss': 0.184, 'learning_rate': 1.0354285714285716e-06, 'epoch': 0.95}
{'loss': 0.1747, 'learning_rate': 9.782857142857145e-07, 'epoch': 0.95}
{'loss': 0.167, 'learning_rate': 9.211428571428573e-07, 'epoch': 0.95}
{'loss': 0.1772, 'learning_rate': 8.640000000000001e-07, 'epoch': 0.96}
{'loss': 0.1557, 'learning_rate': 8.068571428571429e-07, 'epoch': 0.96}
{'loss': 0.1657, 'learning_rate': 7.497142857142859e-07, 'epoch': 0.96}
{'loss': 0.166, 'learning_rate': 6.925714285714286e-07, 'epoch': 0.97}
{'loss': 0.1773, 'learning_rate': 6.354285714285714e-07, 'epoch': 0.97}
{'loss': 0.181, 'learning_rate': 5.782857142857144e-07, 'epoch': 0.97}
{'loss': 0.19, 'learning_rate': 5.211428571428572e-07, 'epoch': 0.97}
{'loss': 0.1577, 'learning_rate': 4.64e-07, 'epoch': 0.98}
{'loss': 0.1502, 'learning_rate': 4.0685714285714286e-07, 'epoch': 0.98}
{'loss': 0.1593, 'learning_rate': 3.4971428571428574e-07, 'epoch': 0.98}
{'loss': 0.1745, 'learning_rate': 2.9257142857142857e-07, 'epoch': 0.99}
{'loss': 0.1559, 'learning_rate': 2.3542857142857145e-07, 'epoch': 0.99}
{'loss': 0.1758, 'learning_rate': 1.782857142857143e-07, 'epoch': 0.99}
{'loss': 0.1764, 'learning_rate': 1.217142857142857e-07, 'epoch': 0.99}
{'loss': 0.1672, 'learning_rate': 6.457142857142858e-08, 'epoch': 1.0}
{'loss': 0.2079, 'learning_rate': 7.428571428571429e-09, 'epoch': 1.0}
{'eval_loss': 0.17194224894046783, 'eval_accuracy': 0.9367894736842105, 'eval_f1': 0.9367810746734693, 'eval_runtime': 94.5195, 'eval_samples_per_second': 402.034, 'eval_steps_per_second': 25.127, 'epoch': 1.0}
{'train_runtime': 1984.6628, 'train_samples_per_second': 282.164, 'train_steps_per_second': 17.635, 'train_loss': 0.19943950424194337, 'epoch': 1.0}
Fine-tuning finished. Fine-tuning time: 1984.68 seconds.
Evaluating the fine-tuned model on Yelp test set...
Accuracy on Yelp after fine-tuning: 0.9368
F1-score on Yelp after fine-tuning: 0.9368
Inference time (Yelp batch): 0.46 ms/example
GPU memory consumption: 4.31 GB
Results table for Yelp fine-tuning evaluation:
| Model                             | Accuracy (Yelp) | F1-score (Yelp) | Inference Time (ms) | Memory (GB) | Fine-tuning Time (s) |
|-----------------------------------|-----------------|-----------------|---------------------|-------------|----------------------|
| DistilBERT-384-embedding (fine-tuned) | 0.9368          | 0.9368          | 0.46          | 4.31       | 1984.68         |
