Starting training on IMDb...
{'loss': 0.535, 'learning_rate': 4.8944337811900195e-05, 'epoch': 0.06}
{'loss': 0.3469, 'learning_rate': 4.7878012369375135e-05, 'epoch': 0.13}
{'loss': 0.3362, 'learning_rate': 4.681168692685008e-05, 'epoch': 0.19}
{'loss': 0.3084, 'learning_rate': 4.5745361484325014e-05, 'epoch': 0.26}
{'loss': 0.3082, 'learning_rate': 4.467903604179996e-05, 'epoch': 0.32}
{'loss': 0.2984, 'learning_rate': 4.3612710599274906e-05, 'epoch': 0.38}
{'loss': 0.2972, 'learning_rate': 4.254638515674984e-05, 'epoch': 0.45}
{'loss': 0.302, 'learning_rate': 4.1480059714224785e-05, 'epoch': 0.51}
{'loss': 0.2524, 'learning_rate': 4.0413734271699725e-05, 'epoch': 0.58}
{'loss': 0.2811, 'learning_rate': 3.9347408829174664e-05, 'epoch': 0.64}
{'loss': 0.2509, 'learning_rate': 3.828108338664961e-05, 'epoch': 0.7}
{'loss': 0.2285, 'learning_rate': 3.721475794412455e-05, 'epoch': 0.77}
{'loss': 0.2262, 'learning_rate': 3.614843250159949e-05, 'epoch': 0.83}
{'loss': 0.2488, 'learning_rate': 3.508210705907443e-05, 'epoch': 0.9}
{'loss': 0.2596, 'learning_rate': 3.4015781616549375e-05, 'epoch': 0.96}
{'eval_loss': 0.24219980835914612, 'eval_accuracy': 0.90988, 'eval_f1': 0.9097240723845514, 'eval_runtime': 107.9155, 'eval_samples_per_second': 231.663, 'eval_steps_per_second': 14.484, 'epoch': 1.0}
{'loss': 0.2149, 'learning_rate': 3.2949456174024315e-05, 'epoch': 1.02}
{'loss': 0.1434, 'learning_rate': 3.1883130731499254e-05, 'epoch': 1.09}
{'loss': 0.1418, 'learning_rate': 3.08168052889742e-05, 'epoch': 1.15}
{'loss': 0.1695, 'learning_rate': 2.9750479846449137e-05, 'epoch': 1.22}
{'loss': 0.1447, 'learning_rate': 2.8694817658349333e-05, 'epoch': 1.28}
{'loss': 0.1695, 'learning_rate': 2.762849221582427e-05, 'epoch': 1.34}
{'loss': 0.1883, 'learning_rate': 2.6562166773299212e-05, 'epoch': 1.41}
{'loss': 0.1627, 'learning_rate': 2.5495841330774155e-05, 'epoch': 1.47}
{'loss': 0.1214, 'learning_rate': 2.4429515888249094e-05, 'epoch': 1.54}
{'loss': 0.1569, 'learning_rate': 2.3363190445724037e-05, 'epoch': 1.6}
{'loss': 0.1606, 'learning_rate': 2.2296865003198977e-05, 'epoch': 1.66}
{'loss': 0.1237, 'learning_rate': 2.1230539560673916e-05, 'epoch': 1.73}
{'loss': 0.1783, 'learning_rate': 2.0164214118148862e-05, 'epoch': 1.79}
{'loss': 0.1261, 'learning_rate': 1.9097888675623802e-05, 'epoch': 1.86}
{'loss': 0.1473, 'learning_rate': 1.803156323309874e-05, 'epoch': 1.92}
{'loss': 0.1415, 'learning_rate': 1.6965237790573684e-05, 'epoch': 1.98}
{'eval_loss': 0.3201296031475067, 'eval_accuracy': 0.91464, 'eval_f1': 0.9145070144983476, 'eval_runtime': 107.7716, 'eval_samples_per_second': 231.972, 'eval_steps_per_second': 14.503, 'epoch': 2.0}
{'loss': 0.0899, 'learning_rate': 1.5898912348048624e-05, 'epoch': 2.05}
{'loss': 0.0682, 'learning_rate': 1.4832586905523565e-05, 'epoch': 2.11}
{'loss': 0.0381, 'learning_rate': 1.376626146299851e-05, 'epoch': 2.18}
{'loss': 0.0674, 'learning_rate': 1.2699936020473449e-05, 'epoch': 2.24}
{'loss': 0.0929, 'learning_rate': 1.163361057794839e-05, 'epoch': 2.3}
{'loss': 0.0858, 'learning_rate': 1.0567285135423331e-05, 'epoch': 2.37}
{'loss': 0.0746, 'learning_rate': 9.511622947323523e-06, 'epoch': 2.43}
{'loss': 0.0512, 'learning_rate': 8.445297504798465e-06, 'epoch': 2.5}
{'loss': 0.0614, 'learning_rate': 7.378972062273407e-06, 'epoch': 2.56}
{'loss': 0.0532, 'learning_rate': 6.312646619748347e-06, 'epoch': 2.62}
{'loss': 0.0819, 'learning_rate': 5.246321177223289e-06, 'epoch': 2.69}
{'loss': 0.059, 'learning_rate': 4.179995734698229e-06, 'epoch': 2.75}
{'loss': 0.057, 'learning_rate': 3.1136702921731714e-06, 'epoch': 2.82}
{'loss': 0.0612, 'learning_rate': 2.0473448496481126e-06, 'epoch': 2.88}
{'loss': 0.0564, 'learning_rate': 9.81019407123054e-07, 'epoch': 2.94}
{'eval_loss': 0.3628796935081482, 'eval_accuracy': 0.92396, 'eval_f1': 0.9239577826089409, 'eval_runtime': 108.1129, 'eval_samples_per_second': 231.24, 'eval_steps_per_second': 14.457, 'epoch': 3.0}
{'train_runtime': 667.5962, 'train_samples_per_second': 112.343, 'train_steps_per_second': 7.024, 'train_loss': 0.1713331032978952, 'epoch': 3.0}
Training finished. Training time: 668.16 seconds.
Evaluating the model on IMDb test set...
Accuracy: 0.9099
F1-score: 0.9097
Inference time: 0.44 ms/example
GPU memory consumption: 5.36 GB

Results for the IMDb table:
| Model            | Accuracy | F1-score | Inference Time (ms) | Memory (GB) | Training Time (s) |
|------------------|----------|----------|---------------------|-------------|-------------------|
| BERT-6-layers    | 0.9099   | 0.9097   | 0.44          | 5.36       | 668.16      |

Starting fine-tuning on Yelp Polarity...
{'loss': 0.2606, 'learning_rate': 1.9943428571428575e-05, 'epoch': 0.0}
{'loss': 0.2034, 'learning_rate': 1.9886285714285715e-05, 'epoch': 0.01}
{'loss': 0.1997, 'learning_rate': 1.982914285714286e-05, 'epoch': 0.01}
{'loss': 0.1896, 'learning_rate': 1.9772000000000003e-05, 'epoch': 0.01}
{'loss': 0.2114, 'learning_rate': 1.9714857142857144e-05, 'epoch': 0.01}
{'loss': 0.18, 'learning_rate': 1.9657714285714288e-05, 'epoch': 0.02}
{'loss': 0.1853, 'learning_rate': 1.960057142857143e-05, 'epoch': 0.02}
{'loss': 0.1646, 'learning_rate': 1.9543428571428572e-05, 'epoch': 0.02}
{'loss': 0.1976, 'learning_rate': 1.9486285714285716e-05, 'epoch': 0.03}
{'loss': 0.1728, 'learning_rate': 1.942914285714286e-05, 'epoch': 0.03}
{'loss': 0.1465, 'learning_rate': 1.9372000000000004e-05, 'epoch': 0.03}
{'loss': 0.1659, 'learning_rate': 1.9314857142857144e-05, 'epoch': 0.03}
{'loss': 0.1697, 'learning_rate': 1.9257714285714285e-05, 'epoch': 0.04}
{'loss': 0.1475, 'learning_rate': 1.9200571428571432e-05, 'epoch': 0.04}
{'loss': 0.1813, 'learning_rate': 1.9143428571428572e-05, 'epoch': 0.04}
{'loss': 0.1501, 'learning_rate': 1.9086285714285716e-05, 'epoch': 0.05}
{'loss': 0.1632, 'learning_rate': 1.902914285714286e-05, 'epoch': 0.05}
{'loss': 0.1479, 'learning_rate': 1.8972e-05, 'epoch': 0.05}
{'loss': 0.154, 'learning_rate': 1.8914857142857145e-05, 'epoch': 0.05}
{'loss': 0.1761, 'learning_rate': 1.885771428571429e-05, 'epoch': 0.06}
{'loss': 0.1862, 'learning_rate': 1.880057142857143e-05, 'epoch': 0.06}
{'loss': 0.1467, 'learning_rate': 1.8744000000000002e-05, 'epoch': 0.06}
{'loss': 0.1441, 'learning_rate': 1.8686857142857146e-05, 'epoch': 0.07}
{'loss': 0.1579, 'learning_rate': 1.8629714285714287e-05, 'epoch': 0.07}
{'loss': 0.1376, 'learning_rate': 1.857257142857143e-05, 'epoch': 0.07}
{'loss': 0.1522, 'learning_rate': 1.8515428571428574e-05, 'epoch': 0.07}
{'loss': 0.1366, 'learning_rate': 1.8458285714285715e-05, 'epoch': 0.08}
{'loss': 0.1598, 'learning_rate': 1.840114285714286e-05, 'epoch': 0.08}
{'loss': 0.1286, 'learning_rate': 1.8344000000000003e-05, 'epoch': 0.08}
{'loss': 0.1652, 'learning_rate': 1.8287428571428572e-05, 'epoch': 0.09}
{'loss': 0.147, 'learning_rate': 1.8230285714285716e-05, 'epoch': 0.09}
{'loss': 0.1462, 'learning_rate': 1.8173142857142857e-05, 'epoch': 0.09}
{'loss': 0.1466, 'learning_rate': 1.8116000000000004e-05, 'epoch': 0.09}
{'loss': 0.1336, 'learning_rate': 1.8058857142857145e-05, 'epoch': 0.1}
{'loss': 0.1442, 'learning_rate': 1.800171428571429e-05, 'epoch': 0.1}
{'loss': 0.1715, 'learning_rate': 1.794457142857143e-05, 'epoch': 0.1}
{'loss': 0.1569, 'learning_rate': 1.7887428571428573e-05, 'epoch': 0.11}
{'loss': 0.1348, 'learning_rate': 1.7830285714285717e-05, 'epoch': 0.11}
{'loss': 0.1279, 'learning_rate': 1.7773142857142857e-05, 'epoch': 0.11}
{'loss': 0.1224, 'learning_rate': 1.7716e-05, 'epoch': 0.11}
{'loss': 0.1414, 'learning_rate': 1.7658857142857145e-05, 'epoch': 0.12}
{'loss': 0.1453, 'learning_rate': 1.7601714285714286e-05, 'epoch': 0.12}
{'loss': 0.1667, 'learning_rate': 1.754457142857143e-05, 'epoch': 0.12}
{'loss': 0.1415, 'learning_rate': 1.7487428571428573e-05, 'epoch': 0.13}
{'loss': 0.1418, 'learning_rate': 1.7430285714285714e-05, 'epoch': 0.13}
{'loss': 0.1203, 'learning_rate': 1.737314285714286e-05, 'epoch': 0.13}
{'loss': 0.1416, 'learning_rate': 1.7316e-05, 'epoch': 0.13}
{'loss': 0.1378, 'learning_rate': 1.7258857142857145e-05, 'epoch': 0.14}
{'loss': 0.09, 'learning_rate': 1.7201714285714286e-05, 'epoch': 0.14}
{'loss': 0.1339, 'learning_rate': 1.714457142857143e-05, 'epoch': 0.14}
{'loss': 0.1544, 'learning_rate': 1.7087428571428574e-05, 'epoch': 0.15}
{'loss': 0.1388, 'learning_rate': 1.7030285714285714e-05, 'epoch': 0.15}
{'loss': 0.1457, 'learning_rate': 1.6973714285714287e-05, 'epoch': 0.15}
{'loss': 0.1543, 'learning_rate': 1.6916571428571428e-05, 'epoch': 0.15}
{'loss': 0.1348, 'learning_rate': 1.6859428571428572e-05, 'epoch': 0.16}
{'loss': 0.1378, 'learning_rate': 1.6802285714285716e-05, 'epoch': 0.16}
{'loss': 0.1356, 'learning_rate': 1.6745142857142856e-05, 'epoch': 0.16}
{'loss': 0.1394, 'learning_rate': 1.6688000000000004e-05, 'epoch': 0.17}
{'loss': 0.1542, 'learning_rate': 1.6630857142857144e-05, 'epoch': 0.17}
{'loss': 0.1357, 'learning_rate': 1.6573714285714288e-05, 'epoch': 0.17}
{'loss': 0.1354, 'learning_rate': 1.6516571428571432e-05, 'epoch': 0.17}
{'loss': 0.1413, 'learning_rate': 1.6459428571428572e-05, 'epoch': 0.18}
{'loss': 0.1326, 'learning_rate': 1.6402285714285716e-05, 'epoch': 0.18}
{'loss': 0.1492, 'learning_rate': 1.634514285714286e-05, 'epoch': 0.18}
{'loss': 0.1338, 'learning_rate': 1.6288e-05, 'epoch': 0.19}
{'loss': 0.1195, 'learning_rate': 1.6230857142857144e-05, 'epoch': 0.19}
{'loss': 0.1493, 'learning_rate': 1.617371428571429e-05, 'epoch': 0.19}
{'loss': 0.1385, 'learning_rate': 1.611657142857143e-05, 'epoch': 0.19}
{'loss': 0.1207, 'learning_rate': 1.6059428571428573e-05, 'epoch': 0.2}
{'loss': 0.1129, 'learning_rate': 1.6002285714285713e-05, 'epoch': 0.2}
{'loss': 0.1256, 'learning_rate': 1.594514285714286e-05, 'epoch': 0.2}
{'loss': 0.1476, 'learning_rate': 1.5888e-05, 'epoch': 0.21}
{'loss': 0.1085, 'learning_rate': 1.5830857142857145e-05, 'epoch': 0.21}
{'loss': 0.1321, 'learning_rate': 1.577371428571429e-05, 'epoch': 0.21}
{'loss': 0.146, 'learning_rate': 1.571657142857143e-05, 'epoch': 0.21}
{'loss': 0.1418, 'learning_rate': 1.5659428571428573e-05, 'epoch': 0.22}
{'loss': 0.1319, 'learning_rate': 1.5602285714285717e-05, 'epoch': 0.22}
{'loss': 0.1297, 'learning_rate': 1.5545142857142858e-05, 'epoch': 0.22}
{'loss': 0.1382, 'learning_rate': 1.5488e-05, 'epoch': 0.23}
{'loss': 0.1212, 'learning_rate': 1.5430857142857145e-05, 'epoch': 0.23}
{'loss': 0.1215, 'learning_rate': 1.5373714285714286e-05, 'epoch': 0.23}
{'loss': 0.1483, 'learning_rate': 1.531657142857143e-05, 'epoch': 0.23}
{'loss': 0.1269, 'learning_rate': 1.525942857142857e-05, 'epoch': 0.24}
{'loss': 0.1242, 'learning_rate': 1.5202285714285716e-05, 'epoch': 0.24}
{'loss': 0.1401, 'learning_rate': 1.5145142857142858e-05, 'epoch': 0.24}
{'loss': 0.1181, 'learning_rate': 1.5088e-05, 'epoch': 0.25}
{'loss': 0.1469, 'learning_rate': 1.5030857142857144e-05, 'epoch': 0.25}
{'loss': 0.1267, 'learning_rate': 1.4973714285714286e-05, 'epoch': 0.25}
{'loss': 0.1381, 'learning_rate': 1.4916571428571428e-05, 'epoch': 0.25}
{'loss': 0.1039, 'learning_rate': 1.4859428571428574e-05, 'epoch': 0.26}
{'loss': 0.1509, 'learning_rate': 1.4802857142857144e-05, 'epoch': 0.26}
{'loss': 0.1519, 'learning_rate': 1.4745714285714288e-05, 'epoch': 0.26}
{'loss': 0.1012, 'learning_rate': 1.468857142857143e-05, 'epoch': 0.27}
{'loss': 0.1255, 'learning_rate': 1.4631428571428572e-05, 'epoch': 0.27}
{'loss': 0.127, 'learning_rate': 1.4574285714285716e-05, 'epoch': 0.27}
{'loss': 0.1169, 'learning_rate': 1.4517142857142858e-05, 'epoch': 0.27}
{'loss': 0.1021, 'learning_rate': 1.446e-05, 'epoch': 0.28}
{'loss': 0.1342, 'learning_rate': 1.4402857142857144e-05, 'epoch': 0.28}
{'loss': 0.1298, 'learning_rate': 1.4345714285714287e-05, 'epoch': 0.28}
{'loss': 0.1174, 'learning_rate': 1.4288571428571429e-05, 'epoch': 0.29}
{'loss': 0.1328, 'learning_rate': 1.4231428571428571e-05, 'epoch': 0.29}
{'loss': 0.1472, 'learning_rate': 1.4174285714285717e-05, 'epoch': 0.29}
{'loss': 0.1038, 'learning_rate': 1.4117142857142859e-05, 'epoch': 0.29}
{'loss': 0.1487, 'learning_rate': 1.4060000000000001e-05, 'epoch': 0.3}
{'loss': 0.1262, 'learning_rate': 1.4002857142857145e-05, 'epoch': 0.3}
{'loss': 0.1245, 'learning_rate': 1.3945714285714287e-05, 'epoch': 0.3}
{'loss': 0.1461, 'learning_rate': 1.388857142857143e-05, 'epoch': 0.31}
{'loss': 0.1174, 'learning_rate': 1.3831428571428573e-05, 'epoch': 0.31}
{'loss': 0.1158, 'learning_rate': 1.3774285714285715e-05, 'epoch': 0.31}
{'loss': 0.1413, 'learning_rate': 1.3717142857142857e-05, 'epoch': 0.31}
{'loss': 0.1214, 'learning_rate': 1.3660000000000001e-05, 'epoch': 0.32}
{'loss': 0.1178, 'learning_rate': 1.3602857142857144e-05, 'epoch': 0.32}
{'loss': 0.1187, 'learning_rate': 1.3545714285714286e-05, 'epoch': 0.32}
{'loss': 0.135, 'learning_rate': 1.3488571428571428e-05, 'epoch': 0.33}
{'loss': 0.1347, 'learning_rate': 1.3432000000000001e-05, 'epoch': 0.33}
{'loss': 0.1067, 'learning_rate': 1.3374857142857145e-05, 'epoch': 0.33}
{'loss': 0.1216, 'learning_rate': 1.3317714285714287e-05, 'epoch': 0.33}
{'loss': 0.0934, 'learning_rate': 1.326057142857143e-05, 'epoch': 0.34}
{'loss': 0.1253, 'learning_rate': 1.3203428571428572e-05, 'epoch': 0.34}
{'loss': 0.1336, 'learning_rate': 1.3146285714285716e-05, 'epoch': 0.34}
{'loss': 0.1375, 'learning_rate': 1.3089142857142858e-05, 'epoch': 0.35}
{'loss': 0.1289, 'learning_rate': 1.3032e-05, 'epoch': 0.35}
{'loss': 0.0992, 'learning_rate': 1.2974857142857144e-05, 'epoch': 0.35}
{'loss': 0.1017, 'learning_rate': 1.2917714285714286e-05, 'epoch': 0.35}
{'loss': 0.1045, 'learning_rate': 1.2860571428571428e-05, 'epoch': 0.36}
{'loss': 0.1212, 'learning_rate': 1.2803428571428574e-05, 'epoch': 0.36}
{'loss': 0.132, 'learning_rate': 1.2746285714285716e-05, 'epoch': 0.36}
{'loss': 0.1077, 'learning_rate': 1.2689142857142858e-05, 'epoch': 0.37}
{'loss': 0.1378, 'learning_rate': 1.2632000000000002e-05, 'epoch': 0.37}
{'loss': 0.1248, 'learning_rate': 1.2574857142857144e-05, 'epoch': 0.37}
{'loss': 0.1001, 'learning_rate': 1.2517714285714286e-05, 'epoch': 0.37}
{'loss': 0.1137, 'learning_rate': 1.2460571428571429e-05, 'epoch': 0.38}
{'loss': 0.1147, 'learning_rate': 1.2403428571428573e-05, 'epoch': 0.38}
{'loss': 0.1348, 'learning_rate': 1.2346285714285715e-05, 'epoch': 0.38}
{'loss': 0.1339, 'learning_rate': 1.2289142857142857e-05, 'epoch': 0.39}
{'loss': 0.1345, 'learning_rate': 1.2232000000000002e-05, 'epoch': 0.39}
{'loss': 0.1174, 'learning_rate': 1.2174857142857143e-05, 'epoch': 0.39}
{'loss': 0.0981, 'learning_rate': 1.2118285714285716e-05, 'epoch': 0.39}
{'loss': 0.1046, 'learning_rate': 1.2061142857142858e-05, 'epoch': 0.4}
{'loss': 0.1332, 'learning_rate': 1.2004e-05, 'epoch': 0.4}
{'loss': 0.0917, 'learning_rate': 1.1946857142857144e-05, 'epoch': 0.4}
{'loss': 0.1332, 'learning_rate': 1.1889714285714287e-05, 'epoch': 0.41}
{'loss': 0.1236, 'learning_rate': 1.1832571428571429e-05, 'epoch': 0.41}
{'loss': 0.1234, 'learning_rate': 1.1775428571428573e-05, 'epoch': 0.41}
{'loss': 0.1314, 'learning_rate': 1.1718285714285715e-05, 'epoch': 0.41}
{'loss': 0.1336, 'learning_rate': 1.1661142857142857e-05, 'epoch': 0.42}
{'loss': 0.1172, 'learning_rate': 1.1604000000000003e-05, 'epoch': 0.42}
{'loss': 0.115, 'learning_rate': 1.1546857142857145e-05, 'epoch': 0.42}
{'loss': 0.0988, 'learning_rate': 1.1489714285714285e-05, 'epoch': 0.43}
{'loss': 0.1324, 'learning_rate': 1.1432571428571428e-05, 'epoch': 0.43}
{'loss': 0.1393, 'learning_rate': 1.1375428571428573e-05, 'epoch': 0.43}
{'loss': 0.1254, 'learning_rate': 1.1318285714285715e-05, 'epoch': 0.43}
{'loss': 0.1233, 'learning_rate': 1.1261142857142858e-05, 'epoch': 0.44}
{'loss': 0.1087, 'learning_rate': 1.1204000000000001e-05, 'epoch': 0.44}
{'loss': 0.1253, 'learning_rate': 1.1146857142857144e-05, 'epoch': 0.44}
{'loss': 0.119, 'learning_rate': 1.1089714285714286e-05, 'epoch': 0.45}
{'loss': 0.1139, 'learning_rate': 1.103257142857143e-05, 'epoch': 0.45}
{'loss': 0.1196, 'learning_rate': 1.0975428571428572e-05, 'epoch': 0.45}
{'loss': 0.1471, 'learning_rate': 1.0918285714285714e-05, 'epoch': 0.45}
{'loss': 0.1026, 'learning_rate': 1.086114285714286e-05, 'epoch': 0.46}
{'loss': 0.1251, 'learning_rate': 1.0804000000000002e-05, 'epoch': 0.46}
{'loss': 0.1126, 'learning_rate': 1.0746857142857144e-05, 'epoch': 0.46}
{'loss': 0.0998, 'learning_rate': 1.0689714285714286e-05, 'epoch': 0.47}
{'loss': 0.1278, 'learning_rate': 1.063257142857143e-05, 'epoch': 0.47}
{'loss': 0.114, 'learning_rate': 1.0575428571428572e-05, 'epoch': 0.47}
{'loss': 0.1125, 'learning_rate': 1.0518285714285715e-05, 'epoch': 0.47}
{'loss': 0.1131, 'learning_rate': 1.0461142857142858e-05, 'epoch': 0.48}
{'loss': 0.1142, 'learning_rate': 1.0404e-05, 'epoch': 0.48}
{'loss': 0.1104, 'learning_rate': 1.0346857142857143e-05, 'epoch': 0.48}
{'loss': 0.1271, 'learning_rate': 1.0289714285714287e-05, 'epoch': 0.49}
{'loss': 0.1115, 'learning_rate': 1.0232571428571429e-05, 'epoch': 0.49}
{'loss': 0.0961, 'learning_rate': 1.0175428571428571e-05, 'epoch': 0.49}
{'loss': 0.1044, 'learning_rate': 1.0118285714285717e-05, 'epoch': 0.49}
{'loss': 0.094, 'learning_rate': 1.0061142857142859e-05, 'epoch': 0.5}
{'loss': 0.123, 'learning_rate': 1.000457142857143e-05, 'epoch': 0.5}
{'loss': 0.112, 'learning_rate': 9.947428571428573e-06, 'epoch': 0.5}
{'loss': 0.0975, 'learning_rate': 9.890285714285715e-06, 'epoch': 0.51}
{'loss': 0.1235, 'learning_rate': 9.833142857142857e-06, 'epoch': 0.51}
{'loss': 0.1335, 'learning_rate': 9.776000000000001e-06, 'epoch': 0.51}
{'loss': 0.0959, 'learning_rate': 9.718857142857143e-06, 'epoch': 0.51}
{'loss': 0.1028, 'learning_rate': 9.661714285714287e-06, 'epoch': 0.52}
{'loss': 0.0935, 'learning_rate': 9.60457142857143e-06, 'epoch': 0.52}
{'loss': 0.0899, 'learning_rate': 9.547428571428571e-06, 'epoch': 0.52}
{'loss': 0.1311, 'learning_rate': 9.490285714285715e-06, 'epoch': 0.53}
{'loss': 0.1187, 'learning_rate': 9.433142857142857e-06, 'epoch': 0.53}
{'loss': 0.1068, 'learning_rate': 9.376000000000001e-06, 'epoch': 0.53}
{'loss': 0.1053, 'learning_rate': 9.318857142857144e-06, 'epoch': 0.53}
{'loss': 0.0802, 'learning_rate': 9.261714285714286e-06, 'epoch': 0.54}
{'loss': 0.1238, 'learning_rate': 9.20457142857143e-06, 'epoch': 0.54}
{'loss': 0.1174, 'learning_rate': 9.147428571428572e-06, 'epoch': 0.54}
{'loss': 0.1018, 'learning_rate': 9.090285714285714e-06, 'epoch': 0.55}
{'loss': 0.0997, 'learning_rate': 9.033142857142858e-06, 'epoch': 0.55}
{'loss': 0.1265, 'learning_rate': 8.976e-06, 'epoch': 0.55}
{'loss': 0.1031, 'learning_rate': 8.918857142857144e-06, 'epoch': 0.55}
{'loss': 0.1204, 'learning_rate': 8.861714285714286e-06, 'epoch': 0.56}
{'loss': 0.1076, 'learning_rate': 8.804571428571428e-06, 'epoch': 0.56}
{'loss': 0.1136, 'learning_rate': 8.747428571428572e-06, 'epoch': 0.56}
{'loss': 0.0833, 'learning_rate': 8.690285714285716e-06, 'epoch': 0.57}
{'loss': 0.1157, 'learning_rate': 8.633142857142858e-06, 'epoch': 0.57}
{'loss': 0.1101, 'learning_rate': 8.576e-06, 'epoch': 0.57}
{'loss': 0.1024, 'learning_rate': 8.519428571428572e-06, 'epoch': 0.57}
{'loss': 0.1057, 'learning_rate': 8.462285714285714e-06, 'epoch': 0.58}
{'loss': 0.1187, 'learning_rate': 8.405142857142858e-06, 'epoch': 0.58}
{'loss': 0.1176, 'learning_rate': 8.348e-06, 'epoch': 0.58}
{'loss': 0.1226, 'learning_rate': 8.290857142857144e-06, 'epoch': 0.59}
{'loss': 0.1424, 'learning_rate': 8.233714285714286e-06, 'epoch': 0.59}
{'loss': 0.1346, 'learning_rate': 8.176571428571429e-06, 'epoch': 0.59}
{'loss': 0.098, 'learning_rate': 8.119428571428573e-06, 'epoch': 0.59}
{'loss': 0.0919, 'learning_rate': 8.062285714285715e-06, 'epoch': 0.6}
{'loss': 0.112, 'learning_rate': 8.005142857142859e-06, 'epoch': 0.6}
{'loss': 0.1233, 'learning_rate': 7.948e-06, 'epoch': 0.6}
{'loss': 0.1344, 'learning_rate': 7.890857142857143e-06, 'epoch': 0.61}
{'loss': 0.1075, 'learning_rate': 7.833714285714287e-06, 'epoch': 0.61}
{'loss': 0.1169, 'learning_rate': 7.776571428571429e-06, 'epoch': 0.61}
{'loss': 0.1067, 'learning_rate': 7.719428571428573e-06, 'epoch': 0.61}
{'loss': 0.1074, 'learning_rate': 7.662285714285715e-06, 'epoch': 0.62}
{'loss': 0.1068, 'learning_rate': 7.605142857142857e-06, 'epoch': 0.62}
{'loss': 0.1143, 'learning_rate': 7.548000000000001e-06, 'epoch': 0.62}
{'loss': 0.1016, 'learning_rate': 7.4908571428571434e-06, 'epoch': 0.63}
{'loss': 0.1296, 'learning_rate': 7.4337142857142865e-06, 'epoch': 0.63}
{'loss': 0.1196, 'learning_rate': 7.3765714285714295e-06, 'epoch': 0.63}
{'loss': 0.1222, 'learning_rate': 7.319428571428572e-06, 'epoch': 0.63}
{'loss': 0.0776, 'learning_rate': 7.262285714285715e-06, 'epoch': 0.64}
{'loss': 0.1193, 'learning_rate': 7.205142857142857e-06, 'epoch': 0.64}
{'loss': 0.1108, 'learning_rate': 7.148571428571429e-06, 'epoch': 0.64}
{'loss': 0.0921, 'learning_rate': 7.091428571428572e-06, 'epoch': 0.65}
{'loss': 0.1264, 'learning_rate': 7.034285714285715e-06, 'epoch': 0.65}
{'loss': 0.1212, 'learning_rate': 6.977142857142858e-06, 'epoch': 0.65}
{'loss': 0.0991, 'learning_rate': 6.92e-06, 'epoch': 0.65}
{'loss': 0.1117, 'learning_rate': 6.862857142857144e-06, 'epoch': 0.66}
{'loss': 0.1183, 'learning_rate': 6.805714285714287e-06, 'epoch': 0.66}
{'loss': 0.0835, 'learning_rate': 6.748571428571429e-06, 'epoch': 0.66}
{'loss': 0.1194, 'learning_rate': 6.691428571428572e-06, 'epoch': 0.67}
{'loss': 0.1095, 'learning_rate': 6.634285714285715e-06, 'epoch': 0.67}
{'loss': 0.0836, 'learning_rate': 6.577142857142857e-06, 'epoch': 0.67}
{'loss': 0.1076, 'learning_rate': 6.520000000000001e-06, 'epoch': 0.67}
{'loss': 0.1033, 'learning_rate': 6.462857142857143e-06, 'epoch': 0.68}
{'loss': 0.1074, 'learning_rate': 6.405714285714286e-06, 'epoch': 0.68}
{'loss': 0.1234, 'learning_rate': 6.348571428571429e-06, 'epoch': 0.68}
{'loss': 0.1338, 'learning_rate': 6.2914285714285716e-06, 'epoch': 0.69}
{'loss': 0.079, 'learning_rate': 6.234285714285715e-06, 'epoch': 0.69}
{'loss': 0.1207, 'learning_rate': 6.177142857142857e-06, 'epoch': 0.69}
{'loss': 0.103, 'learning_rate': 6.120000000000001e-06, 'epoch': 0.69}
{'loss': 0.1015, 'learning_rate': 6.062857142857144e-06, 'epoch': 0.7}
{'loss': 0.1204, 'learning_rate': 6.0062857142857144e-06, 'epoch': 0.7}
{'loss': 0.1115, 'learning_rate': 5.9491428571428575e-06, 'epoch': 0.7}
{'loss': 0.1084, 'learning_rate': 5.892e-06, 'epoch': 0.71}
{'loss': 0.0867, 'learning_rate': 5.8348571428571435e-06, 'epoch': 0.71}
{'loss': 0.1496, 'learning_rate': 5.777714285714287e-06, 'epoch': 0.71}
{'loss': 0.111, 'learning_rate': 5.720571428571429e-06, 'epoch': 0.71}
{'loss': 0.1018, 'learning_rate': 5.663428571428572e-06, 'epoch': 0.72}
{'loss': 0.099, 'learning_rate': 5.606285714285715e-06, 'epoch': 0.72}
{'loss': 0.1058, 'learning_rate': 5.549142857142857e-06, 'epoch': 0.72}
{'loss': 0.1189, 'learning_rate': 5.492000000000001e-06, 'epoch': 0.73}
{'loss': 0.1199, 'learning_rate': 5.434857142857143e-06, 'epoch': 0.73}
{'loss': 0.0967, 'learning_rate': 5.377714285714286e-06, 'epoch': 0.73}
{'loss': 0.1077, 'learning_rate': 5.320571428571429e-06, 'epoch': 0.73}
{'loss': 0.1036, 'learning_rate': 5.263428571428571e-06, 'epoch': 0.74}
{'loss': 0.1084, 'learning_rate': 5.2062857142857145e-06, 'epoch': 0.74}
{'loss': 0.0952, 'learning_rate': 5.149142857142858e-06, 'epoch': 0.74}
{'loss': 0.0915, 'learning_rate': 5.0920000000000005e-06, 'epoch': 0.75}
{'loss': 0.1165, 'learning_rate': 5.034857142857144e-06, 'epoch': 0.75}
{'loss': 0.1041, 'learning_rate': 4.977714285714287e-06, 'epoch': 0.75}
{'loss': 0.1024, 'learning_rate': 4.920571428571429e-06, 'epoch': 0.75}
{'loss': 0.1103, 'learning_rate': 4.863428571428572e-06, 'epoch': 0.76}
{'loss': 0.0979, 'learning_rate': 4.806857142857143e-06, 'epoch': 0.76}
{'loss': 0.0954, 'learning_rate': 4.749714285714286e-06, 'epoch': 0.76}
{'loss': 0.1176, 'learning_rate': 4.6925714285714295e-06, 'epoch': 0.77}
{'loss': 0.0892, 'learning_rate': 4.636e-06, 'epoch': 0.77}
{'loss': 0.1082, 'learning_rate': 4.578857142857143e-06, 'epoch': 0.77}
{'loss': 0.0893, 'learning_rate': 4.521714285714286e-06, 'epoch': 0.77}
{'loss': 0.1348, 'learning_rate': 4.4645714285714284e-06, 'epoch': 0.78}
{'loss': 0.1145, 'learning_rate': 4.407428571428572e-06, 'epoch': 0.78}
{'loss': 0.133, 'learning_rate': 4.3502857142857145e-06, 'epoch': 0.78}
{'loss': 0.0779, 'learning_rate': 4.2931428571428576e-06, 'epoch': 0.79}
{'loss': 0.12, 'learning_rate': 4.236e-06, 'epoch': 0.79}
{'loss': 0.1185, 'learning_rate': 4.178857142857144e-06, 'epoch': 0.79}
{'loss': 0.1064, 'learning_rate': 4.121714285714286e-06, 'epoch': 0.79}
{'loss': 0.1101, 'learning_rate': 4.064571428571429e-06, 'epoch': 0.8}
{'loss': 0.1031, 'learning_rate': 4.007428571428572e-06, 'epoch': 0.8}
{'loss': 0.1081, 'learning_rate': 3.950285714285715e-06, 'epoch': 0.8}
{'loss': 0.1175, 'learning_rate': 3.893142857142857e-06, 'epoch': 0.81}
{'loss': 0.1031, 'learning_rate': 3.836e-06, 'epoch': 0.81}
{'loss': 0.0993, 'learning_rate': 3.778857142857143e-06, 'epoch': 0.81}
{'loss': 0.0917, 'learning_rate': 3.7217142857142863e-06, 'epoch': 0.81}
{'loss': 0.1134, 'learning_rate': 3.664571428571429e-06, 'epoch': 0.82}
{'loss': 0.1025, 'learning_rate': 3.6074285714285715e-06, 'epoch': 0.82}
{'loss': 0.0994, 'learning_rate': 3.5502857142857146e-06, 'epoch': 0.82}
{'loss': 0.0927, 'learning_rate': 3.493142857142857e-06, 'epoch': 0.83}
{'loss': 0.1174, 'learning_rate': 3.4360000000000006e-06, 'epoch': 0.83}
{'loss': 0.1187, 'learning_rate': 3.3788571428571433e-06, 'epoch': 0.83}
{'loss': 0.1198, 'learning_rate': 3.321714285714286e-06, 'epoch': 0.83}
{'loss': 0.0936, 'learning_rate': 3.2645714285714285e-06, 'epoch': 0.84}
{'loss': 0.0683, 'learning_rate': 3.207428571428572e-06, 'epoch': 0.84}
{'loss': 0.1218, 'learning_rate': 3.1502857142857146e-06, 'epoch': 0.84}
{'loss': 0.1062, 'learning_rate': 3.093142857142857e-06, 'epoch': 0.85}
{'loss': 0.0853, 'learning_rate': 3.0360000000000002e-06, 'epoch': 0.85}
{'loss': 0.0909, 'learning_rate': 2.9788571428571433e-06, 'epoch': 0.85}
{'loss': 0.0973, 'learning_rate': 2.921714285714286e-06, 'epoch': 0.85}
{'loss': 0.1201, 'learning_rate': 2.8651428571428574e-06, 'epoch': 0.86}
{'loss': 0.0859, 'learning_rate': 2.808e-06, 'epoch': 0.86}
{'loss': 0.1121, 'learning_rate': 2.750857142857143e-06, 'epoch': 0.86}
{'loss': 0.1116, 'learning_rate': 2.693714285714286e-06, 'epoch': 0.87}
{'loss': 0.09, 'learning_rate': 2.6365714285714288e-06, 'epoch': 0.87}
{'loss': 0.0921, 'learning_rate': 2.579428571428572e-06, 'epoch': 0.87}
{'loss': 0.12, 'learning_rate': 2.5222857142857144e-06, 'epoch': 0.87}
{'loss': 0.1052, 'learning_rate': 2.4651428571428575e-06, 'epoch': 0.88}
{'loss': 0.0915, 'learning_rate': 2.408e-06, 'epoch': 0.88}
{'loss': 0.0934, 'learning_rate': 2.350857142857143e-06, 'epoch': 0.88}
{'loss': 0.1043, 'learning_rate': 2.2937142857142857e-06, 'epoch': 0.89}
{'loss': 0.0964, 'learning_rate': 2.2365714285714288e-06, 'epoch': 0.89}
{'loss': 0.0907, 'learning_rate': 2.1794285714285714e-06, 'epoch': 0.89}
{'loss': 0.1225, 'learning_rate': 2.1222857142857144e-06, 'epoch': 0.89}
{'loss': 0.0946, 'learning_rate': 2.065142857142857e-06, 'epoch': 0.9}
{'loss': 0.1077, 'learning_rate': 2.008e-06, 'epoch': 0.9}
{'loss': 0.0891, 'learning_rate': 1.950857142857143e-06, 'epoch': 0.9}
{'loss': 0.1011, 'learning_rate': 1.893714285714286e-06, 'epoch': 0.91}
{'loss': 0.1031, 'learning_rate': 1.8365714285714286e-06, 'epoch': 0.91}
{'loss': 0.0763, 'learning_rate': 1.7794285714285716e-06, 'epoch': 0.91}
{'loss': 0.115, 'learning_rate': 1.7222857142857144e-06, 'epoch': 0.91}
{'loss': 0.119, 'learning_rate': 1.6651428571428575e-06, 'epoch': 0.92}
{'loss': 0.1051, 'learning_rate': 1.608e-06, 'epoch': 0.92}
{'loss': 0.0797, 'learning_rate': 1.5508571428571431e-06, 'epoch': 0.92}
{'loss': 0.1174, 'learning_rate': 1.4942857142857145e-06, 'epoch': 0.93}
{'loss': 0.1203, 'learning_rate': 1.4371428571428573e-06, 'epoch': 0.93}
{'loss': 0.1024, 'learning_rate': 1.3800000000000001e-06, 'epoch': 0.93}
{'loss': 0.1013, 'learning_rate': 1.322857142857143e-06, 'epoch': 0.93}
{'loss': 0.0791, 'learning_rate': 1.265714285714286e-06, 'epoch': 0.94}
{'loss': 0.0915, 'learning_rate': 1.2085714285714286e-06, 'epoch': 0.94}
{'loss': 0.0886, 'learning_rate': 1.1514285714285714e-06, 'epoch': 0.94}
{'loss': 0.0859, 'learning_rate': 1.0942857142857145e-06, 'epoch': 0.95}
{'loss': 0.1251, 'learning_rate': 1.0371428571428573e-06, 'epoch': 0.95}
{'loss': 0.1087, 'learning_rate': 9.800000000000001e-07, 'epoch': 0.95}
{'loss': 0.0857, 'learning_rate': 9.22857142857143e-07, 'epoch': 0.95}
{'loss': 0.0942, 'learning_rate': 8.657142857142858e-07, 'epoch': 0.96}
{'loss': 0.095, 'learning_rate': 8.085714285714287e-07, 'epoch': 0.96}
{'loss': 0.1068, 'learning_rate': 7.514285714285715e-07, 'epoch': 0.96}
{'loss': 0.0831, 'learning_rate': 6.942857142857143e-07, 'epoch': 0.97}
{'loss': 0.0925, 'learning_rate': 6.371428571428571e-07, 'epoch': 0.97}
{'loss': 0.1068, 'learning_rate': 5.800000000000001e-07, 'epoch': 0.97}
{'loss': 0.12, 'learning_rate': 5.228571428571429e-07, 'epoch': 0.97}
{'loss': 0.0813, 'learning_rate': 4.657142857142857e-07, 'epoch': 0.98}
{'loss': 0.0999, 'learning_rate': 4.085714285714286e-07, 'epoch': 0.98}
{'loss': 0.0844, 'learning_rate': 3.5142857142857143e-07, 'epoch': 0.98}
{'loss': 0.1117, 'learning_rate': 2.942857142857143e-07, 'epoch': 0.99}
{'loss': 0.091, 'learning_rate': 2.3714285714285717e-07, 'epoch': 0.99}
{'loss': 0.0852, 'learning_rate': 1.8e-07, 'epoch': 0.99}
{'loss': 0.1011, 'learning_rate': 1.2285714285714285e-07, 'epoch': 0.99}
{'loss': 0.1022, 'learning_rate': 6.571428571428572e-08, 'epoch': 1.0}
{'loss': 0.1195, 'learning_rate': 8.571428571428572e-09, 'epoch': 1.0}
{'eval_loss': 0.09614504873752594, 'eval_accuracy': 0.9710263157894737, 'eval_f1': 0.9710260504290283, 'eval_runtime': 165.2766, 'eval_samples_per_second': 229.918, 'eval_steps_per_second': 14.37, 'epoch': 1.0}
{'train_runtime': 2616.8095, 'train_samples_per_second': 214.001, 'train_steps_per_second': 13.375, 'train_loss': 0.12015919020516531, 'epoch': 1.0}
Fine-tuning finished. Fine-tuning time: 2616.84 seconds.
Evaluating the fine-tuned model on Yelp test set...
Accuracy on Yelp after fine-tuning: 0.9710
F1-score on Yelp after fine-tuning: 0.9710
Inference time (Yelp batch): 0.82 ms/example
GPU memory consumption: 5.36 GB

Results table for Yelp fine-tuning evaluation:
| Model                     | Accuracy (Yelp) | F1-score (Yelp) | Inference Time (ms) | Memory (GB) | Fine-tuning Time (s) |
|---------------------------|-----------------|-----------------|---------------------|-------------|----------------------|
| BERT-6-layers (fine-tuned) | 0.9710          | 0.9710          | 0.82          | 5.36       | 2616.84         |
