Starting training...
{'loss': 0.6235, 'learning_rate': 4.897632757517595e-05, 'epoch': 0.06}
{'loss': 0.4194, 'learning_rate': 4.791000213265089e-05, 'epoch': 0.13}
{'loss': 0.3419, 'learning_rate': 4.684367669012583e-05, 'epoch': 0.19}
{'loss': 0.3323, 'learning_rate': 4.577735124760077e-05, 'epoch': 0.26}
{'loss': 0.3429, 'learning_rate': 4.4711025805075713e-05, 'epoch': 0.32}
{'loss': 0.3103, 'learning_rate': 4.364470036255065e-05, 'epoch': 0.38}
{'loss': 0.321, 'learning_rate': 4.257837492002559e-05, 'epoch': 0.45}
{'loss': 0.2862, 'learning_rate': 4.151204947750054e-05, 'epoch': 0.51}
{'loss': 0.264, 'learning_rate': 4.044572403497547e-05, 'epoch': 0.58}
{'loss': 0.3236, 'learning_rate': 3.937939859245042e-05, 'epoch': 0.64}
{'loss': 0.251, 'learning_rate': 3.831307314992536e-05, 'epoch': 0.7}
{'loss': 0.2466, 'learning_rate': 3.72467477074003e-05, 'epoch': 0.77}
{'loss': 0.2777, 'learning_rate': 3.618042226487524e-05, 'epoch': 0.83}
{'loss': 0.2586, 'learning_rate': 3.511409682235018e-05, 'epoch': 0.9}
{'loss': 0.2705, 'learning_rate': 3.404777137982512e-05, 'epoch': 0.96}
{'eval_loss': 0.32073065638542175, 'eval_accuracy': 0.88048, 'eval_f1': 0.8795248584278388, 'eval_runtime': 180.0944, 'eval_samples_per_second': 138.816, 'eval_steps_per_second': 8.679, 'epoch': 1.0}
{'loss': 0.2416, 'learning_rate': 3.298144593730007e-05, 'epoch': 1.02}
{'loss': 0.1696, 'learning_rate': 3.191512049477501e-05, 'epoch': 1.09}
{'loss': 0.1693, 'learning_rate': 3.084879505224995e-05, 'epoch': 1.15}
{'loss': 0.2297, 'learning_rate': 2.978246960972489e-05, 'epoch': 1.22}
{'loss': 0.1697, 'learning_rate': 2.8716144167199833e-05, 'epoch': 1.28}
{'loss': 0.193, 'learning_rate': 2.764981872467477e-05, 'epoch': 1.34}
{'loss': 0.1831, 'learning_rate': 2.6583493282149712e-05, 'epoch': 1.41}
{'loss': 0.2003, 'learning_rate': 2.5517167839624655e-05, 'epoch': 1.47}
{'loss': 0.1588, 'learning_rate': 2.4450842397099598e-05, 'epoch': 1.54}
{'loss': 0.1749, 'learning_rate': 2.3384516954574537e-05, 'epoch': 1.6}
{'loss': 0.1845, 'learning_rate': 2.2318191512049477e-05, 'epoch': 1.66}
{'loss': 0.1523, 'learning_rate': 2.125186606952442e-05, 'epoch': 1.73}
{'loss': 0.1762, 'learning_rate': 2.0185540626999362e-05, 'epoch': 1.79}
{'loss': 0.1637, 'learning_rate': 1.9129878438899555e-05, 'epoch': 1.86}
{'loss': 0.1605, 'learning_rate': 1.8063552996374495e-05, 'epoch': 1.92}
{'loss': 0.1511, 'learning_rate': 1.6997227553849434e-05, 'epoch': 1.98}
{'eval_loss': 0.2690282166004181, 'eval_accuracy': 0.9214, 'eval_f1': 0.9213204360777794, 'eval_runtime': 180.0371, 'eval_samples_per_second': 138.86, 'eval_steps_per_second': 8.682, 'epoch': 2.0}
{'loss': 0.1199, 'learning_rate': 1.5930902111324377e-05, 'epoch': 2.05}
{'loss': 0.0892, 'learning_rate': 1.4864576668799318e-05, 'epoch': 2.11}
{'loss': 0.058, 'learning_rate': 1.3798251226274258e-05, 'epoch': 2.18}
{'loss': 0.0909, 'learning_rate': 1.2731925783749202e-05, 'epoch': 2.24}
{'loss': 0.1158, 'learning_rate': 1.1665600341224142e-05, 'epoch': 2.3}
{'loss': 0.088, 'learning_rate': 1.0599274898699083e-05, 'epoch': 2.37}
{'loss': 0.0878, 'learning_rate': 9.532949456174024e-06, 'epoch': 2.43}
{'loss': 0.0854, 'learning_rate': 8.466624013648965e-06, 'epoch': 2.5}
{'loss': 0.0863, 'learning_rate': 7.4002985711239075e-06, 'epoch': 2.56}
{'loss': 0.0865, 'learning_rate': 6.333973128598848e-06, 'epoch': 2.62}
{'loss': 0.1029, 'learning_rate': 5.26764768607379e-06, 'epoch': 2.69}
{'loss': 0.0576, 'learning_rate': 4.201322243548731e-06, 'epoch': 2.75}
{'loss': 0.0643, 'learning_rate': 3.1349968010236727e-06, 'epoch': 2.82}
{'loss': 0.0855, 'learning_rate': 2.068671358498614e-06, 'epoch': 2.88}
{'loss': 0.0691, 'learning_rate': 1.0023459159735552e-06, 'epoch': 2.94}
{'eval_loss': 0.3299248516559601, 'eval_accuracy': 0.92852, 'eval_f1': 0.9285185396051715, 'eval_runtime': 179.9024, 'eval_samples_per_second': 138.964, 'eval_steps_per_second': 8.688, 'epoch': 3.0}
{'train_runtime': 1016.0786, 'train_samples_per_second': 73.813, 'train_steps_per_second': 4.615, 'train_loss': 0.19428661571786612, 'epoch': 3.0}
Training finished. Training time: 1016.64 seconds.
Evaluating the model...
Accuracy: 0.9214
F1-score: 0.9213
Inference time: 0.79 ms/example
GPU memory consumption: 7.31 GB

Results for the IMDb table:
| Model                | Accuracy | F1-score | Inference Time (ms) | Memory (GB) | Training Time (s) |
|----------------------|----------|----------|---------------------|-------------|-------------------|
| BERT-6-heads         | 0.9214   | 0.9213   | 0.79               | 7.31         | 1016.64         |

Starting fine-tuning on Yelp Polarity...
{'loss': 0.2447, 'learning_rate': 1.9943428571428575e-05, 'epoch': 0.0}
{'loss': 0.2093, 'learning_rate': 1.9886285714285715e-05, 'epoch': 0.01}
{'loss': 0.2027, 'learning_rate': 1.9830285714285715e-05, 'epoch': 0.01}
{'loss': 0.18, 'learning_rate': 1.977314285714286e-05, 'epoch': 0.01}
{'loss': 0.212, 'learning_rate': 1.9716000000000002e-05, 'epoch': 0.01}
{'loss': 0.1737, 'learning_rate': 1.9658857142857143e-05, 'epoch': 0.02}
{'loss': 0.1805, 'learning_rate': 1.9601714285714287e-05, 'epoch': 0.02}
{'loss': 0.1531, 'learning_rate': 1.954457142857143e-05, 'epoch': 0.02}
{'loss': 0.1956, 'learning_rate': 1.948742857142857e-05, 'epoch': 0.03}
{'loss': 0.1848, 'learning_rate': 1.9430285714285715e-05, 'epoch': 0.03}
{'loss': 0.1524, 'learning_rate': 1.937314285714286e-05, 'epoch': 0.03}
{'loss': 0.1623, 'learning_rate': 1.9316000000000003e-05, 'epoch': 0.03}
{'loss': 0.1585, 'learning_rate': 1.9258857142857143e-05, 'epoch': 0.04}
{'loss': 0.1378, 'learning_rate': 1.9201714285714287e-05, 'epoch': 0.04}
{'loss': 0.1671, 'learning_rate': 1.914457142857143e-05, 'epoch': 0.04}
{'loss': 0.1584, 'learning_rate': 1.908742857142857e-05, 'epoch': 0.05}
{'loss': 0.1436, 'learning_rate': 1.9030285714285715e-05, 'epoch': 0.05}
{'loss': 0.134, 'learning_rate': 1.897314285714286e-05, 'epoch': 0.05}
{'loss': 0.163, 'learning_rate': 1.8916e-05, 'epoch': 0.05}
{'loss': 0.1557, 'learning_rate': 1.8858857142857147e-05, 'epoch': 0.06}
{'loss': 0.1994, 'learning_rate': 1.8802285714285714e-05, 'epoch': 0.06}
{'loss': 0.1404, 'learning_rate': 1.874514285714286e-05, 'epoch': 0.06}
{'loss': 0.1285, 'learning_rate': 1.8688e-05, 'epoch': 0.07}
{'loss': 0.1578, 'learning_rate': 1.8630857142857145e-05, 'epoch': 0.07}
{'loss': 0.1365, 'learning_rate': 1.857371428571429e-05, 'epoch': 0.07}
{'loss': 0.1458, 'learning_rate': 1.851657142857143e-05, 'epoch': 0.07}
{'loss': 0.141, 'learning_rate': 1.8459428571428573e-05, 'epoch': 0.08}
{'loss': 0.1581, 'learning_rate': 1.8402285714285714e-05, 'epoch': 0.08}
{'loss': 0.1233, 'learning_rate': 1.8345142857142858e-05, 'epoch': 0.08}
{'loss': 0.1439, 'learning_rate': 1.8288000000000002e-05, 'epoch': 0.09}
{'loss': 0.1547, 'learning_rate': 1.8230857142857142e-05, 'epoch': 0.09}
{'loss': 0.1348, 'learning_rate': 1.817371428571429e-05, 'epoch': 0.09}
{'loss': 0.1499, 'learning_rate': 1.811657142857143e-05, 'epoch': 0.09}
{'loss': 0.1279, 'learning_rate': 1.805942857142857e-05, 'epoch': 0.1}
{'loss': 0.1366, 'learning_rate': 1.8002285714285718e-05, 'epoch': 0.1}
{'loss': 0.1528, 'learning_rate': 1.794514285714286e-05, 'epoch': 0.1}
{'loss': 0.1507, 'learning_rate': 1.7888000000000002e-05, 'epoch': 0.11}
{'loss': 0.1395, 'learning_rate': 1.7830857142857146e-05, 'epoch': 0.11}
{'loss': 0.1293, 'learning_rate': 1.7773714285714287e-05, 'epoch': 0.11}
{'loss': 0.1235, 'learning_rate': 1.771657142857143e-05, 'epoch': 0.11}
{'loss': 0.153, 'learning_rate': 1.765942857142857e-05, 'epoch': 0.12}
{'loss': 0.1364, 'learning_rate': 1.7602285714285715e-05, 'epoch': 0.12}
{'loss': 0.1676, 'learning_rate': 1.754514285714286e-05, 'epoch': 0.12}
{'loss': 0.1459, 'learning_rate': 1.7488e-05, 'epoch': 0.13}
{'loss': 0.1373, 'learning_rate': 1.7430857142857147e-05, 'epoch': 0.13}
{'loss': 0.1374, 'learning_rate': 1.7373714285714287e-05, 'epoch': 0.13}
{'loss': 0.1603, 'learning_rate': 1.731657142857143e-05, 'epoch': 0.13}
{'loss': 0.1332, 'learning_rate': 1.7259428571428575e-05, 'epoch': 0.14}
{'loss': 0.0993, 'learning_rate': 1.7202285714285715e-05, 'epoch': 0.14}
{'loss': 0.1335, 'learning_rate': 1.714514285714286e-05, 'epoch': 0.14}
{'loss': 0.1366, 'learning_rate': 1.7088000000000003e-05, 'epoch': 0.15}
{'loss': 0.1564, 'learning_rate': 1.7030857142857144e-05, 'epoch': 0.15}
{'loss': 0.1392, 'learning_rate': 1.6973714285714287e-05, 'epoch': 0.15}
{'loss': 0.1573, 'learning_rate': 1.6916571428571428e-05, 'epoch': 0.15}
{'loss': 0.1358, 'learning_rate': 1.6859428571428572e-05, 'epoch': 0.16}
{'loss': 0.1337, 'learning_rate': 1.6802285714285716e-05, 'epoch': 0.16}
{'loss': 0.147, 'learning_rate': 1.6745142857142856e-05, 'epoch': 0.16}
{'loss': 0.1277, 'learning_rate': 1.6688000000000004e-05, 'epoch': 0.17}
{'loss': 0.1404, 'learning_rate': 1.6630857142857144e-05, 'epoch': 0.17}
{'loss': 0.1351, 'learning_rate': 1.6573714285714288e-05, 'epoch': 0.17}
{'loss': 0.1214, 'learning_rate': 1.6516571428571432e-05, 'epoch': 0.17}
{'loss': 0.1398, 'learning_rate': 1.6459428571428572e-05, 'epoch': 0.18}
{'loss': 0.1275, 'learning_rate': 1.6402285714285716e-05, 'epoch': 0.18}
{'loss': 0.1402, 'learning_rate': 1.634514285714286e-05, 'epoch': 0.18}
{'loss': 0.1348, 'learning_rate': 1.6288e-05, 'epoch': 0.19}
{'loss': 0.1027, 'learning_rate': 1.6230857142857144e-05, 'epoch': 0.19}
{'loss': 0.1365, 'learning_rate': 1.617371428571429e-05, 'epoch': 0.19}
{'loss': 0.1604, 'learning_rate': 1.611657142857143e-05, 'epoch': 0.19}
{'loss': 0.1189, 'learning_rate': 1.6059428571428573e-05, 'epoch': 0.2}
{'loss': 0.1162, 'learning_rate': 1.6002285714285713e-05, 'epoch': 0.2}
{'loss': 0.121, 'learning_rate': 1.594514285714286e-05, 'epoch': 0.2}
{'loss': 0.1533, 'learning_rate': 1.5888e-05, 'epoch': 0.21}
{'loss': 0.1234, 'learning_rate': 1.5830857142857145e-05, 'epoch': 0.21}
{'loss': 0.1217, 'learning_rate': 1.577371428571429e-05, 'epoch': 0.21}
{'loss': 0.1365, 'learning_rate': 1.571657142857143e-05, 'epoch': 0.21}
{'loss': 0.1276, 'learning_rate': 1.5659428571428573e-05, 'epoch': 0.22}
{'loss': 0.1114, 'learning_rate': 1.5602285714285717e-05, 'epoch': 0.22}
{'loss': 0.1318, 'learning_rate': 1.5545714285714287e-05, 'epoch': 0.22}
{'loss': 0.1442, 'learning_rate': 1.548857142857143e-05, 'epoch': 0.23}
{'loss': 0.121, 'learning_rate': 1.543142857142857e-05, 'epoch': 0.23}
{'loss': 0.1106, 'learning_rate': 1.5374285714285715e-05, 'epoch': 0.23}
{'loss': 0.1597, 'learning_rate': 1.531714285714286e-05, 'epoch': 0.23}
{'loss': 0.1219, 'learning_rate': 1.5260000000000003e-05, 'epoch': 0.24}
{'loss': 0.1108, 'learning_rate': 1.5202857142857143e-05, 'epoch': 0.24}
{'loss': 0.1342, 'learning_rate': 1.5145714285714287e-05, 'epoch': 0.24}
{'loss': 0.1146, 'learning_rate': 1.508857142857143e-05, 'epoch': 0.25}
{'loss': 0.1301, 'learning_rate': 1.5031428571428572e-05, 'epoch': 0.25}
{'loss': 0.1245, 'learning_rate': 1.4974285714285714e-05, 'epoch': 0.25}
{'loss': 0.1106, 'learning_rate': 1.491714285714286e-05, 'epoch': 0.25}
{'loss': 0.1037, 'learning_rate': 1.4860000000000002e-05, 'epoch': 0.26}
{'loss': 0.1339, 'learning_rate': 1.4802857142857144e-05, 'epoch': 0.26}
{'loss': 0.1465, 'learning_rate': 1.4745714285714288e-05, 'epoch': 0.26}
{'loss': 0.095, 'learning_rate': 1.468857142857143e-05, 'epoch': 0.27}
{'loss': 0.1414, 'learning_rate': 1.4631428571428572e-05, 'epoch': 0.27}
{'loss': 0.1284, 'learning_rate': 1.4574285714285716e-05, 'epoch': 0.27}
{'loss': 0.1132, 'learning_rate': 1.4517142857142858e-05, 'epoch': 0.27}
{'loss': 0.1128, 'learning_rate': 1.446e-05, 'epoch': 0.28}
{'loss': 0.1248, 'learning_rate': 1.4402857142857144e-05, 'epoch': 0.28}
{'loss': 0.1311, 'learning_rate': 1.4346285714285714e-05, 'epoch': 0.28}
{'loss': 0.1135, 'learning_rate': 1.428914285714286e-05, 'epoch': 0.29}
{'loss': 0.1402, 'learning_rate': 1.4232000000000002e-05, 'epoch': 0.29}
{'loss': 0.134, 'learning_rate': 1.4174857142857144e-05, 'epoch': 0.29}
{'loss': 0.1143, 'learning_rate': 1.4117714285714288e-05, 'epoch': 0.29}
{'loss': 0.1388, 'learning_rate': 1.406057142857143e-05, 'epoch': 0.3}
{'loss': 0.1185, 'learning_rate': 1.4003428571428572e-05, 'epoch': 0.3}
{'loss': 0.1372, 'learning_rate': 1.3946285714285715e-05, 'epoch': 0.3}
{'loss': 0.1381, 'learning_rate': 1.3889142857142859e-05, 'epoch': 0.31}
{'loss': 0.1088, 'learning_rate': 1.3832e-05, 'epoch': 0.31}
{'loss': 0.1211, 'learning_rate': 1.3774857142857143e-05, 'epoch': 0.31}
{'loss': 0.1288, 'learning_rate': 1.3717714285714287e-05, 'epoch': 0.31}
{'loss': 0.1233, 'learning_rate': 1.3660571428571429e-05, 'epoch': 0.32}
{'loss': 0.1085, 'learning_rate': 1.3603428571428571e-05, 'epoch': 0.32}
{'loss': 0.1342, 'learning_rate': 1.3546285714285717e-05, 'epoch': 0.32}
{'loss': 0.124, 'learning_rate': 1.3489142857142859e-05, 'epoch': 0.33}
{'loss': 0.1393, 'learning_rate': 1.3432000000000001e-05, 'epoch': 0.33}
{'loss': 0.0925, 'learning_rate': 1.3374857142857145e-05, 'epoch': 0.33}
{'loss': 0.1185, 'learning_rate': 1.3317714285714287e-05, 'epoch': 0.33}
{'loss': 0.0876, 'learning_rate': 1.326057142857143e-05, 'epoch': 0.34}
{'loss': 0.1233, 'learning_rate': 1.3203428571428572e-05, 'epoch': 0.34}
{'loss': 0.1315, 'learning_rate': 1.3146285714285716e-05, 'epoch': 0.34}
{'loss': 0.1214, 'learning_rate': 1.3089142857142858e-05, 'epoch': 0.35}
{'loss': 0.1181, 'learning_rate': 1.3032e-05, 'epoch': 0.35}
{'loss': 0.106, 'learning_rate': 1.2974857142857144e-05, 'epoch': 0.35}
{'loss': 0.1119, 'learning_rate': 1.2917714285714286e-05, 'epoch': 0.35}
{'loss': 0.0877, 'learning_rate': 1.2860571428571428e-05, 'epoch': 0.36}
{'loss': 0.1296, 'learning_rate': 1.2804000000000001e-05, 'epoch': 0.36}
{'loss': 0.1225, 'learning_rate': 1.2746857142857144e-05, 'epoch': 0.36}
{'loss': 0.1121, 'learning_rate': 1.2689714285714287e-05, 'epoch': 0.37}
{'loss': 0.1284, 'learning_rate': 1.263257142857143e-05, 'epoch': 0.37}
{'loss': 0.1268, 'learning_rate': 1.2575428571428572e-05, 'epoch': 0.37}
{'loss': 0.1029, 'learning_rate': 1.2518285714285716e-05, 'epoch': 0.37}
{'loss': 0.1273, 'learning_rate': 1.2461142857142858e-05, 'epoch': 0.38}
{'loss': 0.1054, 'learning_rate': 1.2404e-05, 'epoch': 0.38}
{'loss': 0.1341, 'learning_rate': 1.2346857142857144e-05, 'epoch': 0.38}
{'loss': 0.136, 'learning_rate': 1.2289714285714286e-05, 'epoch': 0.39}
{'loss': 0.1218, 'learning_rate': 1.2232571428571428e-05, 'epoch': 0.39}
{'loss': 0.1185, 'learning_rate': 1.217542857142857e-05, 'epoch': 0.39}
{'loss': 0.1001, 'learning_rate': 1.2118285714285716e-05, 'epoch': 0.39}
{'loss': 0.1001, 'learning_rate': 1.2061142857142858e-05, 'epoch': 0.4}
{'loss': 0.134, 'learning_rate': 1.2004e-05, 'epoch': 0.4}
{'loss': 0.1027, 'learning_rate': 1.1946857142857144e-05, 'epoch': 0.4}
{'loss': 0.1172, 'learning_rate': 1.1889714285714287e-05, 'epoch': 0.41}
{'loss': 0.1251, 'learning_rate': 1.1832571428571429e-05, 'epoch': 0.41}
{'loss': 0.1256, 'learning_rate': 1.1775428571428573e-05, 'epoch': 0.41}
{'loss': 0.1145, 'learning_rate': 1.1718285714285715e-05, 'epoch': 0.41}
{'loss': 0.1338, 'learning_rate': 1.1661142857142857e-05, 'epoch': 0.42}
{'loss': 0.1035, 'learning_rate': 1.1604000000000003e-05, 'epoch': 0.42}
{'loss': 0.116, 'learning_rate': 1.1546857142857145e-05, 'epoch': 0.42}
{'loss': 0.1025, 'learning_rate': 1.1489714285714285e-05, 'epoch': 0.43}
{'loss': 0.1201, 'learning_rate': 1.1432571428571428e-05, 'epoch': 0.43}
{'loss': 0.1354, 'learning_rate': 1.1375428571428573e-05, 'epoch': 0.43}
{'loss': 0.1204, 'learning_rate': 1.1318285714285715e-05, 'epoch': 0.43}
{'loss': 0.1162, 'learning_rate': 1.1261142857142858e-05, 'epoch': 0.44}
{'loss': 0.105, 'learning_rate': 1.1204571428571429e-05, 'epoch': 0.44}
{'loss': 0.1163, 'learning_rate': 1.1147428571428571e-05, 'epoch': 0.44}
{'loss': 0.109, 'learning_rate': 1.1090285714285715e-05, 'epoch': 0.45}
{'loss': 0.0987, 'learning_rate': 1.1033142857142857e-05, 'epoch': 0.45}
{'loss': 0.1192, 'learning_rate': 1.0976e-05, 'epoch': 0.45}
{'loss': 0.1397, 'learning_rate': 1.0918857142857145e-05, 'epoch': 0.45}
{'loss': 0.0967, 'learning_rate': 1.0861714285714287e-05, 'epoch': 0.46}
{'loss': 0.1103, 'learning_rate': 1.0804571428571428e-05, 'epoch': 0.46}
{'loss': 0.0995, 'learning_rate': 1.0747428571428573e-05, 'epoch': 0.46}
{'loss': 0.0965, 'learning_rate': 1.0690285714285716e-05, 'epoch': 0.47}
{'loss': 0.1135, 'learning_rate': 1.0633142857142858e-05, 'epoch': 0.47}
{'loss': 0.1189, 'learning_rate': 1.0576000000000002e-05, 'epoch': 0.47}
{'loss': 0.1074, 'learning_rate': 1.0518857142857144e-05, 'epoch': 0.47}
{'loss': 0.1095, 'learning_rate': 1.0461714285714286e-05, 'epoch': 0.48}
{'loss': 0.1146, 'learning_rate': 1.0404571428571428e-05, 'epoch': 0.48}
{'loss': 0.0994, 'learning_rate': 1.0347428571428572e-05, 'epoch': 0.48}
{'loss': 0.1128, 'learning_rate': 1.0290285714285714e-05, 'epoch': 0.49}
{'loss': 0.1054, 'learning_rate': 1.0233142857142857e-05, 'epoch': 0.49}
{'loss': 0.096, 'learning_rate': 1.0176000000000002e-05, 'epoch': 0.49}
{'loss': 0.1092, 'learning_rate': 1.0118857142857144e-05, 'epoch': 0.49}
{'loss': 0.0896, 'learning_rate': 1.0061714285714287e-05, 'epoch': 0.5}
{'loss': 0.1261, 'learning_rate': 1.000457142857143e-05, 'epoch': 0.5}
{'loss': 0.1222, 'learning_rate': 9.948e-06, 'epoch': 0.5}
{'loss': 0.0885, 'learning_rate': 9.890857142857142e-06, 'epoch': 0.51}
{'loss': 0.1249, 'learning_rate': 9.833714285714286e-06, 'epoch': 0.51}
{'loss': 0.1229, 'learning_rate': 9.77657142857143e-06, 'epoch': 0.51}
{'loss': 0.0894, 'learning_rate': 9.719428571428572e-06, 'epoch': 0.51}
{'loss': 0.1132, 'learning_rate': 9.662285714285715e-06, 'epoch': 0.52}
{'loss': 0.1011, 'learning_rate': 9.605142857142859e-06, 'epoch': 0.52}
{'loss': 0.0929, 'learning_rate': 9.548e-06, 'epoch': 0.52}
{'loss': 0.1255, 'learning_rate': 9.490857142857145e-06, 'epoch': 0.53}
{'loss': 0.1073, 'learning_rate': 9.433714285714287e-06, 'epoch': 0.53}
{'loss': 0.1106, 'learning_rate': 9.376571428571429e-06, 'epoch': 0.53}
{'loss': 0.1048, 'learning_rate': 9.319428571428573e-06, 'epoch': 0.53}
{'loss': 0.1009, 'learning_rate': 9.262285714285715e-06, 'epoch': 0.54}
{'loss': 0.1175, 'learning_rate': 9.205142857142857e-06, 'epoch': 0.54}
{'loss': 0.1137, 'learning_rate': 9.148e-06, 'epoch': 0.54}
{'loss': 0.0983, 'learning_rate': 9.090857142857143e-06, 'epoch': 0.55}
{'loss': 0.0904, 'learning_rate': 9.033714285714287e-06, 'epoch': 0.55}
{'loss': 0.1196, 'learning_rate': 8.97657142857143e-06, 'epoch': 0.55}
{'loss': 0.108, 'learning_rate': 8.919428571428572e-06, 'epoch': 0.55}
{'loss': 0.1184, 'learning_rate': 8.862285714285716e-06, 'epoch': 0.56}
{'loss': 0.1063, 'learning_rate': 8.805142857142858e-06, 'epoch': 0.56}
{'loss': 0.1124, 'learning_rate': 8.748000000000002e-06, 'epoch': 0.56}
{'loss': 0.0944, 'learning_rate': 8.690857142857144e-06, 'epoch': 0.57}
{'loss': 0.1195, 'learning_rate': 8.633714285714286e-06, 'epoch': 0.57}
{'loss': 0.1043, 'learning_rate': 8.57657142857143e-06, 'epoch': 0.57}
{'loss': 0.1038, 'learning_rate': 8.519428571428572e-06, 'epoch': 0.57}
{'loss': 0.1039, 'learning_rate': 8.462857142857144e-06, 'epoch': 0.58}
{'loss': 0.1057, 'learning_rate': 8.405714285714286e-06, 'epoch': 0.58}
{'loss': 0.116, 'learning_rate': 8.34857142857143e-06, 'epoch': 0.58}
{'loss': 0.1267, 'learning_rate': 8.291428571428572e-06, 'epoch': 0.59}
{'loss': 0.1468, 'learning_rate': 8.234285714285714e-06, 'epoch': 0.59}
{'loss': 0.1216, 'learning_rate': 8.177142857142858e-06, 'epoch': 0.59}
{'loss': 0.0965, 'learning_rate': 8.120000000000002e-06, 'epoch': 0.59}
{'loss': 0.112, 'learning_rate': 8.062857142857144e-06, 'epoch': 0.6}
{'loss': 0.1158, 'learning_rate': 8.005714285714286e-06, 'epoch': 0.6}
{'loss': 0.1125, 'learning_rate': 7.948571428571428e-06, 'epoch': 0.6}
{'loss': 0.1288, 'learning_rate': 7.891428571428572e-06, 'epoch': 0.61}
{'loss': 0.1117, 'learning_rate': 7.834285714285715e-06, 'epoch': 0.61}
{'loss': 0.1093, 'learning_rate': 7.777142857142857e-06, 'epoch': 0.61}
{'loss': 0.0893, 'learning_rate': 7.72e-06, 'epoch': 0.61}
{'loss': 0.0889, 'learning_rate': 7.662857142857143e-06, 'epoch': 0.62}
{'loss': 0.1006, 'learning_rate': 7.605714285714286e-06, 'epoch': 0.62}
{'loss': 0.1055, 'learning_rate': 7.54857142857143e-06, 'epoch': 0.62}
{'loss': 0.1059, 'learning_rate': 7.491428571428572e-06, 'epoch': 0.63}
{'loss': 0.1122, 'learning_rate': 7.434285714285715e-06, 'epoch': 0.63}
{'loss': 0.1211, 'learning_rate': 7.377142857142858e-06, 'epoch': 0.63}
{'loss': 0.1205, 'learning_rate': 7.32e-06, 'epoch': 0.63}
{'loss': 0.0975, 'learning_rate': 7.264000000000001e-06, 'epoch': 0.64}
{'loss': 0.1052, 'learning_rate': 7.206857142857143e-06, 'epoch': 0.64}
{'loss': 0.1064, 'learning_rate': 7.149714285714286e-06, 'epoch': 0.64}
{'loss': 0.0883, 'learning_rate': 7.0925714285714285e-06, 'epoch': 0.65}
{'loss': 0.1166, 'learning_rate': 7.0354285714285716e-06, 'epoch': 0.65}
{'loss': 0.1087, 'learning_rate': 6.9782857142857155e-06, 'epoch': 0.65}
{'loss': 0.0919, 'learning_rate': 6.921142857142858e-06, 'epoch': 0.65}
{'loss': 0.1023, 'learning_rate': 6.864000000000001e-06, 'epoch': 0.66}
{'loss': 0.1152, 'learning_rate': 6.806857142857144e-06, 'epoch': 0.66}
{'loss': 0.0958, 'learning_rate': 6.749714285714286e-06, 'epoch': 0.66}
{'loss': 0.1132, 'learning_rate': 6.692571428571429e-06, 'epoch': 0.67}
{'loss': 0.1189, 'learning_rate': 6.635428571428571e-06, 'epoch': 0.67}
{'loss': 0.0842, 'learning_rate': 6.578285714285715e-06, 'epoch': 0.67}
{'loss': 0.1046, 'learning_rate': 6.521142857142858e-06, 'epoch': 0.67}
{'loss': 0.0852, 'learning_rate': 6.464e-06, 'epoch': 0.68}
{'loss': 0.1005, 'learning_rate': 6.406857142857143e-06, 'epoch': 0.68}
{'loss': 0.1201, 'learning_rate': 6.3497142857142855e-06, 'epoch': 0.68}
{'loss': 0.1263, 'learning_rate': 6.292571428571429e-06, 'epoch': 0.69}
{'loss': 0.062, 'learning_rate': 6.2354285714285724e-06, 'epoch': 0.69}
{'loss': 0.112, 'learning_rate': 6.178285714285715e-06, 'epoch': 0.69}
{'loss': 0.1009, 'learning_rate': 6.121142857142858e-06, 'epoch': 0.69}
{'loss': 0.0897, 'learning_rate': 6.064000000000001e-06, 'epoch': 0.7}
{'loss': 0.1148, 'learning_rate': 6.006857142857143e-06, 'epoch': 0.7}
{'loss': 0.0956, 'learning_rate': 5.949714285714287e-06, 'epoch': 0.7}
{'loss': 0.1058, 'learning_rate': 5.892571428571429e-06, 'epoch': 0.71}
{'loss': 0.0818, 'learning_rate': 5.835428571428572e-06, 'epoch': 0.71}
{'loss': 0.1387, 'learning_rate': 5.778285714285715e-06, 'epoch': 0.71}
{'loss': 0.1188, 'learning_rate': 5.721142857142857e-06, 'epoch': 0.71}
{'loss': 0.0869, 'learning_rate': 5.664e-06, 'epoch': 0.72}
{'loss': 0.0955, 'learning_rate': 5.6068571428571425e-06, 'epoch': 0.72}
{'loss': 0.1109, 'learning_rate': 5.549714285714286e-06, 'epoch': 0.72}
{'loss': 0.1123, 'learning_rate': 5.4925714285714294e-06, 'epoch': 0.73}
{'loss': 0.1245, 'learning_rate': 5.435428571428572e-06, 'epoch': 0.73}
{'loss': 0.0835, 'learning_rate': 5.378285714285715e-06, 'epoch': 0.73}
{'loss': 0.1049, 'learning_rate': 5.321142857142858e-06, 'epoch': 0.73}
{'loss': 0.0822, 'learning_rate': 5.264e-06, 'epoch': 0.74}
{'loss': 0.0998, 'learning_rate': 5.206857142857144e-06, 'epoch': 0.74}
{'loss': 0.0871, 'learning_rate': 5.149714285714286e-06, 'epoch': 0.74}
{'loss': 0.1018, 'learning_rate': 5.092571428571429e-06, 'epoch': 0.75}
{'loss': 0.1139, 'learning_rate': 5.035428571428572e-06, 'epoch': 0.75}
{'loss': 0.0974, 'learning_rate': 4.978285714285715e-06, 'epoch': 0.75}
{'loss': 0.099, 'learning_rate': 4.921714285714287e-06, 'epoch': 0.75}
{'loss': 0.1075, 'learning_rate': 4.864571428571429e-06, 'epoch': 0.76}
{'loss': 0.1046, 'learning_rate': 4.807428571428572e-06, 'epoch': 0.76}
{'loss': 0.0804, 'learning_rate': 4.750285714285714e-06, 'epoch': 0.76}
{'loss': 0.1058, 'learning_rate': 4.693142857142858e-06, 'epoch': 0.77}
{'loss': 0.0801, 'learning_rate': 4.636e-06, 'epoch': 0.77}
{'loss': 0.1091, 'learning_rate': 4.578857142857143e-06, 'epoch': 0.77}
{'loss': 0.0803, 'learning_rate': 4.521714285714286e-06, 'epoch': 0.77}
{'loss': 0.1154, 'learning_rate': 4.4645714285714284e-06, 'epoch': 0.78}
{'loss': 0.1112, 'learning_rate': 4.407428571428572e-06, 'epoch': 0.78}
{'loss': 0.1113, 'learning_rate': 4.3502857142857145e-06, 'epoch': 0.78}
{'loss': 0.0667, 'learning_rate': 4.2931428571428576e-06, 'epoch': 0.79}
{'loss': 0.1099, 'learning_rate': 4.236e-06, 'epoch': 0.79}
{'loss': 0.1081, 'learning_rate': 4.178857142857144e-06, 'epoch': 0.79}
{'loss': 0.0974, 'learning_rate': 4.121714285714286e-06, 'epoch': 0.79}
{'loss': 0.1074, 'learning_rate': 4.064571428571429e-06, 'epoch': 0.8}
{'loss': 0.0919, 'learning_rate': 4.007428571428572e-06, 'epoch': 0.8}
{'loss': 0.1092, 'learning_rate': 3.950285714285715e-06, 'epoch': 0.8}
{'loss': 0.0988, 'learning_rate': 3.893142857142857e-06, 'epoch': 0.81}
{'loss': 0.1006, 'learning_rate': 3.836e-06, 'epoch': 0.81}
{'loss': 0.095, 'learning_rate': 3.778857142857143e-06, 'epoch': 0.81}
{'loss': 0.0985, 'learning_rate': 3.7217142857142863e-06, 'epoch': 0.81}
{'loss': 0.0963, 'learning_rate': 3.664571428571429e-06, 'epoch': 0.82}
{'loss': 0.0883, 'learning_rate': 3.6074285714285715e-06, 'epoch': 0.82}
{'loss': 0.0932, 'learning_rate': 3.5502857142857146e-06, 'epoch': 0.82}
{'loss': 0.0816, 'learning_rate': 3.4942857142857146e-06, 'epoch': 0.83}
{'loss': 0.1203, 'learning_rate': 3.437142857142857e-06, 'epoch': 0.83}
{'loss': 0.1176, 'learning_rate': 3.3800000000000007e-06, 'epoch': 0.83}
{'loss': 0.1108, 'learning_rate': 3.3228571428571433e-06, 'epoch': 0.83}
{'loss': 0.0974, 'learning_rate': 3.265714285714286e-06, 'epoch': 0.84}
{'loss': 0.0671, 'learning_rate': 3.2085714285714285e-06, 'epoch': 0.84}
{'loss': 0.118, 'learning_rate': 3.151428571428572e-06, 'epoch': 0.84}
{'loss': 0.0977, 'learning_rate': 3.0942857142857146e-06, 'epoch': 0.85}
{'loss': 0.0819, 'learning_rate': 3.0371428571428572e-06, 'epoch': 0.85}
{'loss': 0.0774, 'learning_rate': 2.9800000000000003e-06, 'epoch': 0.85}
{'loss': 0.0995, 'learning_rate': 2.922857142857143e-06, 'epoch': 0.85}
{'loss': 0.1064, 'learning_rate': 2.865714285714286e-06, 'epoch': 0.86}
{'loss': 0.0693, 'learning_rate': 2.808571428571429e-06, 'epoch': 0.86}
{'loss': 0.0921, 'learning_rate': 2.7514285714285716e-06, 'epoch': 0.86}
{'loss': 0.1044, 'learning_rate': 2.694285714285714e-06, 'epoch': 0.87}
{'loss': 0.0711, 'learning_rate': 2.6371428571428577e-06, 'epoch': 0.87}
{'loss': 0.0977, 'learning_rate': 2.5800000000000003e-06, 'epoch': 0.87}
{'loss': 0.1154, 'learning_rate': 2.522857142857143e-06, 'epoch': 0.87}
{'loss': 0.0912, 'learning_rate': 2.465714285714286e-06, 'epoch': 0.88}
{'loss': 0.0898, 'learning_rate': 2.4085714285714286e-06, 'epoch': 0.88}
{'loss': 0.0887, 'learning_rate': 2.3514285714285716e-06, 'epoch': 0.88}
{'loss': 0.0982, 'learning_rate': 2.2942857142857146e-06, 'epoch': 0.89}
{'loss': 0.0942, 'learning_rate': 2.2371428571428573e-06, 'epoch': 0.89}
{'loss': 0.0941, 'learning_rate': 2.1800000000000003e-06, 'epoch': 0.89}
{'loss': 0.1267, 'learning_rate': 2.122857142857143e-06, 'epoch': 0.89}
{'loss': 0.092, 'learning_rate': 2.065714285714286e-06, 'epoch': 0.9}
{'loss': 0.1102, 'learning_rate': 2.0085714285714286e-06, 'epoch': 0.9}
{'loss': 0.0952, 'learning_rate': 1.9514285714285716e-06, 'epoch': 0.9}
{'loss': 0.0978, 'learning_rate': 1.8942857142857142e-06, 'epoch': 0.91}
{'loss': 0.102, 'learning_rate': 1.8371428571428573e-06, 'epoch': 0.91}
{'loss': 0.0817, 'learning_rate': 1.7800000000000001e-06, 'epoch': 0.91}
{'loss': 0.1034, 'learning_rate': 1.7228571428571432e-06, 'epoch': 0.91}
{'loss': 0.1066, 'learning_rate': 1.6657142857142858e-06, 'epoch': 0.92}
{'loss': 0.095, 'learning_rate': 1.6085714285714288e-06, 'epoch': 0.92}
{'loss': 0.0787, 'learning_rate': 1.5514285714285714e-06, 'epoch': 0.92}
{'loss': 0.1121, 'learning_rate': 1.4942857142857145e-06, 'epoch': 0.93}
{'loss': 0.1099, 'learning_rate': 1.4371428571428573e-06, 'epoch': 0.93}
{'loss': 0.083, 'learning_rate': 1.3800000000000001e-06, 'epoch': 0.93}
{'loss': 0.0889, 'learning_rate': 1.322857142857143e-06, 'epoch': 0.93}
{'loss': 0.0657, 'learning_rate': 1.265714285714286e-06, 'epoch': 0.94}
{'loss': 0.1014, 'learning_rate': 1.2085714285714286e-06, 'epoch': 0.94}
{'loss': 0.0792, 'learning_rate': 1.1514285714285714e-06, 'epoch': 0.94}
{'loss': 0.0743, 'learning_rate': 1.0942857142857145e-06, 'epoch': 0.95}
{'loss': 0.1289, 'learning_rate': 1.0377142857142858e-06, 'epoch': 0.95}
{'loss': 0.0883, 'learning_rate': 9.805714285714286e-07, 'epoch': 0.95}
{'loss': 0.0858, 'learning_rate': 9.234285714285715e-07, 'epoch': 0.95}
{'loss': 0.0828, 'learning_rate': 8.662857142857144e-07, 'epoch': 0.96}
{'loss': 0.0914, 'learning_rate': 8.091428571428572e-07, 'epoch': 0.96}
{'loss': 0.0987, 'learning_rate': 7.520000000000001e-07, 'epoch': 0.96}
{'loss': 0.0774, 'learning_rate': 6.94857142857143e-07, 'epoch': 0.97}
{'loss': 0.0797, 'learning_rate': 6.377142857142858e-07, 'epoch': 0.97}
{'loss': 0.0888, 'learning_rate': 5.805714285714287e-07, 'epoch': 0.97}
{'loss': 0.104, 'learning_rate': 5.234285714285715e-07, 'epoch': 0.97}
{'loss': 0.0827, 'learning_rate': 4.662857142857143e-07, 'epoch': 0.98}
{'loss': 0.09, 'learning_rate': 4.091428571428572e-07, 'epoch': 0.98}
{'loss': 0.0788, 'learning_rate': 3.5200000000000003e-07, 'epoch': 0.98}
{'loss': 0.1053, 'learning_rate': 2.9485714285714286e-07, 'epoch': 0.99}
{'loss': 0.0863, 'learning_rate': 2.3771428571428574e-07, 'epoch': 0.99}
{'loss': 0.0721, 'learning_rate': 1.805714285714286e-07, 'epoch': 0.99}
{'loss': 0.0958, 'learning_rate': 1.2342857142857145e-07, 'epoch': 0.99}
{'loss': 0.0896, 'learning_rate': 6.62857142857143e-08, 'epoch': 1.0}
{'loss': 0.1124, 'learning_rate': 9.142857142857143e-09, 'epoch': 1.0}
{'eval_loss': 0.09298140555620193, 'eval_accuracy': 0.9736578947368421, 'eval_f1': 0.9736578814380857, 'eval_runtime': 273.5364, 'eval_samples_per_second': 138.921, 'eval_steps_per_second': 8.683, 'epoch': 1.0}
{'train_runtime': 3795.6651, 'train_samples_per_second': 147.537, 'train_steps_per_second': 9.221, 'train_loss': 0.11598795862197876, 'epoch': 1.0}
Fine-tuning finished. Fine-tuning time: 3795.71 seconds.
Evaluating the fine-tuned model on Yelp test set...
Accuracy on Yelp after fine-tuning: 0.9737
F1-score on Yelp after fine-tuning: 0.9737
Inference time (Yelp batch): 0.78 ms/example
GPU memory consumption: 7.31 GB

Results table for Yelp fine-tuning evaluation:
| Model                     | Accuracy (Yelp) | F1-score (Yelp) | Inference Time (ms) | Memory (GB) | Fine-tuning Time (s) |
|---------------------------|-----------------|-----------------|---------------------|-------------|----------------------|
| BERT-6-heads (fine-tuned) | 0.9737          | 0.9737          | 0.78          | 7.31       | 3795.71         |
