Starting training on IMDb...
{'loss': 0.4809, 'learning_rate': 4.895500106632545e-05, 'epoch': 0.06}
{'loss': 0.2688, 'learning_rate': 4.7899338878225635e-05, 'epoch': 0.13}
{'loss': 0.264, 'learning_rate': 4.683301343570058e-05, 'epoch': 0.19}
{'loss': 0.2723, 'learning_rate': 4.5766687993175514e-05, 'epoch': 0.26}
{'loss': 0.2806, 'learning_rate': 4.470036255065046e-05, 'epoch': 0.32}
{'loss': 0.2567, 'learning_rate': 4.3634037108125406e-05, 'epoch': 0.38}
{'loss': 0.2592, 'learning_rate': 4.256771166560034e-05, 'epoch': 0.45}
{'loss': 0.2488, 'learning_rate': 4.1501386223075285e-05, 'epoch': 0.51}
{'loss': 0.2267, 'learning_rate': 4.0435060780550225e-05, 'epoch': 0.58}
{'loss': 0.2838, 'learning_rate': 3.9368735338025164e-05, 'epoch': 0.64}
{'loss': 0.2089, 'learning_rate': 3.830240989550011e-05, 'epoch': 0.7}
{'loss': 0.2283, 'learning_rate': 3.723608445297505e-05, 'epoch': 0.77}
{'loss': 0.24, 'learning_rate': 3.616975901044999e-05, 'epoch': 0.83}
{'loss': 0.2345, 'learning_rate': 3.510343356792493e-05, 'epoch': 0.9}
{'loss': 0.2207, 'learning_rate': 3.4037108125399875e-05, 'epoch': 0.96}
{'eval_loss': 0.21982671320438385, 'eval_accuracy': 0.9174, 'eval_f1': 0.917155192799412, 'eval_runtime': 106.545, 'eval_samples_per_second': 234.643, 'eval_steps_per_second': 14.67, 'epoch': 1.0}
{'loss': 0.208, 'learning_rate': 3.2970782682874815e-05, 'epoch': 1.02}
{'loss': 0.1368, 'learning_rate': 3.1904457240349754e-05, 'epoch': 1.09}
{'loss': 0.1409, 'learning_rate': 3.08381317978247e-05, 'epoch': 1.15}
{'loss': 0.1597, 'learning_rate': 2.9771806355299637e-05, 'epoch': 1.22}
{'loss': 0.1403, 'learning_rate': 2.870548091277458e-05, 'epoch': 1.28}
{'loss': 0.1471, 'learning_rate': 2.7639155470249522e-05, 'epoch': 1.34}
{'loss': 0.148, 'learning_rate': 2.657283002772446e-05, 'epoch': 1.41}
{'loss': 0.1311, 'learning_rate': 2.5506504585199405e-05, 'epoch': 1.47}
{'loss': 0.1035, 'learning_rate': 2.4440179142674348e-05, 'epoch': 1.54}
{'loss': 0.1352, 'learning_rate': 2.3373853700149287e-05, 'epoch': 1.6}
{'loss': 0.1243, 'learning_rate': 2.2307528257624227e-05, 'epoch': 1.66}
{'loss': 0.1262, 'learning_rate': 2.124120281509917e-05, 'epoch': 1.73}
{'loss': 0.1549, 'learning_rate': 2.0174877372574112e-05, 'epoch': 1.79}
{'loss': 0.1311, 'learning_rate': 1.9108551930049052e-05, 'epoch': 1.86}
{'loss': 0.1404, 'learning_rate': 1.8042226487523995e-05, 'epoch': 1.92}
{'loss': 0.0956, 'learning_rate': 1.6975901044998934e-05, 'epoch': 1.98}
{'eval_loss': 0.2815481722354889, 'eval_accuracy': 0.93196, 'eval_f1': 0.9318879680934123, 'eval_runtime': 102.2303, 'eval_samples_per_second': 244.546, 'eval_steps_per_second': 15.289, 'epoch': 2.0}
{'loss': 0.0959, 'learning_rate': 1.5909575602473874e-05, 'epoch': 2.05}
{'loss': 0.0611, 'learning_rate': 1.4843250159948818e-05, 'epoch': 2.11}
{'loss': 0.0507, 'learning_rate': 1.377692471742376e-05, 'epoch': 2.18}
{'loss': 0.0588, 'learning_rate': 1.2710599274898699e-05, 'epoch': 2.24}
{'loss': 0.0873, 'learning_rate': 1.164427383237364e-05, 'epoch': 2.3}
{'loss': 0.0723, 'learning_rate': 1.0577948389848583e-05, 'epoch': 2.37}
{'loss': 0.0557, 'learning_rate': 9.511622947323523e-06, 'epoch': 2.43}
{'loss': 0.0618, 'learning_rate': 8.445297504798465e-06, 'epoch': 2.5}
{'loss': 0.0642, 'learning_rate': 7.389635316698657e-06, 'epoch': 2.56}
{'loss': 0.0709, 'learning_rate': 6.323309874173599e-06, 'epoch': 2.62}
{'loss': 0.0849, 'learning_rate': 5.256984431648539e-06, 'epoch': 2.69}
{'loss': 0.0548, 'learning_rate': 4.19065898912348e-06, 'epoch': 2.75}
{'loss': 0.05, 'learning_rate': 3.124333546598422e-06, 'epoch': 2.82}
{'loss': 0.0662, 'learning_rate': 2.0580081040733634e-06, 'epoch': 2.88}
{'loss': 0.0424, 'learning_rate': 9.916826615483046e-07, 'epoch': 2.94}
{'eval_loss': 0.2743728756904602, 'eval_accuracy': 0.94252, 'eval_f1': 0.9425199888718698, 'eval_runtime': 102.1434, 'eval_samples_per_second': 244.754, 'eval_steps_per_second': 15.302, 'epoch': 3.0}
{'train_runtime': 629.3648, 'train_samples_per_second': 119.168, 'train_steps_per_second': 7.45, 'train_loss': 0.15457034553386276, 'epoch': 3.0}
Training finished. Training time: 629.94 seconds.
Evaluating the model on IMDb test set...
Accuracy: 0.9174
F1-score: 0.9172
Inference time: 0.46 ms/example
GPU memory consumption: 6.12 GB

Results for the IMDb table:
| Model            | Accuracy | F1-score | Inference Time (ms) | Memory (GB) | Training Time (s) |
|------------------|----------|----------|---------------------|-------------|-------------------|
| RoBERTa-6-layers | 0.9174   | 0.9172   | 0.46               | 6.12         | 629.94         |

Starting fine-tuning on Yelp Polarity...
{'loss': 0.2036, 'learning_rate': 1.9944e-05, 'epoch': 0.0}
{'loss': 0.1524, 'learning_rate': 1.9886857142857145e-05, 'epoch': 0.01}
{'loss': 0.1694, 'learning_rate': 1.982971428571429e-05, 'epoch': 0.01}
{'loss': 0.1374, 'learning_rate': 1.977257142857143e-05, 'epoch': 0.01}
{'loss': 0.1568, 'learning_rate': 1.9715428571428573e-05, 'epoch': 0.01}
{'loss': 0.1462, 'learning_rate': 1.9658285714285717e-05, 'epoch': 0.02}
{'loss': 0.1575, 'learning_rate': 1.9601142857142857e-05, 'epoch': 0.02}
{'loss': 0.127, 'learning_rate': 1.9544e-05, 'epoch': 0.02}
{'loss': 0.1605, 'learning_rate': 1.9486857142857145e-05, 'epoch': 0.03}
{'loss': 0.1285, 'learning_rate': 1.9429714285714286e-05, 'epoch': 0.03}
{'loss': 0.1236, 'learning_rate': 1.937257142857143e-05, 'epoch': 0.03}
{'loss': 0.1456, 'learning_rate': 1.9315428571428573e-05, 'epoch': 0.03}
{'loss': 0.1317, 'learning_rate': 1.9258285714285717e-05, 'epoch': 0.04}
{'loss': 0.1142, 'learning_rate': 1.9201142857142858e-05, 'epoch': 0.04}
{'loss': 0.1413, 'learning_rate': 1.9144000000000002e-05, 'epoch': 0.04}
{'loss': 0.1187, 'learning_rate': 1.9086857142857146e-05, 'epoch': 0.05}
{'loss': 0.1323, 'learning_rate': 1.9030285714285715e-05, 'epoch': 0.05}
{'loss': 0.1171, 'learning_rate': 1.897314285714286e-05, 'epoch': 0.05}
{'loss': 0.1238, 'learning_rate': 1.8916e-05, 'epoch': 0.05}
{'loss': 0.1412, 'learning_rate': 1.8858857142857147e-05, 'epoch': 0.06}
{'loss': 0.1598, 'learning_rate': 1.8801714285714288e-05, 'epoch': 0.06}
{'loss': 0.1245, 'learning_rate': 1.8744571428571428e-05, 'epoch': 0.06}
{'loss': 0.1251, 'learning_rate': 1.8687428571428572e-05, 'epoch': 0.07}
{'loss': 0.1316, 'learning_rate': 1.8630285714285716e-05, 'epoch': 0.07}
{'loss': 0.1076, 'learning_rate': 1.857314285714286e-05, 'epoch': 0.07}
{'loss': 0.1378, 'learning_rate': 1.8516e-05, 'epoch': 0.07}
{'loss': 0.1076, 'learning_rate': 1.8458857142857144e-05, 'epoch': 0.08}
{'loss': 0.1272, 'learning_rate': 1.8401714285714288e-05, 'epoch': 0.08}
{'loss': 0.1143, 'learning_rate': 1.834457142857143e-05, 'epoch': 0.08}
{'loss': 0.1238, 'learning_rate': 1.8287428571428572e-05, 'epoch': 0.09}
{'loss': 0.1311, 'learning_rate': 1.8230285714285716e-05, 'epoch': 0.09}
{'loss': 0.1184, 'learning_rate': 1.8173142857142857e-05, 'epoch': 0.09}
{'loss': 0.1033, 'learning_rate': 1.8116000000000004e-05, 'epoch': 0.09}
{'loss': 0.1224, 'learning_rate': 1.8058857142857145e-05, 'epoch': 0.1}
{'loss': 0.1179, 'learning_rate': 1.800171428571429e-05, 'epoch': 0.1}
{'loss': 0.12, 'learning_rate': 1.794457142857143e-05, 'epoch': 0.1}
{'loss': 0.137, 'learning_rate': 1.7887428571428573e-05, 'epoch': 0.11}
{'loss': 0.1272, 'learning_rate': 1.7830285714285717e-05, 'epoch': 0.11}
{'loss': 0.1151, 'learning_rate': 1.7773142857142857e-05, 'epoch': 0.11}
{'loss': 0.0923, 'learning_rate': 1.7716e-05, 'epoch': 0.11}
{'loss': 0.13, 'learning_rate': 1.7658857142857145e-05, 'epoch': 0.12}
{'loss': 0.1277, 'learning_rate': 1.7601714285714286e-05, 'epoch': 0.12}
{'loss': 0.1381, 'learning_rate': 1.754457142857143e-05, 'epoch': 0.12}
{'loss': 0.1091, 'learning_rate': 1.7487428571428573e-05, 'epoch': 0.13}
{'loss': 0.1222, 'learning_rate': 1.7430285714285714e-05, 'epoch': 0.13}
{'loss': 0.105, 'learning_rate': 1.737314285714286e-05, 'epoch': 0.13}
{'loss': 0.1228, 'learning_rate': 1.7316e-05, 'epoch': 0.13}
{'loss': 0.116, 'learning_rate': 1.7258857142857145e-05, 'epoch': 0.14}
{'loss': 0.0767, 'learning_rate': 1.7201714285714286e-05, 'epoch': 0.14}
{'loss': 0.1209, 'learning_rate': 1.714457142857143e-05, 'epoch': 0.14}
{'loss': 0.1256, 'learning_rate': 1.7087428571428574e-05, 'epoch': 0.15}
{'loss': 0.1357, 'learning_rate': 1.7030285714285714e-05, 'epoch': 0.15}
{'loss': 0.1294, 'learning_rate': 1.6973142857142858e-05, 'epoch': 0.15}
{'loss': 0.1234, 'learning_rate': 1.6916000000000002e-05, 'epoch': 0.15}
{'loss': 0.119, 'learning_rate': 1.6858857142857143e-05, 'epoch': 0.16}
{'loss': 0.1206, 'learning_rate': 1.6801714285714286e-05, 'epoch': 0.16}
{'loss': 0.1176, 'learning_rate': 1.674457142857143e-05, 'epoch': 0.16}
{'loss': 0.1005, 'learning_rate': 1.6688000000000004e-05, 'epoch': 0.17}
{'loss': 0.1415, 'learning_rate': 1.6630857142857144e-05, 'epoch': 0.17}
{'loss': 0.1276, 'learning_rate': 1.6573714285714288e-05, 'epoch': 0.17}
{'loss': 0.1062, 'learning_rate': 1.6516571428571432e-05, 'epoch': 0.17}
{'loss': 0.1231, 'learning_rate': 1.6459428571428572e-05, 'epoch': 0.18}
{'loss': 0.099, 'learning_rate': 1.6402285714285716e-05, 'epoch': 0.18}
{'loss': 0.1285, 'learning_rate': 1.634514285714286e-05, 'epoch': 0.18}
{'loss': 0.1192, 'learning_rate': 1.6288e-05, 'epoch': 0.19}
{'loss': 0.1033, 'learning_rate': 1.6230857142857144e-05, 'epoch': 0.19}
{'loss': 0.1041, 'learning_rate': 1.617371428571429e-05, 'epoch': 0.19}
{'loss': 0.1145, 'learning_rate': 1.6117142857142858e-05, 'epoch': 0.19}
{'loss': 0.0963, 'learning_rate': 1.6060000000000002e-05, 'epoch': 0.2}
{'loss': 0.1066, 'learning_rate': 1.6002857142857146e-05, 'epoch': 0.2}
{'loss': 0.1016, 'learning_rate': 1.5945714285714286e-05, 'epoch': 0.2}
{'loss': 0.1271, 'learning_rate': 1.588857142857143e-05, 'epoch': 0.21}
{'loss': 0.0945, 'learning_rate': 1.5831428571428574e-05, 'epoch': 0.21}
{'loss': 0.1074, 'learning_rate': 1.5774285714285715e-05, 'epoch': 0.21}
{'loss': 0.1108, 'learning_rate': 1.571714285714286e-05, 'epoch': 0.21}
{'loss': 0.1174, 'learning_rate': 1.5660000000000003e-05, 'epoch': 0.22}
{'loss': 0.1059, 'learning_rate': 1.5602857142857143e-05, 'epoch': 0.22}
{'loss': 0.0991, 'learning_rate': 1.5545714285714287e-05, 'epoch': 0.22}
{'loss': 0.1187, 'learning_rate': 1.548857142857143e-05, 'epoch': 0.23}
{'loss': 0.1239, 'learning_rate': 1.543142857142857e-05, 'epoch': 0.23}
{'loss': 0.1043, 'learning_rate': 1.5374285714285715e-05, 'epoch': 0.23}
{'loss': 0.1391, 'learning_rate': 1.531714285714286e-05, 'epoch': 0.23}
{'loss': 0.1141, 'learning_rate': 1.5260000000000003e-05, 'epoch': 0.24}
{'loss': 0.1018, 'learning_rate': 1.5202857142857143e-05, 'epoch': 0.24}
{'loss': 0.1232, 'learning_rate': 1.5145714285714287e-05, 'epoch': 0.24}
{'loss': 0.1063, 'learning_rate': 1.508857142857143e-05, 'epoch': 0.25}
{'loss': 0.1169, 'learning_rate': 1.5031428571428572e-05, 'epoch': 0.25}
{'loss': 0.104, 'learning_rate': 1.4974857142857145e-05, 'epoch': 0.25}
{'loss': 0.1163, 'learning_rate': 1.4917714285714287e-05, 'epoch': 0.25}
{'loss': 0.096, 'learning_rate': 1.4860571428571431e-05, 'epoch': 0.26}
{'loss': 0.1213, 'learning_rate': 1.4803428571428573e-05, 'epoch': 0.26}
{'loss': 0.1188, 'learning_rate': 1.4746285714285715e-05, 'epoch': 0.26}
{'loss': 0.1009, 'learning_rate': 1.4689142857142858e-05, 'epoch': 0.27}
{'loss': 0.1172, 'learning_rate': 1.4632000000000002e-05, 'epoch': 0.27}
{'loss': 0.1141, 'learning_rate': 1.4574857142857144e-05, 'epoch': 0.27}
{'loss': 0.098, 'learning_rate': 1.4517714285714286e-05, 'epoch': 0.27}
{'loss': 0.0965, 'learning_rate': 1.446057142857143e-05, 'epoch': 0.28}
{'loss': 0.1114, 'learning_rate': 1.4403428571428572e-05, 'epoch': 0.28}
{'loss': 0.1036, 'learning_rate': 1.4346285714285714e-05, 'epoch': 0.28}
{'loss': 0.1074, 'learning_rate': 1.428914285714286e-05, 'epoch': 0.29}
{'loss': 0.1173, 'learning_rate': 1.4232000000000002e-05, 'epoch': 0.29}
{'loss': 0.1149, 'learning_rate': 1.4174857142857144e-05, 'epoch': 0.29}
{'loss': 0.0932, 'learning_rate': 1.4117714285714288e-05, 'epoch': 0.29}
{'loss': 0.1117, 'learning_rate': 1.406057142857143e-05, 'epoch': 0.3}
{'loss': 0.1082, 'learning_rate': 1.4003428571428572e-05, 'epoch': 0.3}
{'loss': 0.0916, 'learning_rate': 1.3946285714285715e-05, 'epoch': 0.3}
{'loss': 0.1252, 'learning_rate': 1.3889142857142859e-05, 'epoch': 0.31}
{'loss': 0.1029, 'learning_rate': 1.3832e-05, 'epoch': 0.31}
{'loss': 0.0962, 'learning_rate': 1.3774857142857143e-05, 'epoch': 0.31}
{'loss': 0.1126, 'learning_rate': 1.3717714285714287e-05, 'epoch': 0.31}
{'loss': 0.0987, 'learning_rate': 1.3660571428571429e-05, 'epoch': 0.32}
{'loss': 0.1138, 'learning_rate': 1.3603428571428571e-05, 'epoch': 0.32}
{'loss': 0.11, 'learning_rate': 1.3546285714285717e-05, 'epoch': 0.32}
{'loss': 0.1147, 'learning_rate': 1.3489142857142859e-05, 'epoch': 0.33}
{'loss': 0.1137, 'learning_rate': 1.3432000000000001e-05, 'epoch': 0.33}
{'loss': 0.09, 'learning_rate': 1.3374857142857145e-05, 'epoch': 0.33}
{'loss': 0.0923, 'learning_rate': 1.3317714285714287e-05, 'epoch': 0.33}
{'loss': 0.1001, 'learning_rate': 1.326057142857143e-05, 'epoch': 0.34}
{'loss': 0.0954, 'learning_rate': 1.3203428571428572e-05, 'epoch': 0.34}
{'loss': 0.124, 'learning_rate': 1.3146285714285716e-05, 'epoch': 0.34}
{'loss': 0.0985, 'learning_rate': 1.3089142857142858e-05, 'epoch': 0.35}
{'loss': 0.1035, 'learning_rate': 1.3032e-05, 'epoch': 0.35}
{'loss': 0.1016, 'learning_rate': 1.2974857142857144e-05, 'epoch': 0.35}
{'loss': 0.1156, 'learning_rate': 1.2917714285714286e-05, 'epoch': 0.35}
{'loss': 0.0758, 'learning_rate': 1.2860571428571428e-05, 'epoch': 0.36}
{'loss': 0.1011, 'learning_rate': 1.2804000000000001e-05, 'epoch': 0.36}
{'loss': 0.1157, 'learning_rate': 1.2746857142857144e-05, 'epoch': 0.36}
{'loss': 0.1028, 'learning_rate': 1.2689714285714287e-05, 'epoch': 0.37}
{'loss': 0.1004, 'learning_rate': 1.263257142857143e-05, 'epoch': 0.37}
{'loss': 0.1158, 'learning_rate': 1.2575428571428572e-05, 'epoch': 0.37}
{'loss': 0.0942, 'learning_rate': 1.2518285714285716e-05, 'epoch': 0.37}
{'loss': 0.1121, 'learning_rate': 1.2461142857142858e-05, 'epoch': 0.38}
{'loss': 0.0919, 'learning_rate': 1.2404e-05, 'epoch': 0.38}
{'loss': 0.108, 'learning_rate': 1.2346857142857144e-05, 'epoch': 0.38}
{'loss': 0.1134, 'learning_rate': 1.2289714285714286e-05, 'epoch': 0.39}
{'loss': 0.1306, 'learning_rate': 1.2232571428571428e-05, 'epoch': 0.39}
{'loss': 0.1018, 'learning_rate': 1.217542857142857e-05, 'epoch': 0.39}
{'loss': 0.089, 'learning_rate': 1.2118285714285716e-05, 'epoch': 0.39}
{'loss': 0.0941, 'learning_rate': 1.2061142857142858e-05, 'epoch': 0.4}
{'loss': 0.1034, 'learning_rate': 1.2004e-05, 'epoch': 0.4}
{'loss': 0.0925, 'learning_rate': 1.1946857142857144e-05, 'epoch': 0.4}
{'loss': 0.1075, 'learning_rate': 1.1889714285714287e-05, 'epoch': 0.41}
{'loss': 0.1066, 'learning_rate': 1.1832571428571429e-05, 'epoch': 0.41}
{'loss': 0.1102, 'learning_rate': 1.1775428571428573e-05, 'epoch': 0.41}
{'loss': 0.1029, 'learning_rate': 1.1718285714285715e-05, 'epoch': 0.41}
{'loss': 0.1115, 'learning_rate': 1.1661142857142857e-05, 'epoch': 0.42}
{'loss': 0.0923, 'learning_rate': 1.1604000000000003e-05, 'epoch': 0.42}
{'loss': 0.1056, 'learning_rate': 1.1546857142857145e-05, 'epoch': 0.42}
{'loss': 0.105, 'learning_rate': 1.1489714285714285e-05, 'epoch': 0.43}
{'loss': 0.0991, 'learning_rate': 1.1432571428571428e-05, 'epoch': 0.43}
{'loss': 0.1169, 'learning_rate': 1.1375428571428573e-05, 'epoch': 0.43}
{'loss': 0.1107, 'learning_rate': 1.1318285714285715e-05, 'epoch': 0.43}
{'loss': 0.0883, 'learning_rate': 1.1261142857142858e-05, 'epoch': 0.44}
{'loss': 0.0855, 'learning_rate': 1.1204000000000001e-05, 'epoch': 0.44}
{'loss': 0.0975, 'learning_rate': 1.1146857142857144e-05, 'epoch': 0.44}
{'loss': 0.0895, 'learning_rate': 1.1089714285714286e-05, 'epoch': 0.45}
{'loss': 0.0983, 'learning_rate': 1.103257142857143e-05, 'epoch': 0.45}
{'loss': 0.1039, 'learning_rate': 1.0975428571428572e-05, 'epoch': 0.45}
{'loss': 0.1235, 'learning_rate': 1.0918285714285714e-05, 'epoch': 0.45}
{'loss': 0.0875, 'learning_rate': 1.0861714285714287e-05, 'epoch': 0.46}
{'loss': 0.107, 'learning_rate': 1.0804571428571428e-05, 'epoch': 0.46}
{'loss': 0.0948, 'learning_rate': 1.0747428571428573e-05, 'epoch': 0.46}
{'loss': 0.0803, 'learning_rate': 1.0690285714285716e-05, 'epoch': 0.47}
{'loss': 0.0948, 'learning_rate': 1.0633142857142858e-05, 'epoch': 0.47}
{'loss': 0.0895, 'learning_rate': 1.0576000000000002e-05, 'epoch': 0.47}
{'loss': 0.1125, 'learning_rate': 1.0518857142857144e-05, 'epoch': 0.47}
{'loss': 0.0812, 'learning_rate': 1.0461714285714286e-05, 'epoch': 0.48}
{'loss': 0.1019, 'learning_rate': 1.0404571428571428e-05, 'epoch': 0.48}
{'loss': 0.0875, 'learning_rate': 1.0347428571428572e-05, 'epoch': 0.48}
{'loss': 0.1166, 'learning_rate': 1.0290285714285714e-05, 'epoch': 0.49}
{'loss': 0.0926, 'learning_rate': 1.0233142857142857e-05, 'epoch': 0.49}
{'loss': 0.0907, 'learning_rate': 1.0176000000000002e-05, 'epoch': 0.49}
{'loss': 0.0822, 'learning_rate': 1.0118857142857144e-05, 'epoch': 0.49}
{'loss': 0.0724, 'learning_rate': 1.0061714285714287e-05, 'epoch': 0.5}
{'loss': 0.1106, 'learning_rate': 1.000457142857143e-05, 'epoch': 0.5}
{'loss': 0.1037, 'learning_rate': 9.947428571428573e-06, 'epoch': 0.5}
{'loss': 0.0866, 'learning_rate': 9.890285714285715e-06, 'epoch': 0.51}
{'loss': 0.095, 'learning_rate': 9.833142857142857e-06, 'epoch': 0.51}
{'loss': 0.1048, 'learning_rate': 9.776000000000001e-06, 'epoch': 0.51}
{'loss': 0.0686, 'learning_rate': 9.718857142857143e-06, 'epoch': 0.51}
{'loss': 0.1, 'learning_rate': 9.661714285714287e-06, 'epoch': 0.52}
{'loss': 0.0854, 'learning_rate': 9.60457142857143e-06, 'epoch': 0.52}
{'loss': 0.07, 'learning_rate': 9.547428571428571e-06, 'epoch': 0.52}
{'loss': 0.1211, 'learning_rate': 9.490285714285715e-06, 'epoch': 0.53}
{'loss': 0.0852, 'learning_rate': 9.433142857142857e-06, 'epoch': 0.53}
{'loss': 0.0845, 'learning_rate': 9.376000000000001e-06, 'epoch': 0.53}
{'loss': 0.1043, 'learning_rate': 9.318857142857144e-06, 'epoch': 0.53}
{'loss': 0.0935, 'learning_rate': 9.261714285714286e-06, 'epoch': 0.54}
{'loss': 0.107, 'learning_rate': 9.20457142857143e-06, 'epoch': 0.54}
{'loss': 0.1023, 'learning_rate': 9.147428571428572e-06, 'epoch': 0.54}
{'loss': 0.0687, 'learning_rate': 9.090285714285714e-06, 'epoch': 0.55}
{'loss': 0.0752, 'learning_rate': 9.033714285714287e-06, 'epoch': 0.55}
{'loss': 0.1019, 'learning_rate': 8.97657142857143e-06, 'epoch': 0.55}
{'loss': 0.1193, 'learning_rate': 8.919428571428572e-06, 'epoch': 0.55}
{'loss': 0.0938, 'learning_rate': 8.862285714285716e-06, 'epoch': 0.56}
{'loss': 0.0995, 'learning_rate': 8.805142857142858e-06, 'epoch': 0.56}
{'loss': 0.1029, 'learning_rate': 8.748000000000002e-06, 'epoch': 0.56}
{'loss': 0.0634, 'learning_rate': 8.690857142857144e-06, 'epoch': 0.57}
{'loss': 0.1067, 'learning_rate': 8.633714285714286e-06, 'epoch': 0.57}
{'loss': 0.0897, 'learning_rate': 8.57657142857143e-06, 'epoch': 0.57}
{'loss': 0.0822, 'learning_rate': 8.519428571428572e-06, 'epoch': 0.57}
{'loss': 0.0877, 'learning_rate': 8.462285714285714e-06, 'epoch': 0.58}
{'loss': 0.0919, 'learning_rate': 8.405142857142858e-06, 'epoch': 0.58}
{'loss': 0.0967, 'learning_rate': 8.348e-06, 'epoch': 0.58}
{'loss': 0.0988, 'learning_rate': 8.290857142857144e-06, 'epoch': 0.59}
{'loss': 0.1254, 'learning_rate': 8.233714285714286e-06, 'epoch': 0.59}
{'loss': 0.1021, 'learning_rate': 8.176571428571429e-06, 'epoch': 0.59}
{'loss': 0.0758, 'learning_rate': 8.119428571428573e-06, 'epoch': 0.59}
{'loss': 0.0905, 'learning_rate': 8.062285714285715e-06, 'epoch': 0.6}
{'loss': 0.1031, 'learning_rate': 8.005142857142859e-06, 'epoch': 0.6}
{'loss': 0.0995, 'learning_rate': 7.948e-06, 'epoch': 0.6}
{'loss': 0.1126, 'learning_rate': 7.890857142857143e-06, 'epoch': 0.61}
{'loss': 0.0849, 'learning_rate': 7.833714285714287e-06, 'epoch': 0.61}
{'loss': 0.1056, 'learning_rate': 7.776571428571429e-06, 'epoch': 0.61}
{'loss': 0.0831, 'learning_rate': 7.719428571428573e-06, 'epoch': 0.61}
{'loss': 0.0896, 'learning_rate': 7.662857142857143e-06, 'epoch': 0.62}
{'loss': 0.0871, 'learning_rate': 7.605714285714286e-06, 'epoch': 0.62}
{'loss': 0.0821, 'learning_rate': 7.54857142857143e-06, 'epoch': 0.62}
{'loss': 0.0819, 'learning_rate': 7.491428571428572e-06, 'epoch': 0.63}
{'loss': 0.1002, 'learning_rate': 7.434285714285715e-06, 'epoch': 0.63}
{'loss': 0.1183, 'learning_rate': 7.377142857142858e-06, 'epoch': 0.63}
{'loss': 0.0968, 'learning_rate': 7.32e-06, 'epoch': 0.63}
{'loss': 0.0701, 'learning_rate': 7.262857142857144e-06, 'epoch': 0.64}
{'loss': 0.0979, 'learning_rate': 7.205714285714286e-06, 'epoch': 0.64}
{'loss': 0.0932, 'learning_rate': 7.148571428571429e-06, 'epoch': 0.64}
{'loss': 0.089, 'learning_rate': 7.091428571428572e-06, 'epoch': 0.65}
{'loss': 0.1068, 'learning_rate': 7.034285714285715e-06, 'epoch': 0.65}
{'loss': 0.0971, 'learning_rate': 6.977142857142858e-06, 'epoch': 0.65}
{'loss': 0.0946, 'learning_rate': 6.92e-06, 'epoch': 0.65}
{'loss': 0.0966, 'learning_rate': 6.862857142857144e-06, 'epoch': 0.66}
{'loss': 0.105, 'learning_rate': 6.805714285714287e-06, 'epoch': 0.66}
{'loss': 0.0845, 'learning_rate': 6.748571428571429e-06, 'epoch': 0.66}
{'loss': 0.0914, 'learning_rate': 6.691428571428572e-06, 'epoch': 0.67}
{'loss': 0.0967, 'learning_rate': 6.634285714285715e-06, 'epoch': 0.67}
{'loss': 0.0774, 'learning_rate': 6.577142857142857e-06, 'epoch': 0.67}
{'loss': 0.1008, 'learning_rate': 6.520000000000001e-06, 'epoch': 0.67}
{'loss': 0.0848, 'learning_rate': 6.462857142857143e-06, 'epoch': 0.68}
{'loss': 0.0929, 'learning_rate': 6.405714285714286e-06, 'epoch': 0.68}
{'loss': 0.1143, 'learning_rate': 6.348571428571429e-06, 'epoch': 0.68}
{'loss': 0.1166, 'learning_rate': 6.2914285714285716e-06, 'epoch': 0.69}
{'loss': 0.0648, 'learning_rate': 6.234285714285715e-06, 'epoch': 0.69}
{'loss': 0.0886, 'learning_rate': 6.177142857142857e-06, 'epoch': 0.69}
{'loss': 0.1034, 'learning_rate': 6.120000000000001e-06, 'epoch': 0.69}
{'loss': 0.0816, 'learning_rate': 6.062857142857144e-06, 'epoch': 0.7}
{'loss': 0.1158, 'learning_rate': 6.0062857142857144e-06, 'epoch': 0.7}
{'loss': 0.0946, 'learning_rate': 5.9491428571428575e-06, 'epoch': 0.7}
{'loss': 0.0894, 'learning_rate': 5.892e-06, 'epoch': 0.71}
{'loss': 0.0754, 'learning_rate': 5.8348571428571435e-06, 'epoch': 0.71}
{'loss': 0.12, 'learning_rate': 5.777714285714287e-06, 'epoch': 0.71}
{'loss': 0.1072, 'learning_rate': 5.720571428571429e-06, 'epoch': 0.71}
{'loss': 0.0653, 'learning_rate': 5.663428571428572e-06, 'epoch': 0.72}
{'loss': 0.0875, 'learning_rate': 5.606285714285715e-06, 'epoch': 0.72}
{'loss': 0.1114, 'learning_rate': 5.549142857142857e-06, 'epoch': 0.72}
{'loss': 0.0968, 'learning_rate': 5.492000000000001e-06, 'epoch': 0.73}
{'loss': 0.1125, 'learning_rate': 5.434857142857143e-06, 'epoch': 0.73}
{'loss': 0.0725, 'learning_rate': 5.377714285714286e-06, 'epoch': 0.73}
{'loss': 0.0857, 'learning_rate': 5.320571428571429e-06, 'epoch': 0.73}
{'loss': 0.083, 'learning_rate': 5.263428571428571e-06, 'epoch': 0.74}
{'loss': 0.0963, 'learning_rate': 5.2062857142857145e-06, 'epoch': 0.74}
{'loss': 0.075, 'learning_rate': 5.149142857142858e-06, 'epoch': 0.74}
{'loss': 0.0902, 'learning_rate': 5.0920000000000005e-06, 'epoch': 0.75}
{'loss': 0.0897, 'learning_rate': 5.034857142857144e-06, 'epoch': 0.75}
{'loss': 0.0872, 'learning_rate': 4.977714285714287e-06, 'epoch': 0.75}
{'loss': 0.0782, 'learning_rate': 4.920571428571429e-06, 'epoch': 0.75}
{'loss': 0.1, 'learning_rate': 4.863428571428572e-06, 'epoch': 0.76}
{'loss': 0.0739, 'learning_rate': 4.806285714285714e-06, 'epoch': 0.76}
{'loss': 0.0819, 'learning_rate': 4.749142857142858e-06, 'epoch': 0.76}
{'loss': 0.0913, 'learning_rate': 4.692e-06, 'epoch': 0.77}
{'loss': 0.0831, 'learning_rate': 4.634857142857143e-06, 'epoch': 0.77}
{'loss': 0.1002, 'learning_rate': 4.577714285714286e-06, 'epoch': 0.77}
{'loss': 0.0722, 'learning_rate': 4.520571428571429e-06, 'epoch': 0.77}
{'loss': 0.0882, 'learning_rate': 4.463428571428572e-06, 'epoch': 0.78}
{'loss': 0.0902, 'learning_rate': 4.4062857142857145e-06, 'epoch': 0.78}
{'loss': 0.095, 'learning_rate': 4.3491428571428575e-06, 'epoch': 0.78}
{'loss': 0.0569, 'learning_rate': 4.292000000000001e-06, 'epoch': 0.79}
{'loss': 0.0978, 'learning_rate': 4.234857142857144e-06, 'epoch': 0.79}
{'loss': 0.097, 'learning_rate': 4.177714285714286e-06, 'epoch': 0.79}
{'loss': 0.088, 'learning_rate': 4.120571428571429e-06, 'epoch': 0.79}
{'loss': 0.0928, 'learning_rate': 4.063428571428572e-06, 'epoch': 0.8}
{'loss': 0.0864, 'learning_rate': 4.006285714285715e-06, 'epoch': 0.8}
{'loss': 0.0983, 'learning_rate': 3.949142857142857e-06, 'epoch': 0.8}
{'loss': 0.1002, 'learning_rate': 3.892e-06, 'epoch': 0.81}
{'loss': 0.1008, 'learning_rate': 3.834857142857143e-06, 'epoch': 0.81}
{'loss': 0.0721, 'learning_rate': 3.7777142857142863e-06, 'epoch': 0.81}
{'loss': 0.0833, 'learning_rate': 3.721142857142858e-06, 'epoch': 0.81}
{'loss': 0.0818, 'learning_rate': 3.6640000000000004e-06, 'epoch': 0.82}
{'loss': 0.0811, 'learning_rate': 3.6074285714285715e-06, 'epoch': 0.82}
{'loss': 0.0728, 'learning_rate': 3.5502857142857146e-06, 'epoch': 0.82}
{'loss': 0.0688, 'learning_rate': 3.493142857142857e-06, 'epoch': 0.83}
{'loss': 0.112, 'learning_rate': 3.4360000000000006e-06, 'epoch': 0.83}
{'loss': 0.0993, 'learning_rate': 3.3788571428571433e-06, 'epoch': 0.83}
{'loss': 0.097, 'learning_rate': 3.321714285714286e-06, 'epoch': 0.83}
{'loss': 0.0928, 'learning_rate': 3.2645714285714285e-06, 'epoch': 0.84}
{'loss': 0.0522, 'learning_rate': 3.207428571428572e-06, 'epoch': 0.84}
{'loss': 0.0977, 'learning_rate': 3.1502857142857146e-06, 'epoch': 0.84}
{'loss': 0.0932, 'learning_rate': 3.093142857142857e-06, 'epoch': 0.85}
{'loss': 0.0696, 'learning_rate': 3.0360000000000002e-06, 'epoch': 0.85}
{'loss': 0.0773, 'learning_rate': 2.9788571428571433e-06, 'epoch': 0.85}
{'loss': 0.0774, 'learning_rate': 2.921714285714286e-06, 'epoch': 0.85}
{'loss': 0.1003, 'learning_rate': 2.864571428571429e-06, 'epoch': 0.86}
{'loss': 0.0789, 'learning_rate': 2.8074285714285716e-06, 'epoch': 0.86}
{'loss': 0.0984, 'learning_rate': 2.7502857142857146e-06, 'epoch': 0.86}
{'loss': 0.0861, 'learning_rate': 2.6931428571428576e-06, 'epoch': 0.87}
{'loss': 0.0735, 'learning_rate': 2.6360000000000003e-06, 'epoch': 0.87}
{'loss': 0.0754, 'learning_rate': 2.578857142857143e-06, 'epoch': 0.87}
{'loss': 0.1029, 'learning_rate': 2.5217142857142855e-06, 'epoch': 0.87}
{'loss': 0.0835, 'learning_rate': 2.4645714285714285e-06, 'epoch': 0.88}
{'loss': 0.0868, 'learning_rate': 2.408e-06, 'epoch': 0.88}
{'loss': 0.0752, 'learning_rate': 2.350857142857143e-06, 'epoch': 0.88}
{'loss': 0.1036, 'learning_rate': 2.2937142857142857e-06, 'epoch': 0.89}
{'loss': 0.0885, 'learning_rate': 2.2365714285714288e-06, 'epoch': 0.89}
{'loss': 0.0653, 'learning_rate': 2.1794285714285714e-06, 'epoch': 0.89}
{'loss': 0.1122, 'learning_rate': 2.1222857142857144e-06, 'epoch': 0.89}
{'loss': 0.0807, 'learning_rate': 2.065142857142857e-06, 'epoch': 0.9}
{'loss': 0.0978, 'learning_rate': 2.008e-06, 'epoch': 0.9}
{'loss': 0.0895, 'learning_rate': 1.950857142857143e-06, 'epoch': 0.9}
{'loss': 0.0741, 'learning_rate': 1.893714285714286e-06, 'epoch': 0.91}
{'loss': 0.0947, 'learning_rate': 1.8365714285714286e-06, 'epoch': 0.91}
{'loss': 0.0641, 'learning_rate': 1.7794285714285716e-06, 'epoch': 0.91}
{'loss': 0.0945, 'learning_rate': 1.7222857142857144e-06, 'epoch': 0.91}
{'loss': 0.1068, 'learning_rate': 1.6651428571428575e-06, 'epoch': 0.92}
{'loss': 0.0806, 'learning_rate': 1.608e-06, 'epoch': 0.92}
{'loss': 0.0777, 'learning_rate': 1.5508571428571431e-06, 'epoch': 0.92}
{'loss': 0.097, 'learning_rate': 1.4937142857142858e-06, 'epoch': 0.93}
{'loss': 0.098, 'learning_rate': 1.4365714285714286e-06, 'epoch': 0.93}
{'loss': 0.0994, 'learning_rate': 1.3794285714285716e-06, 'epoch': 0.93}
{'loss': 0.0855, 'learning_rate': 1.3222857142857143e-06, 'epoch': 0.93}
{'loss': 0.0572, 'learning_rate': 1.2651428571428573e-06, 'epoch': 0.94}
{'loss': 0.0963, 'learning_rate': 1.2085714285714286e-06, 'epoch': 0.94}
{'loss': 0.0542, 'learning_rate': 1.1514285714285714e-06, 'epoch': 0.94}
{'loss': 0.0686, 'learning_rate': 1.0942857142857145e-06, 'epoch': 0.95}
{'loss': 0.1098, 'learning_rate': 1.0371428571428573e-06, 'epoch': 0.95}
{'loss': 0.09, 'learning_rate': 9.800000000000001e-07, 'epoch': 0.95}
{'loss': 0.0747, 'learning_rate': 9.22857142857143e-07, 'epoch': 0.95}
{'loss': 0.069, 'learning_rate': 8.657142857142858e-07, 'epoch': 0.96}
{'loss': 0.0821, 'learning_rate': 8.085714285714287e-07, 'epoch': 0.96}
{'loss': 0.0834, 'learning_rate': 7.514285714285715e-07, 'epoch': 0.96}
{'loss': 0.0781, 'learning_rate': 6.942857142857143e-07, 'epoch': 0.97}
{'loss': 0.0746, 'learning_rate': 6.371428571428571e-07, 'epoch': 0.97}
{'loss': 0.0854, 'learning_rate': 5.800000000000001e-07, 'epoch': 0.97}
{'loss': 0.0873, 'learning_rate': 5.228571428571429e-07, 'epoch': 0.97}
{'loss': 0.062, 'learning_rate': 4.657142857142857e-07, 'epoch': 0.98}
{'loss': 0.0789, 'learning_rate': 4.085714285714286e-07, 'epoch': 0.98}
{'loss': 0.0607, 'learning_rate': 3.5142857142857143e-07, 'epoch': 0.98}
{'loss': 0.0894, 'learning_rate': 2.942857142857143e-07, 'epoch': 0.99}
{'loss': 0.0914, 'learning_rate': 2.3714285714285717e-07, 'epoch': 0.99}
{'loss': 0.0678, 'learning_rate': 1.8e-07, 'epoch': 0.99}
{'loss': 0.0835, 'learning_rate': 1.2285714285714285e-07, 'epoch': 0.99}
{'loss': 0.0891, 'learning_rate': 6.571428571428572e-08, 'epoch': 1.0}
{'loss': 0.1059, 'learning_rate': 8.571428571428572e-09, 'epoch': 1.0}
{'eval_loss': 0.08253458142280579, 'eval_accuracy': 0.9770526315789474, 'eval_f1': 0.9770526252223338, 'eval_runtime': 159.7839, 'eval_samples_per_second': 237.821, 'eval_steps_per_second': 14.864, 'epoch': 1.0}
{'train_runtime': 2473.1292, 'train_samples_per_second': 226.434, 'train_steps_per_second': 14.152, 'train_loss': 0.10111372934068952, 'epoch': 1.0}
Fine-tuning finished. Fine-tuning time: 2473.17 seconds.
Evaluating the fine-tuned model on Yelp test set...
Accuracy on Yelp after fine-tuning: 0.9771
F1-score on Yelp after fine-tuning: 0.9771
Inference time (Yelp batch): 0.47 ms/example
GPU memory consumption: 6.12 GB

Results table for Yelp fine-tuning evaluation:
| Model                     | Accuracy (Yelp) | F1-score (Yelp) | Inference Time (ms) | Memory (GB) | Fine-tuning Time (s) |
|---------------------------|-----------------|-----------------|---------------------|-------------|----------------------|
| RoBERTa-6-layers (fine-tuned) | 0.9771          | 0.9771          | 0.47          | 6.12       | 2473.17         |
