Starting training on IMDb...
{'loss': 0.7024, 'learning_rate': 4.893367455747495e-05, 'epoch': 0.06}
{'loss': 0.6977, 'learning_rate': 4.786734911494988e-05, 'epoch': 0.13}
{'loss': 0.6909, 'learning_rate': 4.680102367242483e-05, 'epoch': 0.19}
{'loss': 0.6297, 'learning_rate': 4.573469822989977e-05, 'epoch': 0.26}
{'loss': 0.5432, 'learning_rate': 4.466837278737471e-05, 'epoch': 0.32}
{'loss': 0.4972, 'learning_rate': 4.360204734484965e-05, 'epoch': 0.38}
{'loss': 0.4371, 'learning_rate': 4.253572190232459e-05, 'epoch': 0.45}
{'loss': 0.4035, 'learning_rate': 4.146939645979953e-05, 'epoch': 0.51}
{'loss': 0.3645, 'learning_rate': 4.040307101727447e-05, 'epoch': 0.58}
{'loss': 0.4272, 'learning_rate': 3.933674557474942e-05, 'epoch': 0.64}
{'loss': 0.3691, 'learning_rate': 3.827042013222436e-05, 'epoch': 0.7}
{'loss': 0.3563, 'learning_rate': 3.72040946896993e-05, 'epoch': 0.77}
{'loss': 0.3701, 'learning_rate': 3.613776924717424e-05, 'epoch': 0.83}
{'loss': 0.3487, 'learning_rate': 3.5071443804649176e-05, 'epoch': 0.9}
{'loss': 0.3418, 'learning_rate': 3.400511836212412e-05, 'epoch': 0.96}
{'eval_loss': 0.3231004774570465, 'eval_accuracy': 0.86532, 'eval_f1': 0.8652122023265931, 'eval_runtime': 92.5182, 'eval_samples_per_second': 270.217, 'eval_steps_per_second': 16.894, 'epoch': 1.0}
{'loss': 0.3241, 'learning_rate': 3.293879291959907e-05, 'epoch': 1.02}
{'loss': 0.2725, 'learning_rate': 3.1883130731499254e-05, 'epoch': 1.09}
{'loss': 0.2878, 'learning_rate': 3.08168052889742e-05, 'epoch': 1.15}
{'loss': 0.2573, 'learning_rate': 2.9750479846449137e-05, 'epoch': 1.22}
{'loss': 0.2464, 'learning_rate': 2.868415440392408e-05, 'epoch': 1.28}
{'loss': 0.2571, 'learning_rate': 2.7617828961399022e-05, 'epoch': 1.34}
{'loss': 0.3036, 'learning_rate': 2.6551503518873962e-05, 'epoch': 1.41}
{'loss': 0.2796, 'learning_rate': 2.5485178076348905e-05, 'epoch': 1.47}
{'loss': 0.2411, 'learning_rate': 2.4418852633823844e-05, 'epoch': 1.54}
{'loss': 0.2871, 'learning_rate': 2.3352527191298784e-05, 'epoch': 1.6}
{'loss': 0.2344, 'learning_rate': 2.2286201748773727e-05, 'epoch': 1.66}
{'loss': 0.2535, 'learning_rate': 2.1219876306248666e-05, 'epoch': 1.73}
{'loss': 0.2534, 'learning_rate': 2.015355086372361e-05, 'epoch': 1.79}
{'loss': 0.2336, 'learning_rate': 1.9087225421198552e-05, 'epoch': 1.86}
{'loss': 0.2532, 'learning_rate': 1.802089997867349e-05, 'epoch': 1.92}
{'loss': 0.2371, 'learning_rate': 1.695457453614843e-05, 'epoch': 1.98}
{'eval_loss': 0.33325958251953125, 'eval_accuracy': 0.87816, 'eval_f1': 0.8781597185002137, 'eval_runtime': 91.9807, 'eval_samples_per_second': 271.796, 'eval_steps_per_second': 16.993, 'epoch': 2.0}
{'loss': 0.2149, 'learning_rate': 1.5888249093623374e-05, 'epoch': 2.05}
{'loss': 0.2119, 'learning_rate': 1.4821923651098315e-05, 'epoch': 2.11}
{'loss': 0.164, 'learning_rate': 1.3755598208573256e-05, 'epoch': 2.18}
{'loss': 0.1953, 'learning_rate': 1.2689272766048199e-05, 'epoch': 2.24}
{'loss': 0.2316, 'learning_rate': 1.162294732352314e-05, 'epoch': 2.3}
{'loss': 0.2051, 'learning_rate': 1.0556621880998081e-05, 'epoch': 2.37}
{'loss': 0.1936, 'learning_rate': 9.500959692898273e-06, 'epoch': 2.43}
{'loss': 0.2003, 'learning_rate': 8.434634250373215e-06, 'epoch': 2.5}
{'loss': 0.1975, 'learning_rate': 7.368308807848155e-06, 'epoch': 2.56}
{'loss': 0.1919, 'learning_rate': 6.301983365323097e-06, 'epoch': 2.62}
{'loss': 0.2318, 'learning_rate': 5.235657922798038e-06, 'epoch': 2.69}
{'loss': 0.1905, 'learning_rate': 4.16933248027298e-06, 'epoch': 2.75}
{'loss': 0.1584, 'learning_rate': 3.103007037747921e-06, 'epoch': 2.82}
{'loss': 0.1904, 'learning_rate': 2.036681595222862e-06, 'epoch': 2.88}
{'loss': 0.1679, 'learning_rate': 9.703561526978034e-07, 'epoch': 2.94}
{'eval_loss': 0.39596518874168396, 'eval_accuracy': 0.8732, 'eval_f1': 0.8730614285747875, 'eval_runtime': 92.1687, 'eval_samples_per_second': 271.242, 'eval_steps_per_second': 16.958, 'epoch': 3.0}
{'train_runtime': 737.088, 'train_samples_per_second': 101.752, 'train_steps_per_second': 6.362, 'train_loss': 0.3099032811046689, 'epoch': 3.0}
Training finished. Training time: 737.69 seconds.
Evaluating the model on IMDb test set...
Accuracy: 0.8653
F1-score: 0.8652
Inference time: 0.77 ms/example
GPU memory consumption: 7.10 GB

Results for the IMDb table:
| Model                 | Accuracy | F1-score | Inference Time (ms) | Memory (GB) | Training Time (s) |
|-----------------------|----------|----------|---------------------|-------------|-------------------|
| RoBERTa-384-embedding | 0.8653   | 0.8652   | 0.77               | 7.10         | 737.69         |

Starting fine-tuning on Yelp Polarity...
{'loss': 0.4306, 'learning_rate': 1.9942857142857142e-05, 'epoch': 0.0}
{'loss': 0.4095, 'learning_rate': 1.988571428571429e-05, 'epoch': 0.01}
{'loss': 0.3689, 'learning_rate': 1.982857142857143e-05, 'epoch': 0.01}
{'loss': 0.365, 'learning_rate': 1.9771428571428574e-05, 'epoch': 0.01}
{'loss': 0.3714, 'learning_rate': 1.9714285714285718e-05, 'epoch': 0.01}
{'loss': 0.3492, 'learning_rate': 1.9657142857142858e-05, 'epoch': 0.02}
{'loss': 0.3553, 'learning_rate': 1.9600000000000002e-05, 'epoch': 0.02}
{'loss': 0.3366, 'learning_rate': 1.9542857142857143e-05, 'epoch': 0.02}
{'loss': 0.3699, 'learning_rate': 1.9485714285714286e-05, 'epoch': 0.03}
{'loss': 0.3423, 'learning_rate': 1.942857142857143e-05, 'epoch': 0.03}
{'loss': 0.3037, 'learning_rate': 1.937142857142857e-05, 'epoch': 0.03}
{'loss': 0.3114, 'learning_rate': 1.9314285714285718e-05, 'epoch': 0.03}
{'loss': 0.3053, 'learning_rate': 1.925714285714286e-05, 'epoch': 0.04}
{'loss': 0.3002, 'learning_rate': 1.9200000000000003e-05, 'epoch': 0.04}
{'loss': 0.3099, 'learning_rate': 1.9142857142857146e-05, 'epoch': 0.04}
{'loss': 0.2966, 'learning_rate': 1.9085714285714287e-05, 'epoch': 0.05}
{'loss': 0.2959, 'learning_rate': 1.902857142857143e-05, 'epoch': 0.05}
{'loss': 0.278, 'learning_rate': 1.8971428571428575e-05, 'epoch': 0.05}
{'loss': 0.2786, 'learning_rate': 1.8914285714285715e-05, 'epoch': 0.05}
{'loss': 0.299, 'learning_rate': 1.885714285714286e-05, 'epoch': 0.06}
{'loss': 0.2987, 'learning_rate': 1.880057142857143e-05, 'epoch': 0.06}
{'loss': 0.2609, 'learning_rate': 1.8743428571428573e-05, 'epoch': 0.06}
{'loss': 0.2601, 'learning_rate': 1.8686285714285717e-05, 'epoch': 0.07}
{'loss': 0.2748, 'learning_rate': 1.862914285714286e-05, 'epoch': 0.07}
{'loss': 0.2684, 'learning_rate': 1.8572e-05, 'epoch': 0.07}
{'loss': 0.2582, 'learning_rate': 1.8514857142857145e-05, 'epoch': 0.07}
{'loss': 0.2684, 'learning_rate': 1.845771428571429e-05, 'epoch': 0.08}
{'loss': 0.2774, 'learning_rate': 1.840057142857143e-05, 'epoch': 0.08}
{'loss': 0.2433, 'learning_rate': 1.8343428571428573e-05, 'epoch': 0.08}
{'loss': 0.2602, 'learning_rate': 1.8286285714285717e-05, 'epoch': 0.09}
{'loss': 0.2414, 'learning_rate': 1.8229142857142858e-05, 'epoch': 0.09}
{'loss': 0.2343, 'learning_rate': 1.8172e-05, 'epoch': 0.09}
{'loss': 0.2555, 'learning_rate': 1.8114857142857145e-05, 'epoch': 0.09}
{'loss': 0.2272, 'learning_rate': 1.8057714285714286e-05, 'epoch': 0.1}
{'loss': 0.2589, 'learning_rate': 1.800057142857143e-05, 'epoch': 0.1}
{'loss': 0.2547, 'learning_rate': 1.7943428571428574e-05, 'epoch': 0.1}
{'loss': 0.2604, 'learning_rate': 1.7886285714285718e-05, 'epoch': 0.11}
{'loss': 0.2318, 'learning_rate': 1.7829142857142858e-05, 'epoch': 0.11}
{'loss': 0.2544, 'learning_rate': 1.7772000000000002e-05, 'epoch': 0.11}
{'loss': 0.2107, 'learning_rate': 1.7714857142857146e-05, 'epoch': 0.11}
{'loss': 0.2401, 'learning_rate': 1.7657714285714286e-05, 'epoch': 0.12}
{'loss': 0.225, 'learning_rate': 1.760114285714286e-05, 'epoch': 0.12}
{'loss': 0.2697, 'learning_rate': 1.7544e-05, 'epoch': 0.12}
{'loss': 0.2374, 'learning_rate': 1.7486857142857144e-05, 'epoch': 0.13}
{'loss': 0.2399, 'learning_rate': 1.7429714285714288e-05, 'epoch': 0.13}
{'loss': 0.2276, 'learning_rate': 1.737257142857143e-05, 'epoch': 0.13}
{'loss': 0.2608, 'learning_rate': 1.7315428571428572e-05, 'epoch': 0.13}
{'loss': 0.2245, 'learning_rate': 1.7258285714285716e-05, 'epoch': 0.14}
{'loss': 0.1899, 'learning_rate': 1.720114285714286e-05, 'epoch': 0.14}
{'loss': 0.2415, 'learning_rate': 1.7144e-05, 'epoch': 0.14}
{'loss': 0.2368, 'learning_rate': 1.7086857142857144e-05, 'epoch': 0.15}
{'loss': 0.2284, 'learning_rate': 1.7029714285714288e-05, 'epoch': 0.15}
{'loss': 0.2375, 'learning_rate': 1.697257142857143e-05, 'epoch': 0.15}
{'loss': 0.2446, 'learning_rate': 1.6915428571428573e-05, 'epoch': 0.15}
{'loss': 0.2177, 'learning_rate': 1.6858285714285717e-05, 'epoch': 0.16}
{'loss': 0.243, 'learning_rate': 1.6801142857142857e-05, 'epoch': 0.16}
{'loss': 0.2381, 'learning_rate': 1.6744e-05, 'epoch': 0.16}
{'loss': 0.226, 'learning_rate': 1.6686857142857145e-05, 'epoch': 0.17}
{'loss': 0.2415, 'learning_rate': 1.6629714285714285e-05, 'epoch': 0.17}
{'loss': 0.2462, 'learning_rate': 1.657257142857143e-05, 'epoch': 0.17}
{'loss': 0.2622, 'learning_rate': 1.6515428571428573e-05, 'epoch': 0.17}
{'loss': 0.2715, 'learning_rate': 1.6458857142857146e-05, 'epoch': 0.18}
{'loss': 0.2286, 'learning_rate': 1.6401714285714287e-05, 'epoch': 0.18}
{'loss': 0.2886, 'learning_rate': 1.634457142857143e-05, 'epoch': 0.18}
{'loss': 0.2429, 'learning_rate': 1.628742857142857e-05, 'epoch': 0.19}
{'loss': 0.2414, 'learning_rate': 1.6230285714285715e-05, 'epoch': 0.19}
{'loss': 0.2479, 'learning_rate': 1.617314285714286e-05, 'epoch': 0.19}
{'loss': 0.2324, 'learning_rate': 1.6116e-05, 'epoch': 0.19}
{'loss': 0.2041, 'learning_rate': 1.6058857142857143e-05, 'epoch': 0.2}
{'loss': 0.2297, 'learning_rate': 1.6001714285714287e-05, 'epoch': 0.2}
{'loss': 0.2331, 'learning_rate': 1.5944571428571428e-05, 'epoch': 0.2}
{'loss': 0.228, 'learning_rate': 1.5887428571428575e-05, 'epoch': 0.21}
{'loss': 0.2389, 'learning_rate': 1.5830285714285716e-05, 'epoch': 0.21}
{'loss': 0.2294, 'learning_rate': 1.577314285714286e-05, 'epoch': 0.21}
{'loss': 0.2495, 'learning_rate': 1.5716000000000003e-05, 'epoch': 0.21}
{'loss': 0.2155, 'learning_rate': 1.5658857142857144e-05, 'epoch': 0.22}
{'loss': 0.2127, 'learning_rate': 1.5601714285714288e-05, 'epoch': 0.22}
{'loss': 0.2052, 'learning_rate': 1.5544571428571428e-05, 'epoch': 0.22}
{'loss': 0.2256, 'learning_rate': 1.5487428571428572e-05, 'epoch': 0.23}
{'loss': 0.2206, 'learning_rate': 1.5430285714285716e-05, 'epoch': 0.23}
{'loss': 0.2173, 'learning_rate': 1.5373142857142857e-05, 'epoch': 0.23}
{'loss': 0.2637, 'learning_rate': 1.5316e-05, 'epoch': 0.23}
{'loss': 0.2167, 'learning_rate': 1.5258857142857144e-05, 'epoch': 0.24}
{'loss': 0.2057, 'learning_rate': 1.5201714285714286e-05, 'epoch': 0.24}
{'loss': 0.2427, 'learning_rate': 1.5145142857142858e-05, 'epoch': 0.24}
{'loss': 0.2282, 'learning_rate': 1.5088e-05, 'epoch': 0.25}
{'loss': 0.213, 'learning_rate': 1.5030857142857144e-05, 'epoch': 0.25}
{'loss': 0.2265, 'learning_rate': 1.4973714285714286e-05, 'epoch': 0.25}
{'loss': 0.2182, 'learning_rate': 1.4916571428571428e-05, 'epoch': 0.25}
{'loss': 0.1997, 'learning_rate': 1.4859428571428574e-05, 'epoch': 0.26}
{'loss': 0.2433, 'learning_rate': 1.4802285714285716e-05, 'epoch': 0.26}
{'loss': 0.2166, 'learning_rate': 1.4745142857142858e-05, 'epoch': 0.26}
{'loss': 0.2124, 'learning_rate': 1.4688000000000002e-05, 'epoch': 0.27}
{'loss': 0.2274, 'learning_rate': 1.4630857142857145e-05, 'epoch': 0.27}
{'loss': 0.2486, 'learning_rate': 1.4573714285714287e-05, 'epoch': 0.27}
{'loss': 0.2066, 'learning_rate': 1.4516571428571429e-05, 'epoch': 0.27}
{'loss': 0.2424, 'learning_rate': 1.4459428571428573e-05, 'epoch': 0.28}
{'loss': 0.2161, 'learning_rate': 1.4402285714285715e-05, 'epoch': 0.28}
{'loss': 0.1946, 'learning_rate': 1.4345142857142857e-05, 'epoch': 0.28}
{'loss': 0.229, 'learning_rate': 1.4288000000000001e-05, 'epoch': 0.29}
{'loss': 0.23, 'learning_rate': 1.4230857142857143e-05, 'epoch': 0.29}
{'loss': 0.251, 'learning_rate': 1.4173714285714285e-05, 'epoch': 0.29}
{'loss': 0.1996, 'learning_rate': 1.4116571428571431e-05, 'epoch': 0.29}
{'loss': 0.2262, 'learning_rate': 1.4059428571428573e-05, 'epoch': 0.3}
{'loss': 0.2104, 'learning_rate': 1.4002285714285715e-05, 'epoch': 0.3}
{'loss': 0.2136, 'learning_rate': 1.394514285714286e-05, 'epoch': 0.3}
{'loss': 0.2195, 'learning_rate': 1.3888000000000002e-05, 'epoch': 0.31}
{'loss': 0.2106, 'learning_rate': 1.3830857142857144e-05, 'epoch': 0.31}
{'loss': 0.2012, 'learning_rate': 1.3773714285714286e-05, 'epoch': 0.31}
{'loss': 0.2079, 'learning_rate': 1.371657142857143e-05, 'epoch': 0.31}
{'loss': 0.2037, 'learning_rate': 1.3659428571428572e-05, 'epoch': 0.32}
{'loss': 0.1811, 'learning_rate': 1.3602285714285714e-05, 'epoch': 0.32}
{'loss': 0.209, 'learning_rate': 1.3545142857142858e-05, 'epoch': 0.32}
{'loss': 0.2221, 'learning_rate': 1.3488571428571428e-05, 'epoch': 0.33}
{'loss': 0.2056, 'learning_rate': 1.3431428571428574e-05, 'epoch': 0.33}
{'loss': 0.1911, 'learning_rate': 1.3374285714285716e-05, 'epoch': 0.33}
{'loss': 0.2095, 'learning_rate': 1.3317142857142858e-05, 'epoch': 0.33}
{'loss': 0.1903, 'learning_rate': 1.3260000000000002e-05, 'epoch': 0.34}
{'loss': 0.243, 'learning_rate': 1.3202857142857144e-05, 'epoch': 0.34}
{'loss': 0.2223, 'learning_rate': 1.3145714285714286e-05, 'epoch': 0.34}
{'loss': 0.2006, 'learning_rate': 1.308857142857143e-05, 'epoch': 0.35}
{'loss': 0.211, 'learning_rate': 1.3031428571428572e-05, 'epoch': 0.35}
{'loss': 0.201, 'learning_rate': 1.2974285714285714e-05, 'epoch': 0.35}
{'loss': 0.2066, 'learning_rate': 1.291714285714286e-05, 'epoch': 0.35}
{'loss': 0.181, 'learning_rate': 1.286e-05, 'epoch': 0.36}
{'loss': 0.1939, 'learning_rate': 1.2802857142857143e-05, 'epoch': 0.36}
{'loss': 0.2293, 'learning_rate': 1.2745714285714285e-05, 'epoch': 0.36}
{'loss': 0.2043, 'learning_rate': 1.268857142857143e-05, 'epoch': 0.37}
{'loss': 0.2143, 'learning_rate': 1.2631428571428573e-05, 'epoch': 0.37}
{'loss': 0.2191, 'learning_rate': 1.2574285714285715e-05, 'epoch': 0.37}
{'loss': 0.2289, 'learning_rate': 1.2517142857142859e-05, 'epoch': 0.37}
{'loss': 0.1968, 'learning_rate': 1.2460000000000001e-05, 'epoch': 0.38}
{'loss': 0.1999, 'learning_rate': 1.2402857142857143e-05, 'epoch': 0.38}
{'loss': 0.2013, 'learning_rate': 1.2345714285714287e-05, 'epoch': 0.38}
{'loss': 0.2118, 'learning_rate': 1.228857142857143e-05, 'epoch': 0.39}
{'loss': 0.1819, 'learning_rate': 1.2231428571428571e-05, 'epoch': 0.39}
{'loss': 0.2023, 'learning_rate': 1.2174285714285717e-05, 'epoch': 0.39}
{'loss': 0.1978, 'learning_rate': 1.211714285714286e-05, 'epoch': 0.39}
{'loss': 0.1846, 'learning_rate': 1.2060000000000001e-05, 'epoch': 0.4}
{'loss': 0.2124, 'learning_rate': 1.2002857142857142e-05, 'epoch': 0.4}
{'loss': 0.1993, 'learning_rate': 1.1945714285714288e-05, 'epoch': 0.4}
{'loss': 0.2181, 'learning_rate': 1.188857142857143e-05, 'epoch': 0.41}
{'loss': 0.1882, 'learning_rate': 1.1831428571428572e-05, 'epoch': 0.41}
{'loss': 0.2248, 'learning_rate': 1.1774285714285716e-05, 'epoch': 0.41}
{'loss': 0.1983, 'learning_rate': 1.1717142857142858e-05, 'epoch': 0.41}
{'loss': 0.2285, 'learning_rate': 1.166e-05, 'epoch': 0.42}
{'loss': 0.1869, 'learning_rate': 1.1603428571428572e-05, 'epoch': 0.42}
{'loss': 0.2178, 'learning_rate': 1.1546285714285714e-05, 'epoch': 0.42}
{'loss': 0.1778, 'learning_rate': 1.148914285714286e-05, 'epoch': 0.43}
{'loss': 0.238, 'learning_rate': 1.1432000000000002e-05, 'epoch': 0.43}
{'loss': 0.2121, 'learning_rate': 1.1374857142857144e-05, 'epoch': 0.43}
{'loss': 0.2109, 'learning_rate': 1.1317714285714288e-05, 'epoch': 0.43}
{'loss': 0.2141, 'learning_rate': 1.126057142857143e-05, 'epoch': 0.44}
{'loss': 0.1785, 'learning_rate': 1.1203428571428572e-05, 'epoch': 0.44}
{'loss': 0.2251, 'learning_rate': 1.1146285714285716e-05, 'epoch': 0.44}
{'loss': 0.1982, 'learning_rate': 1.1089142857142858e-05, 'epoch': 0.45}
{'loss': 0.188, 'learning_rate': 1.1032e-05, 'epoch': 0.45}
{'loss': 0.2192, 'learning_rate': 1.0974857142857143e-05, 'epoch': 0.45}
{'loss': 0.2178, 'learning_rate': 1.0917714285714287e-05, 'epoch': 0.45}
{'loss': 0.1924, 'learning_rate': 1.0860571428571429e-05, 'epoch': 0.46}
{'loss': 0.1993, 'learning_rate': 1.0803428571428571e-05, 'epoch': 0.46}
{'loss': 0.1924, 'learning_rate': 1.0746285714285716e-05, 'epoch': 0.46}
{'loss': 0.1828, 'learning_rate': 1.0689142857142859e-05, 'epoch': 0.47}
{'loss': 0.1965, 'learning_rate': 1.0632000000000001e-05, 'epoch': 0.47}
{'loss': 0.1886, 'learning_rate': 1.0574857142857145e-05, 'epoch': 0.47}
{'loss': 0.191, 'learning_rate': 1.0517714285714287e-05, 'epoch': 0.47}
{'loss': 0.18, 'learning_rate': 1.0460571428571429e-05, 'epoch': 0.48}
{'loss': 0.212, 'learning_rate': 1.0403428571428573e-05, 'epoch': 0.48}
{'loss': 0.2018, 'learning_rate': 1.0346285714285715e-05, 'epoch': 0.48}
{'loss': 0.2123, 'learning_rate': 1.0289714285714287e-05, 'epoch': 0.49}
{'loss': 0.1862, 'learning_rate': 1.0232571428571429e-05, 'epoch': 0.49}
{'loss': 0.1916, 'learning_rate': 1.0175428571428571e-05, 'epoch': 0.49}
{'loss': 0.195, 'learning_rate': 1.0118285714285717e-05, 'epoch': 0.49}
{'loss': 0.1711, 'learning_rate': 1.0061142857142859e-05, 'epoch': 0.5}
{'loss': 0.2296, 'learning_rate': 1.0004000000000001e-05, 'epoch': 0.5}
{'loss': 0.2051, 'learning_rate': 9.946857142857143e-06, 'epoch': 0.5}
{'loss': 0.1969, 'learning_rate': 9.889714285714287e-06, 'epoch': 0.51}
{'loss': 0.1974, 'learning_rate': 9.83257142857143e-06, 'epoch': 0.51}
{'loss': 0.1984, 'learning_rate': 9.775428571428572e-06, 'epoch': 0.51}
{'loss': 0.197, 'learning_rate': 9.718285714285714e-06, 'epoch': 0.51}
{'loss': 0.2014, 'learning_rate': 9.661142857142858e-06, 'epoch': 0.52}
{'loss': 0.1889, 'learning_rate': 9.604000000000002e-06, 'epoch': 0.52}
{'loss': 0.1722, 'learning_rate': 9.546857142857144e-06, 'epoch': 0.52}
{'loss': 0.1904, 'learning_rate': 9.489714285714286e-06, 'epoch': 0.53}
{'loss': 0.2082, 'learning_rate': 9.43257142857143e-06, 'epoch': 0.53}
{'loss': 0.1946, 'learning_rate': 9.375428571428572e-06, 'epoch': 0.53}
{'loss': 0.1979, 'learning_rate': 9.318285714285716e-06, 'epoch': 0.53}
{'loss': 0.1714, 'learning_rate': 9.261142857142858e-06, 'epoch': 0.54}
{'loss': 0.1953, 'learning_rate': 9.204e-06, 'epoch': 0.54}
{'loss': 0.1911, 'learning_rate': 9.146857142857144e-06, 'epoch': 0.54}
{'loss': 0.1735, 'learning_rate': 9.089714285714286e-06, 'epoch': 0.55}
{'loss': 0.1661, 'learning_rate': 9.03257142857143e-06, 'epoch': 0.55}
{'loss': 0.1944, 'learning_rate': 8.976e-06, 'epoch': 0.55}
{'loss': 0.1961, 'learning_rate': 8.918857142857144e-06, 'epoch': 0.55}
{'loss': 0.1888, 'learning_rate': 8.861714285714286e-06, 'epoch': 0.56}
{'loss': 0.1741, 'learning_rate': 8.804571428571428e-06, 'epoch': 0.56}
{'loss': 0.2001, 'learning_rate': 8.747428571428572e-06, 'epoch': 0.56}
{'loss': 0.1608, 'learning_rate': 8.690285714285716e-06, 'epoch': 0.57}
{'loss': 0.2074, 'learning_rate': 8.633142857142858e-06, 'epoch': 0.57}
{'loss': 0.1889, 'learning_rate': 8.576e-06, 'epoch': 0.57}
{'loss': 0.186, 'learning_rate': 8.518857142857143e-06, 'epoch': 0.57}
{'loss': 0.1956, 'learning_rate': 8.461714285714287e-06, 'epoch': 0.58}
{'loss': 0.1857, 'learning_rate': 8.40457142857143e-06, 'epoch': 0.58}
{'loss': 0.2194, 'learning_rate': 8.347428571428573e-06, 'epoch': 0.58}
{'loss': 0.2176, 'learning_rate': 8.290285714285715e-06, 'epoch': 0.59}
{'loss': 0.2118, 'learning_rate': 8.233142857142857e-06, 'epoch': 0.59}
{'loss': 0.1952, 'learning_rate': 8.176000000000001e-06, 'epoch': 0.59}
{'loss': 0.2139, 'learning_rate': 8.118857142857143e-06, 'epoch': 0.59}
{'loss': 0.179, 'learning_rate': 8.061714285714285e-06, 'epoch': 0.6}
{'loss': 0.1852, 'learning_rate': 8.00457142857143e-06, 'epoch': 0.6}
{'loss': 0.2056, 'learning_rate': 7.947428571428573e-06, 'epoch': 0.6}
{'loss': 0.2008, 'learning_rate': 7.890285714285715e-06, 'epoch': 0.61}
{'loss': 0.1998, 'learning_rate': 7.833142857142858e-06, 'epoch': 0.61}
{'loss': 0.1977, 'learning_rate': 7.776e-06, 'epoch': 0.61}
{'loss': 0.1899, 'learning_rate': 7.718857142857144e-06, 'epoch': 0.61}
{'loss': 0.1966, 'learning_rate': 7.661714285714288e-06, 'epoch': 0.62}
{'loss': 0.1809, 'learning_rate': 7.604571428571429e-06, 'epoch': 0.62}
{'loss': 0.1858, 'learning_rate': 7.547428571428572e-06, 'epoch': 0.62}
{'loss': 0.1894, 'learning_rate': 7.490285714285714e-06, 'epoch': 0.63}
{'loss': 0.2169, 'learning_rate': 7.4337142857142865e-06, 'epoch': 0.63}
{'loss': 0.2216, 'learning_rate': 7.3765714285714295e-06, 'epoch': 0.63}
{'loss': 0.1812, 'learning_rate': 7.319428571428572e-06, 'epoch': 0.63}
{'loss': 0.1868, 'learning_rate': 7.262285714285715e-06, 'epoch': 0.64}
{'loss': 0.2049, 'learning_rate': 7.205142857142857e-06, 'epoch': 0.64}
{'loss': 0.1822, 'learning_rate': 7.148000000000001e-06, 'epoch': 0.64}
{'loss': 0.1908, 'learning_rate': 7.090857142857144e-06, 'epoch': 0.65}
{'loss': 0.1948, 'learning_rate': 7.033714285714286e-06, 'epoch': 0.65}
{'loss': 0.2094, 'learning_rate': 6.976571428571429e-06, 'epoch': 0.65}
{'loss': 0.1884, 'learning_rate': 6.919428571428572e-06, 'epoch': 0.65}
{'loss': 0.1897, 'learning_rate': 6.862285714285714e-06, 'epoch': 0.66}
{'loss': 0.1961, 'learning_rate': 6.805142857142858e-06, 'epoch': 0.66}
{'loss': 0.1777, 'learning_rate': 6.7480000000000004e-06, 'epoch': 0.66}
{'loss': 0.193, 'learning_rate': 6.6908571428571435e-06, 'epoch': 0.67}
{'loss': 0.1764, 'learning_rate': 6.6337142857142865e-06, 'epoch': 0.67}
{'loss': 0.1973, 'learning_rate': 6.576571428571429e-06, 'epoch': 0.67}
{'loss': 0.2019, 'learning_rate': 6.519428571428572e-06, 'epoch': 0.67}
{'loss': 0.1847, 'learning_rate': 6.462285714285714e-06, 'epoch': 0.68}
{'loss': 0.1745, 'learning_rate': 6.405142857142858e-06, 'epoch': 0.68}
{'loss': 0.1893, 'learning_rate': 6.348000000000001e-06, 'epoch': 0.68}
{'loss': 0.2304, 'learning_rate': 6.290857142857143e-06, 'epoch': 0.69}
{'loss': 0.1707, 'learning_rate': 6.233714285714286e-06, 'epoch': 0.69}
{'loss': 0.1916, 'learning_rate': 6.176571428571429e-06, 'epoch': 0.69}
{'loss': 0.1927, 'learning_rate': 6.119428571428571e-06, 'epoch': 0.69}
{'loss': 0.1823, 'learning_rate': 6.062285714285715e-06, 'epoch': 0.7}
{'loss': 0.1892, 'learning_rate': 6.0051428571428574e-06, 'epoch': 0.7}
{'loss': 0.1824, 'learning_rate': 5.9480000000000005e-06, 'epoch': 0.7}
{'loss': 0.196, 'learning_rate': 5.8908571428571435e-06, 'epoch': 0.71}
{'loss': 0.1533, 'learning_rate': 5.833714285714286e-06, 'epoch': 0.71}
{'loss': 0.2198, 'learning_rate': 5.776571428571429e-06, 'epoch': 0.71}
{'loss': 0.2005, 'learning_rate': 5.719428571428573e-06, 'epoch': 0.71}
{'loss': 0.1624, 'learning_rate': 5.662285714285715e-06, 'epoch': 0.72}
{'loss': 0.1818, 'learning_rate': 5.605142857142858e-06, 'epoch': 0.72}
{'loss': 0.1718, 'learning_rate': 5.548e-06, 'epoch': 0.72}
{'loss': 0.1888, 'learning_rate': 5.490857142857143e-06, 'epoch': 0.73}
{'loss': 0.2081, 'learning_rate': 5.433714285714287e-06, 'epoch': 0.73}
{'loss': 0.1796, 'learning_rate': 5.376571428571428e-06, 'epoch': 0.73}
{'loss': 0.1767, 'learning_rate': 5.319428571428572e-06, 'epoch': 0.73}
{'loss': 0.1696, 'learning_rate': 5.2622857142857144e-06, 'epoch': 0.74}
{'loss': 0.1982, 'learning_rate': 5.2051428571428575e-06, 'epoch': 0.74}
{'loss': 0.1818, 'learning_rate': 5.14857142857143e-06, 'epoch': 0.74}
{'loss': 0.17, 'learning_rate': 5.091428571428571e-06, 'epoch': 0.75}
{'loss': 0.1883, 'learning_rate': 5.034285714285715e-06, 'epoch': 0.75}
{'loss': 0.1765, 'learning_rate': 4.977142857142857e-06, 'epoch': 0.75}
{'loss': 0.2014, 'learning_rate': 4.92e-06, 'epoch': 0.75}
{'loss': 0.1963, 'learning_rate': 4.862857142857143e-06, 'epoch': 0.76}
{'loss': 0.1806, 'learning_rate': 4.805714285714286e-06, 'epoch': 0.76}
{'loss': 0.184, 'learning_rate': 4.7485714285714295e-06, 'epoch': 0.76}
{'loss': 0.1938, 'learning_rate': 4.691428571428572e-06, 'epoch': 0.77}
{'loss': 0.1744, 'learning_rate': 4.634285714285715e-06, 'epoch': 0.77}
{'loss': 0.1927, 'learning_rate': 4.577142857142858e-06, 'epoch': 0.77}
{'loss': 0.1529, 'learning_rate': 4.520000000000001e-06, 'epoch': 0.77}
{'loss': 0.1818, 'learning_rate': 4.462857142857143e-06, 'epoch': 0.78}
{'loss': 0.1928, 'learning_rate': 4.405714285714286e-06, 'epoch': 0.78}
{'loss': 0.2046, 'learning_rate': 4.348571428571429e-06, 'epoch': 0.78}
{'loss': 0.177, 'learning_rate': 4.291428571428572e-06, 'epoch': 0.79}
{'loss': 0.2057, 'learning_rate': 4.234285714285714e-06, 'epoch': 0.79}
{'loss': 0.1774, 'learning_rate': 4.177142857142857e-06, 'epoch': 0.79}
{'loss': 0.2096, 'learning_rate': 4.12e-06, 'epoch': 0.79}
{'loss': 0.1937, 'learning_rate': 4.062857142857143e-06, 'epoch': 0.8}
{'loss': 0.169, 'learning_rate': 4.006285714285715e-06, 'epoch': 0.8}
{'loss': 0.1916, 'learning_rate': 3.949142857142857e-06, 'epoch': 0.8}
{'loss': 0.1817, 'learning_rate': 3.892e-06, 'epoch': 0.81}
{'loss': 0.1946, 'learning_rate': 3.834857142857143e-06, 'epoch': 0.81}
{'loss': 0.1872, 'learning_rate': 3.7777142857142863e-06, 'epoch': 0.81}
{'loss': 0.1591, 'learning_rate': 3.720571428571429e-06, 'epoch': 0.81}
{'loss': 0.1848, 'learning_rate': 3.6634285714285715e-06, 'epoch': 0.82}
{'loss': 0.1879, 'learning_rate': 3.6062857142857145e-06, 'epoch': 0.82}
{'loss': 0.1914, 'learning_rate': 3.5491428571428576e-06, 'epoch': 0.82}
{'loss': 0.162, 'learning_rate': 3.492e-06, 'epoch': 0.83}
{'loss': 0.178, 'learning_rate': 3.4348571428571432e-06, 'epoch': 0.83}
{'loss': 0.2016, 'learning_rate': 3.377714285714286e-06, 'epoch': 0.83}
{'loss': 0.1897, 'learning_rate': 3.3205714285714293e-06, 'epoch': 0.83}
{'loss': 0.1696, 'learning_rate': 3.263428571428572e-06, 'epoch': 0.84}
{'loss': 0.1627, 'learning_rate': 3.2062857142857146e-06, 'epoch': 0.84}
{'loss': 0.1889, 'learning_rate': 3.149142857142857e-06, 'epoch': 0.84}
{'loss': 0.1906, 'learning_rate': 3.092e-06, 'epoch': 0.85}
{'loss': 0.1881, 'learning_rate': 3.0348571428571433e-06, 'epoch': 0.85}
{'loss': 0.1587, 'learning_rate': 2.977714285714286e-06, 'epoch': 0.85}
{'loss': 0.1678, 'learning_rate': 2.920571428571429e-06, 'epoch': 0.85}
{'loss': 0.1979, 'learning_rate': 2.864e-06, 'epoch': 0.86}
{'loss': 0.1861, 'learning_rate': 2.8068571428571426e-06, 'epoch': 0.86}
{'loss': 0.2, 'learning_rate': 2.749714285714286e-06, 'epoch': 0.86}
{'loss': 0.194, 'learning_rate': 2.6925714285714287e-06, 'epoch': 0.87}
{'loss': 0.1815, 'learning_rate': 2.6354285714285718e-06, 'epoch': 0.87}
{'loss': 0.1875, 'learning_rate': 2.5782857142857144e-06, 'epoch': 0.87}
{'loss': 0.2047, 'learning_rate': 2.5211428571428574e-06, 'epoch': 0.87}
{'loss': 0.1664, 'learning_rate': 2.4640000000000005e-06, 'epoch': 0.88}
{'loss': 0.1677, 'learning_rate': 2.406857142857143e-06, 'epoch': 0.88}
{'loss': 0.1966, 'learning_rate': 2.349714285714286e-06, 'epoch': 0.88}
{'loss': 0.1946, 'learning_rate': 2.2925714285714287e-06, 'epoch': 0.89}
{'loss': 0.1933, 'learning_rate': 2.2354285714285718e-06, 'epoch': 0.89}
{'loss': 0.1882, 'learning_rate': 2.1782857142857144e-06, 'epoch': 0.89}
{'loss': 0.178, 'learning_rate': 2.1211428571428574e-06, 'epoch': 0.89}
{'loss': 0.1512, 'learning_rate': 2.064e-06, 'epoch': 0.9}
{'loss': 0.1995, 'learning_rate': 2.006857142857143e-06, 'epoch': 0.9}
{'loss': 0.1592, 'learning_rate': 1.9497142857142857e-06, 'epoch': 0.9}
{'loss': 0.209, 'learning_rate': 1.8925714285714285e-06, 'epoch': 0.91}
{'loss': 0.1805, 'learning_rate': 1.8354285714285716e-06, 'epoch': 0.91}
{'loss': 0.1775, 'learning_rate': 1.7782857142857144e-06, 'epoch': 0.91}
{'loss': 0.2011, 'learning_rate': 1.7211428571428572e-06, 'epoch': 0.91}
{'loss': 0.2006, 'learning_rate': 1.664e-06, 'epoch': 0.92}
{'loss': 0.1723, 'learning_rate': 1.6068571428571431e-06, 'epoch': 0.92}
{'loss': 0.1463, 'learning_rate': 1.5497142857142857e-06, 'epoch': 0.92}
{'loss': 0.1856, 'learning_rate': 1.4925714285714288e-06, 'epoch': 0.93}
{'loss': 0.1941, 'learning_rate': 1.4354285714285716e-06, 'epoch': 0.93}
{'loss': 0.2065, 'learning_rate': 1.3782857142857144e-06, 'epoch': 0.93}
{'loss': 0.186, 'learning_rate': 1.3211428571428573e-06, 'epoch': 0.93}
{'loss': 0.1666, 'learning_rate': 1.2640000000000003e-06, 'epoch': 0.94}
{'loss': 0.1822, 'learning_rate': 1.206857142857143e-06, 'epoch': 0.94}
{'loss': 0.177, 'learning_rate': 1.1497142857142858e-06, 'epoch': 0.94}
{'loss': 0.1712, 'learning_rate': 1.0925714285714286e-06, 'epoch': 0.95}
{'loss': 0.2005, 'learning_rate': 1.0354285714285716e-06, 'epoch': 0.95}
{'loss': 0.1925, 'learning_rate': 9.782857142857145e-07, 'epoch': 0.95}
{'loss': 0.1745, 'learning_rate': 9.211428571428573e-07, 'epoch': 0.95}
{'loss': 0.1722, 'learning_rate': 8.640000000000001e-07, 'epoch': 0.96}
{'loss': 0.1756, 'learning_rate': 8.068571428571429e-07, 'epoch': 0.96}
{'loss': 0.1742, 'learning_rate': 7.497142857142859e-07, 'epoch': 0.96}
{'loss': 0.1866, 'learning_rate': 6.925714285714286e-07, 'epoch': 0.97}
{'loss': 0.168, 'learning_rate': 6.354285714285714e-07, 'epoch': 0.97}
{'loss': 0.1739, 'learning_rate': 5.788571428571429e-07, 'epoch': 0.97}
{'loss': 0.1951, 'learning_rate': 5.217142857142858e-07, 'epoch': 0.97}
{'loss': 0.174, 'learning_rate': 4.645714285714286e-07, 'epoch': 0.98}
{'loss': 0.1481, 'learning_rate': 4.0742857142857145e-07, 'epoch': 0.98}
{'loss': 0.1616, 'learning_rate': 3.5028571428571434e-07, 'epoch': 0.98}
{'loss': 0.1888, 'learning_rate': 2.9314285714285717e-07, 'epoch': 0.99}
{'loss': 0.1666, 'learning_rate': 2.3600000000000002e-07, 'epoch': 0.99}
{'loss': 0.1643, 'learning_rate': 1.7885714285714288e-07, 'epoch': 0.99}
{'loss': 0.1844, 'learning_rate': 1.217142857142857e-07, 'epoch': 0.99}
{'loss': 0.1644, 'learning_rate': 6.457142857142858e-08, 'epoch': 1.0}
{'loss': 0.195, 'learning_rate': 7.428571428571429e-09, 'epoch': 1.0}
{'eval_loss': 0.17293503880500793, 'eval_accuracy': 0.9375526315789474, 'eval_f1': 0.9375499069125244, 'eval_runtime': 139.2111, 'eval_samples_per_second': 272.967, 'eval_steps_per_second': 17.06, 'epoch': 1.0}
{'train_runtime': 3554.2087, 'train_samples_per_second': 157.56, 'train_steps_per_second': 9.847, 'train_loss': 0.21074355117252894, 'epoch': 1.0}
Fine-tuning finished. Fine-tuning time: 3554.23 seconds.
Evaluating the fine-tuned model on Yelp test set...
Accuracy on Yelp after fine-tuning: 0.9376
F1-score on Yelp after fine-tuning: 0.9375
Inference time (Yelp batch): 0.78 ms/example
GPU memory consumption: 7.10 GB

Results table for Yelp fine-tuning evaluation:
| Model                         | Accuracy (Yelp) | F1-score (Yelp) | Inference Time (ms) | Memory (GB) | Fine-tuning Time (s) |
|-------------------------------|-----------------|-----------------|---------------------|-------------|----------------------|
| RoBERTa-384-embedding (fine-tuned) | 0.9376          | 0.9375          | 0.78          | 7.10       | 3554.23         |
