Starting training...
{'loss': 0.4594, 'learning_rate': 4.8944337811900195e-05, 'epoch': 0.06}
{'loss': 0.299, 'learning_rate': 4.7878012369375135e-05, 'epoch': 0.13}
{'loss': 0.2812, 'learning_rate': 4.682235018127533e-05, 'epoch': 0.19}
{'loss': 0.2809, 'learning_rate': 4.575602473875027e-05, 'epoch': 0.26}
{'loss': 0.297, 'learning_rate': 4.4689699296225213e-05, 'epoch': 0.32}
{'loss': 0.262, 'learning_rate': 4.362337385370015e-05, 'epoch': 0.38}
{'loss': 0.2618, 'learning_rate': 4.255704841117509e-05, 'epoch': 0.45}
{'loss': 0.2663, 'learning_rate': 4.149072296865004e-05, 'epoch': 0.51}
{'loss': 0.2399, 'learning_rate': 4.042439752612497e-05, 'epoch': 0.58}
{'loss': 0.2787, 'learning_rate': 3.935807208359992e-05, 'epoch': 0.64}
{'loss': 0.2339, 'learning_rate': 3.829174664107486e-05, 'epoch': 0.7}
{'loss': 0.2244, 'learning_rate': 3.72254211985498e-05, 'epoch': 0.77}
{'loss': 0.2468, 'learning_rate': 3.615909575602474e-05, 'epoch': 0.83}
{'loss': 0.224, 'learning_rate': 3.509277031349968e-05, 'epoch': 0.9}
{'loss': 0.2304, 'learning_rate': 3.402644487097462e-05, 'epoch': 0.96}
{'eval_loss': 0.2171500027179718, 'eval_accuracy': 0.91608, 'eval_f1': 0.9158279654951982, 'eval_runtime': 196.8823, 'eval_samples_per_second': 126.979, 'eval_steps_per_second': 7.939, 'epoch': 1.0}
{'loss': 0.201, 'learning_rate': 3.296011942844957e-05, 'epoch': 1.02}
{'loss': 0.1358, 'learning_rate': 3.189379398592451e-05, 'epoch': 1.09}
{'loss': 0.1094, 'learning_rate': 3.082746854339945e-05, 'epoch': 1.15}
{'loss': 0.1766, 'learning_rate': 2.976114310087439e-05, 'epoch': 1.22}
{'loss': 0.1244, 'learning_rate': 2.8694817658349333e-05, 'epoch': 1.28}
{'loss': 0.1546, 'learning_rate': 2.762849221582427e-05, 'epoch': 1.34}
{'loss': 0.1433, 'learning_rate': 2.6562166773299212e-05, 'epoch': 1.41}
{'loss': 0.1477, 'learning_rate': 2.5495841330774155e-05, 'epoch': 1.47}
{'loss': 0.1076, 'learning_rate': 2.4429515888249094e-05, 'epoch': 1.54}
{'loss': 0.1303, 'learning_rate': 2.3373853700149287e-05, 'epoch': 1.6}
{'loss': 0.1198, 'learning_rate': 2.2307528257624227e-05, 'epoch': 1.66}
{'loss': 0.1132, 'learning_rate': 2.124120281509917e-05, 'epoch': 1.73}
{'loss': 0.1677, 'learning_rate': 2.0185540626999362e-05, 'epoch': 1.79}
{'loss': 0.1375, 'learning_rate': 1.9119215184474302e-05, 'epoch': 1.86}
{'loss': 0.1289, 'learning_rate': 1.8052889741949245e-05, 'epoch': 1.92}
{'loss': 0.1156, 'learning_rate': 1.6986564299424184e-05, 'epoch': 1.98}
{'eval_loss': 0.25686153769493103, 'eval_accuracy': 0.93272, 'eval_f1': 0.9326758784637099, 'eval_runtime': 196.9062, 'eval_samples_per_second': 126.964, 'eval_steps_per_second': 7.938, 'epoch': 2.0}
{'loss': 0.0744, 'learning_rate': 1.5920238856899124e-05, 'epoch': 2.05}
{'loss': 0.0649, 'learning_rate': 1.4853913414374068e-05, 'epoch': 2.11}
{'loss': 0.0434, 'learning_rate': 1.3787587971849008e-05, 'epoch': 2.18}
{'loss': 0.0471, 'learning_rate': 1.2721262529323949e-05, 'epoch': 2.24}
{'loss': 0.0928, 'learning_rate': 1.1654937086798892e-05, 'epoch': 2.3}
{'loss': 0.048, 'learning_rate': 1.0588611644273833e-05, 'epoch': 2.37}
{'loss': 0.0469, 'learning_rate': 9.522286201748774e-06, 'epoch': 2.43}
{'loss': 0.0447, 'learning_rate': 8.455960759223715e-06, 'epoch': 2.5}
{'loss': 0.0681, 'learning_rate': 7.389635316698657e-06, 'epoch': 2.56}
{'loss': 0.0436, 'learning_rate': 6.323309874173599e-06, 'epoch': 2.62}
{'loss': 0.0596, 'learning_rate': 5.256984431648539e-06, 'epoch': 2.69}
{'loss': 0.0363, 'learning_rate': 4.19065898912348e-06, 'epoch': 2.75}
{'loss': 0.0496, 'learning_rate': 3.124333546598422e-06, 'epoch': 2.82}
{'loss': 0.0495, 'learning_rate': 2.0580081040733634e-06, 'epoch': 2.88}
{'loss': 0.0523, 'learning_rate': 9.916826615483046e-07, 'epoch': 2.94}
{'eval_loss': 0.28680408000946045, 'eval_accuracy': 0.94004, 'eval_f1': 0.9400394012574452, 'eval_runtime': 197.1063, 'eval_samples_per_second': 126.835, 'eval_steps_per_second': 7.93, 'epoch': 3.0}
{'train_runtime': 1187.2061, 'train_samples_per_second': 63.174, 'train_steps_per_second': 3.95, 'train_loss': 0.15272796736213032, 'epoch': 3.0}
Training finished. Training time: 1187.78 seconds.
Evaluating the model...
Accuracy: 0.9161
F1-score: 0.9158
Inference time: 0.84 ms/example
GPU memory consumption: 9.45 GB
| Model         | Accuracy | F1-score | Inference Time (ms) | Memory (GB) | Training Time (s) |
|---------------|----------|----------|---------------------|-------------|-------------------|
| BERT-base     | 0.9161   | 0.9158   | 0.84               | 9.45         | 1187.78         |

Starting fine-tuning on Yelp Polarity...
{'loss': 0.1942, 'learning_rate': 1.9943428571428575e-05, 'epoch': 0.0}
{'loss': 0.1863, 'learning_rate': 1.9886285714285715e-05, 'epoch': 0.01}
{'loss': 0.1785, 'learning_rate': 1.982914285714286e-05, 'epoch': 0.01}
{'loss': 0.1366, 'learning_rate': 1.977257142857143e-05, 'epoch': 0.01}
{'loss': 0.1631, 'learning_rate': 1.9715428571428573e-05, 'epoch': 0.01}
{'loss': 0.1405, 'learning_rate': 1.9658285714285717e-05, 'epoch': 0.02}
{'loss': 0.145, 'learning_rate': 1.9601142857142857e-05, 'epoch': 0.02}
{'loss': 0.1284, 'learning_rate': 1.9544e-05, 'epoch': 0.02}
{'loss': 0.1804, 'learning_rate': 1.9486857142857145e-05, 'epoch': 0.03}
{'loss': 0.1641, 'learning_rate': 1.9429714285714286e-05, 'epoch': 0.03}
{'loss': 0.111, 'learning_rate': 1.937257142857143e-05, 'epoch': 0.03}
{'loss': 0.1369, 'learning_rate': 1.9315428571428573e-05, 'epoch': 0.03}
{'loss': 0.1363, 'learning_rate': 1.9258285714285717e-05, 'epoch': 0.04}
{'loss': 0.1103, 'learning_rate': 1.9201142857142858e-05, 'epoch': 0.04}
{'loss': 0.1416, 'learning_rate': 1.9144000000000002e-05, 'epoch': 0.04}
{'loss': 0.1357, 'learning_rate': 1.9086857142857146e-05, 'epoch': 0.05}
{'loss': 0.1374, 'learning_rate': 1.9029714285714286e-05, 'epoch': 0.05}
{'loss': 0.1351, 'learning_rate': 1.897257142857143e-05, 'epoch': 0.05}
{'loss': 0.1335, 'learning_rate': 1.8915428571428574e-05, 'epoch': 0.05}
{'loss': 0.1415, 'learning_rate': 1.8858285714285714e-05, 'epoch': 0.06}
{'loss': 0.1605, 'learning_rate': 1.8801142857142858e-05, 'epoch': 0.06}
{'loss': 0.1241, 'learning_rate': 1.8744000000000002e-05, 'epoch': 0.06}
{'loss': 0.1245, 'learning_rate': 1.8686857142857146e-05, 'epoch': 0.07}
{'loss': 0.1264, 'learning_rate': 1.8629714285714287e-05, 'epoch': 0.07}
{'loss': 0.1111, 'learning_rate': 1.857257142857143e-05, 'epoch': 0.07}
{'loss': 0.1283, 'learning_rate': 1.8515428571428574e-05, 'epoch': 0.07}
{'loss': 0.1331, 'learning_rate': 1.8458285714285715e-05, 'epoch': 0.08}
{'loss': 0.1172, 'learning_rate': 1.840114285714286e-05, 'epoch': 0.08}
{'loss': 0.1219, 'learning_rate': 1.8344000000000003e-05, 'epoch': 0.08}
{'loss': 0.1289, 'learning_rate': 1.8286857142857143e-05, 'epoch': 0.09}
{'loss': 0.1274, 'learning_rate': 1.8229714285714287e-05, 'epoch': 0.09}
{'loss': 0.1168, 'learning_rate': 1.817257142857143e-05, 'epoch': 0.09}
{'loss': 0.1179, 'learning_rate': 1.811542857142857e-05, 'epoch': 0.09}
{'loss': 0.1179, 'learning_rate': 1.8058285714285715e-05, 'epoch': 0.1}
{'loss': 0.1108, 'learning_rate': 1.800114285714286e-05, 'epoch': 0.1}
{'loss': 0.1363, 'learning_rate': 1.7944000000000003e-05, 'epoch': 0.1}
{'loss': 0.128, 'learning_rate': 1.7886857142857144e-05, 'epoch': 0.11}
{'loss': 0.1213, 'learning_rate': 1.7829714285714287e-05, 'epoch': 0.11}
{'loss': 0.1199, 'learning_rate': 1.777257142857143e-05, 'epoch': 0.11}
{'loss': 0.0934, 'learning_rate': 1.7715428571428572e-05, 'epoch': 0.11}
{'loss': 0.1284, 'learning_rate': 1.7658285714285716e-05, 'epoch': 0.12}
{'loss': 0.1281, 'learning_rate': 1.760114285714286e-05, 'epoch': 0.12}
{'loss': 0.1356, 'learning_rate': 1.7544e-05, 'epoch': 0.12}
{'loss': 0.1242, 'learning_rate': 1.7487428571428573e-05, 'epoch': 0.13}
{'loss': 0.1303, 'learning_rate': 1.7430285714285714e-05, 'epoch': 0.13}
{'loss': 0.1113, 'learning_rate': 1.737314285714286e-05, 'epoch': 0.13}
{'loss': 0.1207, 'learning_rate': 1.7316e-05, 'epoch': 0.13}
{'loss': 0.1103, 'learning_rate': 1.7258857142857145e-05, 'epoch': 0.14}
{'loss': 0.074, 'learning_rate': 1.7201714285714286e-05, 'epoch': 0.14}
{'loss': 0.1306, 'learning_rate': 1.714457142857143e-05, 'epoch': 0.14}
{'loss': 0.1208, 'learning_rate': 1.7088000000000003e-05, 'epoch': 0.15}
{'loss': 0.1293, 'learning_rate': 1.7030857142857144e-05, 'epoch': 0.15}
{'loss': 0.1395, 'learning_rate': 1.6973714285714287e-05, 'epoch': 0.15}
{'loss': 0.1053, 'learning_rate': 1.6916571428571428e-05, 'epoch': 0.15}
{'loss': 0.1164, 'learning_rate': 1.6859428571428572e-05, 'epoch': 0.16}
{'loss': 0.1293, 'learning_rate': 1.6802285714285716e-05, 'epoch': 0.16}
{'loss': 0.1322, 'learning_rate': 1.6745142857142856e-05, 'epoch': 0.16}
{'loss': 0.0913, 'learning_rate': 1.6688000000000004e-05, 'epoch': 0.17}
{'loss': 0.1554, 'learning_rate': 1.6630857142857144e-05, 'epoch': 0.17}
{'loss': 0.1161, 'learning_rate': 1.6573714285714288e-05, 'epoch': 0.17}
{'loss': 0.1114, 'learning_rate': 1.6516571428571432e-05, 'epoch': 0.17}
{'loss': 0.1104, 'learning_rate': 1.6459428571428572e-05, 'epoch': 0.18}
{'loss': 0.1127, 'learning_rate': 1.6402285714285716e-05, 'epoch': 0.18}
{'loss': 0.1139, 'learning_rate': 1.634514285714286e-05, 'epoch': 0.18}
{'loss': 0.1176, 'learning_rate': 1.6288e-05, 'epoch': 0.19}
{'loss': 0.0942, 'learning_rate': 1.6230857142857144e-05, 'epoch': 0.19}
{'loss': 0.1125, 'learning_rate': 1.617371428571429e-05, 'epoch': 0.19}
{'loss': 0.1112, 'learning_rate': 1.611657142857143e-05, 'epoch': 0.19}
{'loss': 0.0973, 'learning_rate': 1.6059428571428573e-05, 'epoch': 0.2}
{'loss': 0.1088, 'learning_rate': 1.6002285714285713e-05, 'epoch': 0.2}
{'loss': 0.0993, 'learning_rate': 1.5945714285714286e-05, 'epoch': 0.2}
{'loss': 0.145, 'learning_rate': 1.588857142857143e-05, 'epoch': 0.21}
{'loss': 0.0921, 'learning_rate': 1.5831428571428574e-05, 'epoch': 0.21}
{'loss': 0.1033, 'learning_rate': 1.5774285714285715e-05, 'epoch': 0.21}
{'loss': 0.1157, 'learning_rate': 1.571714285714286e-05, 'epoch': 0.21}
{'loss': 0.1098, 'learning_rate': 1.5660000000000003e-05, 'epoch': 0.22}
{'loss': 0.1082, 'learning_rate': 1.5602857142857143e-05, 'epoch': 0.22}
{'loss': 0.1083, 'learning_rate': 1.5545714285714287e-05, 'epoch': 0.22}
{'loss': 0.123, 'learning_rate': 1.548857142857143e-05, 'epoch': 0.23}
{'loss': 0.1062, 'learning_rate': 1.543142857142857e-05, 'epoch': 0.23}
{'loss': 0.1056, 'learning_rate': 1.5374285714285715e-05, 'epoch': 0.23}
{'loss': 0.1357, 'learning_rate': 1.531714285714286e-05, 'epoch': 0.23}
{'loss': 0.0961, 'learning_rate': 1.5260000000000003e-05, 'epoch': 0.24}
{'loss': 0.0932, 'learning_rate': 1.5202857142857143e-05, 'epoch': 0.24}
{'loss': 0.1312, 'learning_rate': 1.5145714285714287e-05, 'epoch': 0.24}
{'loss': 0.1048, 'learning_rate': 1.508857142857143e-05, 'epoch': 0.25}
{'loss': 0.1179, 'learning_rate': 1.5031428571428572e-05, 'epoch': 0.25}
{'loss': 0.1081, 'learning_rate': 1.4974285714285714e-05, 'epoch': 0.25}
{'loss': 0.0901, 'learning_rate': 1.491714285714286e-05, 'epoch': 0.25}
{'loss': 0.1, 'learning_rate': 1.4860000000000002e-05, 'epoch': 0.26}
{'loss': 0.1215, 'learning_rate': 1.4802857142857144e-05, 'epoch': 0.26}
{'loss': 0.1188, 'learning_rate': 1.4745714285714288e-05, 'epoch': 0.26}
{'loss': 0.0901, 'learning_rate': 1.468857142857143e-05, 'epoch': 0.27}
{'loss': 0.1261, 'learning_rate': 1.4631428571428572e-05, 'epoch': 0.27}
{'loss': 0.1187, 'learning_rate': 1.4574285714285716e-05, 'epoch': 0.27}
{'loss': 0.0803, 'learning_rate': 1.4517142857142858e-05, 'epoch': 0.27}
{'loss': 0.0871, 'learning_rate': 1.446e-05, 'epoch': 0.28}
{'loss': 0.1032, 'learning_rate': 1.4403428571428572e-05, 'epoch': 0.28}
{'loss': 0.1086, 'learning_rate': 1.4346285714285714e-05, 'epoch': 0.28}
{'loss': 0.1069, 'learning_rate': 1.428914285714286e-05, 'epoch': 0.29}
{'loss': 0.1154, 'learning_rate': 1.4232000000000002e-05, 'epoch': 0.29}
{'loss': 0.1144, 'learning_rate': 1.4174857142857144e-05, 'epoch': 0.29}
{'loss': 0.0907, 'learning_rate': 1.4117714285714288e-05, 'epoch': 0.29}
{'loss': 0.103, 'learning_rate': 1.406057142857143e-05, 'epoch': 0.3}
{'loss': 0.1177, 'learning_rate': 1.4003428571428572e-05, 'epoch': 0.3}
{'loss': 0.105, 'learning_rate': 1.3946285714285715e-05, 'epoch': 0.3}
{'loss': 0.1144, 'learning_rate': 1.3889142857142859e-05, 'epoch': 0.31}
{'loss': 0.114, 'learning_rate': 1.3832e-05, 'epoch': 0.31}
{'loss': 0.0916, 'learning_rate': 1.3774857142857143e-05, 'epoch': 0.31}
{'loss': 0.1006, 'learning_rate': 1.3717714285714287e-05, 'epoch': 0.31}
{'loss': 0.1056, 'learning_rate': 1.3660571428571429e-05, 'epoch': 0.32}
{'loss': 0.0927, 'learning_rate': 1.3603428571428571e-05, 'epoch': 0.32}
{'loss': 0.113, 'learning_rate': 1.3546285714285717e-05, 'epoch': 0.32}
{'loss': 0.1082, 'learning_rate': 1.3489142857142859e-05, 'epoch': 0.33}
{'loss': 0.116, 'learning_rate': 1.3432000000000001e-05, 'epoch': 0.33}
{'loss': 0.0869, 'learning_rate': 1.3374857142857145e-05, 'epoch': 0.33}
{'loss': 0.1045, 'learning_rate': 1.3317714285714287e-05, 'epoch': 0.33}
{'loss': 0.0901, 'learning_rate': 1.326057142857143e-05, 'epoch': 0.34}
{'loss': 0.1032, 'learning_rate': 1.3203428571428572e-05, 'epoch': 0.34}
{'loss': 0.1115, 'learning_rate': 1.3146857142857143e-05, 'epoch': 0.34}
{'loss': 0.1019, 'learning_rate': 1.3089714285714287e-05, 'epoch': 0.35}
{'loss': 0.1029, 'learning_rate': 1.303257142857143e-05, 'epoch': 0.35}
{'loss': 0.0875, 'learning_rate': 1.2975428571428571e-05, 'epoch': 0.35}
{'loss': 0.1074, 'learning_rate': 1.2918285714285714e-05, 'epoch': 0.35}
{'loss': 0.0752, 'learning_rate': 1.286114285714286e-05, 'epoch': 0.36}
{'loss': 0.1118, 'learning_rate': 1.2804000000000001e-05, 'epoch': 0.36}
{'loss': 0.1139, 'learning_rate': 1.2746857142857144e-05, 'epoch': 0.36}
{'loss': 0.1014, 'learning_rate': 1.2689714285714287e-05, 'epoch': 0.37}
{'loss': 0.1004, 'learning_rate': 1.263257142857143e-05, 'epoch': 0.37}
{'loss': 0.1226, 'learning_rate': 1.2575428571428572e-05, 'epoch': 0.37}
{'loss': 0.0849, 'learning_rate': 1.2518285714285716e-05, 'epoch': 0.37}
{'loss': 0.1104, 'learning_rate': 1.2461142857142858e-05, 'epoch': 0.38}
{'loss': 0.0955, 'learning_rate': 1.2404e-05, 'epoch': 0.38}
{'loss': 0.1186, 'learning_rate': 1.2346857142857144e-05, 'epoch': 0.38}
{'loss': 0.1207, 'learning_rate': 1.2289714285714286e-05, 'epoch': 0.39}
{'loss': 0.1189, 'learning_rate': 1.2232571428571428e-05, 'epoch': 0.39}
{'loss': 0.104, 'learning_rate': 1.217542857142857e-05, 'epoch': 0.39}
{'loss': 0.078, 'learning_rate': 1.2118285714285716e-05, 'epoch': 0.39}
{'loss': 0.0899, 'learning_rate': 1.2061142857142858e-05, 'epoch': 0.4}
{'loss': 0.1098, 'learning_rate': 1.2004e-05, 'epoch': 0.4}
{'loss': 0.0789, 'learning_rate': 1.1946857142857144e-05, 'epoch': 0.4}
{'loss': 0.1025, 'learning_rate': 1.1889714285714287e-05, 'epoch': 0.41}
{'loss': 0.1042, 'learning_rate': 1.1832571428571429e-05, 'epoch': 0.41}
{'loss': 0.1022, 'learning_rate': 1.1775428571428573e-05, 'epoch': 0.41}
{'loss': 0.1065, 'learning_rate': 1.1718285714285715e-05, 'epoch': 0.41}
{'loss': 0.1032, 'learning_rate': 1.1661714285714286e-05, 'epoch': 0.42}
{'loss': 0.0875, 'learning_rate': 1.1604571428571429e-05, 'epoch': 0.42}
{'loss': 0.1071, 'learning_rate': 1.1547428571428571e-05, 'epoch': 0.42}
{'loss': 0.0893, 'learning_rate': 1.1490285714285716e-05, 'epoch': 0.43}
{'loss': 0.094, 'learning_rate': 1.1433142857142859e-05, 'epoch': 0.43}
{'loss': 0.1206, 'learning_rate': 1.1376000000000001e-05, 'epoch': 0.43}
{'loss': 0.0975, 'learning_rate': 1.1318857142857145e-05, 'epoch': 0.43}
{'loss': 0.1088, 'learning_rate': 1.1261714285714287e-05, 'epoch': 0.44}
{'loss': 0.1021, 'learning_rate': 1.1204571428571429e-05, 'epoch': 0.44}
{'loss': 0.0932, 'learning_rate': 1.1147428571428571e-05, 'epoch': 0.44}
{'loss': 0.1016, 'learning_rate': 1.1090285714285715e-05, 'epoch': 0.45}
{'loss': 0.0811, 'learning_rate': 1.1033142857142857e-05, 'epoch': 0.45}
{'loss': 0.1138, 'learning_rate': 1.0976e-05, 'epoch': 0.45}
{'loss': 0.117, 'learning_rate': 1.0918857142857145e-05, 'epoch': 0.45}
{'loss': 0.0767, 'learning_rate': 1.0861714285714287e-05, 'epoch': 0.46}
{'loss': 0.1083, 'learning_rate': 1.0804571428571428e-05, 'epoch': 0.46}
{'loss': 0.0904, 'learning_rate': 1.0747428571428573e-05, 'epoch': 0.46}
{'loss': 0.087, 'learning_rate': 1.0690285714285716e-05, 'epoch': 0.47}
{'loss': 0.0984, 'learning_rate': 1.0633142857142858e-05, 'epoch': 0.47}
{'loss': 0.103, 'learning_rate': 1.0576000000000002e-05, 'epoch': 0.47}
{'loss': 0.0959, 'learning_rate': 1.0518857142857144e-05, 'epoch': 0.47}
{'loss': 0.0882, 'learning_rate': 1.0461714285714286e-05, 'epoch': 0.48}
{'loss': 0.1038, 'learning_rate': 1.0404571428571428e-05, 'epoch': 0.48}
{'loss': 0.099, 'learning_rate': 1.0347428571428572e-05, 'epoch': 0.48}
{'loss': 0.0942, 'learning_rate': 1.0290285714285714e-05, 'epoch': 0.49}
{'loss': 0.0822, 'learning_rate': 1.0233142857142857e-05, 'epoch': 0.49}
{'loss': 0.0974, 'learning_rate': 1.0176000000000002e-05, 'epoch': 0.49}
{'loss': 0.0766, 'learning_rate': 1.0118857142857144e-05, 'epoch': 0.49}
{'loss': 0.0904, 'learning_rate': 1.0061714285714287e-05, 'epoch': 0.5}
{'loss': 0.105, 'learning_rate': 1.000457142857143e-05, 'epoch': 0.5}
{'loss': 0.0942, 'learning_rate': 9.947428571428573e-06, 'epoch': 0.5}
{'loss': 0.0781, 'learning_rate': 9.890857142857142e-06, 'epoch': 0.51}
{'loss': 0.1073, 'learning_rate': 9.833714285714286e-06, 'epoch': 0.51}
{'loss': 0.102, 'learning_rate': 9.77657142857143e-06, 'epoch': 0.51}
{'loss': 0.0829, 'learning_rate': 9.719428571428572e-06, 'epoch': 0.51}
{'loss': 0.0914, 'learning_rate': 9.662285714285715e-06, 'epoch': 0.52}
{'loss': 0.0856, 'learning_rate': 9.605142857142859e-06, 'epoch': 0.52}
{'loss': 0.0726, 'learning_rate': 9.548e-06, 'epoch': 0.52}
{'loss': 0.1144, 'learning_rate': 9.490857142857145e-06, 'epoch': 0.53}
{'loss': 0.0853, 'learning_rate': 9.433714285714287e-06, 'epoch': 0.53}
{'loss': 0.0834, 'learning_rate': 9.376571428571429e-06, 'epoch': 0.53}
{'loss': 0.0885, 'learning_rate': 9.319428571428573e-06, 'epoch': 0.53}
{'loss': 0.0906, 'learning_rate': 9.262285714285715e-06, 'epoch': 0.54}
{'loss': 0.0973, 'learning_rate': 9.205142857142857e-06, 'epoch': 0.54}
{'loss': 0.0984, 'learning_rate': 9.148e-06, 'epoch': 0.54}
{'loss': 0.0921, 'learning_rate': 9.090857142857143e-06, 'epoch': 0.55}
{'loss': 0.0796, 'learning_rate': 9.033714285714287e-06, 'epoch': 0.55}
{'loss': 0.1059, 'learning_rate': 8.97657142857143e-06, 'epoch': 0.55}
{'loss': 0.1015, 'learning_rate': 8.919428571428572e-06, 'epoch': 0.55}
{'loss': 0.0876, 'learning_rate': 8.862285714285716e-06, 'epoch': 0.56}
{'loss': 0.0986, 'learning_rate': 8.805142857142858e-06, 'epoch': 0.56}
{'loss': 0.0938, 'learning_rate': 8.748000000000002e-06, 'epoch': 0.56}
{'loss': 0.072, 'learning_rate': 8.690857142857144e-06, 'epoch': 0.57}
{'loss': 0.1065, 'learning_rate': 8.633714285714286e-06, 'epoch': 0.57}
{'loss': 0.0894, 'learning_rate': 8.57657142857143e-06, 'epoch': 0.57}
{'loss': 0.0903, 'learning_rate': 8.52e-06, 'epoch': 0.57}
{'loss': 0.0889, 'learning_rate': 8.462857142857144e-06, 'epoch': 0.58}
{'loss': 0.0869, 'learning_rate': 8.405714285714286e-06, 'epoch': 0.58}
{'loss': 0.1035, 'learning_rate': 8.34857142857143e-06, 'epoch': 0.58}
{'loss': 0.104, 'learning_rate': 8.291428571428572e-06, 'epoch': 0.59}
{'loss': 0.1264, 'learning_rate': 8.234285714285714e-06, 'epoch': 0.59}
{'loss': 0.1071, 'learning_rate': 8.177142857142858e-06, 'epoch': 0.59}
{'loss': 0.0883, 'learning_rate': 8.120000000000002e-06, 'epoch': 0.59}
{'loss': 0.0854, 'learning_rate': 8.062857142857144e-06, 'epoch': 0.6}
{'loss': 0.105, 'learning_rate': 8.005714285714286e-06, 'epoch': 0.6}
{'loss': 0.0969, 'learning_rate': 7.948571428571428e-06, 'epoch': 0.6}
{'loss': 0.1052, 'learning_rate': 7.891428571428572e-06, 'epoch': 0.61}
{'loss': 0.1008, 'learning_rate': 7.834285714285715e-06, 'epoch': 0.61}
{'loss': 0.1028, 'learning_rate': 7.777142857142857e-06, 'epoch': 0.61}
{'loss': 0.0802, 'learning_rate': 7.72e-06, 'epoch': 0.61}
{'loss': 0.08, 'learning_rate': 7.662857142857143e-06, 'epoch': 0.62}
{'loss': 0.0867, 'learning_rate': 7.605714285714286e-06, 'epoch': 0.62}
{'loss': 0.0819, 'learning_rate': 7.54857142857143e-06, 'epoch': 0.62}
{'loss': 0.095, 'learning_rate': 7.491428571428572e-06, 'epoch': 0.63}
{'loss': 0.0982, 'learning_rate': 7.434285714285715e-06, 'epoch': 0.63}
{'loss': 0.0958, 'learning_rate': 7.377142857142858e-06, 'epoch': 0.63}
{'loss': 0.0998, 'learning_rate': 7.320571428571429e-06, 'epoch': 0.63}
{'loss': 0.068, 'learning_rate': 7.263428571428573e-06, 'epoch': 0.64}
{'loss': 0.0988, 'learning_rate': 7.206285714285715e-06, 'epoch': 0.64}
{'loss': 0.0763, 'learning_rate': 7.149142857142858e-06, 'epoch': 0.64}
{'loss': 0.08, 'learning_rate': 7.092000000000001e-06, 'epoch': 0.65}
{'loss': 0.1078, 'learning_rate': 7.034857142857143e-06, 'epoch': 0.65}
{'loss': 0.0937, 'learning_rate': 6.977714285714287e-06, 'epoch': 0.65}
{'loss': 0.083, 'learning_rate': 6.920571428571428e-06, 'epoch': 0.65}
{'loss': 0.085, 'learning_rate': 6.863428571428572e-06, 'epoch': 0.66}
{'loss': 0.1199, 'learning_rate': 6.806285714285715e-06, 'epoch': 0.66}
{'loss': 0.0763, 'learning_rate': 6.7491428571428574e-06, 'epoch': 0.66}
{'loss': 0.0949, 'learning_rate': 6.6920000000000005e-06, 'epoch': 0.67}
{'loss': 0.0816, 'learning_rate': 6.634857142857143e-06, 'epoch': 0.67}
{'loss': 0.0627, 'learning_rate': 6.5777142857142866e-06, 'epoch': 0.67}
{'loss': 0.0794, 'learning_rate': 6.52057142857143e-06, 'epoch': 0.67}
{'loss': 0.0859, 'learning_rate': 6.463428571428572e-06, 'epoch': 0.68}
{'loss': 0.097, 'learning_rate': 6.406285714285715e-06, 'epoch': 0.68}
{'loss': 0.1015, 'learning_rate': 6.349142857142858e-06, 'epoch': 0.68}
{'loss': 0.1077, 'learning_rate': 6.292e-06, 'epoch': 0.69}
{'loss': 0.0686, 'learning_rate': 6.234857142857144e-06, 'epoch': 0.69}
{'loss': 0.0816, 'learning_rate': 6.177714285714286e-06, 'epoch': 0.69}
{'loss': 0.0958, 'learning_rate': 6.120571428571429e-06, 'epoch': 0.69}
{'loss': 0.0854, 'learning_rate': 6.063428571428572e-06, 'epoch': 0.7}
{'loss': 0.0963, 'learning_rate': 6.0062857142857144e-06, 'epoch': 0.7}
{'loss': 0.1004, 'learning_rate': 5.9491428571428575e-06, 'epoch': 0.7}
{'loss': 0.0904, 'learning_rate': 5.892e-06, 'epoch': 0.71}
{'loss': 0.0646, 'learning_rate': 5.8348571428571435e-06, 'epoch': 0.71}
{'loss': 0.137, 'learning_rate': 5.778285714285715e-06, 'epoch': 0.71}
{'loss': 0.1027, 'learning_rate': 5.721142857142857e-06, 'epoch': 0.71}
{'loss': 0.0696, 'learning_rate': 5.664e-06, 'epoch': 0.72}
{'loss': 0.0886, 'learning_rate': 5.6068571428571425e-06, 'epoch': 0.72}
{'loss': 0.0993, 'learning_rate': 5.549714285714286e-06, 'epoch': 0.72}
{'loss': 0.0899, 'learning_rate': 5.4925714285714294e-06, 'epoch': 0.73}
{'loss': 0.1125, 'learning_rate': 5.435428571428572e-06, 'epoch': 0.73}
{'loss': 0.0781, 'learning_rate': 5.378285714285715e-06, 'epoch': 0.73}
{'loss': 0.0811, 'learning_rate': 5.321142857142858e-06, 'epoch': 0.73}
{'loss': 0.082, 'learning_rate': 5.264e-06, 'epoch': 0.74}
{'loss': 0.0881, 'learning_rate': 5.206857142857144e-06, 'epoch': 0.74}
{'loss': 0.0701, 'learning_rate': 5.149714285714286e-06, 'epoch': 0.74}
{'loss': 0.0956, 'learning_rate': 5.092571428571429e-06, 'epoch': 0.75}
{'loss': 0.0973, 'learning_rate': 5.035428571428572e-06, 'epoch': 0.75}
{'loss': 0.0862, 'learning_rate': 4.978285714285715e-06, 'epoch': 0.75}
{'loss': 0.0794, 'learning_rate': 4.921142857142857e-06, 'epoch': 0.75}
{'loss': 0.0914, 'learning_rate': 4.864e-06, 'epoch': 0.76}
{'loss': 0.0888, 'learning_rate': 4.806857142857143e-06, 'epoch': 0.76}
{'loss': 0.0637, 'learning_rate': 4.749714285714286e-06, 'epoch': 0.76}
{'loss': 0.0863, 'learning_rate': 4.6925714285714295e-06, 'epoch': 0.77}
{'loss': 0.075, 'learning_rate': 4.635428571428572e-06, 'epoch': 0.77}
{'loss': 0.0954, 'learning_rate': 4.578285714285715e-06, 'epoch': 0.77}
{'loss': 0.0678, 'learning_rate': 4.521142857142857e-06, 'epoch': 0.77}
{'loss': 0.105, 'learning_rate': 4.464000000000001e-06, 'epoch': 0.78}
{'loss': 0.0905, 'learning_rate': 4.406857142857143e-06, 'epoch': 0.78}
{'loss': 0.0952, 'learning_rate': 4.349714285714286e-06, 'epoch': 0.78}
{'loss': 0.0581, 'learning_rate': 4.292571428571429e-06, 'epoch': 0.79}
{'loss': 0.089, 'learning_rate': 4.236e-06, 'epoch': 0.79}
{'loss': 0.1077, 'learning_rate': 4.178857142857144e-06, 'epoch': 0.79}
{'loss': 0.0845, 'learning_rate': 4.121714285714286e-06, 'epoch': 0.79}
{'loss': 0.0962, 'learning_rate': 4.064571428571429e-06, 'epoch': 0.8}
{'loss': 0.0828, 'learning_rate': 4.007428571428572e-06, 'epoch': 0.8}
{'loss': 0.0964, 'learning_rate': 3.950285714285715e-06, 'epoch': 0.8}
{'loss': 0.0926, 'learning_rate': 3.893142857142857e-06, 'epoch': 0.81}
{'loss': 0.0874, 'learning_rate': 3.836e-06, 'epoch': 0.81}
{'loss': 0.0736, 'learning_rate': 3.778857142857143e-06, 'epoch': 0.81}
{'loss': 0.0916, 'learning_rate': 3.7217142857142863e-06, 'epoch': 0.81}
{'loss': 0.0861, 'learning_rate': 3.664571428571429e-06, 'epoch': 0.82}
{'loss': 0.0767, 'learning_rate': 3.6074285714285715e-06, 'epoch': 0.82}
{'loss': 0.0797, 'learning_rate': 3.5502857142857146e-06, 'epoch': 0.82}
{'loss': 0.0665, 'learning_rate': 3.493142857142857e-06, 'epoch': 0.83}
{'loss': 0.0998, 'learning_rate': 3.4360000000000006e-06, 'epoch': 0.83}
{'loss': 0.0967, 'learning_rate': 3.3788571428571433e-06, 'epoch': 0.83}
{'loss': 0.0881, 'learning_rate': 3.321714285714286e-06, 'epoch': 0.83}
{'loss': 0.0811, 'learning_rate': 3.2645714285714285e-06, 'epoch': 0.84}
{'loss': 0.0582, 'learning_rate': 3.207428571428572e-06, 'epoch': 0.84}
{'loss': 0.1051, 'learning_rate': 3.1502857142857146e-06, 'epoch': 0.84}
{'loss': 0.0871, 'learning_rate': 3.093142857142857e-06, 'epoch': 0.85}
{'loss': 0.0706, 'learning_rate': 3.0360000000000002e-06, 'epoch': 0.85}
{'loss': 0.0692, 'learning_rate': 2.9788571428571433e-06, 'epoch': 0.85}
{'loss': 0.0767, 'learning_rate': 2.922285714285715e-06, 'epoch': 0.85}
{'loss': 0.0912, 'learning_rate': 2.8651428571428574e-06, 'epoch': 0.86}
{'loss': 0.0695, 'learning_rate': 2.808e-06, 'epoch': 0.86}
{'loss': 0.0986, 'learning_rate': 2.750857142857143e-06, 'epoch': 0.86}
{'loss': 0.0831, 'learning_rate': 2.693714285714286e-06, 'epoch': 0.87}
{'loss': 0.0678, 'learning_rate': 2.6365714285714288e-06, 'epoch': 0.87}
{'loss': 0.08, 'learning_rate': 2.579428571428572e-06, 'epoch': 0.87}
{'loss': 0.0974, 'learning_rate': 2.5222857142857144e-06, 'epoch': 0.87}
{'loss': 0.0968, 'learning_rate': 2.4651428571428575e-06, 'epoch': 0.88}
{'loss': 0.0777, 'learning_rate': 2.408e-06, 'epoch': 0.88}
{'loss': 0.0827, 'learning_rate': 2.350857142857143e-06, 'epoch': 0.88}
{'loss': 0.1016, 'learning_rate': 2.2937142857142857e-06, 'epoch': 0.89}
{'loss': 0.0785, 'learning_rate': 2.2365714285714288e-06, 'epoch': 0.89}
{'loss': 0.0695, 'learning_rate': 2.1794285714285714e-06, 'epoch': 0.89}
{'loss': 0.1062, 'learning_rate': 2.1222857142857144e-06, 'epoch': 0.89}
{'loss': 0.0827, 'learning_rate': 2.065142857142857e-06, 'epoch': 0.9}
{'loss': 0.0816, 'learning_rate': 2.008e-06, 'epoch': 0.9}
{'loss': 0.0691, 'learning_rate': 1.950857142857143e-06, 'epoch': 0.9}
{'loss': 0.0808, 'learning_rate': 1.893714285714286e-06, 'epoch': 0.91}
{'loss': 0.0964, 'learning_rate': 1.8365714285714286e-06, 'epoch': 0.91}
{'loss': 0.075, 'learning_rate': 1.7794285714285716e-06, 'epoch': 0.91}
{'loss': 0.0914, 'learning_rate': 1.7228571428571432e-06, 'epoch': 0.91}
{'loss': 0.0936, 'learning_rate': 1.6657142857142858e-06, 'epoch': 0.92}
{'loss': 0.0924, 'learning_rate': 1.6085714285714288e-06, 'epoch': 0.92}
{'loss': 0.0682, 'learning_rate': 1.5514285714285714e-06, 'epoch': 0.92}
{'loss': 0.0943, 'learning_rate': 1.4942857142857145e-06, 'epoch': 0.93}
{'loss': 0.0965, 'learning_rate': 1.4371428571428573e-06, 'epoch': 0.93}
{'loss': 0.0733, 'learning_rate': 1.3800000000000001e-06, 'epoch': 0.93}
{'loss': 0.0807, 'learning_rate': 1.322857142857143e-06, 'epoch': 0.93}
{'loss': 0.0514, 'learning_rate': 1.265714285714286e-06, 'epoch': 0.94}
{'loss': 0.0765, 'learning_rate': 1.2085714285714286e-06, 'epoch': 0.94}
{'loss': 0.0738, 'learning_rate': 1.1514285714285714e-06, 'epoch': 0.94}
{'loss': 0.0635, 'learning_rate': 1.0942857142857145e-06, 'epoch': 0.95}
{'loss': 0.107, 'learning_rate': 1.0371428571428573e-06, 'epoch': 0.95}
{'loss': 0.0728, 'learning_rate': 9.800000000000001e-07, 'epoch': 0.95}
{'loss': 0.0663, 'learning_rate': 9.22857142857143e-07, 'epoch': 0.95}
{'loss': 0.0707, 'learning_rate': 8.657142857142858e-07, 'epoch': 0.96}
{'loss': 0.0697, 'learning_rate': 8.085714285714287e-07, 'epoch': 0.96}
{'loss': 0.0823, 'learning_rate': 7.514285714285715e-07, 'epoch': 0.96}
{'loss': 0.0618, 'learning_rate': 6.942857142857143e-07, 'epoch': 0.97}
{'loss': 0.0651, 'learning_rate': 6.371428571428571e-07, 'epoch': 0.97}
{'loss': 0.0868, 'learning_rate': 5.805714285714287e-07, 'epoch': 0.97}
{'loss': 0.0962, 'learning_rate': 5.234285714285715e-07, 'epoch': 0.97}
{'loss': 0.063, 'learning_rate': 4.662857142857143e-07, 'epoch': 0.98}
{'loss': 0.0748, 'learning_rate': 4.091428571428572e-07, 'epoch': 0.98}
{'loss': 0.0753, 'learning_rate': 3.5200000000000003e-07, 'epoch': 0.98}
{'loss': 0.0864, 'learning_rate': 2.9485714285714286e-07, 'epoch': 0.99}
{'loss': 0.0738, 'learning_rate': 2.3771428571428574e-07, 'epoch': 0.99}
{'loss': 0.0665, 'learning_rate': 1.805714285714286e-07, 'epoch': 0.99}
{'loss': 0.0818, 'learning_rate': 1.2342857142857145e-07, 'epoch': 0.99}
{'loss': 0.0717, 'learning_rate': 6.62857142857143e-08, 'epoch': 1.0}
{'loss': 0.1002, 'learning_rate': 9.142857142857143e-09, 'epoch': 1.0}
{'eval_loss': 0.07956048101186752, 'eval_accuracy': 0.9768947368421053, 'eval_f1': 0.9768947204571978, 'eval_runtime': 299.3677, 'eval_samples_per_second': 126.934, 'eval_steps_per_second': 7.933, 'epoch': 1.0}
{'train_runtime': 4675.3627, 'train_samples_per_second': 119.777, 'train_steps_per_second': 7.486, 'train_loss': 0.09988480644226075, 'epoch': 1.0}
Fine-tuning finished. Fine-tuning time: 4675.41 seconds.
Evaluating the fine-tuned model on Yelp test set...
Accuracy on Yelp after fine-tuning: 0.9769
F1-score on Yelp after fine-tuning: 0.9769
Inference time (Yelp batch): 0.91 ms/example
GPU memory consumption: 9.45 GB

Results table for Yelp fine-tuning evaluation:
| Model                 | Accuracy (Yelp) | F1-score (Yelp) | Inference Time (ms) | Memory (GB) | Fine-tuning Time (s) |
|-----------------------|-----------------|-----------------|---------------------|-------------|----------------------|
| BERT-base (fine-tuned) | 0.9769          | 0.9769          | 0.91          | 9.45       | 4675.41         |

---
Starting training BERT-base on Yelp from scratch...
{'loss': 0.3676, 'learning_rate': 1.9943428571428575e-05, 'epoch': 0.0}
{'loss': 0.2075, 'learning_rate': 1.9886857142857145e-05, 'epoch': 0.01}
{'loss': 0.2012, 'learning_rate': 1.982971428571429e-05, 'epoch': 0.01}
{'loss': 0.1732, 'learning_rate': 1.977257142857143e-05, 'epoch': 0.01}
{'loss': 0.1925, 'learning_rate': 1.9715428571428573e-05, 'epoch': 0.01}
{'loss': 0.1807, 'learning_rate': 1.9658285714285717e-05, 'epoch': 0.02}
{'loss': 0.1889, 'learning_rate': 1.9601142857142857e-05, 'epoch': 0.02}
{'loss': 0.1598, 'learning_rate': 1.9544e-05, 'epoch': 0.02}
{'loss': 0.1972, 'learning_rate': 1.9486857142857145e-05, 'epoch': 0.03}
{'loss': 0.1948, 'learning_rate': 1.9429714285714286e-05, 'epoch': 0.03}
{'loss': 0.1267, 'learning_rate': 1.937257142857143e-05, 'epoch': 0.03}
{'loss': 0.1598, 'learning_rate': 1.9315428571428573e-05, 'epoch': 0.03}
{'loss': 0.1577, 'learning_rate': 1.9258285714285717e-05, 'epoch': 0.04}
{'loss': 0.141, 'learning_rate': 1.9201142857142858e-05, 'epoch': 0.04}
{'loss': 0.1621, 'learning_rate': 1.9144000000000002e-05, 'epoch': 0.04}
{'loss': 0.1355, 'learning_rate': 1.9086857142857146e-05, 'epoch': 0.05}
{'loss': 0.1461, 'learning_rate': 1.9029714285714286e-05, 'epoch': 0.05}
{'loss': 0.1454, 'learning_rate': 1.897257142857143e-05, 'epoch': 0.05}
{'loss': 0.1476, 'learning_rate': 1.8915428571428574e-05, 'epoch': 0.05}
{'loss': 0.1579, 'learning_rate': 1.8858285714285714e-05, 'epoch': 0.06}
{'loss': 0.1674, 'learning_rate': 1.8801142857142858e-05, 'epoch': 0.06}
{'loss': 0.141, 'learning_rate': 1.8744000000000002e-05, 'epoch': 0.06}
{'loss': 0.1228, 'learning_rate': 1.8686857142857146e-05, 'epoch': 0.07}
{'loss': 0.1599, 'learning_rate': 1.8629714285714287e-05, 'epoch': 0.07}
{'loss': 0.1051, 'learning_rate': 1.857257142857143e-05, 'epoch': 0.07}
{'loss': 0.1497, 'learning_rate': 1.8515428571428574e-05, 'epoch': 0.07}
{'loss': 0.1398, 'learning_rate': 1.8458857142857144e-05, 'epoch': 0.08}
{'loss': 0.1403, 'learning_rate': 1.8401714285714288e-05, 'epoch': 0.08}
{'loss': 0.1291, 'learning_rate': 1.834457142857143e-05, 'epoch': 0.08}
{'loss': 0.1449, 'learning_rate': 1.8287428571428572e-05, 'epoch': 0.09}
{'loss': 0.1337, 'learning_rate': 1.8230285714285716e-05, 'epoch': 0.09}
{'loss': 0.1339, 'learning_rate': 1.8173142857142857e-05, 'epoch': 0.09}
{'loss': 0.1301, 'learning_rate': 1.8116000000000004e-05, 'epoch': 0.09}
{'loss': 0.1142, 'learning_rate': 1.8058857142857145e-05, 'epoch': 0.1}
{'loss': 0.1284, 'learning_rate': 1.800171428571429e-05, 'epoch': 0.1}
{'loss': 0.1513, 'learning_rate': 1.794457142857143e-05, 'epoch': 0.1}
{'loss': 0.1463, 'learning_rate': 1.7887428571428573e-05, 'epoch': 0.11}
{'loss': 0.1336, 'learning_rate': 1.7830285714285717e-05, 'epoch': 0.11}
{'loss': 0.118, 'learning_rate': 1.7773142857142857e-05, 'epoch': 0.11}
{'loss': 0.1122, 'learning_rate': 1.7716e-05, 'epoch': 0.11}
{'loss': 0.1328, 'learning_rate': 1.7658857142857145e-05, 'epoch': 0.12}
{'loss': 0.1383, 'learning_rate': 1.7601714285714286e-05, 'epoch': 0.12}
{'loss': 0.1542, 'learning_rate': 1.754457142857143e-05, 'epoch': 0.12}
{'loss': 0.1306, 'learning_rate': 1.7487428571428573e-05, 'epoch': 0.13}
{'loss': 0.1333, 'learning_rate': 1.7430285714285714e-05, 'epoch': 0.13}
{'loss': 0.1237, 'learning_rate': 1.737314285714286e-05, 'epoch': 0.13}
{'loss': 0.1297, 'learning_rate': 1.7316e-05, 'epoch': 0.13}
{'loss': 0.1151, 'learning_rate': 1.7258857142857145e-05, 'epoch': 0.14}
{'loss': 0.0816, 'learning_rate': 1.7202285714285715e-05, 'epoch': 0.14}
{'loss': 0.1231, 'learning_rate': 1.714514285714286e-05, 'epoch': 0.14}
{'loss': 0.1167, 'learning_rate': 1.7088000000000003e-05, 'epoch': 0.15}
{'loss': 0.1434, 'learning_rate': 1.7030857142857144e-05, 'epoch': 0.15}
{'loss': 0.1329, 'learning_rate': 1.6973714285714287e-05, 'epoch': 0.15}
{'loss': 0.1218, 'learning_rate': 1.6916571428571428e-05, 'epoch': 0.15}
{'loss': 0.1323, 'learning_rate': 1.6859428571428572e-05, 'epoch': 0.16}
{'loss': 0.1192, 'learning_rate': 1.6802285714285716e-05, 'epoch': 0.16}
{'loss': 0.1288, 'learning_rate': 1.6745142857142856e-05, 'epoch': 0.16}
{'loss': 0.1012, 'learning_rate': 1.6688000000000004e-05, 'epoch': 0.17}
{'loss': 0.1409, 'learning_rate': 1.6630857142857144e-05, 'epoch': 0.17}
{'loss': 0.1167, 'learning_rate': 1.6573714285714288e-05, 'epoch': 0.17}
{'loss': 0.1164, 'learning_rate': 1.6516571428571432e-05, 'epoch': 0.17}
{'loss': 0.1115, 'learning_rate': 1.6459428571428572e-05, 'epoch': 0.18}
{'loss': 0.1133, 'learning_rate': 1.6402285714285716e-05, 'epoch': 0.18}
{'loss': 0.116, 'learning_rate': 1.634514285714286e-05, 'epoch': 0.18}
{'loss': 0.1168, 'learning_rate': 1.6288e-05, 'epoch': 0.19}
{'loss': 0.1004, 'learning_rate': 1.6230857142857144e-05, 'epoch': 0.19}
{'loss': 0.1235, 'learning_rate': 1.617371428571429e-05, 'epoch': 0.19}
{'loss': 0.1296, 'learning_rate': 1.611657142857143e-05, 'epoch': 0.19}
{'loss': 0.0953, 'learning_rate': 1.6059428571428573e-05, 'epoch': 0.2}
{'loss': 0.108, 'learning_rate': 1.6002285714285713e-05, 'epoch': 0.2}
{'loss': 0.1055, 'learning_rate': 1.594514285714286e-05, 'epoch': 0.2}
{'loss': 0.1574, 'learning_rate': 1.5888e-05, 'epoch': 0.21}
{'loss': 0.1052, 'learning_rate': 1.5830857142857145e-05, 'epoch': 0.21}
{'loss': 0.1147, 'learning_rate': 1.577371428571429e-05, 'epoch': 0.21}
{'loss': 0.1237, 'learning_rate': 1.571657142857143e-05, 'epoch': 0.21}
{'loss': 0.1134, 'learning_rate': 1.5659428571428573e-05, 'epoch': 0.22}
{'loss': 0.1079, 'learning_rate': 1.5602285714285717e-05, 'epoch': 0.22}
{'loss': 0.1088, 'learning_rate': 1.5545142857142858e-05, 'epoch': 0.22}
{'loss': 0.1274, 'learning_rate': 1.5488e-05, 'epoch': 0.23}
{'loss': 0.1059, 'learning_rate': 1.5430857142857145e-05, 'epoch': 0.23}
{'loss': 0.1091, 'learning_rate': 1.5374285714285715e-05, 'epoch': 0.23}
{'loss': 0.1382, 'learning_rate': 1.531714285714286e-05, 'epoch': 0.23}
{'loss': 0.1055, 'learning_rate': 1.5260000000000003e-05, 'epoch': 0.24}
{'loss': 0.1021, 'learning_rate': 1.5202857142857143e-05, 'epoch': 0.24}
{'loss': 0.124, 'learning_rate': 1.5145714285714287e-05, 'epoch': 0.24}
{'loss': 0.1, 'learning_rate': 1.508857142857143e-05, 'epoch': 0.25}
{'loss': 0.1248, 'learning_rate': 1.5031428571428572e-05, 'epoch': 0.25}
{'loss': 0.1052, 'learning_rate': 1.4974285714285714e-05, 'epoch': 0.25}
{'loss': 0.1017, 'learning_rate': 1.491714285714286e-05, 'epoch': 0.25}
{'loss': 0.0973, 'learning_rate': 1.4860000000000002e-05, 'epoch': 0.26}
{'loss': 0.1298, 'learning_rate': 1.4802857142857144e-05, 'epoch': 0.26}
{'loss': 0.1328, 'learning_rate': 1.4745714285714288e-05, 'epoch': 0.26}
{'loss': 0.0925, 'learning_rate': 1.468857142857143e-05, 'epoch': 0.27}
{'loss': 0.1214, 'learning_rate': 1.4631428571428572e-05, 'epoch': 0.27}
{'loss': 0.1325, 'learning_rate': 1.4574285714285716e-05, 'epoch': 0.27}
{'loss': 0.0969, 'learning_rate': 1.4517142857142858e-05, 'epoch': 0.27}
{'loss': 0.0877, 'learning_rate': 1.446e-05, 'epoch': 0.28}
{'loss': 0.1087, 'learning_rate': 1.4402857142857144e-05, 'epoch': 0.28}
{'loss': 0.107, 'learning_rate': 1.4345714285714287e-05, 'epoch': 0.28}
{'loss': 0.1106, 'learning_rate': 1.4288571428571429e-05, 'epoch': 0.29}
{'loss': 0.1197, 'learning_rate': 1.4232000000000002e-05, 'epoch': 0.29}
{'loss': 0.1167, 'learning_rate': 1.4174857142857144e-05, 'epoch': 0.29}
{'loss': 0.0891, 'learning_rate': 1.4117714285714288e-05, 'epoch': 0.29}
{'loss': 0.1127, 'learning_rate': 1.406057142857143e-05, 'epoch': 0.3}
{'loss': 0.1114, 'learning_rate': 1.4003428571428572e-05, 'epoch': 0.3}
{'loss': 0.0968, 'learning_rate': 1.3946285714285715e-05, 'epoch': 0.3}
{'loss': 0.1042, 'learning_rate': 1.3889142857142859e-05, 'epoch': 0.31}
{'loss': 0.1149, 'learning_rate': 1.3832e-05, 'epoch': 0.31}
{'loss': 0.0985, 'learning_rate': 1.3774857142857143e-05, 'epoch': 0.31}
{'loss': 0.1145, 'learning_rate': 1.3717714285714287e-05, 'epoch': 0.31}
{'loss': 0.1113, 'learning_rate': 1.3660571428571429e-05, 'epoch': 0.32}
{'loss': 0.0978, 'learning_rate': 1.3603428571428571e-05, 'epoch': 0.32}
{'loss': 0.0987, 'learning_rate': 1.3546285714285717e-05, 'epoch': 0.32}
{'loss': 0.1158, 'learning_rate': 1.3489142857142859e-05, 'epoch': 0.33}
{'loss': 0.1198, 'learning_rate': 1.3432000000000001e-05, 'epoch': 0.33}
{'loss': 0.081, 'learning_rate': 1.3374857142857145e-05, 'epoch': 0.33}
{'loss': 0.109, 'learning_rate': 1.3317714285714287e-05, 'epoch': 0.33}
{'loss': 0.0914, 'learning_rate': 1.326057142857143e-05, 'epoch': 0.34}
{'loss': 0.1057, 'learning_rate': 1.3203428571428572e-05, 'epoch': 0.34}
{'loss': 0.1173, 'learning_rate': 1.3146285714285716e-05, 'epoch': 0.34}
{'loss': 0.1131, 'learning_rate': 1.3089142857142858e-05, 'epoch': 0.35}
{'loss': 0.1057, 'learning_rate': 1.3032e-05, 'epoch': 0.35}
{'loss': 0.0966, 'learning_rate': 1.2974857142857144e-05, 'epoch': 0.35}
{'loss': 0.1139, 'learning_rate': 1.2917714285714286e-05, 'epoch': 0.35}
{'loss': 0.0822, 'learning_rate': 1.2860571428571428e-05, 'epoch': 0.36}
{'loss': 0.1163, 'learning_rate': 1.2803428571428574e-05, 'epoch': 0.36}
{'loss': 0.1142, 'learning_rate': 1.2746857142857144e-05, 'epoch': 0.36}
{'loss': 0.0966, 'learning_rate': 1.2689714285714287e-05, 'epoch': 0.37}
{'loss': 0.1017, 'learning_rate': 1.263257142857143e-05, 'epoch': 0.37}
{'loss': 0.1317, 'learning_rate': 1.2575428571428572e-05, 'epoch': 0.37}
{'loss': 0.0873, 'learning_rate': 1.2518285714285716e-05, 'epoch': 0.37}
{'loss': 0.1096, 'learning_rate': 1.2461142857142858e-05, 'epoch': 0.38}
{'loss': 0.1045, 'learning_rate': 1.2404e-05, 'epoch': 0.38}
{'loss': 0.1056, 'learning_rate': 1.2346857142857144e-05, 'epoch': 0.38}
{'loss': 0.1227, 'learning_rate': 1.2289714285714286e-05, 'epoch': 0.39}
{'loss': 0.1051, 'learning_rate': 1.2232571428571428e-05, 'epoch': 0.39}
{'loss': 0.1034, 'learning_rate': 1.217542857142857e-05, 'epoch': 0.39}
{'loss': 0.0886, 'learning_rate': 1.2118285714285716e-05, 'epoch': 0.39}
{'loss': 0.0875, 'learning_rate': 1.2061142857142858e-05, 'epoch': 0.4}
{'loss': 0.1045, 'learning_rate': 1.2004e-05, 'epoch': 0.4}
{'loss': 0.0881, 'learning_rate': 1.1946857142857144e-05, 'epoch': 0.4}
{'loss': 0.1084, 'learning_rate': 1.1889714285714287e-05, 'epoch': 0.41}
{'loss': 0.1123, 'learning_rate': 1.1832571428571429e-05, 'epoch': 0.41}
{'loss': 0.1081, 'learning_rate': 1.1775428571428573e-05, 'epoch': 0.41}
{'loss': 0.0981, 'learning_rate': 1.1718285714285715e-05, 'epoch': 0.41}
{'loss': 0.1194, 'learning_rate': 1.1661142857142857e-05, 'epoch': 0.42}
{'loss': 0.0986, 'learning_rate': 1.1604000000000003e-05, 'epoch': 0.42}
{'loss': 0.1007, 'learning_rate': 1.1546857142857145e-05, 'epoch': 0.42}
{'loss': 0.0973, 'learning_rate': 1.1489714285714285e-05, 'epoch': 0.43}
{'loss': 0.1072, 'learning_rate': 1.1432571428571428e-05, 'epoch': 0.43}
{'loss': 0.1158, 'learning_rate': 1.1375428571428573e-05, 'epoch': 0.43}
{'loss': 0.1008, 'learning_rate': 1.1318285714285715e-05, 'epoch': 0.43}
{'loss': 0.1117, 'learning_rate': 1.1261142857142858e-05, 'epoch': 0.44}
{'loss': 0.1005, 'learning_rate': 1.1204000000000001e-05, 'epoch': 0.44}
{'loss': 0.0842, 'learning_rate': 1.1146857142857144e-05, 'epoch': 0.44}
{'loss': 0.088, 'learning_rate': 1.1089714285714286e-05, 'epoch': 0.45}
{'loss': 0.0882, 'learning_rate': 1.103257142857143e-05, 'epoch': 0.45}
{'loss': 0.1112, 'learning_rate': 1.0975428571428572e-05, 'epoch': 0.45}
{'loss': 0.1171, 'learning_rate': 1.0918285714285714e-05, 'epoch': 0.45}
{'loss': 0.0815, 'learning_rate': 1.086114285714286e-05, 'epoch': 0.46}
{'loss': 0.1015, 'learning_rate': 1.0804000000000002e-05, 'epoch': 0.46}
{'loss': 0.0845, 'learning_rate': 1.0746857142857144e-05, 'epoch': 0.46}
{'loss': 0.0805, 'learning_rate': 1.0689714285714286e-05, 'epoch': 0.47}
{'loss': 0.0935, 'learning_rate': 1.063257142857143e-05, 'epoch': 0.47}
{'loss': 0.1041, 'learning_rate': 1.0575428571428572e-05, 'epoch': 0.47}
{'loss': 0.0958, 'learning_rate': 1.0518285714285715e-05, 'epoch': 0.47}
{'loss': 0.0826, 'learning_rate': 1.0461714285714286e-05, 'epoch': 0.48}
{'loss': 0.091, 'learning_rate': 1.0404571428571428e-05, 'epoch': 0.48}
{'loss': 0.0916, 'learning_rate': 1.0347428571428572e-05, 'epoch': 0.48}
{'loss': 0.1054, 'learning_rate': 1.0290285714285714e-05, 'epoch': 0.49}
{'loss': 0.0856, 'learning_rate': 1.0233714285714288e-05, 'epoch': 0.49}
{'loss': 0.1003, 'learning_rate': 1.017657142857143e-05, 'epoch': 0.49}
{'loss': 0.0772, 'learning_rate': 1.011942857142857e-05, 'epoch': 0.49}
{'loss': 0.0909, 'learning_rate': 1.0062285714285716e-05, 'epoch': 0.5}
{'loss': 0.1038, 'learning_rate': 1.0005142857142858e-05, 'epoch': 0.5}
{'loss': 0.1005, 'learning_rate': 9.948e-06, 'epoch': 0.5}
{'loss': 0.0802, 'learning_rate': 9.890857142857142e-06, 'epoch': 0.51}
{'loss': 0.1002, 'learning_rate': 9.833714285714286e-06, 'epoch': 0.51}
{'loss': 0.0995, 'learning_rate': 9.77657142857143e-06, 'epoch': 0.51}
{'loss': 0.0726, 'learning_rate': 9.719428571428572e-06, 'epoch': 0.51}
{'loss': 0.1024, 'learning_rate': 9.662285714285715e-06, 'epoch': 0.52}
{'loss': 0.0835, 'learning_rate': 9.605142857142859e-06, 'epoch': 0.52}
{'loss': 0.0784, 'learning_rate': 9.548e-06, 'epoch': 0.52}
{'loss': 0.1129, 'learning_rate': 9.490857142857145e-06, 'epoch': 0.53}
{'loss': 0.0953, 'learning_rate': 9.433714285714287e-06, 'epoch': 0.53}
{'loss': 0.0957, 'learning_rate': 9.376571428571429e-06, 'epoch': 0.53}
{'loss': 0.0892, 'learning_rate': 9.319428571428573e-06, 'epoch': 0.53}
{'loss': 0.0784, 'learning_rate': 9.262285714285715e-06, 'epoch': 0.54}
{'loss': 0.0986, 'learning_rate': 9.205142857142857e-06, 'epoch': 0.54}
{'loss': 0.0962, 'learning_rate': 9.148e-06, 'epoch': 0.54}
{'loss': 0.0891, 'learning_rate': 9.091428571428573e-06, 'epoch': 0.55}
{'loss': 0.0728, 'learning_rate': 9.034285714285715e-06, 'epoch': 0.55}
{'loss': 0.1055, 'learning_rate': 8.977142857142857e-06, 'epoch': 0.55}
{'loss': 0.1013, 'learning_rate': 8.920000000000001e-06, 'epoch': 0.55}
{'loss': 0.0942, 'learning_rate': 8.862857142857143e-06, 'epoch': 0.56}
{'loss': 0.0969, 'learning_rate': 8.805714285714287e-06, 'epoch': 0.56}
{'loss': 0.1041, 'learning_rate': 8.74857142857143e-06, 'epoch': 0.56}
{'loss': 0.0714, 'learning_rate': 8.691428571428571e-06, 'epoch': 0.57}
{'loss': 0.1076, 'learning_rate': 8.634285714285715e-06, 'epoch': 0.57}
{'loss': 0.0998, 'learning_rate': 8.577142857142858e-06, 'epoch': 0.57}
{'loss': 0.0809, 'learning_rate': 8.52e-06, 'epoch': 0.57}
{'loss': 0.0847, 'learning_rate': 8.462857142857144e-06, 'epoch': 0.58}
{'loss': 0.0821, 'learning_rate': 8.405714285714286e-06, 'epoch': 0.58}
{'loss': 0.0958, 'learning_rate': 8.34857142857143e-06, 'epoch': 0.58}
{'loss': 0.1052, 'learning_rate': 8.291428571428572e-06, 'epoch': 0.59}
{'loss': 0.131, 'learning_rate': 8.234285714285714e-06, 'epoch': 0.59}
{'loss': 0.1003, 'learning_rate': 8.177142857142858e-06, 'epoch': 0.59}
{'loss': 0.0803, 'learning_rate': 8.120000000000002e-06, 'epoch': 0.59}
{'loss': 0.085, 'learning_rate': 8.062857142857144e-06, 'epoch': 0.6}
{'loss': 0.1, 'learning_rate': 8.005714285714286e-06, 'epoch': 0.6}
{'loss': 0.1021, 'learning_rate': 7.948571428571428e-06, 'epoch': 0.6}
{'loss': 0.1062, 'learning_rate': 7.891428571428572e-06, 'epoch': 0.61}
{'loss': 0.0899, 'learning_rate': 7.834857142857144e-06, 'epoch': 0.61}
{'loss': 0.105, 'learning_rate': 7.777714285714286e-06, 'epoch': 0.61}
{'loss': 0.0746, 'learning_rate': 7.72057142857143e-06, 'epoch': 0.61}
{'loss': 0.0832, 'learning_rate': 7.663428571428572e-06, 'epoch': 0.62}
{'loss': 0.0906, 'learning_rate': 7.606285714285715e-06, 'epoch': 0.62}
{'loss': 0.0765, 'learning_rate': 7.549142857142858e-06, 'epoch': 0.62}
{'loss': 0.0862, 'learning_rate': 7.4920000000000004e-06, 'epoch': 0.63}
{'loss': 0.0923, 'learning_rate': 7.4348571428571435e-06, 'epoch': 0.63}
{'loss': 0.1071, 'learning_rate': 7.378285714285714e-06, 'epoch': 0.63}
{'loss': 0.102, 'learning_rate': 7.321142857142858e-06, 'epoch': 0.63}
{'loss': 0.0678, 'learning_rate': 7.264000000000001e-06, 'epoch': 0.64}
{'loss': 0.0919, 'learning_rate': 7.206857142857143e-06, 'epoch': 0.64}
{'loss': 0.0808, 'learning_rate': 7.149714285714286e-06, 'epoch': 0.64}
{'loss': 0.0935, 'learning_rate': 7.0925714285714285e-06, 'epoch': 0.65}
{'loss': 0.1097, 'learning_rate': 7.0354285714285716e-06, 'epoch': 0.65}
{'loss': 0.0926, 'learning_rate': 6.9782857142857155e-06, 'epoch': 0.65}
{'loss': 0.0762, 'learning_rate': 6.921142857142858e-06, 'epoch': 0.65}
{'loss': 0.0827, 'learning_rate': 6.864000000000001e-06, 'epoch': 0.66}
{'loss': 0.1015, 'learning_rate': 6.806857142857144e-06, 'epoch': 0.66}
{'loss': 0.0784, 'learning_rate': 6.749714285714286e-06, 'epoch': 0.66}
{'loss': 0.0936, 'learning_rate': 6.692571428571429e-06, 'epoch': 0.67}
{'loss': 0.0912, 'learning_rate': 6.635428571428571e-06, 'epoch': 0.67}
{'loss': 0.0679, 'learning_rate': 6.578285714285715e-06, 'epoch': 0.67}
{'loss': 0.0843, 'learning_rate': 6.521142857142858e-06, 'epoch': 0.67}
{'loss': 0.0804, 'learning_rate': 6.464e-06, 'epoch': 0.68}
{'loss': 0.1026, 'learning_rate': 6.406857142857143e-06, 'epoch': 0.68}
{'loss': 0.1033, 'learning_rate': 6.3497142857142855e-06, 'epoch': 0.68}
{'loss': 0.115, 'learning_rate': 6.292571428571429e-06, 'epoch': 0.69}
{'loss': 0.0631, 'learning_rate': 6.2354285714285724e-06, 'epoch': 0.69}
{'loss': 0.0889, 'learning_rate': 6.178285714285715e-06, 'epoch': 0.69}
{'loss': 0.0903, 'learning_rate': 6.121142857142858e-06, 'epoch': 0.69}
{'loss': 0.0864, 'learning_rate': 6.064000000000001e-06, 'epoch': 0.7}
{'loss': 0.0982, 'learning_rate': 6.006857142857143e-06, 'epoch': 0.7}
{'loss': 0.09, 'learning_rate': 5.949714285714287e-06, 'epoch': 0.7}
{'loss': 0.0893, 'learning_rate': 5.892571428571429e-06, 'epoch': 0.71}
{'loss': 0.0691, 'learning_rate': 5.835428571428572e-06, 'epoch': 0.71}
{'loss': 0.1288, 'learning_rate': 5.778285714285715e-06, 'epoch': 0.71}
{'loss': 0.0946, 'learning_rate': 5.721142857142857e-06, 'epoch': 0.71}
{'loss': 0.0687, 'learning_rate': 5.664e-06, 'epoch': 0.72}
{'loss': 0.0851, 'learning_rate': 5.6068571428571425e-06, 'epoch': 0.72}
{'loss': 0.0982, 'learning_rate': 5.549714285714286e-06, 'epoch': 0.72}
{'loss': 0.0904, 'learning_rate': 5.4925714285714294e-06, 'epoch': 0.73}
{'loss': 0.1122, 'learning_rate': 5.435428571428572e-06, 'epoch': 0.73}
{'loss': 0.0765, 'learning_rate': 5.378285714285715e-06, 'epoch': 0.73}
{'loss': 0.0917, 'learning_rate': 5.321142857142858e-06, 'epoch': 0.73}
{'loss': 0.0771, 'learning_rate': 5.264e-06, 'epoch': 0.74}
{'loss': 0.0945, 'learning_rate': 5.206857142857144e-06, 'epoch': 0.74}
{'loss': 0.0652, 'learning_rate': 5.149714285714286e-06, 'epoch': 0.74}
{'loss': 0.0949, 'learning_rate': 5.0931428571428575e-06, 'epoch': 0.75}
{'loss': 0.1009, 'learning_rate': 5.0360000000000006e-06, 'epoch': 0.75}
{'loss': 0.0938, 'learning_rate': 4.978857142857143e-06, 'epoch': 0.75}
{'loss': 0.0809, 'learning_rate': 4.921714285714287e-06, 'epoch': 0.75}
{'loss': 0.0928, 'learning_rate': 4.864571428571429e-06, 'epoch': 0.76}
{'loss': 0.0769, 'learning_rate': 4.807428571428572e-06, 'epoch': 0.76}
{'loss': 0.0664, 'learning_rate': 4.750285714285714e-06, 'epoch': 0.76}
{'loss': 0.0834, 'learning_rate': 4.693142857142858e-06, 'epoch': 0.77}
{'loss': 0.071, 'learning_rate': 4.636e-06, 'epoch': 0.77}
{'loss': 0.0994, 'learning_rate': 4.578857142857143e-06, 'epoch': 0.77}
{'loss': 0.0765, 'learning_rate': 4.521714285714286e-06, 'epoch': 0.77}
{'loss': 0.0995, 'learning_rate': 4.4645714285714284e-06, 'epoch': 0.78}
{'loss': 0.0897, 'learning_rate': 4.407428571428572e-06, 'epoch': 0.78}
{'loss': 0.1017, 'learning_rate': 4.3502857142857145e-06, 'epoch': 0.78}
{'loss': 0.058, 'learning_rate': 4.293714285714286e-06, 'epoch': 0.79}
{'loss': 0.0873, 'learning_rate': 4.236571428571429e-06, 'epoch': 0.79}
{'loss': 0.1057, 'learning_rate': 4.179428571428571e-06, 'epoch': 0.79}
{'loss': 0.0854, 'learning_rate': 4.122285714285715e-06, 'epoch': 0.79}
{'loss': 0.0995, 'learning_rate': 4.065142857142857e-06, 'epoch': 0.8}
{'loss': 0.0687, 'learning_rate': 4.008e-06, 'epoch': 0.8}
{'loss': 0.0924, 'learning_rate': 3.950857142857143e-06, 'epoch': 0.8}
{'loss': 0.0973, 'learning_rate': 3.8937142857142865e-06, 'epoch': 0.81}
{'loss': 0.0868, 'learning_rate': 3.836571428571429e-06, 'epoch': 0.81}
{'loss': 0.0747, 'learning_rate': 3.7794285714285717e-06, 'epoch': 0.81}
{'loss': 0.0874, 'learning_rate': 3.7222857142857144e-06, 'epoch': 0.81}
{'loss': 0.0864, 'learning_rate': 3.665142857142858e-06, 'epoch': 0.82}
{'loss': 0.0712, 'learning_rate': 3.6080000000000004e-06, 'epoch': 0.82}
{'loss': 0.0884, 'learning_rate': 3.550857142857143e-06, 'epoch': 0.82}
{'loss': 0.074, 'learning_rate': 3.4937142857142857e-06, 'epoch': 0.83}
{'loss': 0.1, 'learning_rate': 3.436571428571429e-06, 'epoch': 0.83}
{'loss': 0.0944, 'learning_rate': 3.3794285714285718e-06, 'epoch': 0.83}
{'loss': 0.1003, 'learning_rate': 3.3222857142857144e-06, 'epoch': 0.83}
{'loss': 0.0876, 'learning_rate': 3.2651428571428574e-06, 'epoch': 0.84}
{'loss': 0.0563, 'learning_rate': 3.208e-06, 'epoch': 0.84}
{'loss': 0.1084, 'learning_rate': 3.150857142857143e-06, 'epoch': 0.84}
{'loss': 0.0912, 'learning_rate': 3.093714285714286e-06, 'epoch': 0.85}
{'loss': 0.07, 'learning_rate': 3.0365714285714287e-06, 'epoch': 0.85}
{'loss': 0.079, 'learning_rate': 2.9794285714285714e-06, 'epoch': 0.85}
{'loss': 0.0804, 'learning_rate': 2.922285714285715e-06, 'epoch': 0.85}
{'loss': 0.0833, 'learning_rate': 2.8651428571428574e-06, 'epoch': 0.86}
{'loss': 0.0646, 'learning_rate': 2.808e-06, 'epoch': 0.86}
{'loss': 0.0949, 'learning_rate': 2.750857142857143e-06, 'epoch': 0.86}
{'loss': 0.0753, 'learning_rate': 2.693714285714286e-06, 'epoch': 0.87}
{'loss': 0.0617, 'learning_rate': 2.6365714285714288e-06, 'epoch': 0.87}
{'loss': 0.0828, 'learning_rate': 2.579428571428572e-06, 'epoch': 0.87}
{'loss': 0.0965, 'learning_rate': 2.5222857142857144e-06, 'epoch': 0.87}
{'loss': 0.0961, 'learning_rate': 2.4651428571428575e-06, 'epoch': 0.88}
{'loss': 0.0829, 'learning_rate': 2.408e-06, 'epoch': 0.88}
{'loss': 0.0723, 'learning_rate': 2.350857142857143e-06, 'epoch': 0.88}
{'loss': 0.0969, 'learning_rate': 2.2937142857142857e-06, 'epoch': 0.89}
{'loss': 0.0792, 'learning_rate': 2.2365714285714288e-06, 'epoch': 0.89}
{'loss': 0.0725, 'learning_rate': 2.1794285714285714e-06, 'epoch': 0.89}
{'loss': 0.1075, 'learning_rate': 2.1222857142857144e-06, 'epoch': 0.89}
{'loss': 0.0739, 'learning_rate': 2.065142857142857e-06, 'epoch': 0.9}
{'loss': 0.0861, 'learning_rate': 2.008e-06, 'epoch': 0.9}
{'loss': 0.0716, 'learning_rate': 1.9514285714285716e-06, 'epoch': 0.9}
{'loss': 0.0802, 'learning_rate': 1.8942857142857142e-06, 'epoch': 0.91}
{'loss': 0.0847, 'learning_rate': 1.8371428571428573e-06, 'epoch': 0.91}
{'loss': 0.0685, 'learning_rate': 1.7800000000000001e-06, 'epoch': 0.91}
{'loss': 0.093, 'learning_rate': 1.7228571428571432e-06, 'epoch': 0.91}
{'loss': 0.0983, 'learning_rate': 1.6657142857142858e-06, 'epoch': 0.92}
{'loss': 0.0921, 'learning_rate': 1.6085714285714288e-06, 'epoch': 0.92}
{'loss': 0.0653, 'learning_rate': 1.5514285714285714e-06, 'epoch': 0.92}
{'loss': 0.0992, 'learning_rate': 1.4942857142857145e-06, 'epoch': 0.93}
{'loss': 0.0939, 'learning_rate': 1.4371428571428573e-06, 'epoch': 0.93}
{'loss': 0.0683, 'learning_rate': 1.3800000000000001e-06, 'epoch': 0.93}
{'loss': 0.0895, 'learning_rate': 1.322857142857143e-06, 'epoch': 0.93}
{'loss': 0.0516, 'learning_rate': 1.265714285714286e-06, 'epoch': 0.94}
{'loss': 0.0755, 'learning_rate': 1.2085714285714286e-06, 'epoch': 0.94}
{'loss': 0.0724, 'learning_rate': 1.1514285714285714e-06, 'epoch': 0.94}
{'loss': 0.0619, 'learning_rate': 1.0942857142857145e-06, 'epoch': 0.95}
{'loss': 0.1003, 'learning_rate': 1.0371428571428573e-06, 'epoch': 0.95}
{'loss': 0.0823, 'learning_rate': 9.800000000000001e-07, 'epoch': 0.95}
{'loss': 0.0721, 'learning_rate': 9.22857142857143e-07, 'epoch': 0.95}
{'loss': 0.0645, 'learning_rate': 8.657142857142858e-07, 'epoch': 0.96}
{'loss': 0.0707, 'learning_rate': 8.085714285714287e-07, 'epoch': 0.96}
{'loss': 0.0845, 'learning_rate': 7.514285714285715e-07, 'epoch': 0.96}
{'loss': 0.0589, 'learning_rate': 6.94857142857143e-07, 'epoch': 0.97}
{'loss': 0.0671, 'learning_rate': 6.377142857142858e-07, 'epoch': 0.97}
{'loss': 0.0875, 'learning_rate': 5.805714285714287e-07, 'epoch': 0.97}
{'loss': 0.089, 'learning_rate': 5.234285714285715e-07, 'epoch': 0.97}
{'loss': 0.0675, 'learning_rate': 4.662857142857143e-07, 'epoch': 0.98}
{'loss': 0.0708, 'learning_rate': 4.091428571428572e-07, 'epoch': 0.98}
{'loss': 0.0718, 'learning_rate': 3.5200000000000003e-07, 'epoch': 0.98}
{'loss': 0.0852, 'learning_rate': 2.9485714285714286e-07, 'epoch': 0.99}
{'loss': 0.0771, 'learning_rate': 2.3771428571428574e-07, 'epoch': 0.99}
{'loss': 0.076, 'learning_rate': 1.805714285714286e-07, 'epoch': 0.99}
{'loss': 0.0763, 'learning_rate': 1.2342857142857145e-07, 'epoch': 0.99}
{'loss': 0.0831, 'learning_rate': 6.62857142857143e-08, 'epoch': 1.0}
{'loss': 0.0918, 'learning_rate': 9.142857142857143e-09, 'epoch': 1.0}
{'eval_loss': 0.08096129447221756, 'eval_accuracy': 0.9772631578947368, 'eval_f1': 0.9772631563201631, 'eval_runtime': 299.5336, 'eval_samples_per_second': 126.864, 'eval_steps_per_second': 7.929, 'epoch': 1.0}
{'train_runtime': 4683.9835, 'train_samples_per_second': 119.556, 'train_steps_per_second': 7.472, 'train_loss': 0.10319887969153269, 'epoch': 1.0}
Training from scratch finished. Training time: 4684.03 seconds.
Evaluating the model trained from scratch on Yelp test set...
Accuracy on Yelp (from scratch): 0.9773
F1-score on Yelp (from scratch): 0.9773
Inference time (Yelp batch, from scratch): 0.78 ms/example
GPU memory consumption (approx.): 9.45 GB

Results table for Yelp training from scratch:
| Model                       | Accuracy (Yelp) | F1-score (Yelp) | Inference Time (ms) | Memory (GB) | Training Time (s) |
|-----------------------------|-----------------|-----------------|---------------------|-------------|-------------------|
| BERT-base (Yelp Scratch) | 0.9773          | 0.9773          | 0.78          | 9.45       | 4684.03      |
