Начало обучения...
{'loss': 0.4489, 'learning_rate': 4.895500106632545e-05, 'epoch': 0.06}
{'loss': 0.2955, 'learning_rate': 4.788867562380039e-05, 'epoch': 0.13}
{'loss': 0.2923, 'learning_rate': 4.682235018127533e-05, 'epoch': 0.19}
{'loss': 0.2729, 'learning_rate': 4.575602473875027e-05, 'epoch': 0.26}
{'loss': 0.2852, 'learning_rate': 4.4689699296225213e-05, 'epoch': 0.32}
{'loss': 0.2788, 'learning_rate': 4.362337385370015e-05, 'epoch': 0.38}
{'loss': 0.2808, 'learning_rate': 4.255704841117509e-05, 'epoch': 0.45}
{'loss': 0.265, 'learning_rate': 4.149072296865004e-05, 'epoch': 0.51}
{'loss': 0.2608, 'learning_rate': 4.042439752612497e-05, 'epoch': 0.58}
{'loss': 0.2562, 'learning_rate': 3.935807208359992e-05, 'epoch': 0.64}
{'loss': 0.2304, 'learning_rate': 3.829174664107486e-05, 'epoch': 0.7}
{'loss': 0.2236, 'learning_rate': 3.72254211985498e-05, 'epoch': 0.77}
{'loss': 0.2618, 'learning_rate': 3.615909575602474e-05, 'epoch': 0.83}
{'loss': 0.2489, 'learning_rate': 3.509277031349968e-05, 'epoch': 0.9}
{'loss': 0.2536, 'learning_rate': 3.402644487097462e-05, 'epoch': 0.96}
{'eval_loss': 0.21647115051746368, 'eval_accuracy': 0.9148, 'eval_f1': 0.9146448097879541, 'eval_runtime': 98.6185, 'eval_samples_per_second': 253.502, 'eval_steps_per_second': 15.849, 'epoch': 1.0}
{'loss': 0.2146, 'learning_rate': 3.296011942844957e-05, 'epoch': 1.02}
{'loss': 0.137, 'learning_rate': 3.189379398592451e-05, 'epoch': 1.09}
{'loss': 0.1309, 'learning_rate': 3.082746854339945e-05, 'epoch': 1.15}
{'loss': 0.1501, 'learning_rate': 2.976114310087439e-05, 'epoch': 1.22}
{'loss': 0.1262, 'learning_rate': 2.870548091277458e-05, 'epoch': 1.28}
{'loss': 0.1619, 'learning_rate': 2.7639155470249522e-05, 'epoch': 1.34}
{'loss': 0.1497, 'learning_rate': 2.657283002772446e-05, 'epoch': 1.41}
{'loss': 0.1434, 'learning_rate': 2.5506504585199405e-05, 'epoch': 1.47}
{'loss': 0.1114, 'learning_rate': 2.4440179142674348e-05, 'epoch': 1.54}
{'loss': 0.1296, 'learning_rate': 2.3373853700149287e-05, 'epoch': 1.6}
{'loss': 0.1379, 'learning_rate': 2.2307528257624227e-05, 'epoch': 1.66}
{'loss': 0.1286, 'learning_rate': 2.124120281509917e-05, 'epoch': 1.73}
{'loss': 0.1562, 'learning_rate': 2.0174877372574112e-05, 'epoch': 1.79}
{'loss': 0.1322, 'learning_rate': 1.9108551930049052e-05, 'epoch': 1.86}
{'loss': 0.1371, 'learning_rate': 1.8042226487523995e-05, 'epoch': 1.92}
{'loss': 0.117, 'learning_rate': 1.6975901044998934e-05, 'epoch': 1.98}
{'eval_loss': 0.2689962685108185, 'eval_accuracy': 0.92624, 'eval_f1': 0.9261894881009483, 'eval_runtime': 98.654, 'eval_samples_per_second': 253.411, 'eval_steps_per_second': 15.843, 'epoch': 2.0}
{'loss': 0.0829, 'learning_rate': 1.5909575602473874e-05, 'epoch': 2.05}
{'loss': 0.0476, 'learning_rate': 1.4843250159948818e-05, 'epoch': 2.11}
{'loss': 0.0503, 'learning_rate': 1.377692471742376e-05, 'epoch': 2.18}
{'loss': 0.0582, 'learning_rate': 1.2710599274898699e-05, 'epoch': 2.24}
{'loss': 0.0832, 'learning_rate': 1.164427383237364e-05, 'epoch': 2.3}
{'loss': 0.0724, 'learning_rate': 1.0577948389848583e-05, 'epoch': 2.37}
{'loss': 0.049, 'learning_rate': 9.511622947323523e-06, 'epoch': 2.43}
{'loss': 0.0445, 'learning_rate': 8.445297504798465e-06, 'epoch': 2.5}
{'loss': 0.0514, 'learning_rate': 7.378972062273407e-06, 'epoch': 2.56}
{'loss': 0.0541, 'learning_rate': 6.312646619748347e-06, 'epoch': 2.62}
{'loss': 0.0766, 'learning_rate': 5.246321177223289e-06, 'epoch': 2.69}
{'loss': 0.0406, 'learning_rate': 4.179995734698229e-06, 'epoch': 2.75}
{'loss': 0.0228, 'learning_rate': 3.1136702921731714e-06, 'epoch': 2.82}
{'loss': 0.0582, 'learning_rate': 2.0473448496481126e-06, 'epoch': 2.88}
{'loss': 0.0252, 'learning_rate': 9.81019407123054e-07, 'epoch': 2.94}
{'eval_loss': 0.3321143686771393, 'eval_accuracy': 0.9304, 'eval_f1': 0.9303998218235437, 'eval_runtime': 98.5684, 'eval_samples_per_second': 253.631, 'eval_steps_per_second': 15.857, 'epoch': 3.0}
{'train_runtime': 588.9926, 'train_samples_per_second': 127.336, 'train_steps_per_second': 7.961, 'train_loss': 0.1559709994160918, 'epoch': 3.0}
Обучение завершено. Время обучения: 589.90 секунд.
Оценка модели...
Accuracy: 0.9148
F1-score: 0.9146
Время инференса: 0.28 мс/пример
Потребление памяти GPU: 5.26 ГБ

Результаты для таблицы:
| Модель        | Accuracy | F1-score | Время инференса (мс) | Память (ГБ) | Время обучения (с) |
|---------------|----------|----------|---------------------|-------------|--------------------|
| DistilBERT-base | 0.9148 | 0.9146 | 0.28 | 5.26 | 589.90 |
Начало дообучения на Yelp...
{'loss': 0.2092, 'learning_rate': 1.9942857142857142e-05, 'epoch': 0.0}
{'loss': 0.1668, 'learning_rate': 1.9886285714285715e-05, 'epoch': 0.01}
{'loss': 0.1928, 'learning_rate': 1.982914285714286e-05, 'epoch': 0.01}
{'loss': 0.1588, 'learning_rate': 1.9772000000000003e-05, 'epoch': 0.01}
{'loss': 0.1871, 'learning_rate': 1.9714857142857144e-05, 'epoch': 0.01}
{'loss': 0.1561, 'learning_rate': 1.9658285714285717e-05, 'epoch': 0.02}
{'loss': 0.1736, 'learning_rate': 1.9601142857142857e-05, 'epoch': 0.02}
{'loss': 0.1558, 'learning_rate': 1.9544e-05, 'epoch': 0.02}
{'loss': 0.1874, 'learning_rate': 1.9486857142857145e-05, 'epoch': 0.03}
{'loss': 0.1683, 'learning_rate': 1.9429714285714286e-05, 'epoch': 0.03}
{'loss': 0.1236, 'learning_rate': 1.937257142857143e-05, 'epoch': 0.03}
{'loss': 0.1662, 'learning_rate': 1.9315428571428573e-05, 'epoch': 0.03}
{'loss': 0.1513, 'learning_rate': 1.9258285714285717e-05, 'epoch': 0.04}
{'loss': 0.1338, 'learning_rate': 1.9201142857142858e-05, 'epoch': 0.04}
{'loss': 0.1456, 'learning_rate': 1.9144000000000002e-05, 'epoch': 0.04}
{'loss': 0.1426, 'learning_rate': 1.9086857142857146e-05, 'epoch': 0.05}
{'loss': 0.1341, 'learning_rate': 1.9029714285714286e-05, 'epoch': 0.05}
{'loss': 0.1337, 'learning_rate': 1.897257142857143e-05, 'epoch': 0.05}
{'loss': 0.1406, 'learning_rate': 1.8915428571428574e-05, 'epoch': 0.05}
{'loss': 0.1569, 'learning_rate': 1.8858285714285714e-05, 'epoch': 0.06}
{'loss': 0.162, 'learning_rate': 1.8801142857142858e-05, 'epoch': 0.06}
{'loss': 0.131, 'learning_rate': 1.8744000000000002e-05, 'epoch': 0.06}
{'loss': 0.1334, 'learning_rate': 1.8686857142857146e-05, 'epoch': 0.07}
{'loss': 0.1364, 'learning_rate': 1.8629714285714287e-05, 'epoch': 0.07}
{'loss': 0.1152, 'learning_rate': 1.857257142857143e-05, 'epoch': 0.07}
{'loss': 0.1409, 'learning_rate': 1.8515428571428574e-05, 'epoch': 0.07}
{'loss': 0.1329, 'learning_rate': 1.8458285714285715e-05, 'epoch': 0.08}
{'loss': 0.1344, 'learning_rate': 1.840114285714286e-05, 'epoch': 0.08}
{'loss': 0.1288, 'learning_rate': 1.834457142857143e-05, 'epoch': 0.08}
{'loss': 0.1424, 'learning_rate': 1.8287428571428572e-05, 'epoch': 0.09}
{'loss': 0.1372, 'learning_rate': 1.8230285714285716e-05, 'epoch': 0.09}
{'loss': 0.1097, 'learning_rate': 1.8173142857142857e-05, 'epoch': 0.09}
{'loss': 0.131, 'learning_rate': 1.8116000000000004e-05, 'epoch': 0.09}
{'loss': 0.1284, 'learning_rate': 1.8058857142857145e-05, 'epoch': 0.1}
{'loss': 0.1185, 'learning_rate': 1.800171428571429e-05, 'epoch': 0.1}
{'loss': 0.1482, 'learning_rate': 1.794457142857143e-05, 'epoch': 0.1}
{'loss': 0.1424, 'learning_rate': 1.7887428571428573e-05, 'epoch': 0.11}
{'loss': 0.1312, 'learning_rate': 1.7830285714285717e-05, 'epoch': 0.11}
{'loss': 0.1277, 'learning_rate': 1.7773142857142857e-05, 'epoch': 0.11}
{'loss': 0.0974, 'learning_rate': 1.7716e-05, 'epoch': 0.11}
{'loss': 0.125, 'learning_rate': 1.7658857142857145e-05, 'epoch': 0.12}
{'loss': 0.1317, 'learning_rate': 1.7601714285714286e-05, 'epoch': 0.12}
{'loss': 0.1517, 'learning_rate': 1.754457142857143e-05, 'epoch': 0.12}
{'loss': 0.1171, 'learning_rate': 1.7487428571428573e-05, 'epoch': 0.13}
{'loss': 0.1215, 'learning_rate': 1.7430285714285714e-05, 'epoch': 0.13}
{'loss': 0.1231, 'learning_rate': 1.737314285714286e-05, 'epoch': 0.13}
{'loss': 0.1466, 'learning_rate': 1.7316e-05, 'epoch': 0.13}
{'loss': 0.1196, 'learning_rate': 1.7258857142857145e-05, 'epoch': 0.14}
{'loss': 0.0808, 'learning_rate': 1.7201714285714286e-05, 'epoch': 0.14}
{'loss': 0.119, 'learning_rate': 1.714514285714286e-05, 'epoch': 0.14}
{'loss': 0.1304, 'learning_rate': 1.7088000000000003e-05, 'epoch': 0.15}
{'loss': 0.1518, 'learning_rate': 1.7030857142857144e-05, 'epoch': 0.15}
{'loss': 0.1337, 'learning_rate': 1.6973714285714287e-05, 'epoch': 0.15}
{'loss': 0.121, 'learning_rate': 1.6916571428571428e-05, 'epoch': 0.15}
{'loss': 0.1297, 'learning_rate': 1.6859428571428572e-05, 'epoch': 0.16}
{'loss': 0.1379, 'learning_rate': 1.6802285714285716e-05, 'epoch': 0.16}
{'loss': 0.1217, 'learning_rate': 1.6745142857142856e-05, 'epoch': 0.16}
{'loss': 0.1193, 'learning_rate': 1.6688000000000004e-05, 'epoch': 0.17}
{'loss': 0.1364, 'learning_rate': 1.6630857142857144e-05, 'epoch': 0.17}
{'loss': 0.1227, 'learning_rate': 1.6573714285714288e-05, 'epoch': 0.17}
{'loss': 0.1139, 'learning_rate': 1.6516571428571432e-05, 'epoch': 0.17}
{'loss': 0.1321, 'learning_rate': 1.6459428571428572e-05, 'epoch': 0.18}
{'loss': 0.1188, 'learning_rate': 1.6402285714285716e-05, 'epoch': 0.18}
{'loss': 0.13, 'learning_rate': 1.634514285714286e-05, 'epoch': 0.18}
{'loss': 0.122, 'learning_rate': 1.6288e-05, 'epoch': 0.19}
{'loss': 0.1007, 'learning_rate': 1.6230857142857144e-05, 'epoch': 0.19}
{'loss': 0.1291, 'learning_rate': 1.617371428571429e-05, 'epoch': 0.19}
{'loss': 0.1247, 'learning_rate': 1.611657142857143e-05, 'epoch': 0.19}
{'loss': 0.1102, 'learning_rate': 1.6059428571428573e-05, 'epoch': 0.2}
{'loss': 0.1107, 'learning_rate': 1.6002285714285713e-05, 'epoch': 0.2}
{'loss': 0.1089, 'learning_rate': 1.594514285714286e-05, 'epoch': 0.2}
{'loss': 0.1458, 'learning_rate': 1.588857142857143e-05, 'epoch': 0.21}
{'loss': 0.1142, 'learning_rate': 1.5831428571428574e-05, 'epoch': 0.21}
{'loss': 0.0945, 'learning_rate': 1.5774285714285715e-05, 'epoch': 0.21}
{'loss': 0.1247, 'learning_rate': 1.571714285714286e-05, 'epoch': 0.21}
{'loss': 0.1154, 'learning_rate': 1.5660000000000003e-05, 'epoch': 0.22}
{'loss': 0.1164, 'learning_rate': 1.5602857142857143e-05, 'epoch': 0.22}
{'loss': 0.1113, 'learning_rate': 1.5545714285714287e-05, 'epoch': 0.22}
{'loss': 0.121, 'learning_rate': 1.548857142857143e-05, 'epoch': 0.23}
{'loss': 0.1193, 'learning_rate': 1.543142857142857e-05, 'epoch': 0.23}
{'loss': 0.1063, 'learning_rate': 1.5374285714285715e-05, 'epoch': 0.23}
{'loss': 0.1534, 'learning_rate': 1.531714285714286e-05, 'epoch': 0.23}
{'loss': 0.0965, 'learning_rate': 1.5260000000000003e-05, 'epoch': 0.24}
{'loss': 0.1073, 'learning_rate': 1.5202857142857143e-05, 'epoch': 0.24}
{'loss': 0.1356, 'learning_rate': 1.5145714285714287e-05, 'epoch': 0.24}
{'loss': 0.1036, 'learning_rate': 1.508857142857143e-05, 'epoch': 0.25}
{'loss': 0.1293, 'learning_rate': 1.5031428571428572e-05, 'epoch': 0.25}
{'loss': 0.1113, 'learning_rate': 1.4974285714285714e-05, 'epoch': 0.25}
{'loss': 0.11, 'learning_rate': 1.491714285714286e-05, 'epoch': 0.25}
{'loss': 0.1011, 'learning_rate': 1.4860000000000002e-05, 'epoch': 0.26}
{'loss': 0.1249, 'learning_rate': 1.4802857142857144e-05, 'epoch': 0.26}
{'loss': 0.137, 'learning_rate': 1.4745714285714288e-05, 'epoch': 0.26}
{'loss': 0.0878, 'learning_rate': 1.468857142857143e-05, 'epoch': 0.27}
{'loss': 0.1237, 'learning_rate': 1.4631428571428572e-05, 'epoch': 0.27}
{'loss': 0.1206, 'learning_rate': 1.4574285714285716e-05, 'epoch': 0.27}
{'loss': 0.095, 'learning_rate': 1.4517142857142858e-05, 'epoch': 0.27}
{'loss': 0.0977, 'learning_rate': 1.446e-05, 'epoch': 0.28}
{'loss': 0.1156, 'learning_rate': 1.4403428571428572e-05, 'epoch': 0.28}
{'loss': 0.1105, 'learning_rate': 1.4346285714285714e-05, 'epoch': 0.28}
{'loss': 0.1086, 'learning_rate': 1.428914285714286e-05, 'epoch': 0.29}
{'loss': 0.1353, 'learning_rate': 1.4232000000000002e-05, 'epoch': 0.29}
{'loss': 0.1291, 'learning_rate': 1.4174857142857144e-05, 'epoch': 0.29}
{'loss': 0.1012, 'learning_rate': 1.4117714285714288e-05, 'epoch': 0.29}
{'loss': 0.1183, 'learning_rate': 1.406057142857143e-05, 'epoch': 0.3}
{'loss': 0.1233, 'learning_rate': 1.4003428571428572e-05, 'epoch': 0.3}
{'loss': 0.1051, 'learning_rate': 1.3946285714285715e-05, 'epoch': 0.3}
{'loss': 0.1265, 'learning_rate': 1.3889142857142859e-05, 'epoch': 0.31}
{'loss': 0.1115, 'learning_rate': 1.3832e-05, 'epoch': 0.31}
{'loss': 0.1033, 'learning_rate': 1.3774857142857143e-05, 'epoch': 0.31}
{'loss': 0.1189, 'learning_rate': 1.3717714285714287e-05, 'epoch': 0.31}
{'loss': 0.103, 'learning_rate': 1.3660571428571429e-05, 'epoch': 0.32}
{'loss': 0.1063, 'learning_rate': 1.3603428571428571e-05, 'epoch': 0.32}
{'loss': 0.1121, 'learning_rate': 1.3546285714285717e-05, 'epoch': 0.32}
