Running experiment: RoBERTa_base_experiment
Начало обучения...
{'loss': 0.403, 'learning_rate': 4.8965664320750695e-05, 'epoch': 0.06}
{'loss': 0.3847, 'learning_rate': 4.791000213265089e-05, 'epoch': 0.13}
{'loss': 0.3096, 'learning_rate': 4.684367669012583e-05, 'epoch': 0.19}
{'loss': 0.2739, 'learning_rate': 4.577735124760077e-05, 'epoch': 0.26}
{'loss': 0.265, 'learning_rate': 4.4711025805075713e-05, 'epoch': 0.32}
{'loss': 0.2492, 'learning_rate': 4.364470036255065e-05, 'epoch': 0.38}
{'loss': 0.2662, 'learning_rate': 4.257837492002559e-05, 'epoch': 0.45}
{'loss': 0.2627, 'learning_rate': 4.151204947750054e-05, 'epoch': 0.51}
{'loss': 0.2559, 'learning_rate': 4.044572403497547e-05, 'epoch': 0.58}
{'loss': 0.3006, 'learning_rate': 3.937939859245042e-05, 'epoch': 0.64}
{'loss': 0.2495, 'learning_rate': 3.831307314992536e-05, 'epoch': 0.7}
{'loss': 0.237, 'learning_rate': 3.72467477074003e-05, 'epoch': 0.77}
{'loss': 0.2265, 'learning_rate': 3.618042226487524e-05, 'epoch': 0.83}
{'loss': 0.244, 'learning_rate': 3.511409682235018e-05, 'epoch': 0.9}
{'loss': 0.2504, 'learning_rate': 3.404777137982512e-05, 'epoch': 0.96}
{'eval_loss': 0.2036670297384262, 'eval_accuracy': 0.93816, 'eval_f1': 0.938154581747645, 'eval_runtime': 190.8585, 'eval_samples_per_second': 130.987, 'eval_steps_per_second': 8.189, 'epoch': 1.0}
{'loss': 0.2548, 'learning_rate': 3.298144593730007e-05, 'epoch': 1.02}
{'loss': 0.1807, 'learning_rate': 3.191512049477501e-05, 'epoch': 1.09}
{'loss': 0.1581, 'learning_rate': 3.084879505224995e-05, 'epoch': 1.15}
{'loss': 0.192, 'learning_rate': 2.978246960972489e-05, 'epoch': 1.22}
{'loss': 0.1575, 'learning_rate': 2.8716144167199833e-05, 'epoch': 1.28}
{'loss': 0.1774, 'learning_rate': 2.764981872467477e-05, 'epoch': 1.34}
{'loss': 0.1682, 'learning_rate': 2.6583493282149712e-05, 'epoch': 1.41}
{'loss': 0.1714, 'learning_rate': 2.5517167839624655e-05, 'epoch': 1.47}
{'loss': 0.1514, 'learning_rate': 2.4450842397099598e-05, 'epoch': 1.54}
{'loss': 0.1635, 'learning_rate': 2.3395180208999787e-05, 'epoch': 1.6}
{'loss': 0.1373, 'learning_rate': 2.232885476647473e-05, 'epoch': 1.66}
{'loss': 0.1331, 'learning_rate': 2.126252932394967e-05, 'epoch': 1.73}
{'loss': 0.1641, 'learning_rate': 2.0196203881424612e-05, 'epoch': 1.79}
{'loss': 0.171, 'learning_rate': 1.9129878438899555e-05, 'epoch': 1.86}
{'loss': 0.1614, 'learning_rate': 1.8063552996374495e-05, 'epoch': 1.92}
{'loss': 0.1323, 'learning_rate': 1.6997227553849434e-05, 'epoch': 1.98}
{'eval_loss': 0.22892585396766663, 'eval_accuracy': 0.942, 'eval_f1': 0.9419812019094187, 'eval_runtime': 190.7688, 'eval_samples_per_second': 131.049, 'eval_steps_per_second': 8.193, 'epoch': 2.0}
{'loss': 0.1187, 'learning_rate': 1.5930902111324377e-05, 'epoch': 2.05}
{'loss': 0.0841, 'learning_rate': 1.4864576668799318e-05, 'epoch': 2.11}
{'loss': 0.0865, 'learning_rate': 1.3798251226274258e-05, 'epoch': 2.18}
{'loss': 0.0785, 'learning_rate': 1.2742589038174452e-05, 'epoch': 2.24}
{'loss': 0.1119, 'learning_rate': 1.1676263595649392e-05, 'epoch': 2.3}
{'loss': 0.1008, 'learning_rate': 1.0609938153124333e-05, 'epoch': 2.37}
{'loss': 0.0775, 'learning_rate': 9.543612710599276e-06, 'epoch': 2.43}
{'loss': 0.0895, 'learning_rate': 8.477287268074215e-06, 'epoch': 2.5}
{'loss': 0.0838, 'learning_rate': 7.4109618255491575e-06, 'epoch': 2.56}
{'loss': 0.0854, 'learning_rate': 6.3446363830240995e-06, 'epoch': 2.62}
{'loss': 0.106, 'learning_rate': 5.278310940499041e-06, 'epoch': 2.69}
{'loss': 0.0634, 'learning_rate': 4.211985497973982e-06, 'epoch': 2.75}
{'loss': 0.0658, 'learning_rate': 3.1456600554489235e-06, 'epoch': 2.82}
{'loss': 0.0868, 'learning_rate': 2.0793346129238647e-06, 'epoch': 2.88}
{'loss': 0.0732, 'learning_rate': 1.0130091703988059e-06, 'epoch': 2.94}
{'eval_loss': 0.2269897609949112, 'eval_accuracy': 0.95072, 'eval_f1': 0.9507194953676325, 'eval_runtime': 190.8472, 'eval_samples_per_second': 130.995, 'eval_steps_per_second': 8.19, 'epoch': 3.0}
{'train_runtime': 1150.3449, 'train_samples_per_second': 65.198, 'train_steps_per_second': 4.076, 'train_loss': 0.1759792509097284, 'epoch': 3.0}
Обучение завершено. Время обучения: 1150.95 секунд.
Оценка модели...
Accuracy: 0.9382
F1-score: 0.9382
Время инференса: 0.78 мс/пример
Потребление памяти GPU: 9.62 ГБ

Результаты для таблицы:
| Модель        | Accuracy | F1-score | Время инференса (мс) | Память (ГБ) | Время обучения (с) |
|---------------|----------|----------|---------------------|-------------|--------------------|
| RoBERTa-base  | 0.9382   | 0.9382   | 0.78               | 9.62         | 1150.95          |

