Starting training on IMDb...
{'loss': 0.5663, 'learning_rate': 4.895500106632545e-05, 'epoch': 0.06}
{'loss': 0.366, 'learning_rate': 4.788867562380039e-05, 'epoch': 0.13}
{'loss': 0.3466, 'learning_rate': 4.682235018127533e-05, 'epoch': 0.19}
{'loss': 0.2949, 'learning_rate': 4.575602473875027e-05, 'epoch': 0.26}
{'loss': 0.3188, 'learning_rate': 4.4689699296225213e-05, 'epoch': 0.32}
{'loss': 0.3161, 'learning_rate': 4.362337385370015e-05, 'epoch': 0.38}
{'loss': 0.2934, 'learning_rate': 4.255704841117509e-05, 'epoch': 0.45}
{'loss': 0.3079, 'learning_rate': 4.149072296865004e-05, 'epoch': 0.51}
{'loss': 0.2798, 'learning_rate': 4.042439752612497e-05, 'epoch': 0.58}
{'loss': 0.2977, 'learning_rate': 3.935807208359992e-05, 'epoch': 0.64}
{'loss': 0.2528, 'learning_rate': 3.829174664107486e-05, 'epoch': 0.7}
{'loss': 0.2429, 'learning_rate': 3.72254211985498e-05, 'epoch': 0.77}
{'loss': 0.2566, 'learning_rate': 3.615909575602474e-05, 'epoch': 0.83}
{'loss': 0.2513, 'learning_rate': 3.509277031349968e-05, 'epoch': 0.9}
{'loss': 0.2743, 'learning_rate': 3.402644487097462e-05, 'epoch': 0.96}
{'eval_loss': 0.22800761461257935, 'eval_accuracy': 0.909, 'eval_f1': 0.9089985147101578, 'eval_runtime': 56.3327, 'eval_samples_per_second': 443.792, 'eval_steps_per_second': 27.746, 'epoch': 1.0}
{'loss': 0.2332, 'learning_rate': 3.296011942844957e-05, 'epoch': 1.02}
{'loss': 0.1595, 'learning_rate': 3.189379398592451e-05, 'epoch': 1.09}
{'loss': 0.1673, 'learning_rate': 3.082746854339945e-05, 'epoch': 1.15}
{'loss': 0.1799, 'learning_rate': 2.976114310087439e-05, 'epoch': 1.22}
{'loss': 0.1661, 'learning_rate': 2.8694817658349333e-05, 'epoch': 1.28}
{'loss': 0.1699, 'learning_rate': 2.762849221582427e-05, 'epoch': 1.34}
{'loss': 0.1861, 'learning_rate': 2.6562166773299212e-05, 'epoch': 1.41}
{'loss': 0.1707, 'learning_rate': 2.5495841330774155e-05, 'epoch': 1.47}
{'loss': 0.1525, 'learning_rate': 2.4429515888249094e-05, 'epoch': 1.54}
{'loss': 0.1591, 'learning_rate': 2.3363190445724037e-05, 'epoch': 1.6}
{'loss': 0.1572, 'learning_rate': 2.2296865003198977e-05, 'epoch': 1.66}
{'loss': 0.1398, 'learning_rate': 2.1230539560673916e-05, 'epoch': 1.73}
{'loss': 0.1766, 'learning_rate': 2.0164214118148862e-05, 'epoch': 1.79}
{'loss': 0.1423, 'learning_rate': 1.9097888675623802e-05, 'epoch': 1.86}
{'loss': 0.1573, 'learning_rate': 1.803156323309874e-05, 'epoch': 1.92}
{'loss': 0.1424, 'learning_rate': 1.6965237790573684e-05, 'epoch': 1.98}
{'eval_loss': 0.35181936621665955, 'eval_accuracy': 0.90004, 'eval_f1': 0.8997428665701569, 'eval_runtime': 56.3114, 'eval_samples_per_second': 443.96, 'eval_steps_per_second': 27.756, 'epoch': 2.0}
{'loss': 0.1058, 'learning_rate': 1.5898912348048624e-05, 'epoch': 2.05}
{'loss': 0.0817, 'learning_rate': 1.4832586905523565e-05, 'epoch': 2.11}
{'loss': 0.0602, 'learning_rate': 1.377692471742376e-05, 'epoch': 2.18}
{'loss': 0.092, 'learning_rate': 1.2710599274898699e-05, 'epoch': 2.24}
{'loss': 0.0985, 'learning_rate': 1.164427383237364e-05, 'epoch': 2.3}
{'loss': 0.1091, 'learning_rate': 1.0577948389848583e-05, 'epoch': 2.37}
{'loss': 0.0816, 'learning_rate': 9.511622947323523e-06, 'epoch': 2.43}
{'loss': 0.07, 'learning_rate': 8.445297504798465e-06, 'epoch': 2.5}
{'loss': 0.0827, 'learning_rate': 7.378972062273407e-06, 'epoch': 2.56}
{'loss': 0.0688, 'learning_rate': 6.312646619748347e-06, 'epoch': 2.62}
{'loss': 0.1056, 'learning_rate': 5.246321177223289e-06, 'epoch': 2.69}
{'loss': 0.0623, 'learning_rate': 4.179995734698229e-06, 'epoch': 2.75}
{'loss': 0.0579, 'learning_rate': 3.1136702921731714e-06, 'epoch': 2.82}
{'loss': 0.0621, 'learning_rate': 2.0473448496481126e-06, 'epoch': 2.88}
{'loss': 0.064, 'learning_rate': 9.81019407123054e-07, 'epoch': 2.94}
{'eval_loss': 0.37277284264564514, 'eval_accuracy': 0.91456, 'eval_f1': 0.9145590354056862, 'eval_runtime': 56.3099, 'eval_samples_per_second': 443.972, 'eval_steps_per_second': 27.757, 'epoch': 3.0}
{'train_runtime': 341.1014, 'train_samples_per_second': 219.876, 'train_steps_per_second': 13.747, 'train_loss': 0.18327200959348608, 'epoch': 3.0}
Training finished. Training time: 342.05 seconds.
Evaluating the model on IMDb test set...
Accuracy: 0.9090
F1-score: 0.9090
Inference time: 0.25 ms/example
GPU memory consumption: 3.84 GB

Results for the IMDb table:
| Model                | Accuracy | F1-score | Inference Time (ms) | Memory (GB) | Training Time (s) |
|----------------------|----------|----------|---------------------|-------------|-------------------|
| DistilBERT-3-layers  | 0.9090   | 0.9090   | 0.25          | 3.84       | 342.05      |

Starting fine-tuning on Yelp Polarity...
{'loss': 0.273, 'learning_rate': 1.9943428571428575e-05, 'epoch': 0.0}
{'loss': 0.2468, 'learning_rate': 1.9886285714285715e-05, 'epoch': 0.01}
{'loss': 0.2197, 'learning_rate': 1.982914285714286e-05, 'epoch': 0.01}
{'loss': 0.2069, 'learning_rate': 1.9772000000000003e-05, 'epoch': 0.01}
{'loss': 0.244, 'learning_rate': 1.9714857142857144e-05, 'epoch': 0.01}
{'loss': 0.1972, 'learning_rate': 1.9657714285714288e-05, 'epoch': 0.02}
{'loss': 0.2069, 'learning_rate': 1.960057142857143e-05, 'epoch': 0.02}
{'loss': 0.1906, 'learning_rate': 1.9543428571428572e-05, 'epoch': 0.02}
{'loss': 0.2205, 'learning_rate': 1.9486285714285716e-05, 'epoch': 0.03}
{'loss': 0.1937, 'learning_rate': 1.942914285714286e-05, 'epoch': 0.03}
{'loss': 0.171, 'learning_rate': 1.9372000000000004e-05, 'epoch': 0.03}
{'loss': 0.1943, 'learning_rate': 1.9314857142857144e-05, 'epoch': 0.03}
{'loss': 0.1896, 'learning_rate': 1.9257714285714285e-05, 'epoch': 0.04}
{'loss': 0.1608, 'learning_rate': 1.9200571428571432e-05, 'epoch': 0.04}
{'loss': 0.198, 'learning_rate': 1.9143428571428572e-05, 'epoch': 0.04}
{'loss': 0.1633, 'learning_rate': 1.9086285714285716e-05, 'epoch': 0.05}
{'loss': 0.1733, 'learning_rate': 1.902914285714286e-05, 'epoch': 0.05}
{'loss': 0.165, 'learning_rate': 1.8972e-05, 'epoch': 0.05}
{'loss': 0.167, 'learning_rate': 1.8914857142857145e-05, 'epoch': 0.05}
{'loss': 0.1885, 'learning_rate': 1.885771428571429e-05, 'epoch': 0.06}
{'loss': 0.2068, 'learning_rate': 1.880057142857143e-05, 'epoch': 0.06}
{'loss': 0.1445, 'learning_rate': 1.8744000000000002e-05, 'epoch': 0.06}
{'loss': 0.1655, 'learning_rate': 1.8686857142857146e-05, 'epoch': 0.07}
{'loss': 0.177, 'learning_rate': 1.8629714285714287e-05, 'epoch': 0.07}
{'loss': 0.1726, 'learning_rate': 1.857257142857143e-05, 'epoch': 0.07}
{'loss': 0.1625, 'learning_rate': 1.8515428571428574e-05, 'epoch': 0.07}
{'loss': 0.1523, 'learning_rate': 1.8458285714285715e-05, 'epoch': 0.08}
{'loss': 0.1649, 'learning_rate': 1.840114285714286e-05, 'epoch': 0.08}
{'loss': 0.1565, 'learning_rate': 1.8344000000000003e-05, 'epoch': 0.08}
{'loss': 0.1603, 'learning_rate': 1.8286857142857143e-05, 'epoch': 0.09}
{'loss': 0.1596, 'learning_rate': 1.8229714285714287e-05, 'epoch': 0.09}
{'loss': 0.1546, 'learning_rate': 1.817257142857143e-05, 'epoch': 0.09}
{'loss': 0.1558, 'learning_rate': 1.811542857142857e-05, 'epoch': 0.09}
{'loss': 0.157, 'learning_rate': 1.8058285714285715e-05, 'epoch': 0.1}
{'loss': 0.1507, 'learning_rate': 1.800114285714286e-05, 'epoch': 0.1}
{'loss': 0.1796, 'learning_rate': 1.7944000000000003e-05, 'epoch': 0.1}
{'loss': 0.1746, 'learning_rate': 1.7886857142857144e-05, 'epoch': 0.11}
{'loss': 0.1504, 'learning_rate': 1.7829714285714287e-05, 'epoch': 0.11}
{'loss': 0.1575, 'learning_rate': 1.777257142857143e-05, 'epoch': 0.11}
{'loss': 0.1276, 'learning_rate': 1.7715428571428572e-05, 'epoch': 0.11}
{'loss': 0.1476, 'learning_rate': 1.7658285714285716e-05, 'epoch': 0.12}
{'loss': 0.1708, 'learning_rate': 1.7601714285714286e-05, 'epoch': 0.12}
{'loss': 0.1674, 'learning_rate': 1.754457142857143e-05, 'epoch': 0.12}
{'loss': 0.1491, 'learning_rate': 1.7488e-05, 'epoch': 0.13}
{'loss': 0.1671, 'learning_rate': 1.7430857142857147e-05, 'epoch': 0.13}
{'loss': 0.1304, 'learning_rate': 1.7373714285714287e-05, 'epoch': 0.13}
{'loss': 0.1695, 'learning_rate': 1.731657142857143e-05, 'epoch': 0.13}
{'loss': 0.1546, 'learning_rate': 1.7259428571428575e-05, 'epoch': 0.14}
{'loss': 0.1023, 'learning_rate': 1.7202285714285715e-05, 'epoch': 0.14}
{'loss': 0.1503, 'learning_rate': 1.714514285714286e-05, 'epoch': 0.14}
{'loss': 0.1493, 'learning_rate': 1.7088000000000003e-05, 'epoch': 0.15}
{'loss': 0.1658, 'learning_rate': 1.7030857142857144e-05, 'epoch': 0.15}
{'loss': 0.1527, 'learning_rate': 1.6973714285714287e-05, 'epoch': 0.15}
{'loss': 0.157, 'learning_rate': 1.6916571428571428e-05, 'epoch': 0.15}
{'loss': 0.1423, 'learning_rate': 1.6859428571428572e-05, 'epoch': 0.16}
{'loss': 0.1418, 'learning_rate': 1.6802285714285716e-05, 'epoch': 0.16}
{'loss': 0.1514, 'learning_rate': 1.6745142857142856e-05, 'epoch': 0.16}
{'loss': 0.1459, 'learning_rate': 1.6688000000000004e-05, 'epoch': 0.17}
{'loss': 0.1667, 'learning_rate': 1.6630857142857144e-05, 'epoch': 0.17}
{'loss': 0.1353, 'learning_rate': 1.6573714285714288e-05, 'epoch': 0.17}
{'loss': 0.1422, 'learning_rate': 1.6516571428571432e-05, 'epoch': 0.17}
{'loss': 0.1383, 'learning_rate': 1.6459428571428572e-05, 'epoch': 0.18}
{'loss': 0.1461, 'learning_rate': 1.6402285714285716e-05, 'epoch': 0.18}
{'loss': 0.1519, 'learning_rate': 1.634514285714286e-05, 'epoch': 0.18}
{'loss': 0.1312, 'learning_rate': 1.6288e-05, 'epoch': 0.19}
{'loss': 0.1259, 'learning_rate': 1.6230857142857144e-05, 'epoch': 0.19}
{'loss': 0.1648, 'learning_rate': 1.6174285714285714e-05, 'epoch': 0.19}
{'loss': 0.1369, 'learning_rate': 1.6117142857142858e-05, 'epoch': 0.19}
{'loss': 0.1343, 'learning_rate': 1.6060000000000002e-05, 'epoch': 0.2}
{'loss': 0.1165, 'learning_rate': 1.6002857142857146e-05, 'epoch': 0.2}
{'loss': 0.1515, 'learning_rate': 1.5945714285714286e-05, 'epoch': 0.2}
{'loss': 0.1544, 'learning_rate': 1.588857142857143e-05, 'epoch': 0.21}
{'loss': 0.1324, 'learning_rate': 1.5831428571428574e-05, 'epoch': 0.21}
{'loss': 0.1311, 'learning_rate': 1.5774285714285715e-05, 'epoch': 0.21}
{'loss': 0.1627, 'learning_rate': 1.571714285714286e-05, 'epoch': 0.21}
{'loss': 0.1468, 'learning_rate': 1.5660000000000003e-05, 'epoch': 0.22}
{'loss': 0.1464, 'learning_rate': 1.5602857142857143e-05, 'epoch': 0.22}
{'loss': 0.1352, 'learning_rate': 1.5545714285714287e-05, 'epoch': 0.22}
{'loss': 0.1429, 'learning_rate': 1.548857142857143e-05, 'epoch': 0.23}
{'loss': 0.135, 'learning_rate': 1.543142857142857e-05, 'epoch': 0.23}
{'loss': 0.1329, 'learning_rate': 1.5374285714285715e-05, 'epoch': 0.23}
{'loss': 0.1654, 'learning_rate': 1.531714285714286e-05, 'epoch': 0.23}
{'loss': 0.1339, 'learning_rate': 1.5260000000000003e-05, 'epoch': 0.24}
{'loss': 0.1286, 'learning_rate': 1.5202857142857143e-05, 'epoch': 0.24}
{'loss': 0.1482, 'learning_rate': 1.5145714285714287e-05, 'epoch': 0.24}
{'loss': 0.1198, 'learning_rate': 1.508857142857143e-05, 'epoch': 0.25}
{'loss': 0.1444, 'learning_rate': 1.5031428571428572e-05, 'epoch': 0.25}
{'loss': 0.1542, 'learning_rate': 1.4974285714285714e-05, 'epoch': 0.25}
{'loss': 0.1362, 'learning_rate': 1.491714285714286e-05, 'epoch': 0.25}
{'loss': 0.1266, 'learning_rate': 1.4860000000000002e-05, 'epoch': 0.26}
{'loss': 0.1606, 'learning_rate': 1.4803428571428573e-05, 'epoch': 0.26}
{'loss': 0.1533, 'learning_rate': 1.4746285714285715e-05, 'epoch': 0.26}
{'loss': 0.1095, 'learning_rate': 1.4689142857142858e-05, 'epoch': 0.27}
{'loss': 0.1288, 'learning_rate': 1.4632000000000002e-05, 'epoch': 0.27}
{'loss': 0.1445, 'learning_rate': 1.4574857142857144e-05, 'epoch': 0.27}
{'loss': 0.1224, 'learning_rate': 1.4517714285714286e-05, 'epoch': 0.27}
{'loss': 0.1153, 'learning_rate': 1.446057142857143e-05, 'epoch': 0.28}
{'loss': 0.1307, 'learning_rate': 1.4403428571428572e-05, 'epoch': 0.28}
{'loss': 0.1319, 'learning_rate': 1.4346285714285714e-05, 'epoch': 0.28}
{'loss': 0.1255, 'learning_rate': 1.428914285714286e-05, 'epoch': 0.29}
{'loss': 0.1491, 'learning_rate': 1.4232000000000002e-05, 'epoch': 0.29}
{'loss': 0.1517, 'learning_rate': 1.4174857142857144e-05, 'epoch': 0.29}
{'loss': 0.1219, 'learning_rate': 1.4117714285714288e-05, 'epoch': 0.29}
{'loss': 0.1492, 'learning_rate': 1.406057142857143e-05, 'epoch': 0.3}
{'loss': 0.1287, 'learning_rate': 1.4003428571428572e-05, 'epoch': 0.3}
{'loss': 0.1395, 'learning_rate': 1.3946285714285715e-05, 'epoch': 0.3}
{'loss': 0.1479, 'learning_rate': 1.3889142857142859e-05, 'epoch': 0.31}
{'loss': 0.1293, 'learning_rate': 1.3832e-05, 'epoch': 0.31}
{'loss': 0.1194, 'learning_rate': 1.3774857142857143e-05, 'epoch': 0.31}
{'loss': 0.1457, 'learning_rate': 1.3717714285714287e-05, 'epoch': 0.31}
{'loss': 0.1334, 'learning_rate': 1.3660571428571429e-05, 'epoch': 0.32}
{'loss': 0.1102, 'learning_rate': 1.3604000000000002e-05, 'epoch': 0.32}
{'loss': 0.1249, 'learning_rate': 1.3546857142857144e-05, 'epoch': 0.32}
{'loss': 0.1441, 'learning_rate': 1.3489714285714287e-05, 'epoch': 0.33}
{'loss': 0.148, 'learning_rate': 1.343257142857143e-05, 'epoch': 0.33}
{'loss': 0.1117, 'learning_rate': 1.3375428571428573e-05, 'epoch': 0.33}
{'loss': 0.1218, 'learning_rate': 1.3318285714285715e-05, 'epoch': 0.33}
{'loss': 0.1065, 'learning_rate': 1.3261142857142859e-05, 'epoch': 0.34}
{'loss': 0.1218, 'learning_rate': 1.3204000000000001e-05, 'epoch': 0.34}
{'loss': 0.133, 'learning_rate': 1.3146857142857143e-05, 'epoch': 0.34}
{'loss': 0.1386, 'learning_rate': 1.3089714285714287e-05, 'epoch': 0.35}
{'loss': 0.1364, 'learning_rate': 1.303257142857143e-05, 'epoch': 0.35}
{'loss': 0.1117, 'learning_rate': 1.2975428571428571e-05, 'epoch': 0.35}
{'loss': 0.1167, 'learning_rate': 1.2918285714285714e-05, 'epoch': 0.35}
{'loss': 0.117, 'learning_rate': 1.286114285714286e-05, 'epoch': 0.36}
{'loss': 0.1285, 'learning_rate': 1.2804000000000001e-05, 'epoch': 0.36}
{'loss': 0.1212, 'learning_rate': 1.2746857142857144e-05, 'epoch': 0.36}
{'loss': 0.1227, 'learning_rate': 1.2689714285714287e-05, 'epoch': 0.37}
{'loss': 0.1391, 'learning_rate': 1.263257142857143e-05, 'epoch': 0.37}
{'loss': 0.1371, 'learning_rate': 1.2575428571428572e-05, 'epoch': 0.37}
{'loss': 0.1012, 'learning_rate': 1.2518285714285716e-05, 'epoch': 0.37}
{'loss': 0.1305, 'learning_rate': 1.2461714285714286e-05, 'epoch': 0.38}
{'loss': 0.1211, 'learning_rate': 1.240457142857143e-05, 'epoch': 0.38}
{'loss': 0.1507, 'learning_rate': 1.2347428571428572e-05, 'epoch': 0.38}
{'loss': 0.137, 'learning_rate': 1.2290285714285714e-05, 'epoch': 0.39}
{'loss': 0.1339, 'learning_rate': 1.223314285714286e-05, 'epoch': 0.39}
{'loss': 0.1166, 'learning_rate': 1.2176000000000002e-05, 'epoch': 0.39}
{'loss': 0.1046, 'learning_rate': 1.2118857142857144e-05, 'epoch': 0.39}
{'loss': 0.1119, 'learning_rate': 1.2061714285714288e-05, 'epoch': 0.4}
{'loss': 0.1326, 'learning_rate': 1.200457142857143e-05, 'epoch': 0.4}
{'loss': 0.1127, 'learning_rate': 1.1947428571428572e-05, 'epoch': 0.4}
{'loss': 0.1335, 'learning_rate': 1.1890285714285714e-05, 'epoch': 0.41}
{'loss': 0.1171, 'learning_rate': 1.1833142857142858e-05, 'epoch': 0.41}
{'loss': 0.1402, 'learning_rate': 1.1776e-05, 'epoch': 0.41}
{'loss': 0.1293, 'learning_rate': 1.1718857142857143e-05, 'epoch': 0.41}
{'loss': 0.1464, 'learning_rate': 1.1661714285714286e-05, 'epoch': 0.42}
{'loss': 0.1124, 'learning_rate': 1.1604571428571429e-05, 'epoch': 0.42}
{'loss': 0.1093, 'learning_rate': 1.1547428571428571e-05, 'epoch': 0.42}
{'loss': 0.1138, 'learning_rate': 1.1490285714285716e-05, 'epoch': 0.43}
{'loss': 0.1366, 'learning_rate': 1.1433142857142859e-05, 'epoch': 0.43}
{'loss': 0.1383, 'learning_rate': 1.1376000000000001e-05, 'epoch': 0.43}
{'loss': 0.1426, 'learning_rate': 1.1318857142857145e-05, 'epoch': 0.43}
{'loss': 0.1313, 'learning_rate': 1.1261714285714287e-05, 'epoch': 0.44}
{'loss': 0.1001, 'learning_rate': 1.1204571428571429e-05, 'epoch': 0.44}
{'loss': 0.1331, 'learning_rate': 1.1147428571428571e-05, 'epoch': 0.44}
{'loss': 0.1333, 'learning_rate': 1.1090285714285715e-05, 'epoch': 0.45}
{'loss': 0.1072, 'learning_rate': 1.1033142857142857e-05, 'epoch': 0.45}
{'loss': 0.1329, 'learning_rate': 1.0976e-05, 'epoch': 0.45}
{'loss': 0.1447, 'learning_rate': 1.0918857142857145e-05, 'epoch': 0.45}
{'loss': 0.0981, 'learning_rate': 1.0862285714285713e-05, 'epoch': 0.46}
{'loss': 0.129, 'learning_rate': 1.0805142857142859e-05, 'epoch': 0.46}
{'loss': 0.1046, 'learning_rate': 1.0748000000000001e-05, 'epoch': 0.46}
{'loss': 0.103, 'learning_rate': 1.0690857142857143e-05, 'epoch': 0.47}
{'loss': 0.1248, 'learning_rate': 1.0633714285714287e-05, 'epoch': 0.47}
{'loss': 0.1327, 'learning_rate': 1.057657142857143e-05, 'epoch': 0.47}
{'loss': 0.1126, 'learning_rate': 1.0519428571428572e-05, 'epoch': 0.47}
{'loss': 0.1209, 'learning_rate': 1.0462285714285715e-05, 'epoch': 0.48}
{'loss': 0.121, 'learning_rate': 1.0405142857142858e-05, 'epoch': 0.48}
{'loss': 0.1219, 'learning_rate': 1.0348e-05, 'epoch': 0.48}
{'loss': 0.1282, 'learning_rate': 1.0290857142857145e-05, 'epoch': 0.49}
{'loss': 0.121, 'learning_rate': 1.0233714285714288e-05, 'epoch': 0.49}
{'loss': 0.1087, 'learning_rate': 1.017657142857143e-05, 'epoch': 0.49}
{'loss': 0.1054, 'learning_rate': 1.011942857142857e-05, 'epoch': 0.49}
{'loss': 0.0964, 'learning_rate': 1.0062285714285716e-05, 'epoch': 0.5}
{'loss': 0.1381, 'learning_rate': 1.0005142857142858e-05, 'epoch': 0.5}
{'loss': 0.1207, 'learning_rate': 9.948e-06, 'epoch': 0.5}
{'loss': 0.1001, 'learning_rate': 9.890857142857142e-06, 'epoch': 0.51}
{'loss': 0.131, 'learning_rate': 9.833714285714286e-06, 'epoch': 0.51}
{'loss': 0.1254, 'learning_rate': 9.77657142857143e-06, 'epoch': 0.51}
{'loss': 0.0986, 'learning_rate': 9.719428571428572e-06, 'epoch': 0.51}
{'loss': 0.1154, 'learning_rate': 9.662285714285715e-06, 'epoch': 0.52}
{'loss': 0.0962, 'learning_rate': 9.605142857142859e-06, 'epoch': 0.52}
{'loss': 0.1026, 'learning_rate': 9.548e-06, 'epoch': 0.52}
{'loss': 0.1176, 'learning_rate': 9.491428571428572e-06, 'epoch': 0.53}
{'loss': 0.1293, 'learning_rate': 9.434285714285714e-06, 'epoch': 0.53}
{'loss': 0.1164, 'learning_rate': 9.377142857142858e-06, 'epoch': 0.53}
{'loss': 0.1158, 'learning_rate': 9.32e-06, 'epoch': 0.53}
{'loss': 0.093, 'learning_rate': 9.262857142857143e-06, 'epoch': 0.54}
{'loss': 0.1156, 'learning_rate': 9.205714285714287e-06, 'epoch': 0.54}
{'loss': 0.1172, 'learning_rate': 9.148571428571429e-06, 'epoch': 0.54}
{'loss': 0.0989, 'learning_rate': 9.091428571428573e-06, 'epoch': 0.55}
{'loss': 0.1013, 'learning_rate': 9.034285714285715e-06, 'epoch': 0.55}
{'loss': 0.1267, 'learning_rate': 8.977142857142857e-06, 'epoch': 0.55}
{'loss': 0.1181, 'learning_rate': 8.920000000000001e-06, 'epoch': 0.55}
{'loss': 0.1285, 'learning_rate': 8.862857142857143e-06, 'epoch': 0.56}
{'loss': 0.1045, 'learning_rate': 8.805714285714287e-06, 'epoch': 0.56}
{'loss': 0.1227, 'learning_rate': 8.74857142857143e-06, 'epoch': 0.56}
{'loss': 0.0861, 'learning_rate': 8.691428571428571e-06, 'epoch': 0.57}
{'loss': 0.1329, 'learning_rate': 8.634285714285715e-06, 'epoch': 0.57}
{'loss': 0.1178, 'learning_rate': 8.577142857142858e-06, 'epoch': 0.57}
{'loss': 0.1142, 'learning_rate': 8.52e-06, 'epoch': 0.57}
{'loss': 0.1197, 'learning_rate': 8.463428571428573e-06, 'epoch': 0.58}
{'loss': 0.1212, 'learning_rate': 8.406285714285715e-06, 'epoch': 0.58}
{'loss': 0.124, 'learning_rate': 8.349142857142857e-06, 'epoch': 0.58}
{'loss': 0.1272, 'learning_rate': 8.292000000000001e-06, 'epoch': 0.59}
{'loss': 0.1482, 'learning_rate': 8.234857142857143e-06, 'epoch': 0.59}
{'loss': 0.1258, 'learning_rate': 8.177714285714287e-06, 'epoch': 0.59}
{'loss': 0.1084, 'learning_rate': 8.12057142857143e-06, 'epoch': 0.59}
{'loss': 0.106, 'learning_rate': 8.063428571428572e-06, 'epoch': 0.6}
{'loss': 0.1289, 'learning_rate': 8.006285714285716e-06, 'epoch': 0.6}
{'loss': 0.1144, 'learning_rate': 7.949142857142858e-06, 'epoch': 0.6}
{'loss': 0.1384, 'learning_rate': 7.892e-06, 'epoch': 0.61}
{'loss': 0.1115, 'learning_rate': 7.834857142857144e-06, 'epoch': 0.61}
{'loss': 0.1254, 'learning_rate': 7.777714285714286e-06, 'epoch': 0.61}
{'loss': 0.1155, 'learning_rate': 7.72057142857143e-06, 'epoch': 0.61}
{'loss': 0.1178, 'learning_rate': 7.663428571428572e-06, 'epoch': 0.62}
{'loss': 0.107, 'learning_rate': 7.606285714285715e-06, 'epoch': 0.62}
{'loss': 0.1099, 'learning_rate': 7.549142857142858e-06, 'epoch': 0.62}
{'loss': 0.1096, 'learning_rate': 7.4920000000000004e-06, 'epoch': 0.63}
{'loss': 0.1478, 'learning_rate': 7.4348571428571435e-06, 'epoch': 0.63}
{'loss': 0.1342, 'learning_rate': 7.377714285714286e-06, 'epoch': 0.63}
{'loss': 0.1367, 'learning_rate': 7.320571428571429e-06, 'epoch': 0.63}
{'loss': 0.0914, 'learning_rate': 7.263428571428573e-06, 'epoch': 0.64}
{'loss': 0.1119, 'learning_rate': 7.206285714285715e-06, 'epoch': 0.64}
{'loss': 0.1122, 'learning_rate': 7.149142857142858e-06, 'epoch': 0.64}
{'loss': 0.1004, 'learning_rate': 7.092000000000001e-06, 'epoch': 0.65}
{'loss': 0.1242, 'learning_rate': 7.034857142857143e-06, 'epoch': 0.65}
{'loss': 0.1351, 'learning_rate': 6.977714285714287e-06, 'epoch': 0.65}
{'loss': 0.0924, 'learning_rate': 6.920571428571428e-06, 'epoch': 0.65}
{'loss': 0.1221, 'learning_rate': 6.863428571428572e-06, 'epoch': 0.66}
{'loss': 0.1148, 'learning_rate': 6.806285714285715e-06, 'epoch': 0.66}
{'loss': 0.0891, 'learning_rate': 6.7491428571428574e-06, 'epoch': 0.66}
{'loss': 0.1296, 'learning_rate': 6.6920000000000005e-06, 'epoch': 0.67}
{'loss': 0.0994, 'learning_rate': 6.634857142857143e-06, 'epoch': 0.67}
{'loss': 0.103, 'learning_rate': 6.5777142857142866e-06, 'epoch': 0.67}
{'loss': 0.1168, 'learning_rate': 6.52057142857143e-06, 'epoch': 0.67}
{'loss': 0.1028, 'learning_rate': 6.463428571428572e-06, 'epoch': 0.68}
{'loss': 0.1238, 'learning_rate': 6.406285714285715e-06, 'epoch': 0.68}
{'loss': 0.124, 'learning_rate': 6.349142857142858e-06, 'epoch': 0.68}
{'loss': 0.1325, 'learning_rate': 6.292e-06, 'epoch': 0.69}
{'loss': 0.0826, 'learning_rate': 6.234857142857144e-06, 'epoch': 0.69}
{'loss': 0.1068, 'learning_rate': 6.177714285714286e-06, 'epoch': 0.69}
{'loss': 0.1018, 'learning_rate': 6.120571428571429e-06, 'epoch': 0.69}
{'loss': 0.1066, 'learning_rate': 6.063428571428572e-06, 'epoch': 0.7}
{'loss': 0.1234, 'learning_rate': 6.0062857142857144e-06, 'epoch': 0.7}
{'loss': 0.1079, 'learning_rate': 5.9491428571428575e-06, 'epoch': 0.7}
{'loss': 0.122, 'learning_rate': 5.892e-06, 'epoch': 0.71}
{'loss': 0.0901, 'learning_rate': 5.8348571428571435e-06, 'epoch': 0.71}
{'loss': 0.1571, 'learning_rate': 5.778285714285715e-06, 'epoch': 0.71}
{'loss': 0.126, 'learning_rate': 5.721142857142857e-06, 'epoch': 0.71}
{'loss': 0.1022, 'learning_rate': 5.664e-06, 'epoch': 0.72}
{'loss': 0.1042, 'learning_rate': 5.6068571428571425e-06, 'epoch': 0.72}
{'loss': 0.1188, 'learning_rate': 5.549714285714286e-06, 'epoch': 0.72}
{'loss': 0.1122, 'learning_rate': 5.4925714285714294e-06, 'epoch': 0.73}
{'loss': 0.1336, 'learning_rate': 5.435428571428572e-06, 'epoch': 0.73}
{'loss': 0.0982, 'learning_rate': 5.378285714285715e-06, 'epoch': 0.73}
{'loss': 0.11, 'learning_rate': 5.321142857142858e-06, 'epoch': 0.73}
{'loss': 0.0986, 'learning_rate': 5.264e-06, 'epoch': 0.74}
{'loss': 0.1156, 'learning_rate': 5.206857142857144e-06, 'epoch': 0.74}
{'loss': 0.0917, 'learning_rate': 5.149714285714286e-06, 'epoch': 0.74}
{'loss': 0.1015, 'learning_rate': 5.092571428571429e-06, 'epoch': 0.75}
{'loss': 0.1156, 'learning_rate': 5.035428571428572e-06, 'epoch': 0.75}
{'loss': 0.1317, 'learning_rate': 4.978285714285715e-06, 'epoch': 0.75}
{'loss': 0.1023, 'learning_rate': 4.921142857142857e-06, 'epoch': 0.75}
{'loss': 0.1212, 'learning_rate': 4.864e-06, 'epoch': 0.76}
{'loss': 0.1036, 'learning_rate': 4.806857142857143e-06, 'epoch': 0.76}
{'loss': 0.1012, 'learning_rate': 4.749714285714286e-06, 'epoch': 0.76}
{'loss': 0.1112, 'learning_rate': 4.6925714285714295e-06, 'epoch': 0.77}
{'loss': 0.0993, 'learning_rate': 4.635428571428572e-06, 'epoch': 0.77}
{'loss': 0.1137, 'learning_rate': 4.578857142857143e-06, 'epoch': 0.77}
{'loss': 0.0877, 'learning_rate': 4.521714285714286e-06, 'epoch': 0.77}
{'loss': 0.1301, 'learning_rate': 4.4645714285714284e-06, 'epoch': 0.78}
{'loss': 0.1049, 'learning_rate': 4.407428571428572e-06, 'epoch': 0.78}
{'loss': 0.1255, 'learning_rate': 4.3502857142857145e-06, 'epoch': 0.78}
{'loss': 0.0726, 'learning_rate': 4.2931428571428576e-06, 'epoch': 0.79}
{'loss': 0.1186, 'learning_rate': 4.236e-06, 'epoch': 0.79}
{'loss': 0.1279, 'learning_rate': 4.178857142857144e-06, 'epoch': 0.79}
{'loss': 0.1121, 'learning_rate': 4.121714285714286e-06, 'epoch': 0.79}
{'loss': 0.1158, 'learning_rate': 4.064571428571429e-06, 'epoch': 0.8}
{'loss': 0.105, 'learning_rate': 4.007428571428572e-06, 'epoch': 0.8}
{'loss': 0.1198, 'learning_rate': 3.950285714285715e-06, 'epoch': 0.8}
{'loss': 0.1116, 'learning_rate': 3.893142857142857e-06, 'epoch': 0.81}
{'loss': 0.1154, 'learning_rate': 3.836e-06, 'epoch': 0.81}
{'loss': 0.1049, 'learning_rate': 3.778857142857143e-06, 'epoch': 0.81}
{'loss': 0.0977, 'learning_rate': 3.7217142857142863e-06, 'epoch': 0.81}
{'loss': 0.1153, 'learning_rate': 3.664571428571429e-06, 'epoch': 0.82}
{'loss': 0.1117, 'learning_rate': 3.6074285714285715e-06, 'epoch': 0.82}
{'loss': 0.1156, 'learning_rate': 3.5502857142857146e-06, 'epoch': 0.82}
{'loss': 0.094, 'learning_rate': 3.493142857142857e-06, 'epoch': 0.83}
{'loss': 0.1217, 'learning_rate': 3.4360000000000006e-06, 'epoch': 0.83}
{'loss': 0.1197, 'learning_rate': 3.3788571428571433e-06, 'epoch': 0.83}
{'loss': 0.1264, 'learning_rate': 3.3222857142857144e-06, 'epoch': 0.83}
{'loss': 0.0945, 'learning_rate': 3.2651428571428574e-06, 'epoch': 0.84}
{'loss': 0.0716, 'learning_rate': 3.208e-06, 'epoch': 0.84}
{'loss': 0.1295, 'learning_rate': 3.150857142857143e-06, 'epoch': 0.84}
{'loss': 0.1219, 'learning_rate': 3.093714285714286e-06, 'epoch': 0.85}
{'loss': 0.0978, 'learning_rate': 3.0365714285714287e-06, 'epoch': 0.85}
{'loss': 0.0973, 'learning_rate': 2.9794285714285714e-06, 'epoch': 0.85}
{'loss': 0.1105, 'learning_rate': 2.922285714285715e-06, 'epoch': 0.85}
{'loss': 0.1208, 'learning_rate': 2.8651428571428574e-06, 'epoch': 0.86}
{'loss': 0.0916, 'learning_rate': 2.808e-06, 'epoch': 0.86}
{'loss': 0.1137, 'learning_rate': 2.750857142857143e-06, 'epoch': 0.86}
{'loss': 0.096, 'learning_rate': 2.693714285714286e-06, 'epoch': 0.87}
{'loss': 0.1075, 'learning_rate': 2.6365714285714288e-06, 'epoch': 0.87}
{'loss': 0.1113, 'learning_rate': 2.579428571428572e-06, 'epoch': 0.87}
{'loss': 0.1251, 'learning_rate': 2.5222857142857144e-06, 'epoch': 0.87}
{'loss': 0.1178, 'learning_rate': 2.4651428571428575e-06, 'epoch': 0.88}
{'loss': 0.1079, 'learning_rate': 2.408e-06, 'epoch': 0.88}
{'loss': 0.1089, 'learning_rate': 2.350857142857143e-06, 'epoch': 0.88}
{'loss': 0.1011, 'learning_rate': 2.2937142857142857e-06, 'epoch': 0.89}
{'loss': 0.1112, 'learning_rate': 2.2365714285714288e-06, 'epoch': 0.89}
{'loss': 0.11, 'learning_rate': 2.1800000000000003e-06, 'epoch': 0.89}
{'loss': 0.1292, 'learning_rate': 2.122857142857143e-06, 'epoch': 0.89}
{'loss': 0.0979, 'learning_rate': 2.065714285714286e-06, 'epoch': 0.9}
{'loss': 0.1235, 'learning_rate': 2.0085714285714286e-06, 'epoch': 0.9}
{'loss': 0.0969, 'learning_rate': 1.9514285714285716e-06, 'epoch': 0.9}
{'loss': 0.1057, 'learning_rate': 1.8942857142857142e-06, 'epoch': 0.91}
{'loss': 0.1111, 'learning_rate': 1.8371428571428573e-06, 'epoch': 0.91}
{'loss': 0.0889, 'learning_rate': 1.7800000000000001e-06, 'epoch': 0.91}
{'loss': 0.1118, 'learning_rate': 1.7228571428571432e-06, 'epoch': 0.91}
{'loss': 0.1352, 'learning_rate': 1.6657142857142858e-06, 'epoch': 0.92}
{'loss': 0.1261, 'learning_rate': 1.6085714285714288e-06, 'epoch': 0.92}
{'loss': 0.0885, 'learning_rate': 1.5514285714285714e-06, 'epoch': 0.92}
{'loss': 0.1195, 'learning_rate': 1.4942857142857145e-06, 'epoch': 0.93}
{'loss': 0.1159, 'learning_rate': 1.4371428571428573e-06, 'epoch': 0.93}
{'loss': 0.1013, 'learning_rate': 1.3800000000000001e-06, 'epoch': 0.93}
{'loss': 0.1146, 'learning_rate': 1.322857142857143e-06, 'epoch': 0.93}
{'loss': 0.0875, 'learning_rate': 1.265714285714286e-06, 'epoch': 0.94}
{'loss': 0.0998, 'learning_rate': 1.2085714285714286e-06, 'epoch': 0.94}
{'loss': 0.0965, 'learning_rate': 1.1514285714285714e-06, 'epoch': 0.94}
{'loss': 0.097, 'learning_rate': 1.0942857142857145e-06, 'epoch': 0.95}
{'loss': 0.1346, 'learning_rate': 1.0377142857142858e-06, 'epoch': 0.95}
{'loss': 0.1105, 'learning_rate': 9.805714285714286e-07, 'epoch': 0.95}
{'loss': 0.0884, 'learning_rate': 9.234285714285715e-07, 'epoch': 0.95}
{'loss': 0.107, 'learning_rate': 8.668571428571429e-07, 'epoch': 0.96}
{'loss': 0.1053, 'learning_rate': 8.097142857142857e-07, 'epoch': 0.96}
{'loss': 0.1059, 'learning_rate': 7.525714285714287e-07, 'epoch': 0.96}
{'loss': 0.0948, 'learning_rate': 6.954285714285715e-07, 'epoch': 0.97}
{'loss': 0.1093, 'learning_rate': 6.382857142857143e-07, 'epoch': 0.97}
{'loss': 0.1142, 'learning_rate': 5.811428571428572e-07, 'epoch': 0.97}
{'loss': 0.1185, 'learning_rate': 5.240000000000001e-07, 'epoch': 0.97}
{'loss': 0.0916, 'learning_rate': 4.668571428571429e-07, 'epoch': 0.98}
{'loss': 0.0965, 'learning_rate': 4.097142857142857e-07, 'epoch': 0.98}
{'loss': 0.0848, 'learning_rate': 3.525714285714286e-07, 'epoch': 0.98}
{'loss': 0.1268, 'learning_rate': 2.9542857142857146e-07, 'epoch': 0.99}
{'loss': 0.1078, 'learning_rate': 2.382857142857143e-07, 'epoch': 0.99}
{'loss': 0.0898, 'learning_rate': 1.8114285714285717e-07, 'epoch': 0.99}
{'loss': 0.109, 'learning_rate': 1.24e-07, 'epoch': 0.99}
{'loss': 0.0905, 'learning_rate': 6.685714285714285e-08, 'epoch': 1.0}
{'loss': 0.1387, 'learning_rate': 9.714285714285715e-09, 'epoch': 1.0}
{'eval_loss': 0.10264978557825089, 'eval_accuracy': 0.9670526315789474, 'eval_f1': 0.9670525548232648, 'eval_runtime': 85.9657, 'eval_samples_per_second': 442.037, 'eval_steps_per_second': 27.627, 'epoch': 1.0}
{'train_runtime': 1349.9348, 'train_samples_per_second': 414.835, 'train_steps_per_second': 25.927, 'train_loss': 0.1277611801828657, 'epoch': 1.0}
Fine-tuning finished. Fine-tuning time: 1349.96 seconds.
Evaluating the fine-tuned model on Yelp test set...
Accuracy on Yelp after fine-tuning: 0.9671
F1-score on Yelp after fine-tuning: 0.9671
Inference time (Yelp batch): 0.26 ms/example
GPU memory consumption: 3.84 GB

Results table for Yelp fine-tuning evaluation:
| Model                         | Accuracy (Yelp) | F1-score (Yelp) | Inference Time (ms) | Memory (GB) | Fine-tuning Time (s) |
|-------------------------------|-----------------|-----------------|---------------------|-------------|----------------------|
| DistilBERT-3-layers (fine-tuned) | 0.9671          | 0.9671          | 0.26          | 3.84       | 1349.96         |
